running develop
Removing /home/jaime/ros2_ws/install/turtlesim/lib/python3.8/site-packages/turtlesim.egg-link (link to .)
running egg_info
writing ../../build/turtlesim/turtlesim.egg-info/PKG-INFO
writing dependency_links to ../../build/turtlesim/turtlesim.egg-info/dependency_links.txt
writing entry points to ../../build/turtlesim/turtlesim.egg-info/entry_points.txt
writing requirements to ../../build/turtlesim/turtlesim.egg-info/requires.txt
writing top-level names to ../../build/turtlesim/turtlesim.egg-info/top_level.txt
reading manifest file '../../build/turtlesim/turtlesim.egg-info/SOURCES.txt'
writing manifest file '../../build/turtlesim/turtlesim.egg-info/SOURCES.txt'
running build
running build_py
running install
running install_lib
creating /home/jaime/ros2_ws/install/turtlesim/lib/python3.8/site-packages/turtlesim
copying /home/jaime/ros2_ws/build/turtlesim/build/lib/turtlesim/__init__.py -> /home/jaime/ros2_ws/install/turtlesim/lib/python3.8/site-packages/turtlesim
copying /home/jaime/ros2_ws/build/turtlesim/build/lib/turtlesim/ejercicio1.py -> /home/jaime/ros2_ws/install/turtlesim/lib/python3.8/site-packages/turtlesim
byte-compiling /home/jaime/ros2_ws/install/turtlesim/lib/python3.8/site-packages/turtlesim/__init__.py to __init__.cpython-38.pyc
byte-compiling /home/jaime/ros2_ws/install/turtlesim/lib/python3.8/site-packages/turtlesim/ejercicio1.py to ejercicio1.cpython-38.pyc
running install_data
running install_egg_info
Copying ../../build/turtlesim/turtlesim.egg-info to /home/jaime/ros2_ws/install/turtlesim/lib/python3.8/site-packages/turtlesim-0.0.0-py3.8.egg-info
running install_scripts
Installing nodo_publicador script to /home/jaime/ros2_ws/install/turtlesim/lib/turtlesim
writing list of installed files to '/home/jaime/ros2_ws/build/turtlesim/install.log'
