-- Found ament_cmake: 0.9.12 (/opt/ros/foxy/share/ament_cmake/cmake)
-- Using PYTHON_EXECUTABLE: /usr/bin/python3
-- Override CMake install command with custom implementation using symlinks instead of copying resources
-- Found ament_lint_auto: 0.9.8 (/opt/ros/foxy/share/ament_lint_auto/cmake)
-- Added test 'copyright' to check source files copyright and LICENSE
-- Added test 'lint_cmake' to check CMake code style
-- Added test 'xmllint' to check XML markup files
-- Configuring done
-- Generating done
-- Build files have been written to: /home/jaime/ros2_ws/build/my_c_pkg
-- Install configuration: ""
-- Execute custom install script
-- Symlinking: /home/jaime/ros2_ws/install/my_c_pkg/share/ament_index/resource_index/package_run_dependencies/my_c_pkg
-- Symlinking: /home/jaime/ros2_ws/install/my_c_pkg/share/ament_index/resource_index/parent_prefix_path/my_c_pkg
-- Symlinking: /home/jaime/ros2_ws/install/my_c_pkg/share/my_c_pkg/environment/ament_prefix_path.sh
-- Symlinking: /home/jaime/ros2_ws/install/my_c_pkg/share/my_c_pkg/environment/ament_prefix_path.dsv
-- Symlinking: /home/jaime/ros2_ws/install/my_c_pkg/share/my_c_pkg/environment/path.sh
-- Symlinking: /home/jaime/ros2_ws/install/my_c_pkg/share/my_c_pkg/environment/path.dsv
-- Symlinking: /home/jaime/ros2_ws/install/my_c_pkg/share/my_c_pkg/local_setup.bash
-- Symlinking: /home/jaime/ros2_ws/install/my_c_pkg/share/my_c_pkg/local_setup.sh
-- Symlinking: /home/jaime/ros2_ws/install/my_c_pkg/share/my_c_pkg/local_setup.zsh
-- Symlinking: /home/jaime/ros2_ws/install/my_c_pkg/share/my_c_pkg/local_setup.dsv
-- Symlinking: /home/jaime/ros2_ws/install/my_c_pkg/share/my_c_pkg/package.dsv
-- Symlinking: /home/jaime/ros2_ws/install/my_c_pkg/share/ament_index/resource_index/packages/my_c_pkg
-- Symlinking: /home/jaime/ros2_ws/install/my_c_pkg/share/my_c_pkg/cmake/my_c_pkgConfig.cmake
-- Symlinking: /home/jaime/ros2_ws/install/my_c_pkg/share/my_c_pkg/cmake/my_c_pkgConfig-version.cmake
-- Symlinking: /home/jaime/ros2_ws/install/my_c_pkg/share/my_c_pkg/package.xml
