[0.354s] Invoking command in '/home/jaime/ros2_ws/build/my_c_pkg': AMENT_PREFIX_PATH=/home/jaime/ros2_ws/install/turtlesim:${AMENT_PREFIX_PATH} CMAKE_PREFIX_PATH=${CMAKE_PREFIX_PATH}:/home/jaime/turtlebot3_ws/install/turtlebot3_teleop:/home/jaime/turtlebot3_ws/install/turtlebot3_example:/home/jaime/ros2_ws/install/my_py_pkg:/home/jaime/ros2_ws/install/controlador_turtlesim:/opt/ros/foxy PYTHONPATH=/home/jaime/ros2_ws/build/turtlesim:/home/jaime/ros2_ws/install/turtlesim/lib/python3.8/site-packages:${PYTHONPATH} /usr/bin/cmake /home/jaime/ros2_ws/src/my_c_pkg -DAMENT_CMAKE_SYMLINK_INSTALL=1 -DCMAKE_INSTALL_PREFIX=/home/jaime/ros2_ws/install/my_c_pkg
[0.451s] -- Found ament_cmake: 0.9.12 (/opt/ros/foxy/share/ament_cmake/cmake)
[0.505s] -- Using PYTHON_EXECUTABLE: /usr/bin/python3
[0.782s] -- Override CMake install command with custom implementation using symlinks instead of copying resources
[0.825s] -- Found ament_lint_auto: 0.9.8 (/opt/ros/foxy/share/ament_lint_auto/cmake)
[0.973s] -- Added test 'copyright' to check source files copyright and LICENSE
[0.979s] -- Added test 'lint_cmake' to check CMake code style
[0.983s] -- Added test 'xmllint' to check XML markup files
[0.988s] -- Configuring done
[1.004s] -- Generating done
[1.005s] -- Build files have been written to: /home/jaime/ros2_ws/build/my_c_pkg
[1.014s] Invoked command in '/home/jaime/ros2_ws/build/my_c_pkg' returned '0': AMENT_PREFIX_PATH=/home/jaime/ros2_ws/install/turtlesim:${AMENT_PREFIX_PATH} CMAKE_PREFIX_PATH=${CMAKE_PREFIX_PATH}:/home/jaime/turtlebot3_ws/install/turtlebot3_teleop:/home/jaime/turtlebot3_ws/install/turtlebot3_example:/home/jaime/ros2_ws/install/my_py_pkg:/home/jaime/ros2_ws/install/controlador_turtlesim:/opt/ros/foxy PYTHONPATH=/home/jaime/ros2_ws/build/turtlesim:/home/jaime/ros2_ws/install/turtlesim/lib/python3.8/site-packages:${PYTHONPATH} /usr/bin/cmake /home/jaime/ros2_ws/src/my_c_pkg -DAMENT_CMAKE_SYMLINK_INSTALL=1 -DCMAKE_INSTALL_PREFIX=/home/jaime/ros2_ws/install/my_c_pkg
[1.019s] Invoking command in '/home/jaime/ros2_ws/build/my_c_pkg': AMENT_PREFIX_PATH=/home/jaime/ros2_ws/install/turtlesim:${AMENT_PREFIX_PATH} CMAKE_PREFIX_PATH=${CMAKE_PREFIX_PATH}:/home/jaime/turtlebot3_ws/install/turtlebot3_teleop:/home/jaime/turtlebot3_ws/install/turtlebot3_example:/home/jaime/ros2_ws/install/my_py_pkg:/home/jaime/ros2_ws/install/controlador_turtlesim:/opt/ros/foxy PYTHONPATH=/home/jaime/ros2_ws/build/turtlesim:/home/jaime/ros2_ws/install/turtlesim/lib/python3.8/site-packages:${PYTHONPATH} /usr/bin/cmake --build /home/jaime/ros2_ws/build/my_c_pkg -- -j5 -l5
[1.080s] Invoked command in '/home/jaime/ros2_ws/build/my_c_pkg' returned '0': AMENT_PREFIX_PATH=/home/jaime/ros2_ws/install/turtlesim:${AMENT_PREFIX_PATH} CMAKE_PREFIX_PATH=${CMAKE_PREFIX_PATH}:/home/jaime/turtlebot3_ws/install/turtlebot3_teleop:/home/jaime/turtlebot3_ws/install/turtlebot3_example:/home/jaime/ros2_ws/install/my_py_pkg:/home/jaime/ros2_ws/install/controlador_turtlesim:/opt/ros/foxy PYTHONPATH=/home/jaime/ros2_ws/build/turtlesim:/home/jaime/ros2_ws/install/turtlesim/lib/python3.8/site-packages:${PYTHONPATH} /usr/bin/cmake --build /home/jaime/ros2_ws/build/my_c_pkg -- -j5 -l5
[1.127s] Invoking command in '/home/jaime/ros2_ws/build/my_c_pkg': AMENT_PREFIX_PATH=/home/jaime/ros2_ws/install/turtlesim:${AMENT_PREFIX_PATH} CMAKE_PREFIX_PATH=${CMAKE_PREFIX_PATH}:/home/jaime/turtlebot3_ws/install/turtlebot3_teleop:/home/jaime/turtlebot3_ws/install/turtlebot3_example:/home/jaime/ros2_ws/install/my_py_pkg:/home/jaime/ros2_ws/install/controlador_turtlesim:/opt/ros/foxy PYTHONPATH=/home/jaime/ros2_ws/build/turtlesim:/home/jaime/ros2_ws/install/turtlesim/lib/python3.8/site-packages:${PYTHONPATH} /usr/bin/cmake --install /home/jaime/ros2_ws/build/my_c_pkg
[1.138s] -- Install configuration: ""
[1.138s] -- Execute custom install script
[1.139s] -- Symlinking: /home/jaime/ros2_ws/install/my_c_pkg/share/ament_index/resource_index/package_run_dependencies/my_c_pkg
[1.152s] -- Symlinking: /home/jaime/ros2_ws/install/my_c_pkg/share/ament_index/resource_index/parent_prefix_path/my_c_pkg
[1.165s] -- Symlinking: /home/jaime/ros2_ws/install/my_c_pkg/share/my_c_pkg/environment/ament_prefix_path.sh
[1.178s] -- Symlinking: /home/jaime/ros2_ws/install/my_c_pkg/share/my_c_pkg/environment/ament_prefix_path.dsv
[1.190s] -- Symlinking: /home/jaime/ros2_ws/install/my_c_pkg/share/my_c_pkg/environment/path.sh
[1.204s] -- Symlinking: /home/jaime/ros2_ws/install/my_c_pkg/share/my_c_pkg/environment/path.dsv
[1.219s] -- Symlinking: /home/jaime/ros2_ws/install/my_c_pkg/share/my_c_pkg/local_setup.bash
[1.232s] -- Symlinking: /home/jaime/ros2_ws/install/my_c_pkg/share/my_c_pkg/local_setup.sh
[1.245s] -- Symlinking: /home/jaime/ros2_ws/install/my_c_pkg/share/my_c_pkg/local_setup.zsh
[1.258s] -- Symlinking: /home/jaime/ros2_ws/install/my_c_pkg/share/my_c_pkg/local_setup.dsv
[1.273s] -- Symlinking: /home/jaime/ros2_ws/install/my_c_pkg/share/my_c_pkg/package.dsv
[1.288s] -- Symlinking: /home/jaime/ros2_ws/install/my_c_pkg/share/ament_index/resource_index/packages/my_c_pkg
[1.303s] -- Symlinking: /home/jaime/ros2_ws/install/my_c_pkg/share/my_c_pkg/cmake/my_c_pkgConfig.cmake
[1.318s] -- Symlinking: /home/jaime/ros2_ws/install/my_c_pkg/share/my_c_pkg/cmake/my_c_pkgConfig-version.cmake
[1.332s] -- Symlinking: /home/jaime/ros2_ws/install/my_c_pkg/share/my_c_pkg/package.xml
[1.351s] Invoked command in '/home/jaime/ros2_ws/build/my_c_pkg' returned '0': AMENT_PREFIX_PATH=/home/jaime/ros2_ws/install/turtlesim:${AMENT_PREFIX_PATH} CMAKE_PREFIX_PATH=${CMAKE_PREFIX_PATH}:/home/jaime/turtlebot3_ws/install/turtlebot3_teleop:/home/jaime/turtlebot3_ws/install/turtlebot3_example:/home/jaime/ros2_ws/install/my_py_pkg:/home/jaime/ros2_ws/install/controlador_turtlesim:/opt/ros/foxy PYTHONPATH=/home/jaime/ros2_ws/build/turtlesim:/home/jaime/ros2_ws/install/turtlesim/lib/python3.8/site-packages:${PYTHONPATH} /usr/bin/cmake --install /home/jaime/ros2_ws/build/my_c_pkg
