[0.870s] Invoking command in '/home/jaime/ros2_ws/src/my_py_pkg': PYTHONPATH=/home/jaime/ros2_ws/build/my_py_pkg/prefix_override:/home/jaime/ros2_ws/install/my_py_pkg/lib/python3.8/site-packages:${PYTHONPATH} /usr/bin/python3 setup.py egg_info --egg-base ../../build/my_py_pkg build --build-base /home/jaime/ros2_ws/build/my_py_pkg/build install --record /home/jaime/ros2_ws/build/my_py_pkg/install.log --install-scripts $base/lib/my_py_pkg --single-version-externally-managed
[1.120s] running egg_info
[1.121s] writing ../../build/my_py_pkg/my_py_pkg.egg-info/PKG-INFO
[1.121s] writing dependency_links to ../../build/my_py_pkg/my_py_pkg.egg-info/dependency_links.txt
[1.122s] writing entry points to ../../build/my_py_pkg/my_py_pkg.egg-info/entry_points.txt
[1.122s] writing requirements to ../../build/my_py_pkg/my_py_pkg.egg-info/requires.txt
[1.122s] writing top-level names to ../../build/my_py_pkg/my_py_pkg.egg-info/top_level.txt
[1.171s] reading manifest file '../../build/my_py_pkg/my_py_pkg.egg-info/SOURCES.txt'
[1.173s] writing manifest file '../../build/my_py_pkg/my_py_pkg.egg-info/SOURCES.txt'
[1.173s] running build
[1.173s] running build_py
[1.173s] copying my_py_pkg/my_fisrt_node.py -> /home/jaime/ros2_ws/build/my_py_pkg/build/lib/my_py_pkg
[1.174s] running install
[1.175s] running install_lib
[1.176s] copying /home/jaime/ros2_ws/build/my_py_pkg/build/lib/my_py_pkg/my_fisrt_node.py -> /home/jaime/ros2_ws/install/my_py_pkg/lib/python3.8/site-packages/my_py_pkg
[1.176s] byte-compiling /home/jaime/ros2_ws/install/my_py_pkg/lib/python3.8/site-packages/my_py_pkg/my_fisrt_node.py to my_fisrt_node.cpython-38.pyc
[1.178s] running install_data
[1.179s] running install_egg_info
[1.181s] removing '/home/jaime/ros2_ws/install/my_py_pkg/lib/python3.8/site-packages/my_py_pkg-0.0.0-py3.8.egg-info' (and everything under it)
[1.181s] Copying ../../build/my_py_pkg/my_py_pkg.egg-info to /home/jaime/ros2_ws/install/my_py_pkg/lib/python3.8/site-packages/my_py_pkg-0.0.0-py3.8.egg-info
[1.182s] running install_scripts
[1.204s] Installing py_node script to /home/jaime/ros2_ws/install/my_py_pkg/lib/my_py_pkg
[1.205s] writing list of installed files to '/home/jaime/ros2_ws/build/my_py_pkg/install.log'
[1.253s] Invoked command in '/home/jaime/ros2_ws/src/my_py_pkg' returned '0': PYTHONPATH=/home/jaime/ros2_ws/build/my_py_pkg/prefix_override:/home/jaime/ros2_ws/install/my_py_pkg/lib/python3.8/site-packages:${PYTHONPATH} /usr/bin/python3 setup.py egg_info --egg-base ../../build/my_py_pkg build --build-base /home/jaime/ros2_ws/build/my_py_pkg/build install --record /home/jaime/ros2_ws/build/my_py_pkg/install.log --install-scripts $base/lib/my_py_pkg --single-version-externally-managed
