[1.108s] Invoking command in '/home/jaime/ros2_ws/src/my_py_pkg': PYTHONPATH=/home/jaime/ros2_ws/build/my_py_pkg/prefix_override:/home/jaime/ros2_ws/install/my_py_pkg/lib/python3.8/site-packages:${PYTHONPATH} /usr/bin/python3 setup.py egg_info --egg-base ../../build/my_py_pkg build --build-base /home/jaime/ros2_ws/build/my_py_pkg/build install --record /home/jaime/ros2_ws/build/my_py_pkg/install.log --install-scripts $base/lib/my_py_pkg --single-version-externally-managed
[1.341s] running egg_info
[1.342s] creating ../../build/my_py_pkg/my_py_pkg.egg-info
[1.342s] writing ../../build/my_py_pkg/my_py_pkg.egg-info/PKG-INFO
[1.342s] writing dependency_links to ../../build/my_py_pkg/my_py_pkg.egg-info/dependency_links.txt
[1.342s] writing entry points to ../../build/my_py_pkg/my_py_pkg.egg-info/entry_points.txt
[1.343s] writing requirements to ../../build/my_py_pkg/my_py_pkg.egg-info/requires.txt
[1.343s] writing top-level names to ../../build/my_py_pkg/my_py_pkg.egg-info/top_level.txt
[1.344s] writing manifest file '../../build/my_py_pkg/my_py_pkg.egg-info/SOURCES.txt'
[1.392s] reading manifest file '../../build/my_py_pkg/my_py_pkg.egg-info/SOURCES.txt'
[1.393s] writing manifest file '../../build/my_py_pkg/my_py_pkg.egg-info/SOURCES.txt'
[1.394s] running build
[1.394s] running build_py
[1.394s] creating /home/jaime/ros2_ws/build/my_py_pkg/build
[1.394s] creating /home/jaime/ros2_ws/build/my_py_pkg/build/lib
[1.394s] creating /home/jaime/ros2_ws/build/my_py_pkg/build/lib/my_py_pkg
[1.394s] copying my_py_pkg/__init__.py -> /home/jaime/ros2_ws/build/my_py_pkg/build/lib/my_py_pkg
[1.394s] running install
[1.395s] running install_lib
[1.396s] creating /home/jaime/ros2_ws/install/my_py_pkg/lib/python3.8/site-packages/my_py_pkg
[1.397s] copying /home/jaime/ros2_ws/build/my_py_pkg/build/lib/my_py_pkg/__init__.py -> /home/jaime/ros2_ws/install/my_py_pkg/lib/python3.8/site-packages/my_py_pkg
[1.397s] byte-compiling /home/jaime/ros2_ws/install/my_py_pkg/lib/python3.8/site-packages/my_py_pkg/__init__.py to __init__.cpython-38.pyc
[1.399s] running install_data
[1.400s] creating /home/jaime/ros2_ws/install/my_py_pkg/share/ament_index
[1.400s] creating /home/jaime/ros2_ws/install/my_py_pkg/share/ament_index/resource_index
[1.400s] creating /home/jaime/ros2_ws/install/my_py_pkg/share/ament_index/resource_index/packages
[1.400s] copying resource/my_py_pkg -> /home/jaime/ros2_ws/install/my_py_pkg/share/ament_index/resource_index/packages
[1.400s] copying package.xml -> /home/jaime/ros2_ws/install/my_py_pkg/share/my_py_pkg
[1.400s] running install_egg_info
[1.402s] Copying ../../build/my_py_pkg/my_py_pkg.egg-info to /home/jaime/ros2_ws/install/my_py_pkg/lib/python3.8/site-packages/my_py_pkg-0.0.0-py3.8.egg-info
[1.403s] running install_scripts
[1.426s] writing list of installed files to '/home/jaime/ros2_ws/build/my_py_pkg/install.log'
[1.472s] Invoked command in '/home/jaime/ros2_ws/src/my_py_pkg' returned '0': PYTHONPATH=/home/jaime/ros2_ws/build/my_py_pkg/prefix_override:/home/jaime/ros2_ws/install/my_py_pkg/lib/python3.8/site-packages:${PYTHONPATH} /usr/bin/python3 setup.py egg_info --egg-base ../../build/my_py_pkg build --build-base /home/jaime/ros2_ws/build/my_py_pkg/build install --record /home/jaime/ros2_ws/build/my_py_pkg/install.log --install-scripts $base/lib/my_py_pkg --single-version-externally-managed
