[0.285s] Invoking command in '/home/jaime/ros2_ws/build/my_c_pkg': CMAKE_PREFIX_PATH=/home/jaime/ros2_ws/install/controlador_turtlesim:/opt/ros/foxy /usr/bin/cmake --build /home/jaime/ros2_ws/build/my_c_pkg -- -j5 -l5
[0.576s] Invoked command in '/home/jaime/ros2_ws/build/my_c_pkg' returned '0': CMAKE_PREFIX_PATH=/home/jaime/ros2_ws/install/controlador_turtlesim:/opt/ros/foxy /usr/bin/cmake --build /home/jaime/ros2_ws/build/my_c_pkg -- -j5 -l5
[0.624s] Invoking command in '/home/jaime/ros2_ws/build/my_c_pkg': CMAKE_PREFIX_PATH=/home/jaime/ros2_ws/install/controlador_turtlesim:/opt/ros/foxy /usr/bin/cmake --install /home/jaime/ros2_ws/build/my_c_pkg
[0.641s] -- Install configuration: ""
[0.641s] -- Up-to-date: /home/jaime/ros2_ws/install/my_c_pkg/share/ament_index/resource_index/package_run_dependencies/my_c_pkg
[0.641s] -- Up-to-date: /home/jaime/ros2_ws/install/my_c_pkg/share/ament_index/resource_index/parent_prefix_path/my_c_pkg
[0.641s] -- Up-to-date: /home/jaime/ros2_ws/install/my_c_pkg/share/my_c_pkg/environment/ament_prefix_path.sh
[0.642s] -- Up-to-date: /home/jaime/ros2_ws/install/my_c_pkg/share/my_c_pkg/environment/ament_prefix_path.dsv
[0.642s] -- Up-to-date: /home/jaime/ros2_ws/install/my_c_pkg/share/my_c_pkg/environment/path.sh
[0.642s] -- Up-to-date: /home/jaime/ros2_ws/install/my_c_pkg/share/my_c_pkg/environment/path.dsv
[0.642s] -- Up-to-date: /home/jaime/ros2_ws/install/my_c_pkg/share/my_c_pkg/local_setup.bash
[0.642s] -- Up-to-date: /home/jaime/ros2_ws/install/my_c_pkg/share/my_c_pkg/local_setup.sh
[0.642s] -- Up-to-date: /home/jaime/ros2_ws/install/my_c_pkg/share/my_c_pkg/local_setup.zsh
[0.642s] -- Up-to-date: /home/jaime/ros2_ws/install/my_c_pkg/share/my_c_pkg/local_setup.dsv
[0.642s] -- Installing: /home/jaime/ros2_ws/install/my_c_pkg/share/my_c_pkg/package.dsv
[0.642s] -- Up-to-date: /home/jaime/ros2_ws/install/my_c_pkg/share/ament_index/resource_index/packages/my_c_pkg
[0.643s] -- Up-to-date: /home/jaime/ros2_ws/install/my_c_pkg/share/my_c_pkg/cmake/my_c_pkgConfig.cmake
[0.643s] -- Up-to-date: /home/jaime/ros2_ws/install/my_c_pkg/share/my_c_pkg/cmake/my_c_pkgConfig-version.cmake
[0.643s] -- Up-to-date: /home/jaime/ros2_ws/install/my_c_pkg/share/my_c_pkg/package.xml
[0.647s] Invoked command in '/home/jaime/ros2_ws/build/my_c_pkg' returned '0': CMAKE_PREFIX_PATH=/home/jaime/ros2_ws/install/controlador_turtlesim:/opt/ros/foxy /usr/bin/cmake --install /home/jaime/ros2_ws/build/my_c_pkg
