[0.760s] DEBUG:colcon:Command line arguments: ['/usr/bin/colcon', 'build', '--symlink-install']
[0.760s] DEBUG:colcon:Parsed command line arguments: Namespace(allow_overriding=[], ament_cmake_args=None, base_paths=['.'], build_base='build', catkin_cmake_args=None, catkin_skip_building_tests=False, cmake_args=None, cmake_clean_cache=False, cmake_clean_first=False, cmake_force_configure=False, cmake_target=None, cmake_target_skip_unavailable=False, continue_on_error=False, event_handlers=None, executor='parallel', ignore_user_meta=False, install_base='install', log_base=None, log_level=None, main=<bound method BuildVerb.main of <colcon_core.verb.build.BuildVerb object at 0x7fabe54b8730>>, merge_install=False, metas=['./colcon.meta'], packages_above=None, packages_above_and_dependencies=None, packages_above_depth=None, packages_end=None, packages_ignore=None, packages_ignore_regex=None, packages_select=None, packages_select_build_failed=False, packages_select_by_dep=None, packages_select_regex=None, packages_select_test_failures=False, packages_skip=None, packages_skip_build_finished=False, packages_skip_by_dep=None, packages_skip_regex=None, packages_skip_test_passed=False, packages_skip_up_to=None, packages_start=None, packages_up_to=None, packages_up_to_regex=None, parallel_workers=5, paths=None, symlink_install=True, test_result_base=None, verb_extension=<colcon_core.verb.build.BuildVerb object at 0x7fabe54b8730>, verb_name='build', verb_parser=<colcon_defaults.argument_parser.defaults.DefaultArgumentsDecorator object at 0x7fabe54b8c70>)
[0.877s] Level 1:colcon.colcon_core.package_discovery:discover_packages(colcon_meta) check parameters
[0.877s] Level 1:colcon.colcon_core.package_discovery:discover_packages(recursive) check parameters
[0.877s] Level 1:colcon.colcon_core.package_discovery:discover_packages(ignore) check parameters
[0.877s] Level 1:colcon.colcon_core.package_discovery:discover_packages(path) check parameters
[0.878s] Level 1:colcon.colcon_core.package_discovery:discover_packages(colcon_meta) discover
[0.878s] Level 1:colcon.colcon_core.package_discovery:discover_packages(recursive) discover
[0.878s] INFO:colcon.colcon_core.package_discovery:Crawling recursively for packages in '/home/jaime/ros2_ws'
[0.878s] Level 1:colcon.colcon_core.package_identification:_identify(.) by extensions ['ignore', 'ignore_ament_install']
[0.878s] Level 1:colcon.colcon_core.package_identification:_identify(.) by extension 'ignore'
[0.878s] Level 1:colcon.colcon_core.package_identification:_identify(.) by extension 'ignore_ament_install'
[0.878s] Level 1:colcon.colcon_core.package_identification:_identify(.) by extensions ['colcon_pkg']
[0.878s] Level 1:colcon.colcon_core.package_identification:_identify(.) by extension 'colcon_pkg'
[0.878s] Level 1:colcon.colcon_core.package_identification:_identify(.) by extensions ['colcon_meta']
[0.878s] Level 1:colcon.colcon_core.package_identification:_identify(.) by extension 'colcon_meta'
[0.878s] Level 1:colcon.colcon_core.package_identification:_identify(.) by extensions ['ros']
[0.878s] Level 1:colcon.colcon_core.package_identification:_identify(.) by extension 'ros'
[0.950s] Level 1:colcon.colcon_core.package_identification:_identify(.) by extensions ['cmake', 'python']
[0.950s] Level 1:colcon.colcon_core.package_identification:_identify(.) by extension 'cmake'
[0.950s] Level 1:colcon.colcon_core.package_identification:_identify(.) by extension 'python'
[0.950s] Level 1:colcon.colcon_core.package_identification:_identify(.) by extensions ['python_setup_py']
[0.950s] Level 1:colcon.colcon_core.package_identification:_identify(.) by extension 'python_setup_py'
[0.950s] Level 1:colcon.colcon_core.package_identification:_identify(build) by extensions ['ignore', 'ignore_ament_install']
[0.951s] Level 1:colcon.colcon_core.package_identification:_identify(build) by extension 'ignore'
[0.951s] Level 1:colcon.colcon_core.package_identification:_identify(build) ignored
[0.951s] Level 1:colcon.colcon_core.package_identification:_identify(install) by extensions ['ignore', 'ignore_ament_install']
[0.951s] Level 1:colcon.colcon_core.package_identification:_identify(install) by extension 'ignore'
[0.951s] Level 1:colcon.colcon_core.package_identification:_identify(install) ignored
[0.951s] Level 1:colcon.colcon_core.package_identification:_identify(log) by extensions ['ignore', 'ignore_ament_install']
[0.951s] Level 1:colcon.colcon_core.package_identification:_identify(log) by extension 'ignore'
[0.951s] Level 1:colcon.colcon_core.package_identification:_identify(log) ignored
[0.951s] Level 1:colcon.colcon_core.package_identification:_identify(src) by extensions ['ignore', 'ignore_ament_install']
[0.951s] Level 1:colcon.colcon_core.package_identification:_identify(src) by extension 'ignore'
[0.951s] Level 1:colcon.colcon_core.package_identification:_identify(src) by extension 'ignore_ament_install'
[0.951s] Level 1:colcon.colcon_core.package_identification:_identify(src) by extensions ['colcon_pkg']
[0.951s] Level 1:colcon.colcon_core.package_identification:_identify(src) by extension 'colcon_pkg'
[0.951s] Level 1:colcon.colcon_core.package_identification:_identify(src) by extensions ['colcon_meta']
[0.951s] Level 1:colcon.colcon_core.package_identification:_identify(src) by extension 'colcon_meta'
[0.952s] Level 1:colcon.colcon_core.package_identification:_identify(src) by extensions ['ros']
[0.952s] Level 1:colcon.colcon_core.package_identification:_identify(src) by extension 'ros'
[0.952s] Level 1:colcon.colcon_core.package_identification:_identify(src) by extensions ['cmake', 'python']
[0.952s] Level 1:colcon.colcon_core.package_identification:_identify(src) by extension 'cmake'
[0.952s] Level 1:colcon.colcon_core.package_identification:_identify(src) by extension 'python'
[0.952s] Level 1:colcon.colcon_core.package_identification:_identify(src) by extensions ['python_setup_py']
[0.952s] Level 1:colcon.colcon_core.package_identification:_identify(src) by extension 'python_setup_py'
[0.952s] Level 1:colcon.colcon_core.package_identification:_identify(src/control_turtlebot3) by extensions ['ignore', 'ignore_ament_install']
[0.952s] Level 1:colcon.colcon_core.package_identification:_identify(src/control_turtlebot3) by extension 'ignore'
[0.952s] Level 1:colcon.colcon_core.package_identification:_identify(src/control_turtlebot3) by extension 'ignore_ament_install'
[0.952s] Level 1:colcon.colcon_core.package_identification:_identify(src/control_turtlebot3) by extensions ['colcon_pkg']
[0.952s] Level 1:colcon.colcon_core.package_identification:_identify(src/control_turtlebot3) by extension 'colcon_pkg'
[0.952s] Level 1:colcon.colcon_core.package_identification:_identify(src/control_turtlebot3) by extensions ['colcon_meta']
[0.952s] Level 1:colcon.colcon_core.package_identification:_identify(src/control_turtlebot3) by extension 'colcon_meta'
[0.952s] Level 1:colcon.colcon_core.package_identification:_identify(src/control_turtlebot3) by extensions ['ros']
[0.952s] Level 1:colcon.colcon_core.package_identification:_identify(src/control_turtlebot3) by extension 'ros'
[0.960s] DEBUG:colcon.colcon_core.package_identification:Package 'src/control_turtlebot3' with type 'ros.ament_python' and name 'control_turtlebot3'
[0.960s] Level 1:colcon.colcon_core.package_identification:_identify(src/controlador_turtlesim) by extensions ['ignore', 'ignore_ament_install']
[0.961s] Level 1:colcon.colcon_core.package_identification:_identify(src/controlador_turtlesim) by extension 'ignore'
[0.961s] Level 1:colcon.colcon_core.package_identification:_identify(src/controlador_turtlesim) by extension 'ignore_ament_install'
[0.961s] Level 1:colcon.colcon_core.package_identification:_identify(src/controlador_turtlesim) by extensions ['colcon_pkg']
[0.961s] Level 1:colcon.colcon_core.package_identification:_identify(src/controlador_turtlesim) by extension 'colcon_pkg'
[0.961s] Level 1:colcon.colcon_core.package_identification:_identify(src/controlador_turtlesim) by extensions ['colcon_meta']
[0.961s] Level 1:colcon.colcon_core.package_identification:_identify(src/controlador_turtlesim) by extension 'colcon_meta'
[0.961s] Level 1:colcon.colcon_core.package_identification:_identify(src/controlador_turtlesim) by extensions ['ros']
[0.961s] Level 1:colcon.colcon_core.package_identification:_identify(src/controlador_turtlesim) by extension 'ros'
[0.964s] DEBUG:colcon.colcon_core.package_identification:Package 'src/controlador_turtlesim' with type 'ros.ament_python' and name 'controlador_turtlesim'
[0.964s] Level 1:colcon.colcon_core.package_identification:_identify(src/my_c_pkg) by extensions ['ignore', 'ignore_ament_install']
[0.964s] Level 1:colcon.colcon_core.package_identification:_identify(src/my_c_pkg) by extension 'ignore'
[0.964s] Level 1:colcon.colcon_core.package_identification:_identify(src/my_c_pkg) by extension 'ignore_ament_install'
[0.964s] Level 1:colcon.colcon_core.package_identification:_identify(src/my_c_pkg) by extensions ['colcon_pkg']
[0.964s] Level 1:colcon.colcon_core.package_identification:_identify(src/my_c_pkg) by extension 'colcon_pkg'
[0.964s] Level 1:colcon.colcon_core.package_identification:_identify(src/my_c_pkg) by extensions ['colcon_meta']
[0.964s] Level 1:colcon.colcon_core.package_identification:_identify(src/my_c_pkg) by extension 'colcon_meta'
[0.964s] Level 1:colcon.colcon_core.package_identification:_identify(src/my_c_pkg) by extensions ['ros']
[0.964s] Level 1:colcon.colcon_core.package_identification:_identify(src/my_c_pkg) by extension 'ros'
[0.967s] DEBUG:colcon.colcon_core.package_identification:Package 'src/my_c_pkg' with type 'ros.ament_cmake' and name 'my_c_pkg'
[0.967s] Level 1:colcon.colcon_core.package_identification:_identify(src/my_py_pkg) by extensions ['ignore', 'ignore_ament_install']
[0.967s] Level 1:colcon.colcon_core.package_identification:_identify(src/my_py_pkg) by extension 'ignore'
[0.967s] Level 1:colcon.colcon_core.package_identification:_identify(src/my_py_pkg) by extension 'ignore_ament_install'
[0.967s] Level 1:colcon.colcon_core.package_identification:_identify(src/my_py_pkg) by extensions ['colcon_pkg']
[0.967s] Level 1:colcon.colcon_core.package_identification:_identify(src/my_py_pkg) by extension 'colcon_pkg'
[0.967s] Level 1:colcon.colcon_core.package_identification:_identify(src/my_py_pkg) by extensions ['colcon_meta']
[0.967s] Level 1:colcon.colcon_core.package_identification:_identify(src/my_py_pkg) by extension 'colcon_meta'
[0.968s] Level 1:colcon.colcon_core.package_identification:_identify(src/my_py_pkg) by extensions ['ros']
[0.968s] Level 1:colcon.colcon_core.package_identification:_identify(src/my_py_pkg) by extension 'ros'
[0.970s] DEBUG:colcon.colcon_core.package_identification:Package 'src/my_py_pkg' with type 'ros.ament_python' and name 'my_py_pkg'
[0.970s] Level 1:colcon.colcon_core.package_identification:_identify(src/turtlesim) by extensions ['ignore', 'ignore_ament_install']
[0.970s] Level 1:colcon.colcon_core.package_identification:_identify(src/turtlesim) by extension 'ignore'
[0.970s] Level 1:colcon.colcon_core.package_identification:_identify(src/turtlesim) by extension 'ignore_ament_install'
[0.971s] Level 1:colcon.colcon_core.package_identification:_identify(src/turtlesim) by extensions ['colcon_pkg']
[0.971s] Level 1:colcon.colcon_core.package_identification:_identify(src/turtlesim) by extension 'colcon_pkg'
[0.971s] Level 1:colcon.colcon_core.package_identification:_identify(src/turtlesim) by extensions ['colcon_meta']
[0.971s] Level 1:colcon.colcon_core.package_identification:_identify(src/turtlesim) by extension 'colcon_meta'
[0.971s] Level 1:colcon.colcon_core.package_identification:_identify(src/turtlesim) by extensions ['ros']
[0.971s] Level 1:colcon.colcon_core.package_identification:_identify(src/turtlesim) by extension 'ros'
[0.973s] DEBUG:colcon.colcon_core.package_identification:Package 'src/turtlesim' with type 'ros.ament_python' and name 'turtlesim'
[0.973s] Level 1:colcon.colcon_core.package_discovery:discover_packages(recursive) using defaults
[0.973s] Level 1:colcon.colcon_core.package_discovery:discover_packages(ignore) discover
[0.973s] Level 1:colcon.colcon_core.package_discovery:discover_packages(ignore) using defaults
[0.973s] Level 1:colcon.colcon_core.package_discovery:discover_packages(path) discover
[0.973s] Level 1:colcon.colcon_core.package_discovery:discover_packages(path) using defaults
[1.024s] Level 1:colcon.colcon_core.package_discovery:discover_packages(prefix_path) check parameters
[1.025s] Level 1:colcon.colcon_core.package_discovery:discover_packages(prefix_path) discover
[1.059s] DEBUG:colcon.colcon_installed_package_information.package_discovery:Found 15 installed packages in /home/jaime/turtlebot3_ws/install
[1.069s] DEBUG:colcon.colcon_installed_package_information.package_discovery:Found 5 installed packages in /home/jaime/ros2_ws/install
[1.072s] DEBUG:colcon.colcon_installed_package_information.package_discovery:Found 323 installed packages in /opt/ros/foxy
[1.075s] Level 1:colcon.colcon_core.package_discovery:discover_packages(prefix_path) using defaults
[1.334s] WARNING:colcon.colcon_core.package_selection:Some selected packages are already built in one or more underlay workspaces:
	'turtlesim' is in: /home/jaime/ros2_ws/install/turtlesim, /opt/ros/foxy
If a package in a merged underlay workspace is overridden and it installs headers, then all packages in the overlay must sort their include directories by workspace order. Failure to do so may result in build failures or undefined behavior at run time.
If the overridden package is used by another package in any underlay, then the overriding package in the overlay must be API and ABI compatible or undefined behavior at run time may occur.

If you understand the risks and want to override a package anyways, add the following to the command line:
	--allow-overriding turtlesim

This may be promoted to an error in a future release of colcon-override-check.
[1.337s] Level 5:colcon.colcon_core.verb:set package 'turtlesim' build argument 'cmake_args' from command line to 'None'
[1.337s] Level 5:colcon.colcon_core.verb:set package 'turtlesim' build argument 'cmake_target' from command line to 'None'
[1.337s] Level 5:colcon.colcon_core.verb:set package 'turtlesim' build argument 'cmake_target_skip_unavailable' from command line to 'False'
[1.337s] Level 5:colcon.colcon_core.verb:set package 'turtlesim' build argument 'cmake_clean_cache' from command line to 'False'
[1.337s] Level 5:colcon.colcon_core.verb:set package 'turtlesim' build argument 'cmake_clean_first' from command line to 'False'
[1.337s] Level 5:colcon.colcon_core.verb:set package 'turtlesim' build argument 'cmake_force_configure' from command line to 'False'
[1.337s] Level 5:colcon.colcon_core.verb:set package 'turtlesim' build argument 'ament_cmake_args' from command line to 'None'
[1.337s] Level 5:colcon.colcon_core.verb:set package 'turtlesim' build argument 'catkin_cmake_args' from command line to 'None'
[1.337s] Level 5:colcon.colcon_core.verb:set package 'turtlesim' build argument 'catkin_skip_building_tests' from command line to 'False'
[1.337s] DEBUG:colcon.colcon_core.verb:Building package 'turtlesim' with the following arguments: {'ament_cmake_args': None, 'build_base': '/home/jaime/ros2_ws/build/turtlesim', 'catkin_cmake_args': None, 'catkin_skip_building_tests': False, 'cmake_args': None, 'cmake_clean_cache': False, 'cmake_clean_first': False, 'cmake_force_configure': False, 'cmake_target': None, 'cmake_target_skip_unavailable': False, 'install_base': '/home/jaime/ros2_ws/install/turtlesim', 'merge_install': False, 'path': '/home/jaime/ros2_ws/src/turtlesim', 'symlink_install': True, 'test_result_base': None}
[1.339s] Level 5:colcon.colcon_core.verb:set package 'control_turtlebot3' build argument 'cmake_args' from command line to 'None'
[1.339s] Level 5:colcon.colcon_core.verb:set package 'control_turtlebot3' build argument 'cmake_target' from command line to 'None'
[1.339s] Level 5:colcon.colcon_core.verb:set package 'control_turtlebot3' build argument 'cmake_target_skip_unavailable' from command line to 'False'
[1.339s] Level 5:colcon.colcon_core.verb:set package 'control_turtlebot3' build argument 'cmake_clean_cache' from command line to 'False'
[1.339s] Level 5:colcon.colcon_core.verb:set package 'control_turtlebot3' build argument 'cmake_clean_first' from command line to 'False'
[1.339s] Level 5:colcon.colcon_core.verb:set package 'control_turtlebot3' build argument 'cmake_force_configure' from command line to 'False'
[1.339s] Level 5:colcon.colcon_core.verb:set package 'control_turtlebot3' build argument 'ament_cmake_args' from command line to 'None'
[1.339s] Level 5:colcon.colcon_core.verb:set package 'control_turtlebot3' build argument 'catkin_cmake_args' from command line to 'None'
[1.339s] Level 5:colcon.colcon_core.verb:set package 'control_turtlebot3' build argument 'catkin_skip_building_tests' from command line to 'False'
[1.339s] DEBUG:colcon.colcon_core.verb:Building package 'control_turtlebot3' with the following arguments: {'ament_cmake_args': None, 'build_base': '/home/jaime/ros2_ws/build/control_turtlebot3', 'catkin_cmake_args': None, 'catkin_skip_building_tests': False, 'cmake_args': None, 'cmake_clean_cache': False, 'cmake_clean_first': False, 'cmake_force_configure': False, 'cmake_target': None, 'cmake_target_skip_unavailable': False, 'install_base': '/home/jaime/ros2_ws/install/control_turtlebot3', 'merge_install': False, 'path': '/home/jaime/ros2_ws/src/control_turtlebot3', 'symlink_install': True, 'test_result_base': None}
[1.341s] Level 5:colcon.colcon_core.verb:set package 'controlador_turtlesim' build argument 'cmake_args' from command line to 'None'
[1.341s] Level 5:colcon.colcon_core.verb:set package 'controlador_turtlesim' build argument 'cmake_target' from command line to 'None'
[1.341s] Level 5:colcon.colcon_core.verb:set package 'controlador_turtlesim' build argument 'cmake_target_skip_unavailable' from command line to 'False'
[1.342s] Level 5:colcon.colcon_core.verb:set package 'controlador_turtlesim' build argument 'cmake_clean_cache' from command line to 'False'
[1.342s] Level 5:colcon.colcon_core.verb:set package 'controlador_turtlesim' build argument 'cmake_clean_first' from command line to 'False'
[1.342s] Level 5:colcon.colcon_core.verb:set package 'controlador_turtlesim' build argument 'cmake_force_configure' from command line to 'False'
[1.342s] Level 5:colcon.colcon_core.verb:set package 'controlador_turtlesim' build argument 'ament_cmake_args' from command line to 'None'
[1.342s] Level 5:colcon.colcon_core.verb:set package 'controlador_turtlesim' build argument 'catkin_cmake_args' from command line to 'None'
[1.342s] Level 5:colcon.colcon_core.verb:set package 'controlador_turtlesim' build argument 'catkin_skip_building_tests' from command line to 'False'
[1.342s] DEBUG:colcon.colcon_core.verb:Building package 'controlador_turtlesim' with the following arguments: {'ament_cmake_args': None, 'build_base': '/home/jaime/ros2_ws/build/controlador_turtlesim', 'catkin_cmake_args': None, 'catkin_skip_building_tests': False, 'cmake_args': None, 'cmake_clean_cache': False, 'cmake_clean_first': False, 'cmake_force_configure': False, 'cmake_target': None, 'cmake_target_skip_unavailable': False, 'install_base': '/home/jaime/ros2_ws/install/controlador_turtlesim', 'merge_install': False, 'path': '/home/jaime/ros2_ws/src/controlador_turtlesim', 'symlink_install': True, 'test_result_base': None}
[1.343s] Level 5:colcon.colcon_core.verb:set package 'my_c_pkg' build argument 'cmake_args' from command line to 'None'
[1.343s] Level 5:colcon.colcon_core.verb:set package 'my_c_pkg' build argument 'cmake_target' from command line to 'None'
[1.343s] Level 5:colcon.colcon_core.verb:set package 'my_c_pkg' build argument 'cmake_target_skip_unavailable' from command line to 'False'
[1.343s] Level 5:colcon.colcon_core.verb:set package 'my_c_pkg' build argument 'cmake_clean_cache' from command line to 'False'
[1.343s] Level 5:colcon.colcon_core.verb:set package 'my_c_pkg' build argument 'cmake_clean_first' from command line to 'False'
[1.343s] Level 5:colcon.colcon_core.verb:set package 'my_c_pkg' build argument 'cmake_force_configure' from command line to 'False'
[1.344s] Level 5:colcon.colcon_core.verb:set package 'my_c_pkg' build argument 'ament_cmake_args' from command line to 'None'
[1.344s] Level 5:colcon.colcon_core.verb:set package 'my_c_pkg' build argument 'catkin_cmake_args' from command line to 'None'
[1.344s] Level 5:colcon.colcon_core.verb:set package 'my_c_pkg' build argument 'catkin_skip_building_tests' from command line to 'False'
[1.344s] DEBUG:colcon.colcon_core.verb:Building package 'my_c_pkg' with the following arguments: {'ament_cmake_args': None, 'build_base': '/home/jaime/ros2_ws/build/my_c_pkg', 'catkin_cmake_args': None, 'catkin_skip_building_tests': False, 'cmake_args': None, 'cmake_clean_cache': False, 'cmake_clean_first': False, 'cmake_force_configure': False, 'cmake_target': None, 'cmake_target_skip_unavailable': False, 'install_base': '/home/jaime/ros2_ws/install/my_c_pkg', 'merge_install': False, 'path': '/home/jaime/ros2_ws/src/my_c_pkg', 'symlink_install': True, 'test_result_base': None}
[1.345s] Level 5:colcon.colcon_core.verb:set package 'my_py_pkg' build argument 'cmake_args' from command line to 'None'
[1.345s] Level 5:colcon.colcon_core.verb:set package 'my_py_pkg' build argument 'cmake_target' from command line to 'None'
[1.345s] Level 5:colcon.colcon_core.verb:set package 'my_py_pkg' build argument 'cmake_target_skip_unavailable' from command line to 'False'
[1.346s] Level 5:colcon.colcon_core.verb:set package 'my_py_pkg' build argument 'cmake_clean_cache' from command line to 'False'
[1.346s] Level 5:colcon.colcon_core.verb:set package 'my_py_pkg' build argument 'cmake_clean_first' from command line to 'False'
[1.346s] Level 5:colcon.colcon_core.verb:set package 'my_py_pkg' build argument 'cmake_force_configure' from command line to 'False'
[1.346s] Level 5:colcon.colcon_core.verb:set package 'my_py_pkg' build argument 'ament_cmake_args' from command line to 'None'
[1.346s] Level 5:colcon.colcon_core.verb:set package 'my_py_pkg' build argument 'catkin_cmake_args' from command line to 'None'
[1.346s] Level 5:colcon.colcon_core.verb:set package 'my_py_pkg' build argument 'catkin_skip_building_tests' from command line to 'False'
[1.346s] DEBUG:colcon.colcon_core.verb:Building package 'my_py_pkg' with the following arguments: {'ament_cmake_args': None, 'build_base': '/home/jaime/ros2_ws/build/my_py_pkg', 'catkin_cmake_args': None, 'catkin_skip_building_tests': False, 'cmake_args': None, 'cmake_clean_cache': False, 'cmake_clean_first': False, 'cmake_force_configure': False, 'cmake_target': None, 'cmake_target_skip_unavailable': False, 'install_base': '/home/jaime/ros2_ws/install/my_py_pkg', 'merge_install': False, 'path': '/home/jaime/ros2_ws/src/my_py_pkg', 'symlink_install': True, 'test_result_base': None}
[1.347s] INFO:colcon.colcon_core.executor:Executing jobs using 'parallel' executor
[1.352s] DEBUG:colcon.colcon_parallel_executor.executor.parallel:run_until_complete
[1.352s] INFO:colcon.colcon_ros.task.ament_python.build:Building ROS package in '/home/jaime/ros2_ws/src/turtlesim' with build type 'ament_python'
[1.353s] Level 1:colcon.colcon_core.shell:create_environment_hook('turtlesim', 'ament_prefix_path')
[1.375s] INFO:colcon.colcon_core.plugin_system:Skipping extension 'colcon_core.shell.bat': Not used on non-Windows systems
[1.375s] INFO:colcon.colcon_core.shell:Creating environment hook '/home/jaime/ros2_ws/install/turtlesim/share/turtlesim/hook/ament_prefix_path.ps1'
[1.380s] INFO:colcon.colcon_core.shell:Creating environment descriptor '/home/jaime/ros2_ws/install/turtlesim/share/turtlesim/hook/ament_prefix_path.dsv'
[1.382s] INFO:colcon.colcon_core.shell:Creating environment hook '/home/jaime/ros2_ws/install/turtlesim/share/turtlesim/hook/ament_prefix_path.sh'
[1.388s] INFO:colcon.colcon_core.shell:Skip shell extension 'powershell' for command environment: Not usable outside of PowerShell
[1.388s] DEBUG:colcon.colcon_core.shell:Skip shell extension 'dsv' for command environment
[1.827s] INFO:colcon.colcon_core.task.python.build:Building Python package in '/home/jaime/ros2_ws/src/turtlesim'
[1.830s] INFO:colcon.colcon_core.shell:Skip shell extension 'powershell' for command environment: Not usable outside of PowerShell
[1.830s] DEBUG:colcon.colcon_core.shell:Skip shell extension 'dsv' for command environment
[2.830s] DEBUG:colcon.colcon_core.task.python.build:While undoing a previous installation files outside the Python library path are being ignored: /home/jaime/ros2_ws/install/turtlesim/share/ament_index/resource_index/packages/turtlesim
[2.830s] DEBUG:colcon.colcon_core.task.python.build:While undoing a previous installation files outside the Python library path are being ignored: /home/jaime/ros2_ws/install/turtlesim/share/turtlesim/package.xml
[2.833s] DEBUG:colcon.colcon_core.task.python.build:While undoing a previous installation files outside the Python library path are being ignored: /home/jaime/ros2_ws/install/turtlesim/lib/turtlesim/nodo_publicador
[2.839s] DEBUG:colcon.colcon_core.event_handler.log_command:Invoking command in '/home/jaime/ros2_ws/build/turtlesim': PYTHONPATH=/home/jaime/ros2_ws/build/turtlesim/prefix_override:/home/jaime/ros2_ws/install/turtlesim/lib/python3.8/site-packages:${PYTHONPATH} /usr/bin/python3 setup.py develop --editable --build-directory /home/jaime/ros2_ws/build/turtlesim/build --no-deps install_data
[3.588s] Level 1:colcon.colcon_core.shell:create_environment_hook('turtlesim', 'pythonpath_develop')
[3.591s] INFO:colcon.colcon_core.shell:Creating environment hook '/home/jaime/ros2_ws/build/turtlesim/share/turtlesim/hook/pythonpath_develop.ps1'
[3.592s] DEBUG:colcon.colcon_core.event_handler.log_command:Invoked command in '/home/jaime/ros2_ws/build/turtlesim' returned '0': PYTHONPATH=/home/jaime/ros2_ws/build/turtlesim/prefix_override:/home/jaime/ros2_ws/install/turtlesim/lib/python3.8/site-packages:${PYTHONPATH} /usr/bin/python3 setup.py develop --editable --build-directory /home/jaime/ros2_ws/build/turtlesim/build --no-deps install_data
[3.596s] INFO:colcon.colcon_core.shell:Creating environment descriptor '/home/jaime/ros2_ws/build/turtlesim/share/turtlesim/hook/pythonpath_develop.dsv'
[3.598s] INFO:colcon.colcon_core.shell:Creating environment hook '/home/jaime/ros2_ws/build/turtlesim/share/turtlesim/hook/pythonpath_develop.sh'
[3.627s] Level 1:colcon.colcon_core.environment:checking '/home/jaime/ros2_ws/install/turtlesim' for CMake module files
[3.628s] Level 1:colcon.colcon_core.environment:checking '/home/jaime/ros2_ws/install/turtlesim' for CMake config files
[3.629s] Level 1:colcon.colcon_core.environment:checking '/home/jaime/ros2_ws/install/turtlesim/lib'
[3.629s] Level 1:colcon.colcon_core.environment:checking '/home/jaime/ros2_ws/install/turtlesim/bin'
[3.630s] Level 1:colcon.colcon_core.environment:checking '/home/jaime/ros2_ws/install/turtlesim/lib/pkgconfig/turtlesim.pc'
[3.630s] Level 1:colcon.colcon_core.environment:checking '/home/jaime/ros2_ws/install/turtlesim/lib/python3.8/site-packages'
[3.630s] Level 1:colcon.colcon_core.shell:create_environment_hook('turtlesim', 'pythonpath')
[3.633s] INFO:colcon.colcon_core.shell:Creating environment hook '/home/jaime/ros2_ws/install/turtlesim/share/turtlesim/hook/pythonpath.ps1'
[3.634s] INFO:colcon.colcon_core.shell:Creating environment descriptor '/home/jaime/ros2_ws/install/turtlesim/share/turtlesim/hook/pythonpath.dsv'
[3.635s] INFO:colcon.colcon_core.shell:Creating environment hook '/home/jaime/ros2_ws/install/turtlesim/share/turtlesim/hook/pythonpath.sh'
[3.636s] Level 1:colcon.colcon_core.environment:checking '/home/jaime/ros2_ws/install/turtlesim/bin'
[3.636s] Level 1:colcon.colcon_core.environment:create_environment_scripts_only(turtlesim)
[3.639s] INFO:colcon.colcon_core.shell:Creating package script '/home/jaime/ros2_ws/install/turtlesim/share/turtlesim/package.ps1'
[3.647s] INFO:colcon.colcon_core.shell:Creating package descriptor '/home/jaime/ros2_ws/install/turtlesim/share/turtlesim/package.dsv'
[3.649s] INFO:colcon.colcon_core.shell:Creating package script '/home/jaime/ros2_ws/install/turtlesim/share/turtlesim/package.sh'
[3.652s] INFO:colcon.colcon_core.shell:Creating package script '/home/jaime/ros2_ws/install/turtlesim/share/turtlesim/package.bash'
[3.655s] INFO:colcon.colcon_core.shell:Creating package script '/home/jaime/ros2_ws/install/turtlesim/share/turtlesim/package.zsh'
[3.658s] Level 1:colcon.colcon_core.environment:create_file_with_runtime_dependencies(/home/jaime/ros2_ws/install/turtlesim/share/colcon-core/packages/turtlesim)
[3.660s] INFO:colcon.colcon_ros.task.ament_python.build:Building ROS package in '/home/jaime/ros2_ws/src/control_turtlebot3' with build type 'ament_python'
[3.661s] Level 1:colcon.colcon_core.shell:create_environment_hook('control_turtlebot3', 'ament_prefix_path')
[3.664s] INFO:colcon.colcon_core.shell:Creating environment hook '/home/jaime/ros2_ws/install/control_turtlebot3/share/control_turtlebot3/hook/ament_prefix_path.ps1'
[3.669s] INFO:colcon.colcon_core.shell:Creating environment descriptor '/home/jaime/ros2_ws/install/control_turtlebot3/share/control_turtlebot3/hook/ament_prefix_path.dsv'
[3.670s] INFO:colcon.colcon_core.shell:Creating environment hook '/home/jaime/ros2_ws/install/control_turtlebot3/share/control_turtlebot3/hook/ament_prefix_path.sh'
[3.673s] INFO:colcon.colcon_core.shell:Skip shell extension 'powershell' for command environment: Not usable outside of PowerShell
[3.674s] DEBUG:colcon.colcon_core.shell:Skip shell extension 'dsv' for command environment
[3.699s] INFO:colcon.colcon_ros.task.ament_python.build:Building ROS package in '/home/jaime/ros2_ws/src/controlador_turtlesim' with build type 'ament_python'
[3.701s] Level 1:colcon.colcon_core.shell:create_environment_hook('controlador_turtlesim', 'ament_prefix_path')
[3.710s] INFO:colcon.colcon_core.shell:Creating environment hook '/home/jaime/ros2_ws/install/controlador_turtlesim/share/controlador_turtlesim/hook/ament_prefix_path.ps1'
[3.721s] INFO:colcon.colcon_core.shell:Creating environment descriptor '/home/jaime/ros2_ws/install/controlador_turtlesim/share/controlador_turtlesim/hook/ament_prefix_path.dsv'
[3.722s] INFO:colcon.colcon_core.shell:Creating environment hook '/home/jaime/ros2_ws/install/controlador_turtlesim/share/controlador_turtlesim/hook/ament_prefix_path.sh'
[3.726s] INFO:colcon.colcon_core.shell:Skip shell extension 'powershell' for command environment: Not usable outside of PowerShell
[3.731s] DEBUG:colcon.colcon_core.shell:Skip shell extension 'dsv' for command environment
[3.758s] INFO:colcon.colcon_ros.task.ament_cmake.build:Building ROS package in '/home/jaime/ros2_ws/src/my_c_pkg' with build type 'ament_cmake'
[3.759s] INFO:colcon.colcon_cmake.task.cmake.build:Building CMake package in '/home/jaime/ros2_ws/src/my_c_pkg'
[3.762s] INFO:colcon.colcon_core.shell:Skip shell extension 'powershell' for command environment: Not usable outside of PowerShell
[3.762s] DEBUG:colcon.colcon_core.shell:Skip shell extension 'dsv' for command environment
[3.776s] INFO:colcon.colcon_ros.task.ament_python.build:Building ROS package in '/home/jaime/ros2_ws/src/my_py_pkg' with build type 'ament_python'
[3.777s] Level 1:colcon.colcon_core.shell:create_environment_hook('my_py_pkg', 'ament_prefix_path')
[3.779s] INFO:colcon.colcon_core.shell:Creating environment hook '/home/jaime/ros2_ws/install/my_py_pkg/share/my_py_pkg/hook/ament_prefix_path.ps1'
[3.783s] INFO:colcon.colcon_core.shell:Creating environment descriptor '/home/jaime/ros2_ws/install/my_py_pkg/share/my_py_pkg/hook/ament_prefix_path.dsv'
[3.784s] INFO:colcon.colcon_core.shell:Creating environment hook '/home/jaime/ros2_ws/install/my_py_pkg/share/my_py_pkg/hook/ament_prefix_path.sh'
[3.788s] INFO:colcon.colcon_core.shell:Skip shell extension 'powershell' for command environment: Not usable outside of PowerShell
[3.788s] DEBUG:colcon.colcon_core.shell:Skip shell extension 'dsv' for command environment
[4.237s] INFO:colcon.colcon_core.task.python.build:Building Python package in '/home/jaime/ros2_ws/src/control_turtlebot3'
[4.240s] INFO:colcon.colcon_core.shell:Skip shell extension 'powershell' for command environment: Not usable outside of PowerShell
[4.241s] DEBUG:colcon.colcon_core.shell:Skip shell extension 'dsv' for command environment
[4.708s] INFO:colcon.colcon_core.task.python.build:Building Python package in '/home/jaime/ros2_ws/src/controlador_turtlesim'
[4.711s] INFO:colcon.colcon_core.shell:Skip shell extension 'powershell' for command environment: Not usable outside of PowerShell
[4.711s] DEBUG:colcon.colcon_core.shell:Skip shell extension 'dsv' for command environment
[4.739s] DEBUG:colcon.colcon_core.event_handler.log_command:Invoking command in '/home/jaime/ros2_ws/build/my_c_pkg': AMENT_PREFIX_PATH=/home/jaime/ros2_ws/install/turtlesim:/home/jaime/ros2_ws/install/my_py_pkg:/home/jaime/ros2_ws/install/my_c_pkg:/home/jaime/ros2_ws/install/controlador_turtlesim:/home/jaime/ros2_ws/install/control_turtlebot3:/home/jaime/turtlebot3_ws/install/turtlebot3:/home/jaime/turtlebot3_ws/install/turtlebot3_teleop:/home/jaime/turtlebot3_ws/install/turtlebot3_simulations:/home/jaime/turtlebot3_ws/install/turtlebot3_bringup:/home/jaime/turtlebot3_ws/install/turtlebot3_node:/home/jaime/turtlebot3_ws/install/turtlebot3_navigation2:/home/jaime/turtlebot3_ws/install/turtlebot3_fake_node:/home/jaime/turtlebot3_ws/install/turtlebot3_example:/home/jaime/turtlebot3_ws/install/turtlebot3_msgs:/home/jaime/turtlebot3_ws/install/turtlebot3_gazebo:/home/jaime/turtlebot3_ws/install/turtlebot3_description:/home/jaime/turtlebot3_ws/install/turtlebot3_cartographer:/home/jaime/turtlebot3_ws/install/dynamixel_sdk_examples:/home/jaime/turtlebot3_ws/install/dynamixel_sdk_custom_interfaces:/home/jaime/turtlebot3_ws/install/dynamixel_sdk:/opt/ros/foxy CMAKE_PREFIX_PATH=${CMAKE_PREFIX_PATH}:/home/jaime/ros2_ws/install/my_py_pkg:/home/jaime/ros2_ws/install/controlador_turtlesim:/home/jaime/ros2_ws/install/control_turtlebot3:/home/jaime/ros2_ws/install/turtlesim:/home/jaime/turtlebot3_ws/install/turtlebot3_teleop:/home/jaime/turtlebot3_ws/install/turtlebot3_example:/opt/ros/foxy PYTHONPATH=/home/jaime/ros2_ws/build/turtlesim:/home/jaime/ros2_ws/install/turtlesim/lib/python3.8/site-packages:/home/jaime/ros2_ws/install/my_py_pkg/lib/python3.8/site-packages:/home/jaime/ros2_ws/install/controlador_turtlesim/lib/python3.8/site-packages:/home/jaime/ros2_ws/install/control_turtlebot3/lib/python3.8/site-packages:/home/jaime/turtlebot3_ws/build/turtlebot3_teleop:/home/jaime/turtlebot3_ws/install/turtlebot3_teleop/lib/python3.8/site-packages:/home/jaime/turtlebot3_ws/build/turtlebot3_example:/home/jaime/turtlebot3_ws/install/turtlebot3_example/lib/python3.8/site-packages:/home/jaime/turtlebot3_ws/install/turtlebot3_msgs/lib/python3.8/site-packages:/home/jaime/turtlebot3_ws/install/dynamixel_sdk_custom_interfaces/lib/python3.8/site-packages:/opt/ros/foxy/lib/python3.8/site-packages /usr/bin/cmake /home/jaime/ros2_ws/src/my_c_pkg -DAMENT_CMAKE_SYMLINK_INSTALL=1 -DCMAKE_INSTALL_PREFIX=/home/jaime/ros2_ws/install/my_c_pkg
[5.238s] INFO:colcon.colcon_core.task.python.build:Building Python package in '/home/jaime/ros2_ws/src/my_py_pkg'
[5.240s] INFO:colcon.colcon_core.shell:Skip shell extension 'powershell' for command environment: Not usable outside of PowerShell
[5.240s] DEBUG:colcon.colcon_core.shell:Skip shell extension 'dsv' for command environment
[6.228s] DEBUG:colcon.colcon_core.task.python.build:While undoing a previous installation files outside the Python library path are being ignored: /home/jaime/ros2_ws/install/control_turtlebot3/share/ament_index/resource_index/packages/control_turtlebot3
[6.229s] DEBUG:colcon.colcon_core.task.python.build:While undoing a previous installation files outside the Python library path are being ignored: /home/jaime/ros2_ws/install/control_turtlebot3/share/control_turtlebot3/package.xml
[6.230s] DEBUG:colcon.colcon_core.task.python.build:While undoing a previous installation files outside the Python library path are being ignored: /home/jaime/ros2_ws/install/control_turtlebot3/lib/control_turtlebot3/nodo_publicador
[6.230s] DEBUG:colcon.colcon_core.task.python.build:While undoing a previous installation files outside the Python library path are being ignored: /home/jaime/ros2_ws/install/control_turtlebot3/lib/control_turtlebot3/nodo_publicador2
[6.235s] DEBUG:colcon.colcon_core.event_handler.log_command:Invoking command in '/home/jaime/ros2_ws/build/control_turtlebot3': AMENT_PREFIX_PATH=/home/jaime/ros2_ws/install/turtlesim:/home/jaime/ros2_ws/install/my_py_pkg:/home/jaime/ros2_ws/install/my_c_pkg:/home/jaime/ros2_ws/install/controlador_turtlesim:/home/jaime/ros2_ws/install/control_turtlebot3:/home/jaime/turtlebot3_ws/install/turtlebot3:/home/jaime/turtlebot3_ws/install/turtlebot3_teleop:/home/jaime/turtlebot3_ws/install/turtlebot3_simulations:/home/jaime/turtlebot3_ws/install/turtlebot3_bringup:/home/jaime/turtlebot3_ws/install/turtlebot3_node:/home/jaime/turtlebot3_ws/install/turtlebot3_navigation2:/home/jaime/turtlebot3_ws/install/turtlebot3_fake_node:/home/jaime/turtlebot3_ws/install/turtlebot3_example:/home/jaime/turtlebot3_ws/install/turtlebot3_msgs:/home/jaime/turtlebot3_ws/install/turtlebot3_gazebo:/home/jaime/turtlebot3_ws/install/turtlebot3_description:/home/jaime/turtlebot3_ws/install/turtlebot3_cartographer:/home/jaime/turtlebot3_ws/install/dynamixel_sdk_examples:/home/jaime/turtlebot3_ws/install/dynamixel_sdk_custom_interfaces:/home/jaime/turtlebot3_ws/install/dynamixel_sdk:/opt/ros/foxy PYTHONPATH=/home/jaime/ros2_ws/build/control_turtlebot3/prefix_override:/home/jaime/ros2_ws/install/control_turtlebot3/lib/python3.8/site-packages:/home/jaime/ros2_ws/build/turtlesim:/home/jaime/ros2_ws/install/turtlesim/lib/python3.8/site-packages:/home/jaime/ros2_ws/install/my_py_pkg/lib/python3.8/site-packages:/home/jaime/ros2_ws/install/controlador_turtlesim/lib/python3.8/site-packages:/home/jaime/ros2_ws/install/control_turtlebot3/lib/python3.8/site-packages:/home/jaime/turtlebot3_ws/build/turtlebot3_teleop:/home/jaime/turtlebot3_ws/install/turtlebot3_teleop/lib/python3.8/site-packages:/home/jaime/turtlebot3_ws/build/turtlebot3_example:/home/jaime/turtlebot3_ws/install/turtlebot3_example/lib/python3.8/site-packages:/home/jaime/turtlebot3_ws/install/turtlebot3_msgs/lib/python3.8/site-packages:/home/jaime/turtlebot3_ws/install/dynamixel_sdk_custom_interfaces/lib/python3.8/site-packages:/opt/ros/foxy/lib/python3.8/site-packages /usr/bin/python3 setup.py develop --editable --build-directory /home/jaime/ros2_ws/build/control_turtlebot3/build --no-deps install_data
[6.275s] DEBUG:colcon.colcon_core.event_handler.log_command:Invoked command in '/home/jaime/ros2_ws/build/my_c_pkg' returned '0': AMENT_PREFIX_PATH=/home/jaime/ros2_ws/install/turtlesim:/home/jaime/ros2_ws/install/my_py_pkg:/home/jaime/ros2_ws/install/my_c_pkg:/home/jaime/ros2_ws/install/controlador_turtlesim:/home/jaime/ros2_ws/install/control_turtlebot3:/home/jaime/turtlebot3_ws/install/turtlebot3:/home/jaime/turtlebot3_ws/install/turtlebot3_teleop:/home/jaime/turtlebot3_ws/install/turtlebot3_simulations:/home/jaime/turtlebot3_ws/install/turtlebot3_bringup:/home/jaime/turtlebot3_ws/install/turtlebot3_node:/home/jaime/turtlebot3_ws/install/turtlebot3_navigation2:/home/jaime/turtlebot3_ws/install/turtlebot3_fake_node:/home/jaime/turtlebot3_ws/install/turtlebot3_example:/home/jaime/turtlebot3_ws/install/turtlebot3_msgs:/home/jaime/turtlebot3_ws/install/turtlebot3_gazebo:/home/jaime/turtlebot3_ws/install/turtlebot3_description:/home/jaime/turtlebot3_ws/install/turtlebot3_cartographer:/home/jaime/turtlebot3_ws/install/dynamixel_sdk_examples:/home/jaime/turtlebot3_ws/install/dynamixel_sdk_custom_interfaces:/home/jaime/turtlebot3_ws/install/dynamixel_sdk:/opt/ros/foxy CMAKE_PREFIX_PATH=${CMAKE_PREFIX_PATH}:/home/jaime/ros2_ws/install/my_py_pkg:/home/jaime/ros2_ws/install/controlador_turtlesim:/home/jaime/ros2_ws/install/control_turtlebot3:/home/jaime/ros2_ws/install/turtlesim:/home/jaime/turtlebot3_ws/install/turtlebot3_teleop:/home/jaime/turtlebot3_ws/install/turtlebot3_example:/opt/ros/foxy PYTHONPATH=/home/jaime/ros2_ws/build/turtlesim:/home/jaime/ros2_ws/install/turtlesim/lib/python3.8/site-packages:/home/jaime/ros2_ws/install/my_py_pkg/lib/python3.8/site-packages:/home/jaime/ros2_ws/install/controlador_turtlesim/lib/python3.8/site-packages:/home/jaime/ros2_ws/install/control_turtlebot3/lib/python3.8/site-packages:/home/jaime/turtlebot3_ws/build/turtlebot3_teleop:/home/jaime/turtlebot3_ws/install/turtlebot3_teleop/lib/python3.8/site-packages:/home/jaime/turtlebot3_ws/build/turtlebot3_example:/home/jaime/turtlebot3_ws/install/turtlebot3_example/lib/python3.8/site-packages:/home/jaime/turtlebot3_ws/install/turtlebot3_msgs/lib/python3.8/site-packages:/home/jaime/turtlebot3_ws/install/dynamixel_sdk_custom_interfaces/lib/python3.8/site-packages:/opt/ros/foxy/lib/python3.8/site-packages /usr/bin/cmake /home/jaime/ros2_ws/src/my_c_pkg -DAMENT_CMAKE_SYMLINK_INSTALL=1 -DCMAKE_INSTALL_PREFIX=/home/jaime/ros2_ws/install/my_c_pkg
[6.275s] DEBUG:colcon.colcon_core.event_handler.log_command:Invoking command in '/home/jaime/ros2_ws/build/my_c_pkg': AMENT_PREFIX_PATH=/home/jaime/ros2_ws/install/turtlesim:/home/jaime/ros2_ws/install/my_py_pkg:/home/jaime/ros2_ws/install/my_c_pkg:/home/jaime/ros2_ws/install/controlador_turtlesim:/home/jaime/ros2_ws/install/control_turtlebot3:/home/jaime/turtlebot3_ws/install/turtlebot3:/home/jaime/turtlebot3_ws/install/turtlebot3_teleop:/home/jaime/turtlebot3_ws/install/turtlebot3_simulations:/home/jaime/turtlebot3_ws/install/turtlebot3_bringup:/home/jaime/turtlebot3_ws/install/turtlebot3_node:/home/jaime/turtlebot3_ws/install/turtlebot3_navigation2:/home/jaime/turtlebot3_ws/install/turtlebot3_fake_node:/home/jaime/turtlebot3_ws/install/turtlebot3_example:/home/jaime/turtlebot3_ws/install/turtlebot3_msgs:/home/jaime/turtlebot3_ws/install/turtlebot3_gazebo:/home/jaime/turtlebot3_ws/install/turtlebot3_description:/home/jaime/turtlebot3_ws/install/turtlebot3_cartographer:/home/jaime/turtlebot3_ws/install/dynamixel_sdk_examples:/home/jaime/turtlebot3_ws/install/dynamixel_sdk_custom_interfaces:/home/jaime/turtlebot3_ws/install/dynamixel_sdk:/opt/ros/foxy CMAKE_PREFIX_PATH=${CMAKE_PREFIX_PATH}:/home/jaime/ros2_ws/install/my_py_pkg:/home/jaime/ros2_ws/install/controlador_turtlesim:/home/jaime/ros2_ws/install/control_turtlebot3:/home/jaime/ros2_ws/install/turtlesim:/home/jaime/turtlebot3_ws/install/turtlebot3_teleop:/home/jaime/turtlebot3_ws/install/turtlebot3_example:/opt/ros/foxy PYTHONPATH=/home/jaime/ros2_ws/build/turtlesim:/home/jaime/ros2_ws/install/turtlesim/lib/python3.8/site-packages:/home/jaime/ros2_ws/install/my_py_pkg/lib/python3.8/site-packages:/home/jaime/ros2_ws/install/controlador_turtlesim/lib/python3.8/site-packages:/home/jaime/ros2_ws/install/control_turtlebot3/lib/python3.8/site-packages:/home/jaime/turtlebot3_ws/build/turtlebot3_teleop:/home/jaime/turtlebot3_ws/install/turtlebot3_teleop/lib/python3.8/site-packages:/home/jaime/turtlebot3_ws/build/turtlebot3_example:/home/jaime/turtlebot3_ws/install/turtlebot3_example/lib/python3.8/site-packages:/home/jaime/turtlebot3_ws/install/turtlebot3_msgs/lib/python3.8/site-packages:/home/jaime/turtlebot3_ws/install/dynamixel_sdk_custom_interfaces/lib/python3.8/site-packages:/opt/ros/foxy/lib/python3.8/site-packages /usr/bin/cmake --build /home/jaime/ros2_ws/build/my_c_pkg -- -j5 -l5
[6.312s] DEBUG:colcon.colcon_core.task.python.build:While undoing a previous installation files outside the Python library path are being ignored: /home/jaime/ros2_ws/install/my_py_pkg/share/ament_index/resource_index/packages/my_py_pkg
[6.313s] DEBUG:colcon.colcon_core.task.python.build:While undoing a previous installation files outside the Python library path are being ignored: /home/jaime/ros2_ws/install/my_py_pkg/share/my_py_pkg/package.xml
[6.370s] DEBUG:colcon.colcon_core.task.python.build:While undoing a previous installation files outside the Python library path are being ignored: /home/jaime/ros2_ws/install/my_py_pkg/lib/my_py_pkg/py_node
[6.410s] DEBUG:colcon.colcon_core.event_handler.log_command:Invoking command in '/home/jaime/ros2_ws/build/my_py_pkg': AMENT_PREFIX_PATH=/home/jaime/ros2_ws/install/turtlesim:/home/jaime/ros2_ws/install/my_py_pkg:/home/jaime/ros2_ws/install/my_c_pkg:/home/jaime/ros2_ws/install/controlador_turtlesim:/home/jaime/ros2_ws/install/control_turtlebot3:/home/jaime/turtlebot3_ws/install/turtlebot3:/home/jaime/turtlebot3_ws/install/turtlebot3_teleop:/home/jaime/turtlebot3_ws/install/turtlebot3_simulations:/home/jaime/turtlebot3_ws/install/turtlebot3_bringup:/home/jaime/turtlebot3_ws/install/turtlebot3_node:/home/jaime/turtlebot3_ws/install/turtlebot3_navigation2:/home/jaime/turtlebot3_ws/install/turtlebot3_fake_node:/home/jaime/turtlebot3_ws/install/turtlebot3_example:/home/jaime/turtlebot3_ws/install/turtlebot3_msgs:/home/jaime/turtlebot3_ws/install/turtlebot3_gazebo:/home/jaime/turtlebot3_ws/install/turtlebot3_description:/home/jaime/turtlebot3_ws/install/turtlebot3_cartographer:/home/jaime/turtlebot3_ws/install/dynamixel_sdk_examples:/home/jaime/turtlebot3_ws/install/dynamixel_sdk_custom_interfaces:/home/jaime/turtlebot3_ws/install/dynamixel_sdk:/opt/ros/foxy PYTHONPATH=/home/jaime/ros2_ws/build/my_py_pkg/prefix_override:/home/jaime/ros2_ws/install/my_py_pkg/lib/python3.8/site-packages:/home/jaime/ros2_ws/build/turtlesim:/home/jaime/ros2_ws/install/turtlesim/lib/python3.8/site-packages:/home/jaime/ros2_ws/install/my_py_pkg/lib/python3.8/site-packages:/home/jaime/ros2_ws/install/controlador_turtlesim/lib/python3.8/site-packages:/home/jaime/ros2_ws/install/control_turtlebot3/lib/python3.8/site-packages:/home/jaime/turtlebot3_ws/build/turtlebot3_teleop:/home/jaime/turtlebot3_ws/install/turtlebot3_teleop/lib/python3.8/site-packages:/home/jaime/turtlebot3_ws/build/turtlebot3_example:/home/jaime/turtlebot3_ws/install/turtlebot3_example/lib/python3.8/site-packages:/home/jaime/turtlebot3_ws/install/turtlebot3_msgs/lib/python3.8/site-packages:/home/jaime/turtlebot3_ws/install/dynamixel_sdk_custom_interfaces/lib/python3.8/site-packages:/opt/ros/foxy/lib/python3.8/site-packages /usr/bin/python3 setup.py develop --editable --build-directory /home/jaime/ros2_ws/build/my_py_pkg/build --no-deps install_data
[6.439s] DEBUG:colcon.colcon_core.task.python.build:While undoing a previous installation files outside the Python library path are being ignored: /home/jaime/ros2_ws/install/controlador_turtlesim/share/ament_index/resource_index/packages/controlador_turtlesim
[6.439s] DEBUG:colcon.colcon_core.task.python.build:While undoing a previous installation files outside the Python library path are being ignored: /home/jaime/ros2_ws/install/controlador_turtlesim/share/controlador_turtlesim/package.xml
[6.440s] DEBUG:colcon.colcon_core.task.python.build:While undoing a previous installation files outside the Python library path are being ignored: /home/jaime/ros2_ws/install/controlador_turtlesim/lib/controlador_turtlesim/nodo_publicador
[6.440s] DEBUG:colcon.colcon_core.task.python.build:While undoing a previous installation files outside the Python library path are being ignored: /home/jaime/ros2_ws/install/controlador_turtlesim/lib/controlador_turtlesim/nodo_suscriptor
[6.506s] DEBUG:colcon.colcon_core.event_handler.log_command:Invoking command in '/home/jaime/ros2_ws/build/controlador_turtlesim': AMENT_PREFIX_PATH=/home/jaime/ros2_ws/install/turtlesim:/home/jaime/ros2_ws/install/my_py_pkg:/home/jaime/ros2_ws/install/my_c_pkg:/home/jaime/ros2_ws/install/controlador_turtlesim:/home/jaime/ros2_ws/install/control_turtlebot3:/home/jaime/turtlebot3_ws/install/turtlebot3:/home/jaime/turtlebot3_ws/install/turtlebot3_teleop:/home/jaime/turtlebot3_ws/install/turtlebot3_simulations:/home/jaime/turtlebot3_ws/install/turtlebot3_bringup:/home/jaime/turtlebot3_ws/install/turtlebot3_node:/home/jaime/turtlebot3_ws/install/turtlebot3_navigation2:/home/jaime/turtlebot3_ws/install/turtlebot3_fake_node:/home/jaime/turtlebot3_ws/install/turtlebot3_example:/home/jaime/turtlebot3_ws/install/turtlebot3_msgs:/home/jaime/turtlebot3_ws/install/turtlebot3_gazebo:/home/jaime/turtlebot3_ws/install/turtlebot3_description:/home/jaime/turtlebot3_ws/install/turtlebot3_cartographer:/home/jaime/turtlebot3_ws/install/dynamixel_sdk_examples:/home/jaime/turtlebot3_ws/install/dynamixel_sdk_custom_interfaces:/home/jaime/turtlebot3_ws/install/dynamixel_sdk:/opt/ros/foxy PYTHONPATH=/home/jaime/ros2_ws/build/controlador_turtlesim/prefix_override:/home/jaime/ros2_ws/install/controlador_turtlesim/lib/python3.8/site-packages:/home/jaime/ros2_ws/build/turtlesim:/home/jaime/ros2_ws/install/turtlesim/lib/python3.8/site-packages:/home/jaime/ros2_ws/install/my_py_pkg/lib/python3.8/site-packages:/home/jaime/ros2_ws/install/controlador_turtlesim/lib/python3.8/site-packages:/home/jaime/ros2_ws/install/control_turtlebot3/lib/python3.8/site-packages:/home/jaime/turtlebot3_ws/build/turtlebot3_teleop:/home/jaime/turtlebot3_ws/install/turtlebot3_teleop/lib/python3.8/site-packages:/home/jaime/turtlebot3_ws/build/turtlebot3_example:/home/jaime/turtlebot3_ws/install/turtlebot3_example/lib/python3.8/site-packages:/home/jaime/turtlebot3_ws/install/turtlebot3_msgs/lib/python3.8/site-packages:/home/jaime/turtlebot3_ws/install/dynamixel_sdk_custom_interfaces/lib/python3.8/site-packages:/opt/ros/foxy/lib/python3.8/site-packages /usr/bin/python3 setup.py develop --editable --build-directory /home/jaime/ros2_ws/build/controlador_turtlesim/build --no-deps install_data
[6.563s] DEBUG:colcon.colcon_core.event_handler.log_command:Invoked command in '/home/jaime/ros2_ws/build/my_c_pkg' returned '0': AMENT_PREFIX_PATH=/home/jaime/ros2_ws/install/turtlesim:/home/jaime/ros2_ws/install/my_py_pkg:/home/jaime/ros2_ws/install/my_c_pkg:/home/jaime/ros2_ws/install/controlador_turtlesim:/home/jaime/ros2_ws/install/control_turtlebot3:/home/jaime/turtlebot3_ws/install/turtlebot3:/home/jaime/turtlebot3_ws/install/turtlebot3_teleop:/home/jaime/turtlebot3_ws/install/turtlebot3_simulations:/home/jaime/turtlebot3_ws/install/turtlebot3_bringup:/home/jaime/turtlebot3_ws/install/turtlebot3_node:/home/jaime/turtlebot3_ws/install/turtlebot3_navigation2:/home/jaime/turtlebot3_ws/install/turtlebot3_fake_node:/home/jaime/turtlebot3_ws/install/turtlebot3_example:/home/jaime/turtlebot3_ws/install/turtlebot3_msgs:/home/jaime/turtlebot3_ws/install/turtlebot3_gazebo:/home/jaime/turtlebot3_ws/install/turtlebot3_description:/home/jaime/turtlebot3_ws/install/turtlebot3_cartographer:/home/jaime/turtlebot3_ws/install/dynamixel_sdk_examples:/home/jaime/turtlebot3_ws/install/dynamixel_sdk_custom_interfaces:/home/jaime/turtlebot3_ws/install/dynamixel_sdk:/opt/ros/foxy CMAKE_PREFIX_PATH=${CMAKE_PREFIX_PATH}:/home/jaime/ros2_ws/install/my_py_pkg:/home/jaime/ros2_ws/install/controlador_turtlesim:/home/jaime/ros2_ws/install/control_turtlebot3:/home/jaime/ros2_ws/install/turtlesim:/home/jaime/turtlebot3_ws/install/turtlebot3_teleop:/home/jaime/turtlebot3_ws/install/turtlebot3_example:/opt/ros/foxy PYTHONPATH=/home/jaime/ros2_ws/build/turtlesim:/home/jaime/ros2_ws/install/turtlesim/lib/python3.8/site-packages:/home/jaime/ros2_ws/install/my_py_pkg/lib/python3.8/site-packages:/home/jaime/ros2_ws/install/controlador_turtlesim/lib/python3.8/site-packages:/home/jaime/ros2_ws/install/control_turtlebot3/lib/python3.8/site-packages:/home/jaime/turtlebot3_ws/build/turtlebot3_teleop:/home/jaime/turtlebot3_ws/install/turtlebot3_teleop/lib/python3.8/site-packages:/home/jaime/turtlebot3_ws/build/turtlebot3_example:/home/jaime/turtlebot3_ws/install/turtlebot3_example/lib/python3.8/site-packages:/home/jaime/turtlebot3_ws/install/turtlebot3_msgs/lib/python3.8/site-packages:/home/jaime/turtlebot3_ws/install/dynamixel_sdk_custom_interfaces/lib/python3.8/site-packages:/opt/ros/foxy/lib/python3.8/site-packages /usr/bin/cmake --build /home/jaime/ros2_ws/build/my_c_pkg -- -j5 -l5
[6.774s] DEBUG:colcon.colcon_core.event_handler.log_command:Invoking command in '/home/jaime/ros2_ws/build/my_c_pkg': AMENT_PREFIX_PATH=/home/jaime/ros2_ws/install/turtlesim:/home/jaime/ros2_ws/install/my_py_pkg:/home/jaime/ros2_ws/install/my_c_pkg:/home/jaime/ros2_ws/install/controlador_turtlesim:/home/jaime/ros2_ws/install/control_turtlebot3:/home/jaime/turtlebot3_ws/install/turtlebot3:/home/jaime/turtlebot3_ws/install/turtlebot3_teleop:/home/jaime/turtlebot3_ws/install/turtlebot3_simulations:/home/jaime/turtlebot3_ws/install/turtlebot3_bringup:/home/jaime/turtlebot3_ws/install/turtlebot3_node:/home/jaime/turtlebot3_ws/install/turtlebot3_navigation2:/home/jaime/turtlebot3_ws/install/turtlebot3_fake_node:/home/jaime/turtlebot3_ws/install/turtlebot3_example:/home/jaime/turtlebot3_ws/install/turtlebot3_msgs:/home/jaime/turtlebot3_ws/install/turtlebot3_gazebo:/home/jaime/turtlebot3_ws/install/turtlebot3_description:/home/jaime/turtlebot3_ws/install/turtlebot3_cartographer:/home/jaime/turtlebot3_ws/install/dynamixel_sdk_examples:/home/jaime/turtlebot3_ws/install/dynamixel_sdk_custom_interfaces:/home/jaime/turtlebot3_ws/install/dynamixel_sdk:/opt/ros/foxy CMAKE_PREFIX_PATH=${CMAKE_PREFIX_PATH}:/home/jaime/ros2_ws/install/my_py_pkg:/home/jaime/ros2_ws/install/controlador_turtlesim:/home/jaime/ros2_ws/install/control_turtlebot3:/home/jaime/ros2_ws/install/turtlesim:/home/jaime/turtlebot3_ws/install/turtlebot3_teleop:/home/jaime/turtlebot3_ws/install/turtlebot3_example:/opt/ros/foxy PYTHONPATH=/home/jaime/ros2_ws/build/turtlesim:/home/jaime/ros2_ws/install/turtlesim/lib/python3.8/site-packages:/home/jaime/ros2_ws/install/my_py_pkg/lib/python3.8/site-packages:/home/jaime/ros2_ws/install/controlador_turtlesim/lib/python3.8/site-packages:/home/jaime/ros2_ws/install/control_turtlebot3/lib/python3.8/site-packages:/home/jaime/turtlebot3_ws/build/turtlebot3_teleop:/home/jaime/turtlebot3_ws/install/turtlebot3_teleop/lib/python3.8/site-packages:/home/jaime/turtlebot3_ws/build/turtlebot3_example:/home/jaime/turtlebot3_ws/install/turtlebot3_example/lib/python3.8/site-packages:/home/jaime/turtlebot3_ws/install/turtlebot3_msgs/lib/python3.8/site-packages:/home/jaime/turtlebot3_ws/install/dynamixel_sdk_custom_interfaces/lib/python3.8/site-packages:/opt/ros/foxy/lib/python3.8/site-packages /usr/bin/cmake --install /home/jaime/ros2_ws/build/my_c_pkg
[6.948s] Level 1:colcon.colcon_core.environment:create_environment_scripts_only(my_c_pkg)
[6.951s] Level 1:colcon.colcon_core.environment:checking '/home/jaime/ros2_ws/install/my_c_pkg' for CMake module files
[6.952s] Level 1:colcon.colcon_core.environment:checking '/home/jaime/ros2_ws/install/my_c_pkg' for CMake config files
[6.953s] DEBUG:colcon.colcon_core.event_handler.log_command:Invoked command in '/home/jaime/ros2_ws/build/my_c_pkg' returned '0': AMENT_PREFIX_PATH=/home/jaime/ros2_ws/install/turtlesim:/home/jaime/ros2_ws/install/my_py_pkg:/home/jaime/ros2_ws/install/my_c_pkg:/home/jaime/ros2_ws/install/controlador_turtlesim:/home/jaime/ros2_ws/install/control_turtlebot3:/home/jaime/turtlebot3_ws/install/turtlebot3:/home/jaime/turtlebot3_ws/install/turtlebot3_teleop:/home/jaime/turtlebot3_ws/install/turtlebot3_simulations:/home/jaime/turtlebot3_ws/install/turtlebot3_bringup:/home/jaime/turtlebot3_ws/install/turtlebot3_node:/home/jaime/turtlebot3_ws/install/turtlebot3_navigation2:/home/jaime/turtlebot3_ws/install/turtlebot3_fake_node:/home/jaime/turtlebot3_ws/install/turtlebot3_example:/home/jaime/turtlebot3_ws/install/turtlebot3_msgs:/home/jaime/turtlebot3_ws/install/turtlebot3_gazebo:/home/jaime/turtlebot3_ws/install/turtlebot3_description:/home/jaime/turtlebot3_ws/install/turtlebot3_cartographer:/home/jaime/turtlebot3_ws/install/dynamixel_sdk_examples:/home/jaime/turtlebot3_ws/install/dynamixel_sdk_custom_interfaces:/home/jaime/turtlebot3_ws/install/dynamixel_sdk:/opt/ros/foxy CMAKE_PREFIX_PATH=${CMAKE_PREFIX_PATH}:/home/jaime/ros2_ws/install/my_py_pkg:/home/jaime/ros2_ws/install/controlador_turtlesim:/home/jaime/ros2_ws/install/control_turtlebot3:/home/jaime/ros2_ws/install/turtlesim:/home/jaime/turtlebot3_ws/install/turtlebot3_teleop:/home/jaime/turtlebot3_ws/install/turtlebot3_example:/opt/ros/foxy PYTHONPATH=/home/jaime/ros2_ws/build/turtlesim:/home/jaime/ros2_ws/install/turtlesim/lib/python3.8/site-packages:/home/jaime/ros2_ws/install/my_py_pkg/lib/python3.8/site-packages:/home/jaime/ros2_ws/install/controlador_turtlesim/lib/python3.8/site-packages:/home/jaime/ros2_ws/install/control_turtlebot3/lib/python3.8/site-packages:/home/jaime/turtlebot3_ws/build/turtlebot3_teleop:/home/jaime/turtlebot3_ws/install/turtlebot3_teleop/lib/python3.8/site-packages:/home/jaime/turtlebot3_ws/build/turtlebot3_example:/home/jaime/turtlebot3_ws/install/turtlebot3_example/lib/python3.8/site-packages:/home/jaime/turtlebot3_ws/install/turtlebot3_msgs/lib/python3.8/site-packages:/home/jaime/turtlebot3_ws/install/dynamixel_sdk_custom_interfaces/lib/python3.8/site-packages:/opt/ros/foxy/lib/python3.8/site-packages /usr/bin/cmake --install /home/jaime/ros2_ws/build/my_c_pkg
[6.955s] Level 1:colcon.colcon_core.shell:create_environment_hook('my_c_pkg', 'cmake_prefix_path')
[6.958s] INFO:colcon.colcon_core.shell:Creating environment hook '/home/jaime/ros2_ws/install/my_c_pkg/share/my_c_pkg/hook/cmake_prefix_path.ps1'
[6.959s] INFO:colcon.colcon_core.shell:Creating environment descriptor '/home/jaime/ros2_ws/install/my_c_pkg/share/my_c_pkg/hook/cmake_prefix_path.dsv'
[6.960s] INFO:colcon.colcon_core.shell:Creating environment hook '/home/jaime/ros2_ws/install/my_c_pkg/share/my_c_pkg/hook/cmake_prefix_path.sh'
[6.961s] Level 1:colcon.colcon_core.environment:checking '/home/jaime/ros2_ws/install/my_c_pkg/bin'
[6.961s] Level 1:colcon.colcon_core.environment:checking '/home/jaime/ros2_ws/install/my_c_pkg/lib/pkgconfig/my_c_pkg.pc'
[6.961s] Level 1:colcon.colcon_core.environment:checking '/home/jaime/ros2_ws/install/my_c_pkg/lib/python3.8/site-packages'
[6.962s] Level 1:colcon.colcon_core.environment:checking '/home/jaime/ros2_ws/install/my_c_pkg/bin'
[6.964s] INFO:colcon.colcon_core.shell:Creating package script '/home/jaime/ros2_ws/install/my_c_pkg/share/my_c_pkg/package.ps1'
[6.965s] INFO:colcon.colcon_core.shell:Creating package descriptor '/home/jaime/ros2_ws/install/my_c_pkg/share/my_c_pkg/package.dsv'
[6.966s] INFO:colcon.colcon_core.shell:Creating package script '/home/jaime/ros2_ws/install/my_c_pkg/share/my_c_pkg/package.sh'
[6.967s] INFO:colcon.colcon_core.shell:Creating package script '/home/jaime/ros2_ws/install/my_c_pkg/share/my_c_pkg/package.bash'
[6.968s] INFO:colcon.colcon_core.shell:Creating package script '/home/jaime/ros2_ws/install/my_c_pkg/share/my_c_pkg/package.zsh'
[6.970s] Level 1:colcon.colcon_core.environment:create_file_with_runtime_dependencies(/home/jaime/ros2_ws/install/my_c_pkg/share/colcon-core/packages/my_c_pkg)
[7.239s] Level 1:colcon.colcon_core.environment:create_environment_scripts_only(my_c_pkg)
[7.271s] Level 1:colcon.colcon_core.environment:checking '/home/jaime/ros2_ws/install/my_c_pkg' for CMake module files
[7.272s] Level 1:colcon.colcon_core.environment:checking '/home/jaime/ros2_ws/install/my_c_pkg' for CMake config files
[7.275s] Level 1:colcon.colcon_core.shell:create_environment_hook('my_c_pkg', 'cmake_prefix_path')
[7.277s] INFO:colcon.colcon_core.shell:Creating environment hook '/home/jaime/ros2_ws/install/my_c_pkg/share/my_c_pkg/hook/cmake_prefix_path.ps1'
[7.278s] INFO:colcon.colcon_core.shell:Creating environment descriptor '/home/jaime/ros2_ws/install/my_c_pkg/share/my_c_pkg/hook/cmake_prefix_path.dsv'
[7.278s] INFO:colcon.colcon_core.shell:Creating environment hook '/home/jaime/ros2_ws/install/my_c_pkg/share/my_c_pkg/hook/cmake_prefix_path.sh'
[7.279s] Level 1:colcon.colcon_core.environment:checking '/home/jaime/ros2_ws/install/my_c_pkg/bin'
[7.279s] Level 1:colcon.colcon_core.environment:checking '/home/jaime/ros2_ws/install/my_c_pkg/lib/pkgconfig/my_c_pkg.pc'
[7.279s] Level 1:colcon.colcon_core.environment:checking '/home/jaime/ros2_ws/install/my_c_pkg/lib/python3.8/site-packages'
[7.280s] Level 1:colcon.colcon_core.environment:checking '/home/jaime/ros2_ws/install/my_c_pkg/bin'
[7.282s] INFO:colcon.colcon_core.shell:Creating package script '/home/jaime/ros2_ws/install/my_c_pkg/share/my_c_pkg/package.ps1'
[7.283s] INFO:colcon.colcon_core.shell:Creating package descriptor '/home/jaime/ros2_ws/install/my_c_pkg/share/my_c_pkg/package.dsv'
[7.284s] INFO:colcon.colcon_core.shell:Creating package script '/home/jaime/ros2_ws/install/my_c_pkg/share/my_c_pkg/package.sh'
[7.285s] INFO:colcon.colcon_core.shell:Creating package script '/home/jaime/ros2_ws/install/my_c_pkg/share/my_c_pkg/package.bash'
[7.286s] INFO:colcon.colcon_core.shell:Creating package script '/home/jaime/ros2_ws/install/my_c_pkg/share/my_c_pkg/package.zsh'
[7.286s] Level 1:colcon.colcon_core.environment:create_file_with_runtime_dependencies(/home/jaime/ros2_ws/install/my_c_pkg/share/colcon-core/packages/my_c_pkg)
[7.313s] Level 1:colcon.colcon_core.shell:create_environment_hook('control_turtlebot3', 'pythonpath_develop')
[7.317s] INFO:colcon.colcon_core.shell:Creating environment hook '/home/jaime/ros2_ws/build/control_turtlebot3/share/control_turtlebot3/hook/pythonpath_develop.ps1'
[7.318s] DEBUG:colcon.colcon_core.event_handler.log_command:Invoked command in '/home/jaime/ros2_ws/build/control_turtlebot3' returned '0': AMENT_PREFIX_PATH=/home/jaime/ros2_ws/install/turtlesim:/home/jaime/ros2_ws/install/my_py_pkg:/home/jaime/ros2_ws/install/my_c_pkg:/home/jaime/ros2_ws/install/controlador_turtlesim:/home/jaime/ros2_ws/install/control_turtlebot3:/home/jaime/turtlebot3_ws/install/turtlebot3:/home/jaime/turtlebot3_ws/install/turtlebot3_teleop:/home/jaime/turtlebot3_ws/install/turtlebot3_simulations:/home/jaime/turtlebot3_ws/install/turtlebot3_bringup:/home/jaime/turtlebot3_ws/install/turtlebot3_node:/home/jaime/turtlebot3_ws/install/turtlebot3_navigation2:/home/jaime/turtlebot3_ws/install/turtlebot3_fake_node:/home/jaime/turtlebot3_ws/install/turtlebot3_example:/home/jaime/turtlebot3_ws/install/turtlebot3_msgs:/home/jaime/turtlebot3_ws/install/turtlebot3_gazebo:/home/jaime/turtlebot3_ws/install/turtlebot3_description:/home/jaime/turtlebot3_ws/install/turtlebot3_cartographer:/home/jaime/turtlebot3_ws/install/dynamixel_sdk_examples:/home/jaime/turtlebot3_ws/install/dynamixel_sdk_custom_interfaces:/home/jaime/turtlebot3_ws/install/dynamixel_sdk:/opt/ros/foxy PYTHONPATH=/home/jaime/ros2_ws/build/control_turtlebot3/prefix_override:/home/jaime/ros2_ws/install/control_turtlebot3/lib/python3.8/site-packages:/home/jaime/ros2_ws/build/turtlesim:/home/jaime/ros2_ws/install/turtlesim/lib/python3.8/site-packages:/home/jaime/ros2_ws/install/my_py_pkg/lib/python3.8/site-packages:/home/jaime/ros2_ws/install/controlador_turtlesim/lib/python3.8/site-packages:/home/jaime/ros2_ws/install/control_turtlebot3/lib/python3.8/site-packages:/home/jaime/turtlebot3_ws/build/turtlebot3_teleop:/home/jaime/turtlebot3_ws/install/turtlebot3_teleop/lib/python3.8/site-packages:/home/jaime/turtlebot3_ws/build/turtlebot3_example:/home/jaime/turtlebot3_ws/install/turtlebot3_example/lib/python3.8/site-packages:/home/jaime/turtlebot3_ws/install/turtlebot3_msgs/lib/python3.8/site-packages:/home/jaime/turtlebot3_ws/install/dynamixel_sdk_custom_interfaces/lib/python3.8/site-packages:/opt/ros/foxy/lib/python3.8/site-packages /usr/bin/python3 setup.py develop --editable --build-directory /home/jaime/ros2_ws/build/control_turtlebot3/build --no-deps install_data
[7.342s] INFO:colcon.colcon_core.shell:Creating environment descriptor '/home/jaime/ros2_ws/build/control_turtlebot3/share/control_turtlebot3/hook/pythonpath_develop.dsv'
[7.343s] INFO:colcon.colcon_core.shell:Creating environment hook '/home/jaime/ros2_ws/build/control_turtlebot3/share/control_turtlebot3/hook/pythonpath_develop.sh'
[7.347s] Level 1:colcon.colcon_core.environment:checking '/home/jaime/ros2_ws/install/control_turtlebot3' for CMake module files
[7.348s] Level 1:colcon.colcon_core.environment:checking '/home/jaime/ros2_ws/install/control_turtlebot3' for CMake config files
[7.349s] Level 1:colcon.colcon_core.environment:checking '/home/jaime/ros2_ws/install/control_turtlebot3/lib'
[7.349s] Level 1:colcon.colcon_core.environment:checking '/home/jaime/ros2_ws/install/control_turtlebot3/bin'
[7.349s] Level 1:colcon.colcon_core.environment:checking '/home/jaime/ros2_ws/install/control_turtlebot3/lib/pkgconfig/control_turtlebot3.pc'
[7.350s] Level 1:colcon.colcon_core.environment:checking '/home/jaime/ros2_ws/install/control_turtlebot3/lib/python3.8/site-packages'
[7.350s] Level 1:colcon.colcon_core.shell:create_environment_hook('control_turtlebot3', 'pythonpath')
[7.352s] INFO:colcon.colcon_core.shell:Creating environment hook '/home/jaime/ros2_ws/install/control_turtlebot3/share/control_turtlebot3/hook/pythonpath.ps1'
[7.353s] INFO:colcon.colcon_core.shell:Creating environment descriptor '/home/jaime/ros2_ws/install/control_turtlebot3/share/control_turtlebot3/hook/pythonpath.dsv'
[7.356s] INFO:colcon.colcon_core.shell:Creating environment hook '/home/jaime/ros2_ws/install/control_turtlebot3/share/control_turtlebot3/hook/pythonpath.sh'
[7.358s] Level 1:colcon.colcon_core.environment:checking '/home/jaime/ros2_ws/install/control_turtlebot3/bin'
[7.359s] Level 1:colcon.colcon_core.environment:create_environment_scripts_only(control_turtlebot3)
[7.363s] INFO:colcon.colcon_core.shell:Creating package script '/home/jaime/ros2_ws/install/control_turtlebot3/share/control_turtlebot3/package.ps1'
[7.365s] INFO:colcon.colcon_core.shell:Creating package descriptor '/home/jaime/ros2_ws/install/control_turtlebot3/share/control_turtlebot3/package.dsv'
[7.367s] INFO:colcon.colcon_core.shell:Creating package script '/home/jaime/ros2_ws/install/control_turtlebot3/share/control_turtlebot3/package.sh'
[7.367s] INFO:colcon.colcon_core.shell:Creating package script '/home/jaime/ros2_ws/install/control_turtlebot3/share/control_turtlebot3/package.bash'
[7.369s] INFO:colcon.colcon_core.shell:Creating package script '/home/jaime/ros2_ws/install/control_turtlebot3/share/control_turtlebot3/package.zsh'
[7.372s] Level 1:colcon.colcon_core.environment:create_file_with_runtime_dependencies(/home/jaime/ros2_ws/install/control_turtlebot3/share/colcon-core/packages/control_turtlebot3)
[7.386s] Level 1:colcon.colcon_core.shell:create_environment_hook('controlador_turtlesim', 'pythonpath_develop')
[7.387s] DEBUG:colcon.colcon_core.event_handler.log_command:Invoked command in '/home/jaime/ros2_ws/build/controlador_turtlesim' returned '0': AMENT_PREFIX_PATH=/home/jaime/ros2_ws/install/turtlesim:/home/jaime/ros2_ws/install/my_py_pkg:/home/jaime/ros2_ws/install/my_c_pkg:/home/jaime/ros2_ws/install/controlador_turtlesim:/home/jaime/ros2_ws/install/control_turtlebot3:/home/jaime/turtlebot3_ws/install/turtlebot3:/home/jaime/turtlebot3_ws/install/turtlebot3_teleop:/home/jaime/turtlebot3_ws/install/turtlebot3_simulations:/home/jaime/turtlebot3_ws/install/turtlebot3_bringup:/home/jaime/turtlebot3_ws/install/turtlebot3_node:/home/jaime/turtlebot3_ws/install/turtlebot3_navigation2:/home/jaime/turtlebot3_ws/install/turtlebot3_fake_node:/home/jaime/turtlebot3_ws/install/turtlebot3_example:/home/jaime/turtlebot3_ws/install/turtlebot3_msgs:/home/jaime/turtlebot3_ws/install/turtlebot3_gazebo:/home/jaime/turtlebot3_ws/install/turtlebot3_description:/home/jaime/turtlebot3_ws/install/turtlebot3_cartographer:/home/jaime/turtlebot3_ws/install/dynamixel_sdk_examples:/home/jaime/turtlebot3_ws/install/dynamixel_sdk_custom_interfaces:/home/jaime/turtlebot3_ws/install/dynamixel_sdk:/opt/ros/foxy PYTHONPATH=/home/jaime/ros2_ws/build/controlador_turtlesim/prefix_override:/home/jaime/ros2_ws/install/controlador_turtlesim/lib/python3.8/site-packages:/home/jaime/ros2_ws/build/turtlesim:/home/jaime/ros2_ws/install/turtlesim/lib/python3.8/site-packages:/home/jaime/ros2_ws/install/my_py_pkg/lib/python3.8/site-packages:/home/jaime/ros2_ws/install/controlador_turtlesim/lib/python3.8/site-packages:/home/jaime/ros2_ws/install/control_turtlebot3/lib/python3.8/site-packages:/home/jaime/turtlebot3_ws/build/turtlebot3_teleop:/home/jaime/turtlebot3_ws/install/turtlebot3_teleop/lib/python3.8/site-packages:/home/jaime/turtlebot3_ws/build/turtlebot3_example:/home/jaime/turtlebot3_ws/install/turtlebot3_example/lib/python3.8/site-packages:/home/jaime/turtlebot3_ws/install/turtlebot3_msgs/lib/python3.8/site-packages:/home/jaime/turtlebot3_ws/install/dynamixel_sdk_custom_interfaces/lib/python3.8/site-packages:/opt/ros/foxy/lib/python3.8/site-packages /usr/bin/python3 setup.py develop --editable --build-directory /home/jaime/ros2_ws/build/controlador_turtlesim/build --no-deps install_data
[7.389s] INFO:colcon.colcon_core.shell:Creating environment hook '/home/jaime/ros2_ws/build/controlador_turtlesim/share/controlador_turtlesim/hook/pythonpath_develop.ps1'
[7.406s] INFO:colcon.colcon_core.shell:Creating environment descriptor '/home/jaime/ros2_ws/build/controlador_turtlesim/share/controlador_turtlesim/hook/pythonpath_develop.dsv'
[7.407s] INFO:colcon.colcon_core.shell:Creating environment hook '/home/jaime/ros2_ws/build/controlador_turtlesim/share/controlador_turtlesim/hook/pythonpath_develop.sh'
[7.410s] Level 1:colcon.colcon_core.environment:checking '/home/jaime/ros2_ws/install/controlador_turtlesim' for CMake module files
[7.411s] Level 1:colcon.colcon_core.environment:checking '/home/jaime/ros2_ws/install/controlador_turtlesim' for CMake config files
[7.412s] Level 1:colcon.colcon_core.environment:checking '/home/jaime/ros2_ws/install/controlador_turtlesim/lib'
[7.412s] Level 1:colcon.colcon_core.environment:checking '/home/jaime/ros2_ws/install/controlador_turtlesim/bin'
[7.412s] Level 1:colcon.colcon_core.environment:checking '/home/jaime/ros2_ws/install/controlador_turtlesim/lib/pkgconfig/controlador_turtlesim.pc'
[7.413s] Level 1:colcon.colcon_core.environment:checking '/home/jaime/ros2_ws/install/controlador_turtlesim/lib/python3.8/site-packages'
[7.413s] Level 1:colcon.colcon_core.shell:create_environment_hook('controlador_turtlesim', 'pythonpath')
[7.415s] INFO:colcon.colcon_core.shell:Creating environment hook '/home/jaime/ros2_ws/install/controlador_turtlesim/share/controlador_turtlesim/hook/pythonpath.ps1'
[7.416s] INFO:colcon.colcon_core.shell:Creating environment descriptor '/home/jaime/ros2_ws/install/controlador_turtlesim/share/controlador_turtlesim/hook/pythonpath.dsv'
[7.417s] INFO:colcon.colcon_core.shell:Creating environment hook '/home/jaime/ros2_ws/install/controlador_turtlesim/share/controlador_turtlesim/hook/pythonpath.sh'
[7.418s] Level 1:colcon.colcon_core.environment:checking '/home/jaime/ros2_ws/install/controlador_turtlesim/bin'
[7.418s] Level 1:colcon.colcon_core.environment:create_environment_scripts_only(controlador_turtlesim)
[7.421s] INFO:colcon.colcon_core.shell:Creating package script '/home/jaime/ros2_ws/install/controlador_turtlesim/share/controlador_turtlesim/package.ps1'
[7.423s] INFO:colcon.colcon_core.shell:Creating package descriptor '/home/jaime/ros2_ws/install/controlador_turtlesim/share/controlador_turtlesim/package.dsv'
[7.424s] INFO:colcon.colcon_core.shell:Creating package script '/home/jaime/ros2_ws/install/controlador_turtlesim/share/controlador_turtlesim/package.sh'
[7.425s] INFO:colcon.colcon_core.shell:Creating package script '/home/jaime/ros2_ws/install/controlador_turtlesim/share/controlador_turtlesim/package.bash'
[7.426s] INFO:colcon.colcon_core.shell:Creating package script '/home/jaime/ros2_ws/install/controlador_turtlesim/share/controlador_turtlesim/package.zsh'
[7.427s] Level 1:colcon.colcon_core.environment:create_file_with_runtime_dependencies(/home/jaime/ros2_ws/install/controlador_turtlesim/share/colcon-core/packages/controlador_turtlesim)
[7.429s] Level 1:colcon.colcon_core.shell:create_environment_hook('my_py_pkg', 'pythonpath_develop')
[7.430s] DEBUG:colcon.colcon_core.event_handler.log_command:Invoked command in '/home/jaime/ros2_ws/build/my_py_pkg' returned '0': AMENT_PREFIX_PATH=/home/jaime/ros2_ws/install/turtlesim:/home/jaime/ros2_ws/install/my_py_pkg:/home/jaime/ros2_ws/install/my_c_pkg:/home/jaime/ros2_ws/install/controlador_turtlesim:/home/jaime/ros2_ws/install/control_turtlebot3:/home/jaime/turtlebot3_ws/install/turtlebot3:/home/jaime/turtlebot3_ws/install/turtlebot3_teleop:/home/jaime/turtlebot3_ws/install/turtlebot3_simulations:/home/jaime/turtlebot3_ws/install/turtlebot3_bringup:/home/jaime/turtlebot3_ws/install/turtlebot3_node:/home/jaime/turtlebot3_ws/install/turtlebot3_navigation2:/home/jaime/turtlebot3_ws/install/turtlebot3_fake_node:/home/jaime/turtlebot3_ws/install/turtlebot3_example:/home/jaime/turtlebot3_ws/install/turtlebot3_msgs:/home/jaime/turtlebot3_ws/install/turtlebot3_gazebo:/home/jaime/turtlebot3_ws/install/turtlebot3_description:/home/jaime/turtlebot3_ws/install/turtlebot3_cartographer:/home/jaime/turtlebot3_ws/install/dynamixel_sdk_examples:/home/jaime/turtlebot3_ws/install/dynamixel_sdk_custom_interfaces:/home/jaime/turtlebot3_ws/install/dynamixel_sdk:/opt/ros/foxy PYTHONPATH=/home/jaime/ros2_ws/build/my_py_pkg/prefix_override:/home/jaime/ros2_ws/install/my_py_pkg/lib/python3.8/site-packages:/home/jaime/ros2_ws/build/turtlesim:/home/jaime/ros2_ws/install/turtlesim/lib/python3.8/site-packages:/home/jaime/ros2_ws/install/my_py_pkg/lib/python3.8/site-packages:/home/jaime/ros2_ws/install/controlador_turtlesim/lib/python3.8/site-packages:/home/jaime/ros2_ws/install/control_turtlebot3/lib/python3.8/site-packages:/home/jaime/turtlebot3_ws/build/turtlebot3_teleop:/home/jaime/turtlebot3_ws/install/turtlebot3_teleop/lib/python3.8/site-packages:/home/jaime/turtlebot3_ws/build/turtlebot3_example:/home/jaime/turtlebot3_ws/install/turtlebot3_example/lib/python3.8/site-packages:/home/jaime/turtlebot3_ws/install/turtlebot3_msgs/lib/python3.8/site-packages:/home/jaime/turtlebot3_ws/install/dynamixel_sdk_custom_interfaces/lib/python3.8/site-packages:/opt/ros/foxy/lib/python3.8/site-packages /usr/bin/python3 setup.py develop --editable --build-directory /home/jaime/ros2_ws/build/my_py_pkg/build --no-deps install_data
[7.431s] INFO:colcon.colcon_core.shell:Creating environment hook '/home/jaime/ros2_ws/build/my_py_pkg/share/my_py_pkg/hook/pythonpath_develop.ps1'
[7.434s] INFO:colcon.colcon_core.shell:Creating environment descriptor '/home/jaime/ros2_ws/build/my_py_pkg/share/my_py_pkg/hook/pythonpath_develop.dsv'
[7.435s] INFO:colcon.colcon_core.shell:Creating environment hook '/home/jaime/ros2_ws/build/my_py_pkg/share/my_py_pkg/hook/pythonpath_develop.sh'
[7.438s] Level 1:colcon.colcon_core.environment:checking '/home/jaime/ros2_ws/install/my_py_pkg' for CMake module files
[7.439s] Level 1:colcon.colcon_core.environment:checking '/home/jaime/ros2_ws/install/my_py_pkg' for CMake config files
[7.440s] Level 1:colcon.colcon_core.environment:checking '/home/jaime/ros2_ws/install/my_py_pkg/lib'
[7.440s] Level 1:colcon.colcon_core.environment:checking '/home/jaime/ros2_ws/install/my_py_pkg/bin'
[7.440s] Level 1:colcon.colcon_core.environment:checking '/home/jaime/ros2_ws/install/my_py_pkg/lib/pkgconfig/my_py_pkg.pc'
[7.440s] Level 1:colcon.colcon_core.environment:checking '/home/jaime/ros2_ws/install/my_py_pkg/lib/python3.8/site-packages'
[7.440s] Level 1:colcon.colcon_core.shell:create_environment_hook('my_py_pkg', 'pythonpath')
[7.443s] INFO:colcon.colcon_core.shell:Creating environment hook '/home/jaime/ros2_ws/install/my_py_pkg/share/my_py_pkg/hook/pythonpath.ps1'
[7.443s] INFO:colcon.colcon_core.shell:Creating environment descriptor '/home/jaime/ros2_ws/install/my_py_pkg/share/my_py_pkg/hook/pythonpath.dsv'
[7.444s] INFO:colcon.colcon_core.shell:Creating environment hook '/home/jaime/ros2_ws/install/my_py_pkg/share/my_py_pkg/hook/pythonpath.sh'
[7.446s] Level 1:colcon.colcon_core.environment:checking '/home/jaime/ros2_ws/install/my_py_pkg/bin'
[7.446s] Level 1:colcon.colcon_core.environment:create_environment_scripts_only(my_py_pkg)
[7.448s] INFO:colcon.colcon_core.shell:Creating package script '/home/jaime/ros2_ws/install/my_py_pkg/share/my_py_pkg/package.ps1'
[7.449s] INFO:colcon.colcon_core.shell:Creating package descriptor '/home/jaime/ros2_ws/install/my_py_pkg/share/my_py_pkg/package.dsv'
[7.450s] INFO:colcon.colcon_core.shell:Creating package script '/home/jaime/ros2_ws/install/my_py_pkg/share/my_py_pkg/package.sh'
[7.451s] INFO:colcon.colcon_core.shell:Creating package script '/home/jaime/ros2_ws/install/my_py_pkg/share/my_py_pkg/package.bash'
[7.451s] INFO:colcon.colcon_core.shell:Creating package script '/home/jaime/ros2_ws/install/my_py_pkg/share/my_py_pkg/package.zsh'
[7.452s] Level 1:colcon.colcon_core.environment:create_file_with_runtime_dependencies(/home/jaime/ros2_ws/install/my_py_pkg/share/colcon-core/packages/my_py_pkg)
[7.454s] DEBUG:colcon.colcon_parallel_executor.executor.parallel:closing loop
[7.454s] DEBUG:colcon.colcon_parallel_executor.executor.parallel:loop closed
[7.455s] DEBUG:colcon.colcon_parallel_executor.executor.parallel:run_until_complete finished with '0'
[7.455s] DEBUG:colcon.colcon_core.event_reactor:joining thread
[7.493s] INFO:colcon.colcon_core.plugin_system:Skipping extension 'colcon_notification.desktop_notification.terminal_notifier': Not used on non-Darwin systems
[7.493s] INFO:colcon.colcon_core.plugin_system:Skipping extension 'colcon_notification.desktop_notification.win32': Not used on non-Windows systems
[7.494s] INFO:colcon.colcon_notification.desktop_notification:Sending desktop notification using 'notify2'
[7.692s] DEBUG:colcon.colcon_core.event_reactor:joined thread
[7.695s] INFO:colcon.colcon_core.shell:Creating prefix script '/home/jaime/ros2_ws/install/local_setup.ps1'
[7.698s] INFO:colcon.colcon_core.shell:Creating prefix util module '/home/jaime/ros2_ws/install/_local_setup_util_ps1.py'
[7.702s] INFO:colcon.colcon_core.shell:Creating prefix chain script '/home/jaime/ros2_ws/install/setup.ps1'
[7.711s] INFO:colcon.colcon_core.shell:Creating prefix script '/home/jaime/ros2_ws/install/local_setup.sh'
[7.714s] INFO:colcon.colcon_core.shell:Creating prefix util module '/home/jaime/ros2_ws/install/_local_setup_util_sh.py'
[7.715s] INFO:colcon.colcon_core.shell:Creating prefix chain script '/home/jaime/ros2_ws/install/setup.sh'
[7.721s] INFO:colcon.colcon_core.shell:Creating prefix script '/home/jaime/ros2_ws/install/local_setup.bash'
[7.725s] INFO:colcon.colcon_core.shell:Creating prefix chain script '/home/jaime/ros2_ws/install/setup.bash'
[7.733s] INFO:colcon.colcon_core.shell:Creating prefix script '/home/jaime/ros2_ws/install/local_setup.zsh'
[7.737s] INFO:colcon.colcon_core.shell:Creating prefix chain script '/home/jaime/ros2_ws/install/setup.zsh'
