[1.353s] Invoking command in '/home/jaime/ros2_ws/build/turtlesim': PYTHONPATH=/home/jaime/ros2_ws/build/turtlesim/prefix_override:/home/jaime/ros2_ws/install/turtlesim/lib/python3.8/site-packages:${PYTHONPATH} /usr/bin/python3 setup.py develop --uninstall --editable --build-directory /home/jaime/ros2_ws/build/turtlesim/build
[1.754s] running develop
[1.930s] Removing /home/jaime/ros2_ws/install/turtlesim/lib/python3.8/site-packages/turtlesim.egg-link (link to .)
[2.046s] Invoked command in '/home/jaime/ros2_ws/build/turtlesim' returned '0': PYTHONPATH=/home/jaime/ros2_ws/build/turtlesim/prefix_override:/home/jaime/ros2_ws/install/turtlesim/lib/python3.8/site-packages:${PYTHONPATH} /usr/bin/python3 setup.py develop --uninstall --editable --build-directory /home/jaime/ros2_ws/build/turtlesim/build
[2.047s] Invoking command in '/home/jaime/ros2_ws/src/turtlesim': PYTHONPATH=/home/jaime/ros2_ws/build/turtlesim/prefix_override:/home/jaime/ros2_ws/install/turtlesim/lib/python3.8/site-packages:${PYTHONPATH} /usr/bin/python3 setup.py egg_info --egg-base ../../build/turtlesim build --build-base /home/jaime/ros2_ws/build/turtlesim/build install --record /home/jaime/ros2_ws/build/turtlesim/install.log --install-scripts $base/lib/turtlesim --single-version-externally-managed
[2.401s] running egg_info
[2.402s] writing ../../build/turtlesim/turtlesim.egg-info/PKG-INFO
[2.403s] writing dependency_links to ../../build/turtlesim/turtlesim.egg-info/dependency_links.txt
[2.404s] writing entry points to ../../build/turtlesim/turtlesim.egg-info/entry_points.txt
[2.404s] writing requirements to ../../build/turtlesim/turtlesim.egg-info/requires.txt
[2.405s] writing top-level names to ../../build/turtlesim/turtlesim.egg-info/top_level.txt
[2.481s] reading manifest file '../../build/turtlesim/turtlesim.egg-info/SOURCES.txt'
[2.483s] writing manifest file '../../build/turtlesim/turtlesim.egg-info/SOURCES.txt'
[2.483s] running build
[2.483s] running build_py
[2.490s] running install
[2.492s] running install_lib
[2.495s] creating /home/jaime/ros2_ws/install/turtlesim/lib/python3.8/site-packages/turtlesim
[2.495s] copying /home/jaime/ros2_ws/build/turtlesim/build/lib/turtlesim/__init__.py -> /home/jaime/ros2_ws/install/turtlesim/lib/python3.8/site-packages/turtlesim
[2.495s] copying /home/jaime/ros2_ws/build/turtlesim/build/lib/turtlesim/ejercicio1.py -> /home/jaime/ros2_ws/install/turtlesim/lib/python3.8/site-packages/turtlesim
[2.498s] byte-compiling /home/jaime/ros2_ws/install/turtlesim/lib/python3.8/site-packages/turtlesim/__init__.py to __init__.cpython-38.pyc
[2.501s] byte-compiling /home/jaime/ros2_ws/install/turtlesim/lib/python3.8/site-packages/turtlesim/ejercicio1.py to ejercicio1.cpython-38.pyc
[2.501s] running install_data
[2.503s] running install_egg_info
[2.508s] Copying ../../build/turtlesim/turtlesim.egg-info to /home/jaime/ros2_ws/install/turtlesim/lib/python3.8/site-packages/turtlesim-0.0.0-py3.8.egg-info
[2.511s] running install_scripts
[2.554s] Installing nodo_publicador script to /home/jaime/ros2_ws/install/turtlesim/lib/turtlesim
[2.555s] writing list of installed files to '/home/jaime/ros2_ws/build/turtlesim/install.log'
[2.675s] Invoked command in '/home/jaime/ros2_ws/src/turtlesim' returned '0': PYTHONPATH=/home/jaime/ros2_ws/build/turtlesim/prefix_override:/home/jaime/ros2_ws/install/turtlesim/lib/python3.8/site-packages:${PYTHONPATH} /usr/bin/python3 setup.py egg_info --egg-base ../../build/turtlesim build --build-base /home/jaime/ros2_ws/build/turtlesim/build install --record /home/jaime/ros2_ws/build/turtlesim/install.log --install-scripts $base/lib/turtlesim --single-version-externally-managed
