[4.083s] Invoking command in '/home/jaime/ros2_ws/src/build/pkg_entrega1': AMENT_PREFIX_PATH=/home/jaime/ros2_ws/src/install/turtlesim:${AMENT_PREFIX_PATH} PYTHONPATH=/home/jaime/ros2_ws/src/build/pkg_entrega1/prefix_override:/home/jaime/ros2_ws/src/install/pkg_entrega1/lib/python3.8/site-packages:/home/jaime/ros2_ws/src/build/turtlesim:/home/jaime/ros2_ws/src/install/turtlesim/lib/python3.8/site-packages:${PYTHONPATH} /usr/bin/python3 setup.py develop --editable --build-directory /home/jaime/ros2_ws/src/build/pkg_entrega1/build --no-deps install_data
[4.838s] running develop
[5.390s] running egg_info
[5.392s] creating pkg_entrega1.egg-info
[5.392s] writing pkg_entrega1.egg-info/PKG-INFO
[5.392s] writing dependency_links to pkg_entrega1.egg-info/dependency_links.txt
[5.393s] writing entry points to pkg_entrega1.egg-info/entry_points.txt
[5.393s] writing requirements to pkg_entrega1.egg-info/requires.txt
[5.393s] writing top-level names to pkg_entrega1.egg-info/top_level.txt
[5.413s] writing manifest file 'pkg_entrega1.egg-info/SOURCES.txt'
[5.545s] reading manifest file 'pkg_entrega1.egg-info/SOURCES.txt'
[5.546s] writing manifest file 'pkg_entrega1.egg-info/SOURCES.txt'
[5.674s] running build_ext
[5.675s] Creating /home/jaime/ros2_ws/src/install/pkg_entrega1/lib/python3.8/site-packages/site.py
[5.680s] Creating /home/jaime/ros2_ws/src/install/pkg_entrega1/lib/python3.8/site-packages/pkg-entrega1.egg-link (link to .)
[5.683s] Installing nodo_publicador script to /home/jaime/ros2_ws/src/install/pkg_entrega1/lib/pkg_entrega1
[5.686s] 
[5.687s] Installed /home/jaime/ros2_ws/src/build/pkg_entrega1
[5.687s] running install_data
[5.688s] creating /home/jaime/ros2_ws/src/install/pkg_entrega1/share/ament_index
[5.689s] creating /home/jaime/ros2_ws/src/install/pkg_entrega1/share/ament_index/resource_index
[5.689s] creating /home/jaime/ros2_ws/src/install/pkg_entrega1/share/ament_index/resource_index/packages
[5.690s] copying resource/pkg_entrega1 -> /home/jaime/ros2_ws/src/install/pkg_entrega1/share/ament_index/resource_index/packages
[5.691s] copying package.xml -> /home/jaime/ros2_ws/src/install/pkg_entrega1/share/pkg_entrega1
[5.846s] Invoked command in '/home/jaime/ros2_ws/src/build/pkg_entrega1' returned '0': AMENT_PREFIX_PATH=/home/jaime/ros2_ws/src/install/turtlesim:${AMENT_PREFIX_PATH} PYTHONPATH=/home/jaime/ros2_ws/src/build/pkg_entrega1/prefix_override:/home/jaime/ros2_ws/src/install/pkg_entrega1/lib/python3.8/site-packages:/home/jaime/ros2_ws/src/build/turtlesim:/home/jaime/ros2_ws/src/install/turtlesim/lib/python3.8/site-packages:${PYTHONPATH} /usr/bin/python3 setup.py develop --editable --build-directory /home/jaime/ros2_ws/src/build/pkg_entrega1/build --no-deps install_data
