running develop
Removing /home/jaime/ros2_ws/install/controlador_turtlesim/lib/python3.8/site-packages/controlador-turtlesim.egg-link (link to .)
running egg_info
writing ../../build/controlador_turtlesim/controlador_turtlesim.egg-info/PKG-INFO
writing dependency_links to ../../build/controlador_turtlesim/controlador_turtlesim.egg-info/dependency_links.txt
writing entry points to ../../build/controlador_turtlesim/controlador_turtlesim.egg-info/entry_points.txt
writing requirements to ../../build/controlador_turtlesim/controlador_turtlesim.egg-info/requires.txt
writing top-level names to ../../build/controlador_turtlesim/controlador_turtlesim.egg-info/top_level.txt
reading manifest file '../../build/controlador_turtlesim/controlador_turtlesim.egg-info/SOURCES.txt'
writing manifest file '../../build/controlador_turtlesim/controlador_turtlesim.egg-info/SOURCES.txt'
running build
running build_py
copying controlador_turtlesim/ejercicio1_publicador.py -> /home/jaime/ros2_ws/build/controlador_turtlesim/build/lib/controlador_turtlesim
running install
running install_lib
creating /home/jaime/ros2_ws/install/controlador_turtlesim/lib/python3.8/site-packages/controlador_turtlesim
copying /home/jaime/ros2_ws/build/controlador_turtlesim/build/lib/controlador_turtlesim/__init__.py -> /home/jaime/ros2_ws/install/controlador_turtlesim/lib/python3.8/site-packages/controlador_turtlesim
copying /home/jaime/ros2_ws/build/controlador_turtlesim/build/lib/controlador_turtlesim/ejercicio1_publicador.py -> /home/jaime/ros2_ws/install/controlador_turtlesim/lib/python3.8/site-packages/controlador_turtlesim
byte-compiling /home/jaime/ros2_ws/install/controlador_turtlesim/lib/python3.8/site-packages/controlador_turtlesim/__init__.py to __init__.cpython-38.pyc
byte-compiling /home/jaime/ros2_ws/install/controlador_turtlesim/lib/python3.8/site-packages/controlador_turtlesim/ejercicio1_publicador.py to ejercicio1_publicador.cpython-38.pyc
running install_data
running install_egg_info
Copying ../../build/controlador_turtlesim/controlador_turtlesim.egg-info to /home/jaime/ros2_ws/install/controlador_turtlesim/lib/python3.8/site-packages/controlador_turtlesim-0.0.0-py3.8.egg-info
running install_scripts
Installing nodo_publicador script to /home/jaime/ros2_ws/install/controlador_turtlesim/lib/controlador_turtlesim
writing list of installed files to '/home/jaime/ros2_ws/build/controlador_turtlesim/install.log'
