[0.960s] Invoking command in '/home/jaime/ros2_ws/build/controlador_turtlesim': PYTHONPATH=/home/jaime/ros2_ws/build/controlador_turtlesim/prefix_override:/home/jaime/ros2_ws/install/controlador_turtlesim/lib/python3.8/site-packages:${PYTHONPATH} /usr/bin/python3 setup.py develop --uninstall --editable --build-directory /home/jaime/ros2_ws/build/controlador_turtlesim/build
[1.252s] running develop
[1.389s] Removing /home/jaime/ros2_ws/install/controlador_turtlesim/lib/python3.8/site-packages/controlador-turtlesim.egg-link (link to .)
[1.435s] Invoked command in '/home/jaime/ros2_ws/build/controlador_turtlesim' returned '0': PYTHONPATH=/home/jaime/ros2_ws/build/controlador_turtlesim/prefix_override:/home/jaime/ros2_ws/install/controlador_turtlesim/lib/python3.8/site-packages:${PYTHONPATH} /usr/bin/python3 setup.py develop --uninstall --editable --build-directory /home/jaime/ros2_ws/build/controlador_turtlesim/build
[1.437s] Invoking command in '/home/jaime/ros2_ws/src/controlador_turtlesim': PYTHONPATH=/home/jaime/ros2_ws/build/controlador_turtlesim/prefix_override:/home/jaime/ros2_ws/install/controlador_turtlesim/lib/python3.8/site-packages:${PYTHONPATH} /usr/bin/python3 setup.py egg_info --egg-base ../../build/controlador_turtlesim build --build-base /home/jaime/ros2_ws/build/controlador_turtlesim/build install --record /home/jaime/ros2_ws/build/controlador_turtlesim/install.log --install-scripts $base/lib/controlador_turtlesim --single-version-externally-managed
[1.693s] running egg_info
[1.693s] writing ../../build/controlador_turtlesim/controlador_turtlesim.egg-info/PKG-INFO
[1.693s] writing dependency_links to ../../build/controlador_turtlesim/controlador_turtlesim.egg-info/dependency_links.txt
[1.693s] writing entry points to ../../build/controlador_turtlesim/controlador_turtlesim.egg-info/entry_points.txt
[1.694s] writing requirements to ../../build/controlador_turtlesim/controlador_turtlesim.egg-info/requires.txt
[1.695s] writing top-level names to ../../build/controlador_turtlesim/controlador_turtlesim.egg-info/top_level.txt
[1.745s] reading manifest file '../../build/controlador_turtlesim/controlador_turtlesim.egg-info/SOURCES.txt'
[1.746s] writing manifest file '../../build/controlador_turtlesim/controlador_turtlesim.egg-info/SOURCES.txt'
[1.747s] running build
[1.747s] running build_py
[1.747s] copying controlador_turtlesim/ejercicio1_publicador.py -> /home/jaime/ros2_ws/build/controlador_turtlesim/build/lib/controlador_turtlesim
[1.747s] running install
[1.748s] running install_lib
[1.750s] creating /home/jaime/ros2_ws/install/controlador_turtlesim/lib/python3.8/site-packages/controlador_turtlesim
[1.751s] copying /home/jaime/ros2_ws/build/controlador_turtlesim/build/lib/controlador_turtlesim/__init__.py -> /home/jaime/ros2_ws/install/controlador_turtlesim/lib/python3.8/site-packages/controlador_turtlesim
[1.751s] copying /home/jaime/ros2_ws/build/controlador_turtlesim/build/lib/controlador_turtlesim/ejercicio1_publicador.py -> /home/jaime/ros2_ws/install/controlador_turtlesim/lib/python3.8/site-packages/controlador_turtlesim
[1.751s] byte-compiling /home/jaime/ros2_ws/install/controlador_turtlesim/lib/python3.8/site-packages/controlador_turtlesim/__init__.py to __init__.cpython-38.pyc
[1.754s] byte-compiling /home/jaime/ros2_ws/install/controlador_turtlesim/lib/python3.8/site-packages/controlador_turtlesim/ejercicio1_publicador.py to ejercicio1_publicador.cpython-38.pyc
[1.755s] running install_data
[1.755s] running install_egg_info
[1.758s] Copying ../../build/controlador_turtlesim/controlador_turtlesim.egg-info to /home/jaime/ros2_ws/install/controlador_turtlesim/lib/python3.8/site-packages/controlador_turtlesim-0.0.0-py3.8.egg-info
[1.759s] running install_scripts
[1.779s] Installing nodo_publicador script to /home/jaime/ros2_ws/install/controlador_turtlesim/lib/controlador_turtlesim
[1.780s] writing list of installed files to '/home/jaime/ros2_ws/build/controlador_turtlesim/install.log'
[1.831s] Invoked command in '/home/jaime/ros2_ws/src/controlador_turtlesim' returned '0': PYTHONPATH=/home/jaime/ros2_ws/build/controlador_turtlesim/prefix_override:/home/jaime/ros2_ws/install/controlador_turtlesim/lib/python3.8/site-packages:${PYTHONPATH} /usr/bin/python3 setup.py egg_info --egg-base ../../build/controlador_turtlesim build --build-base /home/jaime/ros2_ws/build/controlador_turtlesim/build install --record /home/jaime/ros2_ws/build/controlador_turtlesim/install.log --install-scripts $base/lib/controlador_turtlesim --single-version-externally-managed
