[0.520s] DEBUG:colcon:Command line arguments: ['/usr/bin/colcon', 'build']
[0.521s] DEBUG:colcon:Parsed command line arguments: Namespace(allow_overriding=[], ament_cmake_args=None, base_paths=['.'], build_base='build', catkin_cmake_args=None, catkin_skip_building_tests=False, cmake_args=None, cmake_clean_cache=False, cmake_clean_first=False, cmake_force_configure=False, cmake_target=None, cmake_target_skip_unavailable=False, continue_on_error=False, event_handlers=None, executor='parallel', ignore_user_meta=False, install_base='install', log_base=None, log_level=None, main=<bound method BuildVerb.main of <colcon_core.verb.build.BuildVerb object at 0x7fe0c2e524c0>>, merge_install=False, metas=['./colcon.meta'], packages_above=None, packages_above_and_dependencies=None, packages_above_depth=None, packages_end=None, packages_ignore=None, packages_ignore_regex=None, packages_select=None, packages_select_build_failed=False, packages_select_by_dep=None, packages_select_regex=None, packages_select_test_failures=False, packages_skip=None, packages_skip_build_finished=False, packages_skip_by_dep=None, packages_skip_regex=None, packages_skip_test_passed=False, packages_skip_up_to=None, packages_start=None, packages_up_to=None, packages_up_to_regex=None, parallel_workers=5, paths=None, symlink_install=False, test_result_base=None, verb_extension=<colcon_core.verb.build.BuildVerb object at 0x7fe0c2e524c0>, verb_name='build', verb_parser=<colcon_defaults.argument_parser.defaults.DefaultArgumentsDecorator object at 0x7fe0c2e52a00>)
[0.572s] Level 1:colcon.colcon_core.package_discovery:discover_packages(colcon_meta) check parameters
[0.572s] Level 1:colcon.colcon_core.package_discovery:discover_packages(recursive) check parameters
[0.572s] Level 1:colcon.colcon_core.package_discovery:discover_packages(ignore) check parameters
[0.572s] Level 1:colcon.colcon_core.package_discovery:discover_packages(path) check parameters
[0.572s] Level 1:colcon.colcon_core.package_discovery:discover_packages(colcon_meta) discover
[0.572s] Level 1:colcon.colcon_core.package_discovery:discover_packages(recursive) discover
[0.572s] INFO:colcon.colcon_core.package_discovery:Crawling recursively for packages in '/home/jaime/ros2_ws'
[0.573s] Level 1:colcon.colcon_core.package_identification:_identify(.) by extensions ['ignore', 'ignore_ament_install']
[0.573s] Level 1:colcon.colcon_core.package_identification:_identify(.) by extension 'ignore'
[0.573s] Level 1:colcon.colcon_core.package_identification:_identify(.) by extension 'ignore_ament_install'
[0.573s] Level 1:colcon.colcon_core.package_identification:_identify(.) by extensions ['colcon_pkg']
[0.573s] Level 1:colcon.colcon_core.package_identification:_identify(.) by extension 'colcon_pkg'
[0.573s] Level 1:colcon.colcon_core.package_identification:_identify(.) by extensions ['colcon_meta']
[0.573s] Level 1:colcon.colcon_core.package_identification:_identify(.) by extension 'colcon_meta'
[0.573s] Level 1:colcon.colcon_core.package_identification:_identify(.) by extensions ['ros']
[0.573s] Level 1:colcon.colcon_core.package_identification:_identify(.) by extension 'ros'
[0.650s] Level 1:colcon.colcon_core.package_identification:_identify(.) by extensions ['cmake', 'python']
[0.651s] Level 1:colcon.colcon_core.package_identification:_identify(.) by extension 'cmake'
[0.651s] Level 1:colcon.colcon_core.package_identification:_identify(.) by extension 'python'
[0.651s] Level 1:colcon.colcon_core.package_identification:_identify(.) by extensions ['python_setup_py']
[0.651s] Level 1:colcon.colcon_core.package_identification:_identify(.) by extension 'python_setup_py'
[0.651s] Level 1:colcon.colcon_core.package_identification:_identify(build) by extensions ['ignore', 'ignore_ament_install']
[0.651s] Level 1:colcon.colcon_core.package_identification:_identify(build) by extension 'ignore'
[0.651s] Level 1:colcon.colcon_core.package_identification:_identify(build) ignored
[0.651s] Level 1:colcon.colcon_core.package_identification:_identify(install) by extensions ['ignore', 'ignore_ament_install']
[0.651s] Level 1:colcon.colcon_core.package_identification:_identify(install) by extension 'ignore'
[0.652s] Level 1:colcon.colcon_core.package_identification:_identify(install) ignored
[0.652s] Level 1:colcon.colcon_core.package_identification:_identify(log) by extensions ['ignore', 'ignore_ament_install']
[0.652s] Level 1:colcon.colcon_core.package_identification:_identify(log) by extension 'ignore'
[0.652s] Level 1:colcon.colcon_core.package_identification:_identify(log) ignored
[0.652s] Level 1:colcon.colcon_core.package_identification:_identify(src) by extensions ['ignore', 'ignore_ament_install']
[0.652s] Level 1:colcon.colcon_core.package_identification:_identify(src) by extension 'ignore'
[0.652s] Level 1:colcon.colcon_core.package_identification:_identify(src) by extension 'ignore_ament_install'
[0.652s] Level 1:colcon.colcon_core.package_identification:_identify(src) by extensions ['colcon_pkg']
[0.652s] Level 1:colcon.colcon_core.package_identification:_identify(src) by extension 'colcon_pkg'
[0.652s] Level 1:colcon.colcon_core.package_identification:_identify(src) by extensions ['colcon_meta']
[0.652s] Level 1:colcon.colcon_core.package_identification:_identify(src) by extension 'colcon_meta'
[0.652s] Level 1:colcon.colcon_core.package_identification:_identify(src) by extensions ['ros']
[0.652s] Level 1:colcon.colcon_core.package_identification:_identify(src) by extension 'ros'
[0.652s] Level 1:colcon.colcon_core.package_identification:_identify(src) by extensions ['cmake', 'python']
[0.652s] Level 1:colcon.colcon_core.package_identification:_identify(src) by extension 'cmake'
[0.652s] Level 1:colcon.colcon_core.package_identification:_identify(src) by extension 'python'
[0.653s] Level 1:colcon.colcon_core.package_identification:_identify(src) by extensions ['python_setup_py']
[0.653s] Level 1:colcon.colcon_core.package_identification:_identify(src) by extension 'python_setup_py'
[0.653s] Level 1:colcon.colcon_core.package_identification:_identify(src/control_turtlebot3) by extensions ['ignore', 'ignore_ament_install']
[0.653s] Level 1:colcon.colcon_core.package_identification:_identify(src/control_turtlebot3) by extension 'ignore'
[0.653s] Level 1:colcon.colcon_core.package_identification:_identify(src/control_turtlebot3) by extension 'ignore_ament_install'
[0.653s] Level 1:colcon.colcon_core.package_identification:_identify(src/control_turtlebot3) by extensions ['colcon_pkg']
[0.653s] Level 1:colcon.colcon_core.package_identification:_identify(src/control_turtlebot3) by extension 'colcon_pkg'
[0.653s] Level 1:colcon.colcon_core.package_identification:_identify(src/control_turtlebot3) by extensions ['colcon_meta']
[0.653s] Level 1:colcon.colcon_core.package_identification:_identify(src/control_turtlebot3) by extension 'colcon_meta'
[0.653s] Level 1:colcon.colcon_core.package_identification:_identify(src/control_turtlebot3) by extensions ['ros']
[0.653s] Level 1:colcon.colcon_core.package_identification:_identify(src/control_turtlebot3) by extension 'ros'
[0.658s] DEBUG:colcon.colcon_core.package_identification:Package 'src/control_turtlebot3' with type 'ros.ament_python' and name 'control_turtlebot3'
[0.659s] Level 1:colcon.colcon_core.package_identification:_identify(src/controlador_turtlesim) by extensions ['ignore', 'ignore_ament_install']
[0.659s] Level 1:colcon.colcon_core.package_identification:_identify(src/controlador_turtlesim) by extension 'ignore'
[0.659s] Level 1:colcon.colcon_core.package_identification:_identify(src/controlador_turtlesim) by extension 'ignore_ament_install'
[0.659s] Level 1:colcon.colcon_core.package_identification:_identify(src/controlador_turtlesim) by extensions ['colcon_pkg']
[0.659s] Level 1:colcon.colcon_core.package_identification:_identify(src/controlador_turtlesim) by extension 'colcon_pkg'
[0.659s] Level 1:colcon.colcon_core.package_identification:_identify(src/controlador_turtlesim) by extensions ['colcon_meta']
[0.659s] Level 1:colcon.colcon_core.package_identification:_identify(src/controlador_turtlesim) by extension 'colcon_meta'
[0.659s] Level 1:colcon.colcon_core.package_identification:_identify(src/controlador_turtlesim) by extensions ['ros']
[0.659s] Level 1:colcon.colcon_core.package_identification:_identify(src/controlador_turtlesim) by extension 'ros'
[0.661s] DEBUG:colcon.colcon_core.package_identification:Package 'src/controlador_turtlesim' with type 'ros.ament_python' and name 'controlador_turtlesim'
[0.662s] Level 1:colcon.colcon_core.package_identification:_identify(src/my_c_pkg) by extensions ['ignore', 'ignore_ament_install']
[0.662s] Level 1:colcon.colcon_core.package_identification:_identify(src/my_c_pkg) by extension 'ignore'
[0.662s] Level 1:colcon.colcon_core.package_identification:_identify(src/my_c_pkg) by extension 'ignore_ament_install'
[0.662s] Level 1:colcon.colcon_core.package_identification:_identify(src/my_c_pkg) by extensions ['colcon_pkg']
[0.662s] Level 1:colcon.colcon_core.package_identification:_identify(src/my_c_pkg) by extension 'colcon_pkg'
[0.662s] Level 1:colcon.colcon_core.package_identification:_identify(src/my_c_pkg) by extensions ['colcon_meta']
[0.662s] Level 1:colcon.colcon_core.package_identification:_identify(src/my_c_pkg) by extension 'colcon_meta'
[0.662s] Level 1:colcon.colcon_core.package_identification:_identify(src/my_c_pkg) by extensions ['ros']
[0.662s] Level 1:colcon.colcon_core.package_identification:_identify(src/my_c_pkg) by extension 'ros'
[0.665s] DEBUG:colcon.colcon_core.package_identification:Package 'src/my_c_pkg' with type 'ros.ament_cmake' and name 'my_c_pkg'
[0.665s] Level 1:colcon.colcon_core.package_identification:_identify(src/my_py_pkg) by extensions ['ignore', 'ignore_ament_install']
[0.665s] Level 1:colcon.colcon_core.package_identification:_identify(src/my_py_pkg) by extension 'ignore'
[0.665s] Level 1:colcon.colcon_core.package_identification:_identify(src/my_py_pkg) by extension 'ignore_ament_install'
[0.665s] Level 1:colcon.colcon_core.package_identification:_identify(src/my_py_pkg) by extensions ['colcon_pkg']
[0.665s] Level 1:colcon.colcon_core.package_identification:_identify(src/my_py_pkg) by extension 'colcon_pkg'
[0.665s] Level 1:colcon.colcon_core.package_identification:_identify(src/my_py_pkg) by extensions ['colcon_meta']
[0.665s] Level 1:colcon.colcon_core.package_identification:_identify(src/my_py_pkg) by extension 'colcon_meta'
[0.665s] Level 1:colcon.colcon_core.package_identification:_identify(src/my_py_pkg) by extensions ['ros']
[0.665s] Level 1:colcon.colcon_core.package_identification:_identify(src/my_py_pkg) by extension 'ros'
[0.667s] DEBUG:colcon.colcon_core.package_identification:Package 'src/my_py_pkg' with type 'ros.ament_python' and name 'my_py_pkg'
[0.667s] Level 1:colcon.colcon_core.package_identification:_identify(src/turtlesim) by extensions ['ignore', 'ignore_ament_install']
[0.667s] Level 1:colcon.colcon_core.package_identification:_identify(src/turtlesim) by extension 'ignore'
[0.667s] Level 1:colcon.colcon_core.package_identification:_identify(src/turtlesim) by extension 'ignore_ament_install'
[0.667s] Level 1:colcon.colcon_core.package_identification:_identify(src/turtlesim) by extensions ['colcon_pkg']
[0.667s] Level 1:colcon.colcon_core.package_identification:_identify(src/turtlesim) by extension 'colcon_pkg'
[0.667s] Level 1:colcon.colcon_core.package_identification:_identify(src/turtlesim) by extensions ['colcon_meta']
[0.667s] Level 1:colcon.colcon_core.package_identification:_identify(src/turtlesim) by extension 'colcon_meta'
[0.667s] Level 1:colcon.colcon_core.package_identification:_identify(src/turtlesim) by extensions ['ros']
[0.667s] Level 1:colcon.colcon_core.package_identification:_identify(src/turtlesim) by extension 'ros'
[0.668s] DEBUG:colcon.colcon_core.package_identification:Package 'src/turtlesim' with type 'ros.ament_python' and name 'turtlesim'
[0.668s] Level 1:colcon.colcon_core.package_discovery:discover_packages(recursive) using defaults
[0.668s] Level 1:colcon.colcon_core.package_discovery:discover_packages(ignore) discover
[0.668s] Level 1:colcon.colcon_core.package_discovery:discover_packages(ignore) using defaults
[0.668s] Level 1:colcon.colcon_core.package_discovery:discover_packages(path) discover
[0.668s] Level 1:colcon.colcon_core.package_discovery:discover_packages(path) using defaults
[0.713s] Level 1:colcon.colcon_core.package_discovery:discover_packages(prefix_path) check parameters
[0.713s] Level 1:colcon.colcon_core.package_discovery:discover_packages(prefix_path) discover
[0.719s] DEBUG:colcon.colcon_installed_package_information.package_discovery:Found 15 installed packages in /home/jaime/turtlebot3_ws/install
[0.722s] DEBUG:colcon.colcon_installed_package_information.package_discovery:Found 5 installed packages in /home/jaime/ros2_ws/install
[0.725s] DEBUG:colcon.colcon_installed_package_information.package_discovery:Found 323 installed packages in /opt/ros/foxy
[0.728s] Level 1:colcon.colcon_core.package_discovery:discover_packages(prefix_path) using defaults
[0.836s] WARNING:colcon.colcon_core.package_selection:Some selected packages are already built in one or more underlay workspaces:
	'turtlesim' is in: /home/jaime/ros2_ws/install/turtlesim, /opt/ros/foxy
If a package in a merged underlay workspace is overridden and it installs headers, then all packages in the overlay must sort their include directories by workspace order. Failure to do so may result in build failures or undefined behavior at run time.
If the overridden package is used by another package in any underlay, then the overriding package in the overlay must be API and ABI compatible or undefined behavior at run time may occur.

If you understand the risks and want to override a package anyways, add the following to the command line:
	--allow-overriding turtlesim

This may be promoted to an error in a future release of colcon-override-check.
[0.841s] Level 5:colcon.colcon_core.verb:set package 'turtlesim' build argument 'cmake_args' from command line to 'None'
[0.841s] Level 5:colcon.colcon_core.verb:set package 'turtlesim' build argument 'cmake_target' from command line to 'None'
[0.841s] Level 5:colcon.colcon_core.verb:set package 'turtlesim' build argument 'cmake_target_skip_unavailable' from command line to 'False'
[0.841s] Level 5:colcon.colcon_core.verb:set package 'turtlesim' build argument 'cmake_clean_cache' from command line to 'False'
[0.841s] Level 5:colcon.colcon_core.verb:set package 'turtlesim' build argument 'cmake_clean_first' from command line to 'False'
[0.841s] Level 5:colcon.colcon_core.verb:set package 'turtlesim' build argument 'cmake_force_configure' from command line to 'False'
[0.842s] Level 5:colcon.colcon_core.verb:set package 'turtlesim' build argument 'ament_cmake_args' from command line to 'None'
[0.842s] Level 5:colcon.colcon_core.verb:set package 'turtlesim' build argument 'catkin_cmake_args' from command line to 'None'
[0.842s] Level 5:colcon.colcon_core.verb:set package 'turtlesim' build argument 'catkin_skip_building_tests' from command line to 'False'
[0.842s] DEBUG:colcon.colcon_core.verb:Building package 'turtlesim' with the following arguments: {'ament_cmake_args': None, 'build_base': '/home/jaime/ros2_ws/build/turtlesim', 'catkin_cmake_args': None, 'catkin_skip_building_tests': False, 'cmake_args': None, 'cmake_clean_cache': False, 'cmake_clean_first': False, 'cmake_force_configure': False, 'cmake_target': None, 'cmake_target_skip_unavailable': False, 'install_base': '/home/jaime/ros2_ws/install/turtlesim', 'merge_install': False, 'path': '/home/jaime/ros2_ws/src/turtlesim', 'symlink_install': False, 'test_result_base': None}
[0.844s] Level 5:colcon.colcon_core.verb:set package 'control_turtlebot3' build argument 'cmake_args' from command line to 'None'
[0.844s] Level 5:colcon.colcon_core.verb:set package 'control_turtlebot3' build argument 'cmake_target' from command line to 'None'
[0.844s] Level 5:colcon.colcon_core.verb:set package 'control_turtlebot3' build argument 'cmake_target_skip_unavailable' from command line to 'False'
[0.844s] Level 5:colcon.colcon_core.verb:set package 'control_turtlebot3' build argument 'cmake_clean_cache' from command line to 'False'
[0.844s] Level 5:colcon.colcon_core.verb:set package 'control_turtlebot3' build argument 'cmake_clean_first' from command line to 'False'
[0.844s] Level 5:colcon.colcon_core.verb:set package 'control_turtlebot3' build argument 'cmake_force_configure' from command line to 'False'
[0.844s] Level 5:colcon.colcon_core.verb:set package 'control_turtlebot3' build argument 'ament_cmake_args' from command line to 'None'
[0.844s] Level 5:colcon.colcon_core.verb:set package 'control_turtlebot3' build argument 'catkin_cmake_args' from command line to 'None'
[0.844s] Level 5:colcon.colcon_core.verb:set package 'control_turtlebot3' build argument 'catkin_skip_building_tests' from command line to 'False'
[0.844s] DEBUG:colcon.colcon_core.verb:Building package 'control_turtlebot3' with the following arguments: {'ament_cmake_args': None, 'build_base': '/home/jaime/ros2_ws/build/control_turtlebot3', 'catkin_cmake_args': None, 'catkin_skip_building_tests': False, 'cmake_args': None, 'cmake_clean_cache': False, 'cmake_clean_first': False, 'cmake_force_configure': False, 'cmake_target': None, 'cmake_target_skip_unavailable': False, 'install_base': '/home/jaime/ros2_ws/install/control_turtlebot3', 'merge_install': False, 'path': '/home/jaime/ros2_ws/src/control_turtlebot3', 'symlink_install': False, 'test_result_base': None}
[0.846s] Level 5:colcon.colcon_core.verb:set package 'controlador_turtlesim' build argument 'cmake_args' from command line to 'None'
[0.846s] Level 5:colcon.colcon_core.verb:set package 'controlador_turtlesim' build argument 'cmake_target' from command line to 'None'
[0.846s] Level 5:colcon.colcon_core.verb:set package 'controlador_turtlesim' build argument 'cmake_target_skip_unavailable' from command line to 'False'
[0.846s] Level 5:colcon.colcon_core.verb:set package 'controlador_turtlesim' build argument 'cmake_clean_cache' from command line to 'False'
[0.846s] Level 5:colcon.colcon_core.verb:set package 'controlador_turtlesim' build argument 'cmake_clean_first' from command line to 'False'
[0.846s] Level 5:colcon.colcon_core.verb:set package 'controlador_turtlesim' build argument 'cmake_force_configure' from command line to 'False'
[0.846s] Level 5:colcon.colcon_core.verb:set package 'controlador_turtlesim' build argument 'ament_cmake_args' from command line to 'None'
[0.846s] Level 5:colcon.colcon_core.verb:set package 'controlador_turtlesim' build argument 'catkin_cmake_args' from command line to 'None'
[0.846s] Level 5:colcon.colcon_core.verb:set package 'controlador_turtlesim' build argument 'catkin_skip_building_tests' from command line to 'False'
[0.847s] DEBUG:colcon.colcon_core.verb:Building package 'controlador_turtlesim' with the following arguments: {'ament_cmake_args': None, 'build_base': '/home/jaime/ros2_ws/build/controlador_turtlesim', 'catkin_cmake_args': None, 'catkin_skip_building_tests': False, 'cmake_args': None, 'cmake_clean_cache': False, 'cmake_clean_first': False, 'cmake_force_configure': False, 'cmake_target': None, 'cmake_target_skip_unavailable': False, 'install_base': '/home/jaime/ros2_ws/install/controlador_turtlesim', 'merge_install': False, 'path': '/home/jaime/ros2_ws/src/controlador_turtlesim', 'symlink_install': False, 'test_result_base': None}
[0.849s] Level 5:colcon.colcon_core.verb:set package 'my_c_pkg' build argument 'cmake_args' from command line to 'None'
[0.849s] Level 5:colcon.colcon_core.verb:set package 'my_c_pkg' build argument 'cmake_target' from command line to 'None'
[0.849s] Level 5:colcon.colcon_core.verb:set package 'my_c_pkg' build argument 'cmake_target_skip_unavailable' from command line to 'False'
[0.849s] Level 5:colcon.colcon_core.verb:set package 'my_c_pkg' build argument 'cmake_clean_cache' from command line to 'False'
[0.849s] Level 5:colcon.colcon_core.verb:set package 'my_c_pkg' build argument 'cmake_clean_first' from command line to 'False'
[0.849s] Level 5:colcon.colcon_core.verb:set package 'my_c_pkg' build argument 'cmake_force_configure' from command line to 'False'
[0.849s] Level 5:colcon.colcon_core.verb:set package 'my_c_pkg' build argument 'ament_cmake_args' from command line to 'None'
[0.849s] Level 5:colcon.colcon_core.verb:set package 'my_c_pkg' build argument 'catkin_cmake_args' from command line to 'None'
[0.849s] Level 5:colcon.colcon_core.verb:set package 'my_c_pkg' build argument 'catkin_skip_building_tests' from command line to 'False'
[0.849s] DEBUG:colcon.colcon_core.verb:Building package 'my_c_pkg' with the following arguments: {'ament_cmake_args': None, 'build_base': '/home/jaime/ros2_ws/build/my_c_pkg', 'catkin_cmake_args': None, 'catkin_skip_building_tests': False, 'cmake_args': None, 'cmake_clean_cache': False, 'cmake_clean_first': False, 'cmake_force_configure': False, 'cmake_target': None, 'cmake_target_skip_unavailable': False, 'install_base': '/home/jaime/ros2_ws/install/my_c_pkg', 'merge_install': False, 'path': '/home/jaime/ros2_ws/src/my_c_pkg', 'symlink_install': False, 'test_result_base': None}
[0.850s] Level 5:colcon.colcon_core.verb:set package 'my_py_pkg' build argument 'cmake_args' from command line to 'None'
[0.850s] Level 5:colcon.colcon_core.verb:set package 'my_py_pkg' build argument 'cmake_target' from command line to 'None'
[0.851s] Level 5:colcon.colcon_core.verb:set package 'my_py_pkg' build argument 'cmake_target_skip_unavailable' from command line to 'False'
[0.851s] Level 5:colcon.colcon_core.verb:set package 'my_py_pkg' build argument 'cmake_clean_cache' from command line to 'False'
[0.851s] Level 5:colcon.colcon_core.verb:set package 'my_py_pkg' build argument 'cmake_clean_first' from command line to 'False'
[0.851s] Level 5:colcon.colcon_core.verb:set package 'my_py_pkg' build argument 'cmake_force_configure' from command line to 'False'
[0.851s] Level 5:colcon.colcon_core.verb:set package 'my_py_pkg' build argument 'ament_cmake_args' from command line to 'None'
[0.851s] Level 5:colcon.colcon_core.verb:set package 'my_py_pkg' build argument 'catkin_cmake_args' from command line to 'None'
[0.851s] Level 5:colcon.colcon_core.verb:set package 'my_py_pkg' build argument 'catkin_skip_building_tests' from command line to 'False'
[0.851s] DEBUG:colcon.colcon_core.verb:Building package 'my_py_pkg' with the following arguments: {'ament_cmake_args': None, 'build_base': '/home/jaime/ros2_ws/build/my_py_pkg', 'catkin_cmake_args': None, 'catkin_skip_building_tests': False, 'cmake_args': None, 'cmake_clean_cache': False, 'cmake_clean_first': False, 'cmake_force_configure': False, 'cmake_target': None, 'cmake_target_skip_unavailable': False, 'install_base': '/home/jaime/ros2_ws/install/my_py_pkg', 'merge_install': False, 'path': '/home/jaime/ros2_ws/src/my_py_pkg', 'symlink_install': False, 'test_result_base': None}
[0.852s] INFO:colcon.colcon_core.executor:Executing jobs using 'parallel' executor
[0.858s] DEBUG:colcon.colcon_parallel_executor.executor.parallel:run_until_complete
[0.859s] INFO:colcon.colcon_ros.task.ament_python.build:Building ROS package in '/home/jaime/ros2_ws/src/turtlesim' with build type 'ament_python'
[0.859s] Level 1:colcon.colcon_core.shell:create_environment_hook('turtlesim', 'ament_prefix_path')
[0.869s] INFO:colcon.colcon_core.plugin_system:Skipping extension 'colcon_core.shell.bat': Not used on non-Windows systems
[0.869s] INFO:colcon.colcon_core.shell:Creating environment hook '/home/jaime/ros2_ws/install/turtlesim/share/turtlesim/hook/ament_prefix_path.ps1'
[0.871s] INFO:colcon.colcon_core.shell:Creating environment descriptor '/home/jaime/ros2_ws/install/turtlesim/share/turtlesim/hook/ament_prefix_path.dsv'
[0.872s] INFO:colcon.colcon_core.shell:Creating environment hook '/home/jaime/ros2_ws/install/turtlesim/share/turtlesim/hook/ament_prefix_path.sh'
[0.878s] INFO:colcon.colcon_core.shell:Skip shell extension 'powershell' for command environment: Not usable outside of PowerShell
[0.878s] DEBUG:colcon.colcon_core.shell:Skip shell extension 'dsv' for command environment
[1.363s] INFO:colcon.colcon_core.task.python.build:Building Python package in '/home/jaime/ros2_ws/src/turtlesim'
[1.366s] INFO:colcon.colcon_core.shell:Skip shell extension 'powershell' for command environment: Not usable outside of PowerShell
[1.367s] DEBUG:colcon.colcon_core.shell:Skip shell extension 'dsv' for command environment
[2.213s] DEBUG:colcon.colcon_core.event_handler.log_command:Invoking command in '/home/jaime/ros2_ws/build/turtlesim': PYTHONPATH=/home/jaime/ros2_ws/build/turtlesim/prefix_override:/home/jaime/ros2_ws/install/turtlesim/lib/python3.8/site-packages:${PYTHONPATH} /usr/bin/python3 setup.py develop --uninstall --editable --build-directory /home/jaime/ros2_ws/build/turtlesim/build
[2.906s] DEBUG:colcon.colcon_core.event_handler.log_command:Invoked command in '/home/jaime/ros2_ws/build/turtlesim' returned '0': PYTHONPATH=/home/jaime/ros2_ws/build/turtlesim/prefix_override:/home/jaime/ros2_ws/install/turtlesim/lib/python3.8/site-packages:${PYTHONPATH} /usr/bin/python3 setup.py develop --uninstall --editable --build-directory /home/jaime/ros2_ws/build/turtlesim/build
[2.906s] DEBUG:colcon.colcon_core.event_handler.log_command:Invoking command in '/home/jaime/ros2_ws/src/turtlesim': PYTHONPATH=/home/jaime/ros2_ws/build/turtlesim/prefix_override:/home/jaime/ros2_ws/install/turtlesim/lib/python3.8/site-packages:${PYTHONPATH} /usr/bin/python3 setup.py egg_info --egg-base ../../build/turtlesim build --build-base /home/jaime/ros2_ws/build/turtlesim/build install --record /home/jaime/ros2_ws/build/turtlesim/install.log --install-scripts $base/lib/turtlesim --single-version-externally-managed
[3.535s] DEBUG:colcon.colcon_core.event_handler.log_command:Invoked command in '/home/jaime/ros2_ws/src/turtlesim' returned '0': PYTHONPATH=/home/jaime/ros2_ws/build/turtlesim/prefix_override:/home/jaime/ros2_ws/install/turtlesim/lib/python3.8/site-packages:${PYTHONPATH} /usr/bin/python3 setup.py egg_info --egg-base ../../build/turtlesim build --build-base /home/jaime/ros2_ws/build/turtlesim/build install --record /home/jaime/ros2_ws/build/turtlesim/install.log --install-scripts $base/lib/turtlesim --single-version-externally-managed
[3.543s] Level 1:colcon.colcon_core.environment:checking '/home/jaime/ros2_ws/install/turtlesim' for CMake module files
[3.544s] Level 1:colcon.colcon_core.environment:checking '/home/jaime/ros2_ws/install/turtlesim' for CMake config files
[3.545s] Level 1:colcon.colcon_core.environment:checking '/home/jaime/ros2_ws/install/turtlesim/lib'
[3.545s] Level 1:colcon.colcon_core.environment:checking '/home/jaime/ros2_ws/install/turtlesim/bin'
[3.545s] Level 1:colcon.colcon_core.environment:checking '/home/jaime/ros2_ws/install/turtlesim/lib/pkgconfig/turtlesim.pc'
[3.546s] Level 1:colcon.colcon_core.environment:checking '/home/jaime/ros2_ws/install/turtlesim/lib/python3.8/site-packages'
[3.546s] Level 1:colcon.colcon_core.shell:create_environment_hook('turtlesim', 'pythonpath')
[3.548s] INFO:colcon.colcon_core.shell:Creating environment hook '/home/jaime/ros2_ws/install/turtlesim/share/turtlesim/hook/pythonpath.ps1'
[3.557s] INFO:colcon.colcon_core.shell:Creating environment descriptor '/home/jaime/ros2_ws/install/turtlesim/share/turtlesim/hook/pythonpath.dsv'
[3.559s] INFO:colcon.colcon_core.shell:Creating environment hook '/home/jaime/ros2_ws/install/turtlesim/share/turtlesim/hook/pythonpath.sh'
[3.560s] Level 1:colcon.colcon_core.environment:checking '/home/jaime/ros2_ws/install/turtlesim/bin'
[3.561s] Level 1:colcon.colcon_core.environment:create_environment_scripts_only(turtlesim)
[3.563s] INFO:colcon.colcon_core.shell:Creating package script '/home/jaime/ros2_ws/install/turtlesim/share/turtlesim/package.ps1'
[3.566s] INFO:colcon.colcon_core.shell:Creating package descriptor '/home/jaime/ros2_ws/install/turtlesim/share/turtlesim/package.dsv'
[3.568s] INFO:colcon.colcon_core.shell:Creating package script '/home/jaime/ros2_ws/install/turtlesim/share/turtlesim/package.sh'
[3.570s] INFO:colcon.colcon_core.shell:Creating package script '/home/jaime/ros2_ws/install/turtlesim/share/turtlesim/package.bash'
[3.573s] INFO:colcon.colcon_core.shell:Creating package script '/home/jaime/ros2_ws/install/turtlesim/share/turtlesim/package.zsh'
[3.575s] Level 1:colcon.colcon_core.environment:create_file_with_runtime_dependencies(/home/jaime/ros2_ws/install/turtlesim/share/colcon-core/packages/turtlesim)
[3.577s] INFO:colcon.colcon_ros.task.ament_python.build:Building ROS package in '/home/jaime/ros2_ws/src/control_turtlebot3' with build type 'ament_python'
[3.580s] Level 1:colcon.colcon_core.shell:create_environment_hook('control_turtlebot3', 'ament_prefix_path')
[3.583s] INFO:colcon.colcon_core.shell:Creating environment hook '/home/jaime/ros2_ws/install/control_turtlebot3/share/control_turtlebot3/hook/ament_prefix_path.ps1'
[3.585s] INFO:colcon.colcon_core.shell:Creating environment descriptor '/home/jaime/ros2_ws/install/control_turtlebot3/share/control_turtlebot3/hook/ament_prefix_path.dsv'
[3.586s] INFO:colcon.colcon_core.shell:Creating environment hook '/home/jaime/ros2_ws/install/control_turtlebot3/share/control_turtlebot3/hook/ament_prefix_path.sh'
[3.595s] INFO:colcon.colcon_core.shell:Skip shell extension 'powershell' for command environment: Not usable outside of PowerShell
[3.595s] DEBUG:colcon.colcon_core.shell:Skip shell extension 'dsv' for command environment
[3.618s] INFO:colcon.colcon_ros.task.ament_python.build:Building ROS package in '/home/jaime/ros2_ws/src/controlador_turtlesim' with build type 'ament_python'
[3.619s] Level 1:colcon.colcon_core.shell:create_environment_hook('controlador_turtlesim', 'ament_prefix_path')
[3.622s] INFO:colcon.colcon_core.shell:Creating environment hook '/home/jaime/ros2_ws/install/controlador_turtlesim/share/controlador_turtlesim/hook/ament_prefix_path.ps1'
[3.624s] INFO:colcon.colcon_core.shell:Creating environment descriptor '/home/jaime/ros2_ws/install/controlador_turtlesim/share/controlador_turtlesim/hook/ament_prefix_path.dsv'
[3.627s] INFO:colcon.colcon_core.shell:Creating environment hook '/home/jaime/ros2_ws/install/controlador_turtlesim/share/controlador_turtlesim/hook/ament_prefix_path.sh'
[3.631s] INFO:colcon.colcon_core.shell:Skip shell extension 'powershell' for command environment: Not usable outside of PowerShell
[3.632s] DEBUG:colcon.colcon_core.shell:Skip shell extension 'dsv' for command environment
[3.652s] INFO:colcon.colcon_ros.task.ament_cmake.build:Building ROS package in '/home/jaime/ros2_ws/src/my_c_pkg' with build type 'ament_cmake'
[3.654s] INFO:colcon.colcon_cmake.task.cmake.build:Building CMake package in '/home/jaime/ros2_ws/src/my_c_pkg'
[3.656s] INFO:colcon.colcon_core.shell:Skip shell extension 'powershell' for command environment: Not usable outside of PowerShell
[3.657s] DEBUG:colcon.colcon_core.shell:Skip shell extension 'dsv' for command environment
[3.680s] INFO:colcon.colcon_ros.task.ament_python.build:Building ROS package in '/home/jaime/ros2_ws/src/my_py_pkg' with build type 'ament_python'
[3.681s] Level 1:colcon.colcon_core.shell:create_environment_hook('my_py_pkg', 'ament_prefix_path')
[3.693s] INFO:colcon.colcon_core.shell:Creating environment hook '/home/jaime/ros2_ws/install/my_py_pkg/share/my_py_pkg/hook/ament_prefix_path.ps1'
[3.695s] INFO:colcon.colcon_core.shell:Creating environment descriptor '/home/jaime/ros2_ws/install/my_py_pkg/share/my_py_pkg/hook/ament_prefix_path.dsv'
[3.699s] INFO:colcon.colcon_core.shell:Creating environment hook '/home/jaime/ros2_ws/install/my_py_pkg/share/my_py_pkg/hook/ament_prefix_path.sh'
[3.704s] INFO:colcon.colcon_core.shell:Skip shell extension 'powershell' for command environment: Not usable outside of PowerShell
[3.704s] DEBUG:colcon.colcon_core.shell:Skip shell extension 'dsv' for command environment
[4.197s] INFO:colcon.colcon_core.task.python.build:Building Python package in '/home/jaime/ros2_ws/src/control_turtlebot3'
[4.207s] INFO:colcon.colcon_core.shell:Skip shell extension 'powershell' for command environment: Not usable outside of PowerShell
[4.208s] DEBUG:colcon.colcon_core.shell:Skip shell extension 'dsv' for command environment
[4.665s] INFO:colcon.colcon_core.task.python.build:Building Python package in '/home/jaime/ros2_ws/src/controlador_turtlesim'
[4.668s] INFO:colcon.colcon_core.shell:Skip shell extension 'powershell' for command environment: Not usable outside of PowerShell
[4.669s] DEBUG:colcon.colcon_core.shell:Skip shell extension 'dsv' for command environment
[4.694s] DEBUG:colcon.colcon_core.event_handler.log_command:Invoking command in '/home/jaime/ros2_ws/build/my_c_pkg': AMENT_PREFIX_PATH=/home/jaime/ros2_ws/install/turtlesim:/home/jaime/ros2_ws/install/my_py_pkg:/home/jaime/ros2_ws/install/my_c_pkg:/home/jaime/ros2_ws/install/controlador_turtlesim:/home/jaime/ros2_ws/install/control_turtlebot3:/home/jaime/turtlebot3_ws/install/turtlebot3:/home/jaime/turtlebot3_ws/install/turtlebot3_teleop:/home/jaime/turtlebot3_ws/install/turtlebot3_simulations:/home/jaime/turtlebot3_ws/install/turtlebot3_bringup:/home/jaime/turtlebot3_ws/install/turtlebot3_node:/home/jaime/turtlebot3_ws/install/turtlebot3_navigation2:/home/jaime/turtlebot3_ws/install/turtlebot3_fake_node:/home/jaime/turtlebot3_ws/install/turtlebot3_example:/home/jaime/turtlebot3_ws/install/turtlebot3_msgs:/home/jaime/turtlebot3_ws/install/turtlebot3_gazebo:/home/jaime/turtlebot3_ws/install/turtlebot3_description:/home/jaime/turtlebot3_ws/install/turtlebot3_cartographer:/home/jaime/turtlebot3_ws/install/dynamixel_sdk_examples:/home/jaime/turtlebot3_ws/install/dynamixel_sdk_custom_interfaces:/home/jaime/turtlebot3_ws/install/dynamixel_sdk:/opt/ros/foxy CMAKE_PREFIX_PATH=${CMAKE_PREFIX_PATH}:/home/jaime/ros2_ws/install/my_py_pkg:/home/jaime/ros2_ws/install/controlador_turtlesim:/home/jaime/ros2_ws/install/control_turtlebot3:/home/jaime/ros2_ws/install/turtlesim:/home/jaime/turtlebot3_ws/install/turtlebot3_teleop:/home/jaime/turtlebot3_ws/install/turtlebot3_example:/opt/ros/foxy PYTHONPATH=/home/jaime/ros2_ws/install/turtlesim/lib/python3.8/site-packages:/home/jaime/ros2_ws/build/my_py_pkg:/home/jaime/ros2_ws/install/my_py_pkg/lib/python3.8/site-packages:/home/jaime/ros2_ws/build/controlador_turtlesim:/home/jaime/ros2_ws/install/controlador_turtlesim/lib/python3.8/site-packages:/home/jaime/ros2_ws/build/control_turtlebot3:/home/jaime/ros2_ws/install/control_turtlebot3/lib/python3.8/site-packages:/home/jaime/ros2_ws/build/turtlesim:/home/jaime/turtlebot3_ws/build/turtlebot3_teleop:/home/jaime/turtlebot3_ws/install/turtlebot3_teleop/lib/python3.8/site-packages:/home/jaime/turtlebot3_ws/build/turtlebot3_example:/home/jaime/turtlebot3_ws/install/turtlebot3_example/lib/python3.8/site-packages:/home/jaime/turtlebot3_ws/install/turtlebot3_msgs/lib/python3.8/site-packages:/home/jaime/turtlebot3_ws/install/dynamixel_sdk_custom_interfaces/lib/python3.8/site-packages:/opt/ros/foxy/lib/python3.8/site-packages /usr/bin/cmake /home/jaime/ros2_ws/src/my_c_pkg -DCMAKE_INSTALL_PREFIX=/home/jaime/ros2_ws/install/my_c_pkg
[5.209s] INFO:colcon.colcon_core.task.python.build:Building Python package in '/home/jaime/ros2_ws/src/my_py_pkg'
[5.211s] INFO:colcon.colcon_core.shell:Skip shell extension 'powershell' for command environment: Not usable outside of PowerShell
[5.212s] DEBUG:colcon.colcon_core.shell:Skip shell extension 'dsv' for command environment
[5.879s] DEBUG:colcon.colcon_core.event_handler.log_command:Invoked command in '/home/jaime/ros2_ws/build/my_c_pkg' returned '0': AMENT_PREFIX_PATH=/home/jaime/ros2_ws/install/turtlesim:/home/jaime/ros2_ws/install/my_py_pkg:/home/jaime/ros2_ws/install/my_c_pkg:/home/jaime/ros2_ws/install/controlador_turtlesim:/home/jaime/ros2_ws/install/control_turtlebot3:/home/jaime/turtlebot3_ws/install/turtlebot3:/home/jaime/turtlebot3_ws/install/turtlebot3_teleop:/home/jaime/turtlebot3_ws/install/turtlebot3_simulations:/home/jaime/turtlebot3_ws/install/turtlebot3_bringup:/home/jaime/turtlebot3_ws/install/turtlebot3_node:/home/jaime/turtlebot3_ws/install/turtlebot3_navigation2:/home/jaime/turtlebot3_ws/install/turtlebot3_fake_node:/home/jaime/turtlebot3_ws/install/turtlebot3_example:/home/jaime/turtlebot3_ws/install/turtlebot3_msgs:/home/jaime/turtlebot3_ws/install/turtlebot3_gazebo:/home/jaime/turtlebot3_ws/install/turtlebot3_description:/home/jaime/turtlebot3_ws/install/turtlebot3_cartographer:/home/jaime/turtlebot3_ws/install/dynamixel_sdk_examples:/home/jaime/turtlebot3_ws/install/dynamixel_sdk_custom_interfaces:/home/jaime/turtlebot3_ws/install/dynamixel_sdk:/opt/ros/foxy CMAKE_PREFIX_PATH=${CMAKE_PREFIX_PATH}:/home/jaime/ros2_ws/install/my_py_pkg:/home/jaime/ros2_ws/install/controlador_turtlesim:/home/jaime/ros2_ws/install/control_turtlebot3:/home/jaime/ros2_ws/install/turtlesim:/home/jaime/turtlebot3_ws/install/turtlebot3_teleop:/home/jaime/turtlebot3_ws/install/turtlebot3_example:/opt/ros/foxy PYTHONPATH=/home/jaime/ros2_ws/install/turtlesim/lib/python3.8/site-packages:/home/jaime/ros2_ws/build/my_py_pkg:/home/jaime/ros2_ws/install/my_py_pkg/lib/python3.8/site-packages:/home/jaime/ros2_ws/build/controlador_turtlesim:/home/jaime/ros2_ws/install/controlador_turtlesim/lib/python3.8/site-packages:/home/jaime/ros2_ws/build/control_turtlebot3:/home/jaime/ros2_ws/install/control_turtlebot3/lib/python3.8/site-packages:/home/jaime/ros2_ws/build/turtlesim:/home/jaime/turtlebot3_ws/build/turtlebot3_teleop:/home/jaime/turtlebot3_ws/install/turtlebot3_teleop/lib/python3.8/site-packages:/home/jaime/turtlebot3_ws/build/turtlebot3_example:/home/jaime/turtlebot3_ws/install/turtlebot3_example/lib/python3.8/site-packages:/home/jaime/turtlebot3_ws/install/turtlebot3_msgs/lib/python3.8/site-packages:/home/jaime/turtlebot3_ws/install/dynamixel_sdk_custom_interfaces/lib/python3.8/site-packages:/opt/ros/foxy/lib/python3.8/site-packages /usr/bin/cmake /home/jaime/ros2_ws/src/my_c_pkg -DCMAKE_INSTALL_PREFIX=/home/jaime/ros2_ws/install/my_c_pkg
[5.881s] DEBUG:colcon.colcon_core.event_handler.log_command:Invoking command in '/home/jaime/ros2_ws/build/my_c_pkg': AMENT_PREFIX_PATH=/home/jaime/ros2_ws/install/turtlesim:/home/jaime/ros2_ws/install/my_py_pkg:/home/jaime/ros2_ws/install/my_c_pkg:/home/jaime/ros2_ws/install/controlador_turtlesim:/home/jaime/ros2_ws/install/control_turtlebot3:/home/jaime/turtlebot3_ws/install/turtlebot3:/home/jaime/turtlebot3_ws/install/turtlebot3_teleop:/home/jaime/turtlebot3_ws/install/turtlebot3_simulations:/home/jaime/turtlebot3_ws/install/turtlebot3_bringup:/home/jaime/turtlebot3_ws/install/turtlebot3_node:/home/jaime/turtlebot3_ws/install/turtlebot3_navigation2:/home/jaime/turtlebot3_ws/install/turtlebot3_fake_node:/home/jaime/turtlebot3_ws/install/turtlebot3_example:/home/jaime/turtlebot3_ws/install/turtlebot3_msgs:/home/jaime/turtlebot3_ws/install/turtlebot3_gazebo:/home/jaime/turtlebot3_ws/install/turtlebot3_description:/home/jaime/turtlebot3_ws/install/turtlebot3_cartographer:/home/jaime/turtlebot3_ws/install/dynamixel_sdk_examples:/home/jaime/turtlebot3_ws/install/dynamixel_sdk_custom_interfaces:/home/jaime/turtlebot3_ws/install/dynamixel_sdk:/opt/ros/foxy CMAKE_PREFIX_PATH=${CMAKE_PREFIX_PATH}:/home/jaime/ros2_ws/install/my_py_pkg:/home/jaime/ros2_ws/install/controlador_turtlesim:/home/jaime/ros2_ws/install/control_turtlebot3:/home/jaime/ros2_ws/install/turtlesim:/home/jaime/turtlebot3_ws/install/turtlebot3_teleop:/home/jaime/turtlebot3_ws/install/turtlebot3_example:/opt/ros/foxy PYTHONPATH=/home/jaime/ros2_ws/install/turtlesim/lib/python3.8/site-packages:/home/jaime/ros2_ws/build/my_py_pkg:/home/jaime/ros2_ws/install/my_py_pkg/lib/python3.8/site-packages:/home/jaime/ros2_ws/build/controlador_turtlesim:/home/jaime/ros2_ws/install/controlador_turtlesim/lib/python3.8/site-packages:/home/jaime/ros2_ws/build/control_turtlebot3:/home/jaime/ros2_ws/install/control_turtlebot3/lib/python3.8/site-packages:/home/jaime/ros2_ws/build/turtlesim:/home/jaime/turtlebot3_ws/build/turtlebot3_teleop:/home/jaime/turtlebot3_ws/install/turtlebot3_teleop/lib/python3.8/site-packages:/home/jaime/turtlebot3_ws/build/turtlebot3_example:/home/jaime/turtlebot3_ws/install/turtlebot3_example/lib/python3.8/site-packages:/home/jaime/turtlebot3_ws/install/turtlebot3_msgs/lib/python3.8/site-packages:/home/jaime/turtlebot3_ws/install/dynamixel_sdk_custom_interfaces/lib/python3.8/site-packages:/opt/ros/foxy/lib/python3.8/site-packages /usr/bin/cmake --build /home/jaime/ros2_ws/build/my_c_pkg -- -j5 -l5
[6.110s] DEBUG:colcon.colcon_core.event_handler.log_command:Invoked command in '/home/jaime/ros2_ws/build/my_c_pkg' returned '0': AMENT_PREFIX_PATH=/home/jaime/ros2_ws/install/turtlesim:/home/jaime/ros2_ws/install/my_py_pkg:/home/jaime/ros2_ws/install/my_c_pkg:/home/jaime/ros2_ws/install/controlador_turtlesim:/home/jaime/ros2_ws/install/control_turtlebot3:/home/jaime/turtlebot3_ws/install/turtlebot3:/home/jaime/turtlebot3_ws/install/turtlebot3_teleop:/home/jaime/turtlebot3_ws/install/turtlebot3_simulations:/home/jaime/turtlebot3_ws/install/turtlebot3_bringup:/home/jaime/turtlebot3_ws/install/turtlebot3_node:/home/jaime/turtlebot3_ws/install/turtlebot3_navigation2:/home/jaime/turtlebot3_ws/install/turtlebot3_fake_node:/home/jaime/turtlebot3_ws/install/turtlebot3_example:/home/jaime/turtlebot3_ws/install/turtlebot3_msgs:/home/jaime/turtlebot3_ws/install/turtlebot3_gazebo:/home/jaime/turtlebot3_ws/install/turtlebot3_description:/home/jaime/turtlebot3_ws/install/turtlebot3_cartographer:/home/jaime/turtlebot3_ws/install/dynamixel_sdk_examples:/home/jaime/turtlebot3_ws/install/dynamixel_sdk_custom_interfaces:/home/jaime/turtlebot3_ws/install/dynamixel_sdk:/opt/ros/foxy CMAKE_PREFIX_PATH=${CMAKE_PREFIX_PATH}:/home/jaime/ros2_ws/install/my_py_pkg:/home/jaime/ros2_ws/install/controlador_turtlesim:/home/jaime/ros2_ws/install/control_turtlebot3:/home/jaime/ros2_ws/install/turtlesim:/home/jaime/turtlebot3_ws/install/turtlebot3_teleop:/home/jaime/turtlebot3_ws/install/turtlebot3_example:/opt/ros/foxy PYTHONPATH=/home/jaime/ros2_ws/install/turtlesim/lib/python3.8/site-packages:/home/jaime/ros2_ws/build/my_py_pkg:/home/jaime/ros2_ws/install/my_py_pkg/lib/python3.8/site-packages:/home/jaime/ros2_ws/build/controlador_turtlesim:/home/jaime/ros2_ws/install/controlador_turtlesim/lib/python3.8/site-packages:/home/jaime/ros2_ws/build/control_turtlebot3:/home/jaime/ros2_ws/install/control_turtlebot3/lib/python3.8/site-packages:/home/jaime/ros2_ws/build/turtlesim:/home/jaime/turtlebot3_ws/build/turtlebot3_teleop:/home/jaime/turtlebot3_ws/install/turtlebot3_teleop/lib/python3.8/site-packages:/home/jaime/turtlebot3_ws/build/turtlebot3_example:/home/jaime/turtlebot3_ws/install/turtlebot3_example/lib/python3.8/site-packages:/home/jaime/turtlebot3_ws/install/turtlebot3_msgs/lib/python3.8/site-packages:/home/jaime/turtlebot3_ws/install/dynamixel_sdk_custom_interfaces/lib/python3.8/site-packages:/opt/ros/foxy/lib/python3.8/site-packages /usr/bin/cmake --build /home/jaime/ros2_ws/build/my_c_pkg -- -j5 -l5
[6.257s] DEBUG:colcon.colcon_core.event_handler.log_command:Invoking command in '/home/jaime/ros2_ws/build/my_c_pkg': AMENT_PREFIX_PATH=/home/jaime/ros2_ws/install/turtlesim:/home/jaime/ros2_ws/install/my_py_pkg:/home/jaime/ros2_ws/install/my_c_pkg:/home/jaime/ros2_ws/install/controlador_turtlesim:/home/jaime/ros2_ws/install/control_turtlebot3:/home/jaime/turtlebot3_ws/install/turtlebot3:/home/jaime/turtlebot3_ws/install/turtlebot3_teleop:/home/jaime/turtlebot3_ws/install/turtlebot3_simulations:/home/jaime/turtlebot3_ws/install/turtlebot3_bringup:/home/jaime/turtlebot3_ws/install/turtlebot3_node:/home/jaime/turtlebot3_ws/install/turtlebot3_navigation2:/home/jaime/turtlebot3_ws/install/turtlebot3_fake_node:/home/jaime/turtlebot3_ws/install/turtlebot3_example:/home/jaime/turtlebot3_ws/install/turtlebot3_msgs:/home/jaime/turtlebot3_ws/install/turtlebot3_gazebo:/home/jaime/turtlebot3_ws/install/turtlebot3_description:/home/jaime/turtlebot3_ws/install/turtlebot3_cartographer:/home/jaime/turtlebot3_ws/install/dynamixel_sdk_examples:/home/jaime/turtlebot3_ws/install/dynamixel_sdk_custom_interfaces:/home/jaime/turtlebot3_ws/install/dynamixel_sdk:/opt/ros/foxy CMAKE_PREFIX_PATH=${CMAKE_PREFIX_PATH}:/home/jaime/ros2_ws/install/my_py_pkg:/home/jaime/ros2_ws/install/controlador_turtlesim:/home/jaime/ros2_ws/install/control_turtlebot3:/home/jaime/ros2_ws/install/turtlesim:/home/jaime/turtlebot3_ws/install/turtlebot3_teleop:/home/jaime/turtlebot3_ws/install/turtlebot3_example:/opt/ros/foxy PYTHONPATH=/home/jaime/ros2_ws/install/turtlesim/lib/python3.8/site-packages:/home/jaime/ros2_ws/build/my_py_pkg:/home/jaime/ros2_ws/install/my_py_pkg/lib/python3.8/site-packages:/home/jaime/ros2_ws/build/controlador_turtlesim:/home/jaime/ros2_ws/install/controlador_turtlesim/lib/python3.8/site-packages:/home/jaime/ros2_ws/build/control_turtlebot3:/home/jaime/ros2_ws/install/control_turtlebot3/lib/python3.8/site-packages:/home/jaime/ros2_ws/build/turtlesim:/home/jaime/turtlebot3_ws/build/turtlebot3_teleop:/home/jaime/turtlebot3_ws/install/turtlebot3_teleop/lib/python3.8/site-packages:/home/jaime/turtlebot3_ws/build/turtlebot3_example:/home/jaime/turtlebot3_ws/install/turtlebot3_example/lib/python3.8/site-packages:/home/jaime/turtlebot3_ws/install/turtlebot3_msgs/lib/python3.8/site-packages:/home/jaime/turtlebot3_ws/install/dynamixel_sdk_custom_interfaces/lib/python3.8/site-packages:/opt/ros/foxy/lib/python3.8/site-packages /usr/bin/cmake --install /home/jaime/ros2_ws/build/my_c_pkg
[6.311s] Level 1:colcon.colcon_core.environment:create_environment_scripts_only(my_c_pkg)
[6.315s] Level 1:colcon.colcon_core.environment:checking '/home/jaime/ros2_ws/install/my_c_pkg' for CMake module files
[6.316s] Level 1:colcon.colcon_core.environment:checking '/home/jaime/ros2_ws/install/my_c_pkg' for CMake config files
[6.317s] Level 1:colcon.colcon_core.shell:create_environment_hook('my_c_pkg', 'cmake_prefix_path')
[6.319s] INFO:colcon.colcon_core.shell:Creating environment hook '/home/jaime/ros2_ws/install/my_c_pkg/share/my_c_pkg/hook/cmake_prefix_path.ps1'
[6.321s] DEBUG:colcon.colcon_core.event_handler.log_command:Invoked command in '/home/jaime/ros2_ws/build/my_c_pkg' returned '0': AMENT_PREFIX_PATH=/home/jaime/ros2_ws/install/turtlesim:/home/jaime/ros2_ws/install/my_py_pkg:/home/jaime/ros2_ws/install/my_c_pkg:/home/jaime/ros2_ws/install/controlador_turtlesim:/home/jaime/ros2_ws/install/control_turtlebot3:/home/jaime/turtlebot3_ws/install/turtlebot3:/home/jaime/turtlebot3_ws/install/turtlebot3_teleop:/home/jaime/turtlebot3_ws/install/turtlebot3_simulations:/home/jaime/turtlebot3_ws/install/turtlebot3_bringup:/home/jaime/turtlebot3_ws/install/turtlebot3_node:/home/jaime/turtlebot3_ws/install/turtlebot3_navigation2:/home/jaime/turtlebot3_ws/install/turtlebot3_fake_node:/home/jaime/turtlebot3_ws/install/turtlebot3_example:/home/jaime/turtlebot3_ws/install/turtlebot3_msgs:/home/jaime/turtlebot3_ws/install/turtlebot3_gazebo:/home/jaime/turtlebot3_ws/install/turtlebot3_description:/home/jaime/turtlebot3_ws/install/turtlebot3_cartographer:/home/jaime/turtlebot3_ws/install/dynamixel_sdk_examples:/home/jaime/turtlebot3_ws/install/dynamixel_sdk_custom_interfaces:/home/jaime/turtlebot3_ws/install/dynamixel_sdk:/opt/ros/foxy CMAKE_PREFIX_PATH=${CMAKE_PREFIX_PATH}:/home/jaime/ros2_ws/install/my_py_pkg:/home/jaime/ros2_ws/install/controlador_turtlesim:/home/jaime/ros2_ws/install/control_turtlebot3:/home/jaime/ros2_ws/install/turtlesim:/home/jaime/turtlebot3_ws/install/turtlebot3_teleop:/home/jaime/turtlebot3_ws/install/turtlebot3_example:/opt/ros/foxy PYTHONPATH=/home/jaime/ros2_ws/install/turtlesim/lib/python3.8/site-packages:/home/jaime/ros2_ws/build/my_py_pkg:/home/jaime/ros2_ws/install/my_py_pkg/lib/python3.8/site-packages:/home/jaime/ros2_ws/build/controlador_turtlesim:/home/jaime/ros2_ws/install/controlador_turtlesim/lib/python3.8/site-packages:/home/jaime/ros2_ws/build/control_turtlebot3:/home/jaime/ros2_ws/install/control_turtlebot3/lib/python3.8/site-packages:/home/jaime/ros2_ws/build/turtlesim:/home/jaime/turtlebot3_ws/build/turtlebot3_teleop:/home/jaime/turtlebot3_ws/install/turtlebot3_teleop/lib/python3.8/site-packages:/home/jaime/turtlebot3_ws/build/turtlebot3_example:/home/jaime/turtlebot3_ws/install/turtlebot3_example/lib/python3.8/site-packages:/home/jaime/turtlebot3_ws/install/turtlebot3_msgs/lib/python3.8/site-packages:/home/jaime/turtlebot3_ws/install/dynamixel_sdk_custom_interfaces/lib/python3.8/site-packages:/opt/ros/foxy/lib/python3.8/site-packages /usr/bin/cmake --install /home/jaime/ros2_ws/build/my_c_pkg
[6.322s] INFO:colcon.colcon_core.shell:Creating environment descriptor '/home/jaime/ros2_ws/install/my_c_pkg/share/my_c_pkg/hook/cmake_prefix_path.dsv'
[6.323s] INFO:colcon.colcon_core.shell:Creating environment hook '/home/jaime/ros2_ws/install/my_c_pkg/share/my_c_pkg/hook/cmake_prefix_path.sh'
[6.325s] Level 1:colcon.colcon_core.environment:checking '/home/jaime/ros2_ws/install/my_c_pkg/bin'
[6.325s] Level 1:colcon.colcon_core.environment:checking '/home/jaime/ros2_ws/install/my_c_pkg/lib/pkgconfig/my_c_pkg.pc'
[6.325s] Level 1:colcon.colcon_core.environment:checking '/home/jaime/ros2_ws/install/my_c_pkg/lib/python3.8/site-packages'
[6.326s] Level 1:colcon.colcon_core.environment:checking '/home/jaime/ros2_ws/install/my_c_pkg/bin'
[6.328s] INFO:colcon.colcon_core.shell:Creating package script '/home/jaime/ros2_ws/install/my_c_pkg/share/my_c_pkg/package.ps1'
[6.331s] INFO:colcon.colcon_core.shell:Creating package descriptor '/home/jaime/ros2_ws/install/my_c_pkg/share/my_c_pkg/package.dsv'
[6.333s] INFO:colcon.colcon_core.shell:Creating package script '/home/jaime/ros2_ws/install/my_c_pkg/share/my_c_pkg/package.sh'
[6.334s] INFO:colcon.colcon_core.shell:Creating package script '/home/jaime/ros2_ws/install/my_c_pkg/share/my_c_pkg/package.bash'
[6.335s] INFO:colcon.colcon_core.shell:Creating package script '/home/jaime/ros2_ws/install/my_c_pkg/share/my_c_pkg/package.zsh'
[6.337s] Level 1:colcon.colcon_core.environment:create_file_with_runtime_dependencies(/home/jaime/ros2_ws/install/my_c_pkg/share/colcon-core/packages/my_c_pkg)
[6.416s] Level 1:colcon.colcon_core.environment:create_environment_scripts_only(my_c_pkg)
[6.420s] Level 1:colcon.colcon_core.environment:checking '/home/jaime/ros2_ws/install/my_c_pkg' for CMake module files
[6.422s] Level 1:colcon.colcon_core.environment:checking '/home/jaime/ros2_ws/install/my_c_pkg' for CMake config files
[6.422s] Level 1:colcon.colcon_core.shell:create_environment_hook('my_c_pkg', 'cmake_prefix_path')
[6.425s] INFO:colcon.colcon_core.shell:Creating environment hook '/home/jaime/ros2_ws/install/my_c_pkg/share/my_c_pkg/hook/cmake_prefix_path.ps1'
[6.428s] INFO:colcon.colcon_core.shell:Creating environment descriptor '/home/jaime/ros2_ws/install/my_c_pkg/share/my_c_pkg/hook/cmake_prefix_path.dsv'
[6.430s] INFO:colcon.colcon_core.shell:Creating environment hook '/home/jaime/ros2_ws/install/my_c_pkg/share/my_c_pkg/hook/cmake_prefix_path.sh'
[6.432s] Level 1:colcon.colcon_core.environment:checking '/home/jaime/ros2_ws/install/my_c_pkg/bin'
[6.432s] Level 1:colcon.colcon_core.environment:checking '/home/jaime/ros2_ws/install/my_c_pkg/lib/pkgconfig/my_c_pkg.pc'
[6.433s] Level 1:colcon.colcon_core.environment:checking '/home/jaime/ros2_ws/install/my_c_pkg/lib/python3.8/site-packages'
[6.433s] Level 1:colcon.colcon_core.environment:checking '/home/jaime/ros2_ws/install/my_c_pkg/bin'
[6.435s] INFO:colcon.colcon_core.shell:Creating package script '/home/jaime/ros2_ws/install/my_c_pkg/share/my_c_pkg/package.ps1'
[6.437s] INFO:colcon.colcon_core.shell:Creating package descriptor '/home/jaime/ros2_ws/install/my_c_pkg/share/my_c_pkg/package.dsv'
[6.438s] INFO:colcon.colcon_core.shell:Creating package script '/home/jaime/ros2_ws/install/my_c_pkg/share/my_c_pkg/package.sh'
[6.439s] INFO:colcon.colcon_core.shell:Creating package script '/home/jaime/ros2_ws/install/my_c_pkg/share/my_c_pkg/package.bash'
[6.440s] INFO:colcon.colcon_core.shell:Creating package script '/home/jaime/ros2_ws/install/my_c_pkg/share/my_c_pkg/package.zsh'
[6.441s] Level 1:colcon.colcon_core.environment:create_file_with_runtime_dependencies(/home/jaime/ros2_ws/install/my_c_pkg/share/colcon-core/packages/my_c_pkg)
[6.445s] DEBUG:colcon.colcon_core.event_handler.log_command:Invoking command in '/home/jaime/ros2_ws/build/control_turtlebot3': AMENT_PREFIX_PATH=/home/jaime/ros2_ws/install/turtlesim:/home/jaime/ros2_ws/install/my_py_pkg:/home/jaime/ros2_ws/install/my_c_pkg:/home/jaime/ros2_ws/install/controlador_turtlesim:/home/jaime/ros2_ws/install/control_turtlebot3:/home/jaime/turtlebot3_ws/install/turtlebot3:/home/jaime/turtlebot3_ws/install/turtlebot3_teleop:/home/jaime/turtlebot3_ws/install/turtlebot3_simulations:/home/jaime/turtlebot3_ws/install/turtlebot3_bringup:/home/jaime/turtlebot3_ws/install/turtlebot3_node:/home/jaime/turtlebot3_ws/install/turtlebot3_navigation2:/home/jaime/turtlebot3_ws/install/turtlebot3_fake_node:/home/jaime/turtlebot3_ws/install/turtlebot3_example:/home/jaime/turtlebot3_ws/install/turtlebot3_msgs:/home/jaime/turtlebot3_ws/install/turtlebot3_gazebo:/home/jaime/turtlebot3_ws/install/turtlebot3_description:/home/jaime/turtlebot3_ws/install/turtlebot3_cartographer:/home/jaime/turtlebot3_ws/install/dynamixel_sdk_examples:/home/jaime/turtlebot3_ws/install/dynamixel_sdk_custom_interfaces:/home/jaime/turtlebot3_ws/install/dynamixel_sdk:/opt/ros/foxy PYTHONPATH=/home/jaime/ros2_ws/build/control_turtlebot3/prefix_override:/home/jaime/ros2_ws/install/control_turtlebot3/lib/python3.8/site-packages:/home/jaime/ros2_ws/install/turtlesim/lib/python3.8/site-packages:/home/jaime/ros2_ws/build/my_py_pkg:/home/jaime/ros2_ws/install/my_py_pkg/lib/python3.8/site-packages:/home/jaime/ros2_ws/build/controlador_turtlesim:/home/jaime/ros2_ws/install/controlador_turtlesim/lib/python3.8/site-packages:/home/jaime/ros2_ws/build/control_turtlebot3:/home/jaime/ros2_ws/install/control_turtlebot3/lib/python3.8/site-packages:/home/jaime/ros2_ws/build/turtlesim:/home/jaime/turtlebot3_ws/build/turtlebot3_teleop:/home/jaime/turtlebot3_ws/install/turtlebot3_teleop/lib/python3.8/site-packages:/home/jaime/turtlebot3_ws/build/turtlebot3_example:/home/jaime/turtlebot3_ws/install/turtlebot3_example/lib/python3.8/site-packages:/home/jaime/turtlebot3_ws/install/turtlebot3_msgs/lib/python3.8/site-packages:/home/jaime/turtlebot3_ws/install/dynamixel_sdk_custom_interfaces/lib/python3.8/site-packages:/opt/ros/foxy/lib/python3.8/site-packages /usr/bin/python3 setup.py develop --uninstall --editable --build-directory /home/jaime/ros2_ws/build/control_turtlebot3/build
[6.614s] DEBUG:colcon.colcon_core.event_handler.log_command:Invoking command in '/home/jaime/ros2_ws/build/controlador_turtlesim': AMENT_PREFIX_PATH=/home/jaime/ros2_ws/install/turtlesim:/home/jaime/ros2_ws/install/my_py_pkg:/home/jaime/ros2_ws/install/my_c_pkg:/home/jaime/ros2_ws/install/controlador_turtlesim:/home/jaime/ros2_ws/install/control_turtlebot3:/home/jaime/turtlebot3_ws/install/turtlebot3:/home/jaime/turtlebot3_ws/install/turtlebot3_teleop:/home/jaime/turtlebot3_ws/install/turtlebot3_simulations:/home/jaime/turtlebot3_ws/install/turtlebot3_bringup:/home/jaime/turtlebot3_ws/install/turtlebot3_node:/home/jaime/turtlebot3_ws/install/turtlebot3_navigation2:/home/jaime/turtlebot3_ws/install/turtlebot3_fake_node:/home/jaime/turtlebot3_ws/install/turtlebot3_example:/home/jaime/turtlebot3_ws/install/turtlebot3_msgs:/home/jaime/turtlebot3_ws/install/turtlebot3_gazebo:/home/jaime/turtlebot3_ws/install/turtlebot3_description:/home/jaime/turtlebot3_ws/install/turtlebot3_cartographer:/home/jaime/turtlebot3_ws/install/dynamixel_sdk_examples:/home/jaime/turtlebot3_ws/install/dynamixel_sdk_custom_interfaces:/home/jaime/turtlebot3_ws/install/dynamixel_sdk:/opt/ros/foxy PYTHONPATH=/home/jaime/ros2_ws/build/controlador_turtlesim/prefix_override:/home/jaime/ros2_ws/install/controlador_turtlesim/lib/python3.8/site-packages:/home/jaime/ros2_ws/install/turtlesim/lib/python3.8/site-packages:/home/jaime/ros2_ws/build/my_py_pkg:/home/jaime/ros2_ws/install/my_py_pkg/lib/python3.8/site-packages:/home/jaime/ros2_ws/build/controlador_turtlesim:/home/jaime/ros2_ws/install/controlador_turtlesim/lib/python3.8/site-packages:/home/jaime/ros2_ws/build/control_turtlebot3:/home/jaime/ros2_ws/install/control_turtlebot3/lib/python3.8/site-packages:/home/jaime/ros2_ws/build/turtlesim:/home/jaime/turtlebot3_ws/build/turtlebot3_teleop:/home/jaime/turtlebot3_ws/install/turtlebot3_teleop/lib/python3.8/site-packages:/home/jaime/turtlebot3_ws/build/turtlebot3_example:/home/jaime/turtlebot3_ws/install/turtlebot3_example/lib/python3.8/site-packages:/home/jaime/turtlebot3_ws/install/turtlebot3_msgs/lib/python3.8/site-packages:/home/jaime/turtlebot3_ws/install/dynamixel_sdk_custom_interfaces/lib/python3.8/site-packages:/opt/ros/foxy/lib/python3.8/site-packages /usr/bin/python3 setup.py develop --uninstall --editable --build-directory /home/jaime/ros2_ws/build/controlador_turtlesim/build
[6.691s] DEBUG:colcon.colcon_core.event_handler.log_command:Invoking command in '/home/jaime/ros2_ws/build/my_py_pkg': AMENT_PREFIX_PATH=/home/jaime/ros2_ws/install/turtlesim:/home/jaime/ros2_ws/install/my_py_pkg:/home/jaime/ros2_ws/install/my_c_pkg:/home/jaime/ros2_ws/install/controlador_turtlesim:/home/jaime/ros2_ws/install/control_turtlebot3:/home/jaime/turtlebot3_ws/install/turtlebot3:/home/jaime/turtlebot3_ws/install/turtlebot3_teleop:/home/jaime/turtlebot3_ws/install/turtlebot3_simulations:/home/jaime/turtlebot3_ws/install/turtlebot3_bringup:/home/jaime/turtlebot3_ws/install/turtlebot3_node:/home/jaime/turtlebot3_ws/install/turtlebot3_navigation2:/home/jaime/turtlebot3_ws/install/turtlebot3_fake_node:/home/jaime/turtlebot3_ws/install/turtlebot3_example:/home/jaime/turtlebot3_ws/install/turtlebot3_msgs:/home/jaime/turtlebot3_ws/install/turtlebot3_gazebo:/home/jaime/turtlebot3_ws/install/turtlebot3_description:/home/jaime/turtlebot3_ws/install/turtlebot3_cartographer:/home/jaime/turtlebot3_ws/install/dynamixel_sdk_examples:/home/jaime/turtlebot3_ws/install/dynamixel_sdk_custom_interfaces:/home/jaime/turtlebot3_ws/install/dynamixel_sdk:/opt/ros/foxy PYTHONPATH=/home/jaime/ros2_ws/build/my_py_pkg/prefix_override:/home/jaime/ros2_ws/install/my_py_pkg/lib/python3.8/site-packages:/home/jaime/ros2_ws/install/turtlesim/lib/python3.8/site-packages:/home/jaime/ros2_ws/build/my_py_pkg:/home/jaime/ros2_ws/install/my_py_pkg/lib/python3.8/site-packages:/home/jaime/ros2_ws/build/controlador_turtlesim:/home/jaime/ros2_ws/install/controlador_turtlesim/lib/python3.8/site-packages:/home/jaime/ros2_ws/build/control_turtlebot3:/home/jaime/ros2_ws/install/control_turtlebot3/lib/python3.8/site-packages:/home/jaime/ros2_ws/build/turtlesim:/home/jaime/turtlebot3_ws/build/turtlebot3_teleop:/home/jaime/turtlebot3_ws/install/turtlebot3_teleop/lib/python3.8/site-packages:/home/jaime/turtlebot3_ws/build/turtlebot3_example:/home/jaime/turtlebot3_ws/install/turtlebot3_example/lib/python3.8/site-packages:/home/jaime/turtlebot3_ws/install/turtlebot3_msgs/lib/python3.8/site-packages:/home/jaime/turtlebot3_ws/install/dynamixel_sdk_custom_interfaces/lib/python3.8/site-packages:/opt/ros/foxy/lib/python3.8/site-packages /usr/bin/python3 setup.py develop --uninstall --editable --build-directory /home/jaime/ros2_ws/build/my_py_pkg/build
[7.324s] DEBUG:colcon.colcon_core.event_handler.log_command:Invoked command in '/home/jaime/ros2_ws/build/control_turtlebot3' returned '0': AMENT_PREFIX_PATH=/home/jaime/ros2_ws/install/turtlesim:/home/jaime/ros2_ws/install/my_py_pkg:/home/jaime/ros2_ws/install/my_c_pkg:/home/jaime/ros2_ws/install/controlador_turtlesim:/home/jaime/ros2_ws/install/control_turtlebot3:/home/jaime/turtlebot3_ws/install/turtlebot3:/home/jaime/turtlebot3_ws/install/turtlebot3_teleop:/home/jaime/turtlebot3_ws/install/turtlebot3_simulations:/home/jaime/turtlebot3_ws/install/turtlebot3_bringup:/home/jaime/turtlebot3_ws/install/turtlebot3_node:/home/jaime/turtlebot3_ws/install/turtlebot3_navigation2:/home/jaime/turtlebot3_ws/install/turtlebot3_fake_node:/home/jaime/turtlebot3_ws/install/turtlebot3_example:/home/jaime/turtlebot3_ws/install/turtlebot3_msgs:/home/jaime/turtlebot3_ws/install/turtlebot3_gazebo:/home/jaime/turtlebot3_ws/install/turtlebot3_description:/home/jaime/turtlebot3_ws/install/turtlebot3_cartographer:/home/jaime/turtlebot3_ws/install/dynamixel_sdk_examples:/home/jaime/turtlebot3_ws/install/dynamixel_sdk_custom_interfaces:/home/jaime/turtlebot3_ws/install/dynamixel_sdk:/opt/ros/foxy PYTHONPATH=/home/jaime/ros2_ws/build/control_turtlebot3/prefix_override:/home/jaime/ros2_ws/install/control_turtlebot3/lib/python3.8/site-packages:/home/jaime/ros2_ws/install/turtlesim/lib/python3.8/site-packages:/home/jaime/ros2_ws/build/my_py_pkg:/home/jaime/ros2_ws/install/my_py_pkg/lib/python3.8/site-packages:/home/jaime/ros2_ws/build/controlador_turtlesim:/home/jaime/ros2_ws/install/controlador_turtlesim/lib/python3.8/site-packages:/home/jaime/ros2_ws/build/control_turtlebot3:/home/jaime/ros2_ws/install/control_turtlebot3/lib/python3.8/site-packages:/home/jaime/ros2_ws/build/turtlesim:/home/jaime/turtlebot3_ws/build/turtlebot3_teleop:/home/jaime/turtlebot3_ws/install/turtlebot3_teleop/lib/python3.8/site-packages:/home/jaime/turtlebot3_ws/build/turtlebot3_example:/home/jaime/turtlebot3_ws/install/turtlebot3_example/lib/python3.8/site-packages:/home/jaime/turtlebot3_ws/install/turtlebot3_msgs/lib/python3.8/site-packages:/home/jaime/turtlebot3_ws/install/dynamixel_sdk_custom_interfaces/lib/python3.8/site-packages:/opt/ros/foxy/lib/python3.8/site-packages /usr/bin/python3 setup.py develop --uninstall --editable --build-directory /home/jaime/ros2_ws/build/control_turtlebot3/build
[7.325s] DEBUG:colcon.colcon_core.event_handler.log_command:Invoking command in '/home/jaime/ros2_ws/src/control_turtlebot3': AMENT_PREFIX_PATH=/home/jaime/ros2_ws/install/turtlesim:/home/jaime/ros2_ws/install/my_py_pkg:/home/jaime/ros2_ws/install/my_c_pkg:/home/jaime/ros2_ws/install/controlador_turtlesim:/home/jaime/ros2_ws/install/control_turtlebot3:/home/jaime/turtlebot3_ws/install/turtlebot3:/home/jaime/turtlebot3_ws/install/turtlebot3_teleop:/home/jaime/turtlebot3_ws/install/turtlebot3_simulations:/home/jaime/turtlebot3_ws/install/turtlebot3_bringup:/home/jaime/turtlebot3_ws/install/turtlebot3_node:/home/jaime/turtlebot3_ws/install/turtlebot3_navigation2:/home/jaime/turtlebot3_ws/install/turtlebot3_fake_node:/home/jaime/turtlebot3_ws/install/turtlebot3_example:/home/jaime/turtlebot3_ws/install/turtlebot3_msgs:/home/jaime/turtlebot3_ws/install/turtlebot3_gazebo:/home/jaime/turtlebot3_ws/install/turtlebot3_description:/home/jaime/turtlebot3_ws/install/turtlebot3_cartographer:/home/jaime/turtlebot3_ws/install/dynamixel_sdk_examples:/home/jaime/turtlebot3_ws/install/dynamixel_sdk_custom_interfaces:/home/jaime/turtlebot3_ws/install/dynamixel_sdk:/opt/ros/foxy PYTHONPATH=/home/jaime/ros2_ws/build/control_turtlebot3/prefix_override:/home/jaime/ros2_ws/install/control_turtlebot3/lib/python3.8/site-packages:/home/jaime/ros2_ws/install/turtlesim/lib/python3.8/site-packages:/home/jaime/ros2_ws/build/my_py_pkg:/home/jaime/ros2_ws/install/my_py_pkg/lib/python3.8/site-packages:/home/jaime/ros2_ws/build/controlador_turtlesim:/home/jaime/ros2_ws/install/controlador_turtlesim/lib/python3.8/site-packages:/home/jaime/ros2_ws/build/control_turtlebot3:/home/jaime/ros2_ws/install/control_turtlebot3/lib/python3.8/site-packages:/home/jaime/ros2_ws/build/turtlesim:/home/jaime/turtlebot3_ws/build/turtlebot3_teleop:/home/jaime/turtlebot3_ws/install/turtlebot3_teleop/lib/python3.8/site-packages:/home/jaime/turtlebot3_ws/build/turtlebot3_example:/home/jaime/turtlebot3_ws/install/turtlebot3_example/lib/python3.8/site-packages:/home/jaime/turtlebot3_ws/install/turtlebot3_msgs/lib/python3.8/site-packages:/home/jaime/turtlebot3_ws/install/dynamixel_sdk_custom_interfaces/lib/python3.8/site-packages:/opt/ros/foxy/lib/python3.8/site-packages /usr/bin/python3 setup.py egg_info --egg-base ../../build/control_turtlebot3 build --build-base /home/jaime/ros2_ws/build/control_turtlebot3/build install --record /home/jaime/ros2_ws/build/control_turtlebot3/install.log --install-scripts $base/lib/control_turtlebot3 --single-version-externally-managed
[7.406s] DEBUG:colcon.colcon_core.event_handler.log_command:Invoked command in '/home/jaime/ros2_ws/build/controlador_turtlesim' returned '0': AMENT_PREFIX_PATH=/home/jaime/ros2_ws/install/turtlesim:/home/jaime/ros2_ws/install/my_py_pkg:/home/jaime/ros2_ws/install/my_c_pkg:/home/jaime/ros2_ws/install/controlador_turtlesim:/home/jaime/ros2_ws/install/control_turtlebot3:/home/jaime/turtlebot3_ws/install/turtlebot3:/home/jaime/turtlebot3_ws/install/turtlebot3_teleop:/home/jaime/turtlebot3_ws/install/turtlebot3_simulations:/home/jaime/turtlebot3_ws/install/turtlebot3_bringup:/home/jaime/turtlebot3_ws/install/turtlebot3_node:/home/jaime/turtlebot3_ws/install/turtlebot3_navigation2:/home/jaime/turtlebot3_ws/install/turtlebot3_fake_node:/home/jaime/turtlebot3_ws/install/turtlebot3_example:/home/jaime/turtlebot3_ws/install/turtlebot3_msgs:/home/jaime/turtlebot3_ws/install/turtlebot3_gazebo:/home/jaime/turtlebot3_ws/install/turtlebot3_description:/home/jaime/turtlebot3_ws/install/turtlebot3_cartographer:/home/jaime/turtlebot3_ws/install/dynamixel_sdk_examples:/home/jaime/turtlebot3_ws/install/dynamixel_sdk_custom_interfaces:/home/jaime/turtlebot3_ws/install/dynamixel_sdk:/opt/ros/foxy PYTHONPATH=/home/jaime/ros2_ws/build/controlador_turtlesim/prefix_override:/home/jaime/ros2_ws/install/controlador_turtlesim/lib/python3.8/site-packages:/home/jaime/ros2_ws/install/turtlesim/lib/python3.8/site-packages:/home/jaime/ros2_ws/build/my_py_pkg:/home/jaime/ros2_ws/install/my_py_pkg/lib/python3.8/site-packages:/home/jaime/ros2_ws/build/controlador_turtlesim:/home/jaime/ros2_ws/install/controlador_turtlesim/lib/python3.8/site-packages:/home/jaime/ros2_ws/build/control_turtlebot3:/home/jaime/ros2_ws/install/control_turtlebot3/lib/python3.8/site-packages:/home/jaime/ros2_ws/build/turtlesim:/home/jaime/turtlebot3_ws/build/turtlebot3_teleop:/home/jaime/turtlebot3_ws/install/turtlebot3_teleop/lib/python3.8/site-packages:/home/jaime/turtlebot3_ws/build/turtlebot3_example:/home/jaime/turtlebot3_ws/install/turtlebot3_example/lib/python3.8/site-packages:/home/jaime/turtlebot3_ws/install/turtlebot3_msgs/lib/python3.8/site-packages:/home/jaime/turtlebot3_ws/install/dynamixel_sdk_custom_interfaces/lib/python3.8/site-packages:/opt/ros/foxy/lib/python3.8/site-packages /usr/bin/python3 setup.py develop --uninstall --editable --build-directory /home/jaime/ros2_ws/build/controlador_turtlesim/build
[7.408s] DEBUG:colcon.colcon_core.event_handler.log_command:Invoking command in '/home/jaime/ros2_ws/src/controlador_turtlesim': AMENT_PREFIX_PATH=/home/jaime/ros2_ws/install/turtlesim:/home/jaime/ros2_ws/install/my_py_pkg:/home/jaime/ros2_ws/install/my_c_pkg:/home/jaime/ros2_ws/install/controlador_turtlesim:/home/jaime/ros2_ws/install/control_turtlebot3:/home/jaime/turtlebot3_ws/install/turtlebot3:/home/jaime/turtlebot3_ws/install/turtlebot3_teleop:/home/jaime/turtlebot3_ws/install/turtlebot3_simulations:/home/jaime/turtlebot3_ws/install/turtlebot3_bringup:/home/jaime/turtlebot3_ws/install/turtlebot3_node:/home/jaime/turtlebot3_ws/install/turtlebot3_navigation2:/home/jaime/turtlebot3_ws/install/turtlebot3_fake_node:/home/jaime/turtlebot3_ws/install/turtlebot3_example:/home/jaime/turtlebot3_ws/install/turtlebot3_msgs:/home/jaime/turtlebot3_ws/install/turtlebot3_gazebo:/home/jaime/turtlebot3_ws/install/turtlebot3_description:/home/jaime/turtlebot3_ws/install/turtlebot3_cartographer:/home/jaime/turtlebot3_ws/install/dynamixel_sdk_examples:/home/jaime/turtlebot3_ws/install/dynamixel_sdk_custom_interfaces:/home/jaime/turtlebot3_ws/install/dynamixel_sdk:/opt/ros/foxy PYTHONPATH=/home/jaime/ros2_ws/build/controlador_turtlesim/prefix_override:/home/jaime/ros2_ws/install/controlador_turtlesim/lib/python3.8/site-packages:/home/jaime/ros2_ws/install/turtlesim/lib/python3.8/site-packages:/home/jaime/ros2_ws/build/my_py_pkg:/home/jaime/ros2_ws/install/my_py_pkg/lib/python3.8/site-packages:/home/jaime/ros2_ws/build/controlador_turtlesim:/home/jaime/ros2_ws/install/controlador_turtlesim/lib/python3.8/site-packages:/home/jaime/ros2_ws/build/control_turtlebot3:/home/jaime/ros2_ws/install/control_turtlebot3/lib/python3.8/site-packages:/home/jaime/ros2_ws/build/turtlesim:/home/jaime/turtlebot3_ws/build/turtlebot3_teleop:/home/jaime/turtlebot3_ws/install/turtlebot3_teleop/lib/python3.8/site-packages:/home/jaime/turtlebot3_ws/build/turtlebot3_example:/home/jaime/turtlebot3_ws/install/turtlebot3_example/lib/python3.8/site-packages:/home/jaime/turtlebot3_ws/install/turtlebot3_msgs/lib/python3.8/site-packages:/home/jaime/turtlebot3_ws/install/dynamixel_sdk_custom_interfaces/lib/python3.8/site-packages:/opt/ros/foxy/lib/python3.8/site-packages /usr/bin/python3 setup.py egg_info --egg-base ../../build/controlador_turtlesim build --build-base /home/jaime/ros2_ws/build/controlador_turtlesim/build install --record /home/jaime/ros2_ws/build/controlador_turtlesim/install.log --install-scripts $base/lib/controlador_turtlesim --single-version-externally-managed
[7.450s] DEBUG:colcon.colcon_core.event_handler.log_command:Invoked command in '/home/jaime/ros2_ws/build/my_py_pkg' returned '0': AMENT_PREFIX_PATH=/home/jaime/ros2_ws/install/turtlesim:/home/jaime/ros2_ws/install/my_py_pkg:/home/jaime/ros2_ws/install/my_c_pkg:/home/jaime/ros2_ws/install/controlador_turtlesim:/home/jaime/ros2_ws/install/control_turtlebot3:/home/jaime/turtlebot3_ws/install/turtlebot3:/home/jaime/turtlebot3_ws/install/turtlebot3_teleop:/home/jaime/turtlebot3_ws/install/turtlebot3_simulations:/home/jaime/turtlebot3_ws/install/turtlebot3_bringup:/home/jaime/turtlebot3_ws/install/turtlebot3_node:/home/jaime/turtlebot3_ws/install/turtlebot3_navigation2:/home/jaime/turtlebot3_ws/install/turtlebot3_fake_node:/home/jaime/turtlebot3_ws/install/turtlebot3_example:/home/jaime/turtlebot3_ws/install/turtlebot3_msgs:/home/jaime/turtlebot3_ws/install/turtlebot3_gazebo:/home/jaime/turtlebot3_ws/install/turtlebot3_description:/home/jaime/turtlebot3_ws/install/turtlebot3_cartographer:/home/jaime/turtlebot3_ws/install/dynamixel_sdk_examples:/home/jaime/turtlebot3_ws/install/dynamixel_sdk_custom_interfaces:/home/jaime/turtlebot3_ws/install/dynamixel_sdk:/opt/ros/foxy PYTHONPATH=/home/jaime/ros2_ws/build/my_py_pkg/prefix_override:/home/jaime/ros2_ws/install/my_py_pkg/lib/python3.8/site-packages:/home/jaime/ros2_ws/install/turtlesim/lib/python3.8/site-packages:/home/jaime/ros2_ws/build/my_py_pkg:/home/jaime/ros2_ws/install/my_py_pkg/lib/python3.8/site-packages:/home/jaime/ros2_ws/build/controlador_turtlesim:/home/jaime/ros2_ws/install/controlador_turtlesim/lib/python3.8/site-packages:/home/jaime/ros2_ws/build/control_turtlebot3:/home/jaime/ros2_ws/install/control_turtlebot3/lib/python3.8/site-packages:/home/jaime/ros2_ws/build/turtlesim:/home/jaime/turtlebot3_ws/build/turtlebot3_teleop:/home/jaime/turtlebot3_ws/install/turtlebot3_teleop/lib/python3.8/site-packages:/home/jaime/turtlebot3_ws/build/turtlebot3_example:/home/jaime/turtlebot3_ws/install/turtlebot3_example/lib/python3.8/site-packages:/home/jaime/turtlebot3_ws/install/turtlebot3_msgs/lib/python3.8/site-packages:/home/jaime/turtlebot3_ws/install/dynamixel_sdk_custom_interfaces/lib/python3.8/site-packages:/opt/ros/foxy/lib/python3.8/site-packages /usr/bin/python3 setup.py develop --uninstall --editable --build-directory /home/jaime/ros2_ws/build/my_py_pkg/build
[7.452s] DEBUG:colcon.colcon_core.event_handler.log_command:Invoking command in '/home/jaime/ros2_ws/src/my_py_pkg': AMENT_PREFIX_PATH=/home/jaime/ros2_ws/install/turtlesim:/home/jaime/ros2_ws/install/my_py_pkg:/home/jaime/ros2_ws/install/my_c_pkg:/home/jaime/ros2_ws/install/controlador_turtlesim:/home/jaime/ros2_ws/install/control_turtlebot3:/home/jaime/turtlebot3_ws/install/turtlebot3:/home/jaime/turtlebot3_ws/install/turtlebot3_teleop:/home/jaime/turtlebot3_ws/install/turtlebot3_simulations:/home/jaime/turtlebot3_ws/install/turtlebot3_bringup:/home/jaime/turtlebot3_ws/install/turtlebot3_node:/home/jaime/turtlebot3_ws/install/turtlebot3_navigation2:/home/jaime/turtlebot3_ws/install/turtlebot3_fake_node:/home/jaime/turtlebot3_ws/install/turtlebot3_example:/home/jaime/turtlebot3_ws/install/turtlebot3_msgs:/home/jaime/turtlebot3_ws/install/turtlebot3_gazebo:/home/jaime/turtlebot3_ws/install/turtlebot3_description:/home/jaime/turtlebot3_ws/install/turtlebot3_cartographer:/home/jaime/turtlebot3_ws/install/dynamixel_sdk_examples:/home/jaime/turtlebot3_ws/install/dynamixel_sdk_custom_interfaces:/home/jaime/turtlebot3_ws/install/dynamixel_sdk:/opt/ros/foxy PYTHONPATH=/home/jaime/ros2_ws/build/my_py_pkg/prefix_override:/home/jaime/ros2_ws/install/my_py_pkg/lib/python3.8/site-packages:/home/jaime/ros2_ws/install/turtlesim/lib/python3.8/site-packages:/home/jaime/ros2_ws/build/my_py_pkg:/home/jaime/ros2_ws/install/my_py_pkg/lib/python3.8/site-packages:/home/jaime/ros2_ws/build/controlador_turtlesim:/home/jaime/ros2_ws/install/controlador_turtlesim/lib/python3.8/site-packages:/home/jaime/ros2_ws/build/control_turtlebot3:/home/jaime/ros2_ws/install/control_turtlebot3/lib/python3.8/site-packages:/home/jaime/ros2_ws/build/turtlesim:/home/jaime/turtlebot3_ws/build/turtlebot3_teleop:/home/jaime/turtlebot3_ws/install/turtlebot3_teleop/lib/python3.8/site-packages:/home/jaime/turtlebot3_ws/build/turtlebot3_example:/home/jaime/turtlebot3_ws/install/turtlebot3_example/lib/python3.8/site-packages:/home/jaime/turtlebot3_ws/install/turtlebot3_msgs/lib/python3.8/site-packages:/home/jaime/turtlebot3_ws/install/dynamixel_sdk_custom_interfaces/lib/python3.8/site-packages:/opt/ros/foxy/lib/python3.8/site-packages /usr/bin/python3 setup.py egg_info --egg-base ../../build/my_py_pkg build --build-base /home/jaime/ros2_ws/build/my_py_pkg/build install --record /home/jaime/ros2_ws/build/my_py_pkg/install.log --install-scripts $base/lib/my_py_pkg --single-version-externally-managed
[8.095s] Level 1:colcon.colcon_core.environment:checking '/home/jaime/ros2_ws/install/control_turtlebot3' for CMake module files
[8.096s] Level 1:colcon.colcon_core.environment:checking '/home/jaime/ros2_ws/install/control_turtlebot3' for CMake config files
[8.097s] Level 1:colcon.colcon_core.environment:checking '/home/jaime/ros2_ws/install/control_turtlebot3/lib'
[8.097s] Level 1:colcon.colcon_core.environment:checking '/home/jaime/ros2_ws/install/control_turtlebot3/bin'
[8.097s] Level 1:colcon.colcon_core.environment:checking '/home/jaime/ros2_ws/install/control_turtlebot3/lib/pkgconfig/control_turtlebot3.pc'
[8.098s] Level 1:colcon.colcon_core.environment:checking '/home/jaime/ros2_ws/install/control_turtlebot3/lib/python3.8/site-packages'
[8.098s] Level 1:colcon.colcon_core.shell:create_environment_hook('control_turtlebot3', 'pythonpath')
[8.101s] INFO:colcon.colcon_core.shell:Creating environment hook '/home/jaime/ros2_ws/install/control_turtlebot3/share/control_turtlebot3/hook/pythonpath.ps1'
[8.110s] DEBUG:colcon.colcon_core.event_handler.log_command:Invoked command in '/home/jaime/ros2_ws/src/control_turtlebot3' returned '0': AMENT_PREFIX_PATH=/home/jaime/ros2_ws/install/turtlesim:/home/jaime/ros2_ws/install/my_py_pkg:/home/jaime/ros2_ws/install/my_c_pkg:/home/jaime/ros2_ws/install/controlador_turtlesim:/home/jaime/ros2_ws/install/control_turtlebot3:/home/jaime/turtlebot3_ws/install/turtlebot3:/home/jaime/turtlebot3_ws/install/turtlebot3_teleop:/home/jaime/turtlebot3_ws/install/turtlebot3_simulations:/home/jaime/turtlebot3_ws/install/turtlebot3_bringup:/home/jaime/turtlebot3_ws/install/turtlebot3_node:/home/jaime/turtlebot3_ws/install/turtlebot3_navigation2:/home/jaime/turtlebot3_ws/install/turtlebot3_fake_node:/home/jaime/turtlebot3_ws/install/turtlebot3_example:/home/jaime/turtlebot3_ws/install/turtlebot3_msgs:/home/jaime/turtlebot3_ws/install/turtlebot3_gazebo:/home/jaime/turtlebot3_ws/install/turtlebot3_description:/home/jaime/turtlebot3_ws/install/turtlebot3_cartographer:/home/jaime/turtlebot3_ws/install/dynamixel_sdk_examples:/home/jaime/turtlebot3_ws/install/dynamixel_sdk_custom_interfaces:/home/jaime/turtlebot3_ws/install/dynamixel_sdk:/opt/ros/foxy PYTHONPATH=/home/jaime/ros2_ws/build/control_turtlebot3/prefix_override:/home/jaime/ros2_ws/install/control_turtlebot3/lib/python3.8/site-packages:/home/jaime/ros2_ws/install/turtlesim/lib/python3.8/site-packages:/home/jaime/ros2_ws/build/my_py_pkg:/home/jaime/ros2_ws/install/my_py_pkg/lib/python3.8/site-packages:/home/jaime/ros2_ws/build/controlador_turtlesim:/home/jaime/ros2_ws/install/controlador_turtlesim/lib/python3.8/site-packages:/home/jaime/ros2_ws/build/control_turtlebot3:/home/jaime/ros2_ws/install/control_turtlebot3/lib/python3.8/site-packages:/home/jaime/ros2_ws/build/turtlesim:/home/jaime/turtlebot3_ws/build/turtlebot3_teleop:/home/jaime/turtlebot3_ws/install/turtlebot3_teleop/lib/python3.8/site-packages:/home/jaime/turtlebot3_ws/build/turtlebot3_example:/home/jaime/turtlebot3_ws/install/turtlebot3_example/lib/python3.8/site-packages:/home/jaime/turtlebot3_ws/install/turtlebot3_msgs/lib/python3.8/site-packages:/home/jaime/turtlebot3_ws/install/dynamixel_sdk_custom_interfaces/lib/python3.8/site-packages:/opt/ros/foxy/lib/python3.8/site-packages /usr/bin/python3 setup.py egg_info --egg-base ../../build/control_turtlebot3 build --build-base /home/jaime/ros2_ws/build/control_turtlebot3/build install --record /home/jaime/ros2_ws/build/control_turtlebot3/install.log --install-scripts $base/lib/control_turtlebot3 --single-version-externally-managed
[8.112s] INFO:colcon.colcon_core.shell:Creating environment descriptor '/home/jaime/ros2_ws/install/control_turtlebot3/share/control_turtlebot3/hook/pythonpath.dsv'
[8.113s] INFO:colcon.colcon_core.shell:Creating environment hook '/home/jaime/ros2_ws/install/control_turtlebot3/share/control_turtlebot3/hook/pythonpath.sh'
[8.114s] Level 1:colcon.colcon_core.environment:checking '/home/jaime/ros2_ws/install/control_turtlebot3/bin'
[8.115s] Level 1:colcon.colcon_core.environment:create_environment_scripts_only(control_turtlebot3)
[8.117s] INFO:colcon.colcon_core.shell:Creating package script '/home/jaime/ros2_ws/install/control_turtlebot3/share/control_turtlebot3/package.ps1'
[8.119s] INFO:colcon.colcon_core.shell:Creating package descriptor '/home/jaime/ros2_ws/install/control_turtlebot3/share/control_turtlebot3/package.dsv'
[8.120s] INFO:colcon.colcon_core.shell:Creating package script '/home/jaime/ros2_ws/install/control_turtlebot3/share/control_turtlebot3/package.sh'
[8.121s] INFO:colcon.colcon_core.shell:Creating package script '/home/jaime/ros2_ws/install/control_turtlebot3/share/control_turtlebot3/package.bash'
[8.122s] INFO:colcon.colcon_core.shell:Creating package script '/home/jaime/ros2_ws/install/control_turtlebot3/share/control_turtlebot3/package.zsh'
[8.123s] Level 1:colcon.colcon_core.environment:create_file_with_runtime_dependencies(/home/jaime/ros2_ws/install/control_turtlebot3/share/colcon-core/packages/control_turtlebot3)
[8.128s] Level 1:colcon.colcon_core.environment:checking '/home/jaime/ros2_ws/install/controlador_turtlesim' for CMake module files
[8.129s] DEBUG:colcon.colcon_core.event_handler.log_command:Invoked command in '/home/jaime/ros2_ws/src/controlador_turtlesim' returned '0': AMENT_PREFIX_PATH=/home/jaime/ros2_ws/install/turtlesim:/home/jaime/ros2_ws/install/my_py_pkg:/home/jaime/ros2_ws/install/my_c_pkg:/home/jaime/ros2_ws/install/controlador_turtlesim:/home/jaime/ros2_ws/install/control_turtlebot3:/home/jaime/turtlebot3_ws/install/turtlebot3:/home/jaime/turtlebot3_ws/install/turtlebot3_teleop:/home/jaime/turtlebot3_ws/install/turtlebot3_simulations:/home/jaime/turtlebot3_ws/install/turtlebot3_bringup:/home/jaime/turtlebot3_ws/install/turtlebot3_node:/home/jaime/turtlebot3_ws/install/turtlebot3_navigation2:/home/jaime/turtlebot3_ws/install/turtlebot3_fake_node:/home/jaime/turtlebot3_ws/install/turtlebot3_example:/home/jaime/turtlebot3_ws/install/turtlebot3_msgs:/home/jaime/turtlebot3_ws/install/turtlebot3_gazebo:/home/jaime/turtlebot3_ws/install/turtlebot3_description:/home/jaime/turtlebot3_ws/install/turtlebot3_cartographer:/home/jaime/turtlebot3_ws/install/dynamixel_sdk_examples:/home/jaime/turtlebot3_ws/install/dynamixel_sdk_custom_interfaces:/home/jaime/turtlebot3_ws/install/dynamixel_sdk:/opt/ros/foxy PYTHONPATH=/home/jaime/ros2_ws/build/controlador_turtlesim/prefix_override:/home/jaime/ros2_ws/install/controlador_turtlesim/lib/python3.8/site-packages:/home/jaime/ros2_ws/install/turtlesim/lib/python3.8/site-packages:/home/jaime/ros2_ws/build/my_py_pkg:/home/jaime/ros2_ws/install/my_py_pkg/lib/python3.8/site-packages:/home/jaime/ros2_ws/build/controlador_turtlesim:/home/jaime/ros2_ws/install/controlador_turtlesim/lib/python3.8/site-packages:/home/jaime/ros2_ws/build/control_turtlebot3:/home/jaime/ros2_ws/install/control_turtlebot3/lib/python3.8/site-packages:/home/jaime/ros2_ws/build/turtlesim:/home/jaime/turtlebot3_ws/build/turtlebot3_teleop:/home/jaime/turtlebot3_ws/install/turtlebot3_teleop/lib/python3.8/site-packages:/home/jaime/turtlebot3_ws/build/turtlebot3_example:/home/jaime/turtlebot3_ws/install/turtlebot3_example/lib/python3.8/site-packages:/home/jaime/turtlebot3_ws/install/turtlebot3_msgs/lib/python3.8/site-packages:/home/jaime/turtlebot3_ws/install/dynamixel_sdk_custom_interfaces/lib/python3.8/site-packages:/opt/ros/foxy/lib/python3.8/site-packages /usr/bin/python3 setup.py egg_info --egg-base ../../build/controlador_turtlesim build --build-base /home/jaime/ros2_ws/build/controlador_turtlesim/build install --record /home/jaime/ros2_ws/build/controlador_turtlesim/install.log --install-scripts $base/lib/controlador_turtlesim --single-version-externally-managed
[8.130s] Level 1:colcon.colcon_core.environment:checking '/home/jaime/ros2_ws/install/controlador_turtlesim' for CMake config files
[8.131s] Level 1:colcon.colcon_core.environment:checking '/home/jaime/ros2_ws/install/controlador_turtlesim/lib'
[8.131s] Level 1:colcon.colcon_core.environment:checking '/home/jaime/ros2_ws/install/controlador_turtlesim/bin'
[8.131s] Level 1:colcon.colcon_core.environment:checking '/home/jaime/ros2_ws/install/controlador_turtlesim/lib/pkgconfig/controlador_turtlesim.pc'
[8.132s] Level 1:colcon.colcon_core.environment:checking '/home/jaime/ros2_ws/install/controlador_turtlesim/lib/python3.8/site-packages'
[8.132s] Level 1:colcon.colcon_core.shell:create_environment_hook('controlador_turtlesim', 'pythonpath')
[8.134s] INFO:colcon.colcon_core.shell:Creating environment hook '/home/jaime/ros2_ws/install/controlador_turtlesim/share/controlador_turtlesim/hook/pythonpath.ps1'
[8.135s] INFO:colcon.colcon_core.shell:Creating environment descriptor '/home/jaime/ros2_ws/install/controlador_turtlesim/share/controlador_turtlesim/hook/pythonpath.dsv'
[8.136s] INFO:colcon.colcon_core.shell:Creating environment hook '/home/jaime/ros2_ws/install/controlador_turtlesim/share/controlador_turtlesim/hook/pythonpath.sh'
[8.143s] Level 1:colcon.colcon_core.environment:checking '/home/jaime/ros2_ws/install/controlador_turtlesim/bin'
[8.143s] Level 1:colcon.colcon_core.environment:create_environment_scripts_only(controlador_turtlesim)
[8.146s] INFO:colcon.colcon_core.shell:Creating package script '/home/jaime/ros2_ws/install/controlador_turtlesim/share/controlador_turtlesim/package.ps1'
[8.147s] INFO:colcon.colcon_core.shell:Creating package descriptor '/home/jaime/ros2_ws/install/controlador_turtlesim/share/controlador_turtlesim/package.dsv'
[8.149s] INFO:colcon.colcon_core.shell:Creating package script '/home/jaime/ros2_ws/install/controlador_turtlesim/share/controlador_turtlesim/package.sh'
[8.150s] INFO:colcon.colcon_core.shell:Creating package script '/home/jaime/ros2_ws/install/controlador_turtlesim/share/controlador_turtlesim/package.bash'
[8.151s] INFO:colcon.colcon_core.shell:Creating package script '/home/jaime/ros2_ws/install/controlador_turtlesim/share/controlador_turtlesim/package.zsh'
[8.152s] Level 1:colcon.colcon_core.environment:create_file_with_runtime_dependencies(/home/jaime/ros2_ws/install/controlador_turtlesim/share/colcon-core/packages/controlador_turtlesim)
[8.210s] Level 1:colcon.colcon_core.environment:checking '/home/jaime/ros2_ws/install/my_py_pkg' for CMake module files
[8.211s] Level 1:colcon.colcon_core.environment:checking '/home/jaime/ros2_ws/install/my_py_pkg' for CMake config files
[8.212s] Level 1:colcon.colcon_core.environment:checking '/home/jaime/ros2_ws/install/my_py_pkg/lib'
[8.212s] Level 1:colcon.colcon_core.environment:checking '/home/jaime/ros2_ws/install/my_py_pkg/bin'
[8.212s] Level 1:colcon.colcon_core.environment:checking '/home/jaime/ros2_ws/install/my_py_pkg/lib/pkgconfig/my_py_pkg.pc'
[8.212s] Level 1:colcon.colcon_core.environment:checking '/home/jaime/ros2_ws/install/my_py_pkg/lib/python3.8/site-packages'
[8.212s] Level 1:colcon.colcon_core.shell:create_environment_hook('my_py_pkg', 'pythonpath')
[8.214s] INFO:colcon.colcon_core.shell:Creating environment hook '/home/jaime/ros2_ws/install/my_py_pkg/share/my_py_pkg/hook/pythonpath.ps1'
[8.217s] DEBUG:colcon.colcon_core.event_handler.log_command:Invoked command in '/home/jaime/ros2_ws/src/my_py_pkg' returned '0': AMENT_PREFIX_PATH=/home/jaime/ros2_ws/install/turtlesim:/home/jaime/ros2_ws/install/my_py_pkg:/home/jaime/ros2_ws/install/my_c_pkg:/home/jaime/ros2_ws/install/controlador_turtlesim:/home/jaime/ros2_ws/install/control_turtlebot3:/home/jaime/turtlebot3_ws/install/turtlebot3:/home/jaime/turtlebot3_ws/install/turtlebot3_teleop:/home/jaime/turtlebot3_ws/install/turtlebot3_simulations:/home/jaime/turtlebot3_ws/install/turtlebot3_bringup:/home/jaime/turtlebot3_ws/install/turtlebot3_node:/home/jaime/turtlebot3_ws/install/turtlebot3_navigation2:/home/jaime/turtlebot3_ws/install/turtlebot3_fake_node:/home/jaime/turtlebot3_ws/install/turtlebot3_example:/home/jaime/turtlebot3_ws/install/turtlebot3_msgs:/home/jaime/turtlebot3_ws/install/turtlebot3_gazebo:/home/jaime/turtlebot3_ws/install/turtlebot3_description:/home/jaime/turtlebot3_ws/install/turtlebot3_cartographer:/home/jaime/turtlebot3_ws/install/dynamixel_sdk_examples:/home/jaime/turtlebot3_ws/install/dynamixel_sdk_custom_interfaces:/home/jaime/turtlebot3_ws/install/dynamixel_sdk:/opt/ros/foxy PYTHONPATH=/home/jaime/ros2_ws/build/my_py_pkg/prefix_override:/home/jaime/ros2_ws/install/my_py_pkg/lib/python3.8/site-packages:/home/jaime/ros2_ws/install/turtlesim/lib/python3.8/site-packages:/home/jaime/ros2_ws/build/my_py_pkg:/home/jaime/ros2_ws/install/my_py_pkg/lib/python3.8/site-packages:/home/jaime/ros2_ws/build/controlador_turtlesim:/home/jaime/ros2_ws/install/controlador_turtlesim/lib/python3.8/site-packages:/home/jaime/ros2_ws/build/control_turtlebot3:/home/jaime/ros2_ws/install/control_turtlebot3/lib/python3.8/site-packages:/home/jaime/ros2_ws/build/turtlesim:/home/jaime/turtlebot3_ws/build/turtlebot3_teleop:/home/jaime/turtlebot3_ws/install/turtlebot3_teleop/lib/python3.8/site-packages:/home/jaime/turtlebot3_ws/build/turtlebot3_example:/home/jaime/turtlebot3_ws/install/turtlebot3_example/lib/python3.8/site-packages:/home/jaime/turtlebot3_ws/install/turtlebot3_msgs/lib/python3.8/site-packages:/home/jaime/turtlebot3_ws/install/dynamixel_sdk_custom_interfaces/lib/python3.8/site-packages:/opt/ros/foxy/lib/python3.8/site-packages /usr/bin/python3 setup.py egg_info --egg-base ../../build/my_py_pkg build --build-base /home/jaime/ros2_ws/build/my_py_pkg/build install --record /home/jaime/ros2_ws/build/my_py_pkg/install.log --install-scripts $base/lib/my_py_pkg --single-version-externally-managed
[8.217s] INFO:colcon.colcon_core.shell:Creating environment descriptor '/home/jaime/ros2_ws/install/my_py_pkg/share/my_py_pkg/hook/pythonpath.dsv'
[8.219s] INFO:colcon.colcon_core.shell:Creating environment hook '/home/jaime/ros2_ws/install/my_py_pkg/share/my_py_pkg/hook/pythonpath.sh'
[8.220s] Level 1:colcon.colcon_core.environment:checking '/home/jaime/ros2_ws/install/my_py_pkg/bin'
[8.220s] Level 1:colcon.colcon_core.environment:create_environment_scripts_only(my_py_pkg)
[8.224s] INFO:colcon.colcon_core.shell:Creating package script '/home/jaime/ros2_ws/install/my_py_pkg/share/my_py_pkg/package.ps1'
[8.226s] INFO:colcon.colcon_core.shell:Creating package descriptor '/home/jaime/ros2_ws/install/my_py_pkg/share/my_py_pkg/package.dsv'
[8.228s] INFO:colcon.colcon_core.shell:Creating package script '/home/jaime/ros2_ws/install/my_py_pkg/share/my_py_pkg/package.sh'
[8.229s] INFO:colcon.colcon_core.shell:Creating package script '/home/jaime/ros2_ws/install/my_py_pkg/share/my_py_pkg/package.bash'
[8.230s] INFO:colcon.colcon_core.shell:Creating package script '/home/jaime/ros2_ws/install/my_py_pkg/share/my_py_pkg/package.zsh'
[8.231s] Level 1:colcon.colcon_core.environment:create_file_with_runtime_dependencies(/home/jaime/ros2_ws/install/my_py_pkg/share/colcon-core/packages/my_py_pkg)
[8.234s] DEBUG:colcon.colcon_parallel_executor.executor.parallel:closing loop
[8.234s] DEBUG:colcon.colcon_parallel_executor.executor.parallel:loop closed
[8.234s] DEBUG:colcon.colcon_parallel_executor.executor.parallel:run_until_complete finished with '0'
[8.234s] DEBUG:colcon.colcon_core.event_reactor:joining thread
[8.264s] INFO:colcon.colcon_core.plugin_system:Skipping extension 'colcon_notification.desktop_notification.terminal_notifier': Not used on non-Darwin systems
[8.265s] INFO:colcon.colcon_core.plugin_system:Skipping extension 'colcon_notification.desktop_notification.win32': Not used on non-Windows systems
[8.265s] INFO:colcon.colcon_notification.desktop_notification:Sending desktop notification using 'notify2'
[8.329s] DEBUG:colcon.colcon_core.event_reactor:joined thread
[8.332s] INFO:colcon.colcon_core.shell:Creating prefix script '/home/jaime/ros2_ws/install/local_setup.ps1'
[8.334s] INFO:colcon.colcon_core.shell:Creating prefix util module '/home/jaime/ros2_ws/install/_local_setup_util_ps1.py'
[8.337s] INFO:colcon.colcon_core.shell:Creating prefix chain script '/home/jaime/ros2_ws/install/setup.ps1'
[8.340s] INFO:colcon.colcon_core.shell:Creating prefix script '/home/jaime/ros2_ws/install/local_setup.sh'
[8.342s] INFO:colcon.colcon_core.shell:Creating prefix util module '/home/jaime/ros2_ws/install/_local_setup_util_sh.py'
[8.342s] INFO:colcon.colcon_core.shell:Creating prefix chain script '/home/jaime/ros2_ws/install/setup.sh'
[8.346s] INFO:colcon.colcon_core.shell:Creating prefix script '/home/jaime/ros2_ws/install/local_setup.bash'
[8.348s] INFO:colcon.colcon_core.shell:Creating prefix chain script '/home/jaime/ros2_ws/install/setup.bash'
[8.353s] INFO:colcon.colcon_core.shell:Creating prefix script '/home/jaime/ros2_ws/install/local_setup.zsh'
[8.355s] INFO:colcon.colcon_core.shell:Creating prefix chain script '/home/jaime/ros2_ws/install/setup.zsh'
