running develop
running egg_info
writing ../../build/controlador_turtlesim/controlador_turtlesim.egg-info/PKG-INFO
writing dependency_links to ../../build/controlador_turtlesim/controlador_turtlesim.egg-info/dependency_links.txt
writing entry points to ../../build/controlador_turtlesim/controlador_turtlesim.egg-info/entry_points.txt
writing requirements to ../../build/controlador_turtlesim/controlador_turtlesim.egg-info/requires.txt
writing top-level names to ../../build/controlador_turtlesim/controlador_turtlesim.egg-info/top_level.txt
reading manifest file '../../build/controlador_turtlesim/controlador_turtlesim.egg-info/SOURCES.txt'
writing manifest file '../../build/controlador_turtlesim/controlador_turtlesim.egg-info/SOURCES.txt'
running build
running build_py
running install
running install_lib
running install_data
running install_egg_info
removing '/home/jaime/ros2_ws/install/controlador_turtlesim/lib/python3.8/site-packages/controlador_turtlesim-0.0.0-py3.8.egg-info' (and everything under it)
Copying ../../build/controlador_turtlesim/controlador_turtlesim.egg-info to /home/jaime/ros2_ws/install/controlador_turtlesim/lib/python3.8/site-packages/controlador_turtlesim-0.0.0-py3.8.egg-info
running install_scripts
Installing nodo_publicador script to /home/jaime/ros2_ws/install/controlador_turtlesim/lib/controlador_turtlesim
writing list of installed files to '/home/jaime/ros2_ws/build/controlador_turtlesim/install.log'
