[1.134s] Invoking command in '/home/jaime/ros2_ws/build/controlador_turtlesim': PYTHONPATH=/home/jaime/ros2_ws/build/controlador_turtlesim/prefix_override:/home/jaime/ros2_ws/install/controlador_turtlesim/lib/python3.8/site-packages:${PYTHONPATH} /usr/bin/python3 setup.py develop --uninstall --editable --build-directory /home/jaime/ros2_ws/build/controlador_turtlesim/build
[1.391s] running develop
[1.569s] Invoked command in '/home/jaime/ros2_ws/build/controlador_turtlesim' returned '0': PYTHONPATH=/home/jaime/ros2_ws/build/controlador_turtlesim/prefix_override:/home/jaime/ros2_ws/install/controlador_turtlesim/lib/python3.8/site-packages:${PYTHONPATH} /usr/bin/python3 setup.py develop --uninstall --editable --build-directory /home/jaime/ros2_ws/build/controlador_turtlesim/build
[1.572s] Invoking command in '/home/jaime/ros2_ws/src/controlador_turtlesim': PYTHONPATH=/home/jaime/ros2_ws/build/controlador_turtlesim/prefix_override:/home/jaime/ros2_ws/install/controlador_turtlesim/lib/python3.8/site-packages:${PYTHONPATH} /usr/bin/python3 setup.py egg_info --egg-base ../../build/controlador_turtlesim build --build-base /home/jaime/ros2_ws/build/controlador_turtlesim/build install --record /home/jaime/ros2_ws/build/controlador_turtlesim/install.log --install-scripts $base/lib/controlador_turtlesim --single-version-externally-managed
[1.833s] running egg_info
[1.835s] writing ../../build/controlador_turtlesim/controlador_turtlesim.egg-info/PKG-INFO
[1.835s] writing dependency_links to ../../build/controlador_turtlesim/controlador_turtlesim.egg-info/dependency_links.txt
[1.836s] writing entry points to ../../build/controlador_turtlesim/controlador_turtlesim.egg-info/entry_points.txt
[1.837s] writing requirements to ../../build/controlador_turtlesim/controlador_turtlesim.egg-info/requires.txt
[1.837s] writing top-level names to ../../build/controlador_turtlesim/controlador_turtlesim.egg-info/top_level.txt
[1.891s] reading manifest file '../../build/controlador_turtlesim/controlador_turtlesim.egg-info/SOURCES.txt'
[1.893s] writing manifest file '../../build/controlador_turtlesim/controlador_turtlesim.egg-info/SOURCES.txt'
[1.893s] running build
[1.893s] running build_py
[1.893s] running install
[1.894s] running install_lib
[1.896s] running install_data
[1.897s] running install_egg_info
[1.898s] removing '/home/jaime/ros2_ws/install/controlador_turtlesim/lib/python3.8/site-packages/controlador_turtlesim-0.0.0-py3.8.egg-info' (and everything under it)
[1.899s] Copying ../../build/controlador_turtlesim/controlador_turtlesim.egg-info to /home/jaime/ros2_ws/install/controlador_turtlesim/lib/python3.8/site-packages/controlador_turtlesim-0.0.0-py3.8.egg-info
[1.900s] running install_scripts
[1.921s] Installing nodo_publicador script to /home/jaime/ros2_ws/install/controlador_turtlesim/lib/controlador_turtlesim
[1.921s] writing list of installed files to '/home/jaime/ros2_ws/build/controlador_turtlesim/install.log'
[1.964s] Invoked command in '/home/jaime/ros2_ws/src/controlador_turtlesim' returned '0': PYTHONPATH=/home/jaime/ros2_ws/build/controlador_turtlesim/prefix_override:/home/jaime/ros2_ws/install/controlador_turtlesim/lib/python3.8/site-packages:${PYTHONPATH} /usr/bin/python3 setup.py egg_info --egg-base ../../build/controlador_turtlesim build --build-base /home/jaime/ros2_ws/build/controlador_turtlesim/build install --record /home/jaime/ros2_ws/build/controlador_turtlesim/install.log --install-scripts $base/lib/controlador_turtlesim --single-version-externally-managed
