[0.766s] Invoking command in '/home/jaime/ros2_ws/src/my_py_pkg': PYTHONPATH=/home/jaime/ros2_ws/build/my_py_pkg/prefix_override:/home/jaime/ros2_ws/install/my_py_pkg/lib/python3.8/site-packages:${PYTHONPATH} /usr/bin/python3 setup.py egg_info --egg-base ../../build/my_py_pkg build --build-base /home/jaime/ros2_ws/build/my_py_pkg/build install --record /home/jaime/ros2_ws/build/my_py_pkg/install.log --install-scripts $base/lib/my_py_pkg --single-version-externally-managed
[1.012s] running egg_info
[1.013s] writing ../../build/my_py_pkg/my_py_pkg.egg-info/PKG-INFO
[1.013s] writing dependency_links to ../../build/my_py_pkg/my_py_pkg.egg-info/dependency_links.txt
[1.013s] writing entry points to ../../build/my_py_pkg/my_py_pkg.egg-info/entry_points.txt
[1.013s] writing requirements to ../../build/my_py_pkg/my_py_pkg.egg-info/requires.txt
[1.013s] writing top-level names to ../../build/my_py_pkg/my_py_pkg.egg-info/top_level.txt
[1.062s] reading manifest file '../../build/my_py_pkg/my_py_pkg.egg-info/SOURCES.txt'
[1.063s] writing manifest file '../../build/my_py_pkg/my_py_pkg.egg-info/SOURCES.txt'
[1.063s] running build
[1.063s] running build_py
[1.063s] running install
[1.065s] running install_lib
[1.066s] running install_data
[1.067s] running install_egg_info
[1.069s] removing '/home/jaime/ros2_ws/install/my_py_pkg/lib/python3.8/site-packages/my_py_pkg-0.0.0-py3.8.egg-info' (and everything under it)
[1.070s] Copying ../../build/my_py_pkg/my_py_pkg.egg-info to /home/jaime/ros2_ws/install/my_py_pkg/lib/python3.8/site-packages/my_py_pkg-0.0.0-py3.8.egg-info
[1.070s] running install_scripts
[1.092s] Installing py_node script to /home/jaime/ros2_ws/install/my_py_pkg/lib/my_py_pkg
[1.093s] writing list of installed files to '/home/jaime/ros2_ws/build/my_py_pkg/install.log'
[1.134s] Invoked command in '/home/jaime/ros2_ws/src/my_py_pkg' returned '0': PYTHONPATH=/home/jaime/ros2_ws/build/my_py_pkg/prefix_override:/home/jaime/ros2_ws/install/my_py_pkg/lib/python3.8/site-packages:${PYTHONPATH} /usr/bin/python3 setup.py egg_info --egg-base ../../build/my_py_pkg build --build-base /home/jaime/ros2_ws/build/my_py_pkg/build install --record /home/jaime/ros2_ws/build/my_py_pkg/install.log --install-scripts $base/lib/my_py_pkg --single-version-externally-managed
