[0.313s] Invoking command in '/home/jaime/ros2_ws/build/my_c_pkg': CMAKE_PREFIX_PATH=/home/jaime/ros2_ws/install/controlador_turtlesim:/opt/ros/foxy /usr/bin/cmake /home/jaime/ros2_ws/src/my_c_pkg -DCMAKE_INSTALL_PREFIX=/home/jaime/ros2_ws/install/my_c_pkg
[0.564s] -- The C compiler identification is GNU 9.4.0
[0.734s] -- The CXX compiler identification is GNU 9.4.0
[0.746s] -- Check for working C compiler: /usr/bin/cc
[0.833s] -- Check for working C compiler: /usr/bin/cc -- works
[0.836s] -- Detecting C compiler ABI info
[0.912s] -- Detecting C compiler ABI info - done
[0.935s] -- Detecting C compile features
[0.937s] -- Detecting C compile features - done
[0.938s] -- Check for working CXX compiler: /usr/bin/c++
[1.050s] -- Check for working CXX compiler: /usr/bin/c++ -- works
[1.052s] -- Detecting CXX compiler ABI info
[1.141s] -- Detecting CXX compiler ABI info - done
[1.157s] -- Detecting CXX compile features
[1.158s] -- Detecting CXX compile features - done
[1.162s] -- Found ament_cmake: 0.9.12 (/opt/ros/foxy/share/ament_cmake/cmake)
[1.204s] -- Found PythonInterp: /usr/bin/python3 (found suitable version "3.8.10", minimum required is "3") 
[1.204s] -- Using PYTHON_EXECUTABLE: /usr/bin/python3
[1.485s] -- Found ament_lint_auto: 0.9.8 (/opt/ros/foxy/share/ament_lint_auto/cmake)
[1.600s] -- Added test 'copyright' to check source files copyright and LICENSE
[1.603s] -- Added test 'lint_cmake' to check CMake code style
[1.606s] -- Added test 'xmllint' to check XML markup files
[1.609s] -- Configuring done
[1.611s] -- Generating done
[1.613s] -- Build files have been written to: /home/jaime/ros2_ws/build/my_c_pkg
[1.618s] Invoked command in '/home/jaime/ros2_ws/build/my_c_pkg' returned '0': CMAKE_PREFIX_PATH=/home/jaime/ros2_ws/install/controlador_turtlesim:/opt/ros/foxy /usr/bin/cmake /home/jaime/ros2_ws/src/my_c_pkg -DCMAKE_INSTALL_PREFIX=/home/jaime/ros2_ws/install/my_c_pkg
[1.622s] Invoking command in '/home/jaime/ros2_ws/build/my_c_pkg': CMAKE_PREFIX_PATH=/home/jaime/ros2_ws/install/controlador_turtlesim:/opt/ros/foxy /usr/bin/cmake --build /home/jaime/ros2_ws/build/my_c_pkg -- -j5 -l5
[1.664s] Invoked command in '/home/jaime/ros2_ws/build/my_c_pkg' returned '0': CMAKE_PREFIX_PATH=/home/jaime/ros2_ws/install/controlador_turtlesim:/opt/ros/foxy /usr/bin/cmake --build /home/jaime/ros2_ws/build/my_c_pkg -- -j5 -l5
[1.699s] Invoking command in '/home/jaime/ros2_ws/build/my_c_pkg': CMAKE_PREFIX_PATH=/home/jaime/ros2_ws/install/controlador_turtlesim:/opt/ros/foxy /usr/bin/cmake --install /home/jaime/ros2_ws/build/my_c_pkg
[1.708s] -- Install configuration: ""
[1.708s] -- Installing: /home/jaime/ros2_ws/install/my_c_pkg/share/ament_index/resource_index/package_run_dependencies/my_c_pkg
[1.708s] -- Installing: /home/jaime/ros2_ws/install/my_c_pkg/share/ament_index/resource_index/parent_prefix_path/my_c_pkg
[1.708s] -- Installing: /home/jaime/ros2_ws/install/my_c_pkg/share/my_c_pkg/environment/ament_prefix_path.sh
[1.708s] -- Installing: /home/jaime/ros2_ws/install/my_c_pkg/share/my_c_pkg/environment/ament_prefix_path.dsv
[1.709s] -- Installing: /home/jaime/ros2_ws/install/my_c_pkg/share/my_c_pkg/environment/path.sh
[1.709s] -- Installing: /home/jaime/ros2_ws/install/my_c_pkg/share/my_c_pkg/environment/path.dsv
[1.709s] -- Installing: /home/jaime/ros2_ws/install/my_c_pkg/share/my_c_pkg/local_setup.bash
[1.709s] -- Installing: /home/jaime/ros2_ws/install/my_c_pkg/share/my_c_pkg/local_setup.sh
[1.709s] -- Installing: /home/jaime/ros2_ws/install/my_c_pkg/share/my_c_pkg/local_setup.zsh
[1.709s] -- Installing: /home/jaime/ros2_ws/install/my_c_pkg/share/my_c_pkg/local_setup.dsv
[1.709s] -- Installing: /home/jaime/ros2_ws/install/my_c_pkg/share/my_c_pkg/package.dsv
[1.709s] -- Installing: /home/jaime/ros2_ws/install/my_c_pkg/share/ament_index/resource_index/packages/my_c_pkg
[1.709s] -- Installing: /home/jaime/ros2_ws/install/my_c_pkg/share/my_c_pkg/cmake/my_c_pkgConfig.cmake
[1.710s] -- Installing: /home/jaime/ros2_ws/install/my_c_pkg/share/my_c_pkg/cmake/my_c_pkgConfig-version.cmake
[1.710s] -- Installing: /home/jaime/ros2_ws/install/my_c_pkg/share/my_c_pkg/package.xml
[1.712s] Invoked command in '/home/jaime/ros2_ws/build/my_c_pkg' returned '0': CMAKE_PREFIX_PATH=/home/jaime/ros2_ws/install/controlador_turtlesim:/opt/ros/foxy /usr/bin/cmake --install /home/jaime/ros2_ws/build/my_c_pkg
