[0.517s] DEBUG:colcon:Command line arguments: ['/usr/bin/colcon', 'build']
[0.517s] DEBUG:colcon:Parsed command line arguments: Namespace(allow_overriding=[], ament_cmake_args=None, base_paths=['.'], build_base='build', catkin_cmake_args=None, catkin_skip_building_tests=False, cmake_args=None, cmake_clean_cache=False, cmake_clean_first=False, cmake_force_configure=False, cmake_target=None, cmake_target_skip_unavailable=False, continue_on_error=False, event_handlers=None, executor='parallel', ignore_user_meta=False, install_base='install', log_base=None, log_level=None, main=<bound method BuildVerb.main of <colcon_core.verb.build.BuildVerb object at 0x7feff8e40610>>, merge_install=False, metas=['./colcon.meta'], packages_above=None, packages_above_and_dependencies=None, packages_above_depth=None, packages_end=None, packages_ignore=None, packages_ignore_regex=None, packages_select=None, packages_select_build_failed=False, packages_select_by_dep=None, packages_select_regex=None, packages_select_test_failures=False, packages_skip=None, packages_skip_build_finished=False, packages_skip_by_dep=None, packages_skip_regex=None, packages_skip_test_passed=False, packages_skip_up_to=None, packages_start=None, packages_up_to=None, packages_up_to_regex=None, parallel_workers=5, paths=None, symlink_install=False, test_result_base=None, verb_extension=<colcon_core.verb.build.BuildVerb object at 0x7feff8e40610>, verb_name='build', verb_parser=<colcon_defaults.argument_parser.defaults.DefaultArgumentsDecorator object at 0x7feff8e40b50>)
[0.568s] Level 1:colcon.colcon_core.package_discovery:discover_packages(colcon_meta) check parameters
[0.568s] Level 1:colcon.colcon_core.package_discovery:discover_packages(recursive) check parameters
[0.568s] Level 1:colcon.colcon_core.package_discovery:discover_packages(ignore) check parameters
[0.568s] Level 1:colcon.colcon_core.package_discovery:discover_packages(path) check parameters
[0.568s] Level 1:colcon.colcon_core.package_discovery:discover_packages(colcon_meta) discover
[0.568s] Level 1:colcon.colcon_core.package_discovery:discover_packages(recursive) discover
[0.568s] INFO:colcon.colcon_core.package_discovery:Crawling recursively for packages in '/home/jaime/ros2_ws'
[0.569s] Level 1:colcon.colcon_core.package_identification:_identify(.) by extensions ['ignore', 'ignore_ament_install']
[0.569s] Level 1:colcon.colcon_core.package_identification:_identify(.) by extension 'ignore'
[0.569s] Level 1:colcon.colcon_core.package_identification:_identify(.) by extension 'ignore_ament_install'
[0.569s] Level 1:colcon.colcon_core.package_identification:_identify(.) by extensions ['colcon_pkg']
[0.569s] Level 1:colcon.colcon_core.package_identification:_identify(.) by extension 'colcon_pkg'
[0.569s] Level 1:colcon.colcon_core.package_identification:_identify(.) by extensions ['colcon_meta']
[0.569s] Level 1:colcon.colcon_core.package_identification:_identify(.) by extension 'colcon_meta'
[0.569s] Level 1:colcon.colcon_core.package_identification:_identify(.) by extensions ['ros']
[0.569s] Level 1:colcon.colcon_core.package_identification:_identify(.) by extension 'ros'
[0.651s] Level 1:colcon.colcon_core.package_identification:_identify(.) by extensions ['cmake', 'python']
[0.651s] Level 1:colcon.colcon_core.package_identification:_identify(.) by extension 'cmake'
[0.651s] Level 1:colcon.colcon_core.package_identification:_identify(.) by extension 'python'
[0.651s] Level 1:colcon.colcon_core.package_identification:_identify(.) by extensions ['python_setup_py']
[0.651s] Level 1:colcon.colcon_core.package_identification:_identify(.) by extension 'python_setup_py'
[0.651s] Level 1:colcon.colcon_core.package_identification:_identify(build) by extensions ['ignore', 'ignore_ament_install']
[0.651s] Level 1:colcon.colcon_core.package_identification:_identify(build) by extension 'ignore'
[0.652s] Level 1:colcon.colcon_core.package_identification:_identify(build) ignored
[0.652s] Level 1:colcon.colcon_core.package_identification:_identify(install) by extensions ['ignore', 'ignore_ament_install']
[0.652s] Level 1:colcon.colcon_core.package_identification:_identify(install) by extension 'ignore'
[0.652s] Level 1:colcon.colcon_core.package_identification:_identify(install) ignored
[0.652s] Level 1:colcon.colcon_core.package_identification:_identify(log) by extensions ['ignore', 'ignore_ament_install']
[0.652s] Level 1:colcon.colcon_core.package_identification:_identify(log) by extension 'ignore'
[0.653s] Level 1:colcon.colcon_core.package_identification:_identify(log) ignored
[0.653s] Level 1:colcon.colcon_core.package_identification:_identify(src) by extensions ['ignore', 'ignore_ament_install']
[0.653s] Level 1:colcon.colcon_core.package_identification:_identify(src) by extension 'ignore'
[0.653s] Level 1:colcon.colcon_core.package_identification:_identify(src) by extension 'ignore_ament_install'
[0.653s] Level 1:colcon.colcon_core.package_identification:_identify(src) by extensions ['colcon_pkg']
[0.653s] Level 1:colcon.colcon_core.package_identification:_identify(src) by extension 'colcon_pkg'
[0.653s] Level 1:colcon.colcon_core.package_identification:_identify(src) by extensions ['colcon_meta']
[0.653s] Level 1:colcon.colcon_core.package_identification:_identify(src) by extension 'colcon_meta'
[0.653s] Level 1:colcon.colcon_core.package_identification:_identify(src) by extensions ['ros']
[0.653s] Level 1:colcon.colcon_core.package_identification:_identify(src) by extension 'ros'
[0.654s] Level 1:colcon.colcon_core.package_identification:_identify(src) by extensions ['cmake', 'python']
[0.654s] Level 1:colcon.colcon_core.package_identification:_identify(src) by extension 'cmake'
[0.654s] Level 1:colcon.colcon_core.package_identification:_identify(src) by extension 'python'
[0.654s] Level 1:colcon.colcon_core.package_identification:_identify(src) by extensions ['python_setup_py']
[0.654s] Level 1:colcon.colcon_core.package_identification:_identify(src) by extension 'python_setup_py'
[0.654s] Level 1:colcon.colcon_core.package_identification:_identify(src/control_turtlebot3) by extensions ['ignore', 'ignore_ament_install']
[0.654s] Level 1:colcon.colcon_core.package_identification:_identify(src/control_turtlebot3) by extension 'ignore'
[0.654s] Level 1:colcon.colcon_core.package_identification:_identify(src/control_turtlebot3) by extension 'ignore_ament_install'
[0.654s] Level 1:colcon.colcon_core.package_identification:_identify(src/control_turtlebot3) by extensions ['colcon_pkg']
[0.654s] Level 1:colcon.colcon_core.package_identification:_identify(src/control_turtlebot3) by extension 'colcon_pkg'
[0.654s] Level 1:colcon.colcon_core.package_identification:_identify(src/control_turtlebot3) by extensions ['colcon_meta']
[0.655s] Level 1:colcon.colcon_core.package_identification:_identify(src/control_turtlebot3) by extension 'colcon_meta'
[0.655s] Level 1:colcon.colcon_core.package_identification:_identify(src/control_turtlebot3) by extensions ['ros']
[0.655s] Level 1:colcon.colcon_core.package_identification:_identify(src/control_turtlebot3) by extension 'ros'
[0.660s] DEBUG:colcon.colcon_core.package_identification:Package 'src/control_turtlebot3' with type 'ros.ament_python' and name 'control_turtlebot3'
[0.661s] Level 1:colcon.colcon_core.package_identification:_identify(src/controlador_turtlesim) by extensions ['ignore', 'ignore_ament_install']
[0.661s] Level 1:colcon.colcon_core.package_identification:_identify(src/controlador_turtlesim) by extension 'ignore'
[0.661s] Level 1:colcon.colcon_core.package_identification:_identify(src/controlador_turtlesim) by extension 'ignore_ament_install'
[0.661s] Level 1:colcon.colcon_core.package_identification:_identify(src/controlador_turtlesim) by extensions ['colcon_pkg']
[0.661s] Level 1:colcon.colcon_core.package_identification:_identify(src/controlador_turtlesim) by extension 'colcon_pkg'
[0.661s] Level 1:colcon.colcon_core.package_identification:_identify(src/controlador_turtlesim) by extensions ['colcon_meta']
[0.662s] Level 1:colcon.colcon_core.package_identification:_identify(src/controlador_turtlesim) by extension 'colcon_meta'
[0.662s] Level 1:colcon.colcon_core.package_identification:_identify(src/controlador_turtlesim) by extensions ['ros']
[0.662s] Level 1:colcon.colcon_core.package_identification:_identify(src/controlador_turtlesim) by extension 'ros'
[0.664s] DEBUG:colcon.colcon_core.package_identification:Package 'src/controlador_turtlesim' with type 'ros.ament_python' and name 'controlador_turtlesim'
[0.664s] Level 1:colcon.colcon_core.package_identification:_identify(src/my_c_pkg) by extensions ['ignore', 'ignore_ament_install']
[0.664s] Level 1:colcon.colcon_core.package_identification:_identify(src/my_c_pkg) by extension 'ignore'
[0.664s] Level 1:colcon.colcon_core.package_identification:_identify(src/my_c_pkg) by extension 'ignore_ament_install'
[0.664s] Level 1:colcon.colcon_core.package_identification:_identify(src/my_c_pkg) by extensions ['colcon_pkg']
[0.664s] Level 1:colcon.colcon_core.package_identification:_identify(src/my_c_pkg) by extension 'colcon_pkg'
[0.665s] Level 1:colcon.colcon_core.package_identification:_identify(src/my_c_pkg) by extensions ['colcon_meta']
[0.665s] Level 1:colcon.colcon_core.package_identification:_identify(src/my_c_pkg) by extension 'colcon_meta'
[0.665s] Level 1:colcon.colcon_core.package_identification:_identify(src/my_c_pkg) by extensions ['ros']
[0.665s] Level 1:colcon.colcon_core.package_identification:_identify(src/my_c_pkg) by extension 'ros'
[0.666s] DEBUG:colcon.colcon_core.package_identification:Package 'src/my_c_pkg' with type 'ros.ament_cmake' and name 'my_c_pkg'
[0.667s] Level 1:colcon.colcon_core.package_identification:_identify(src/my_py_pkg) by extensions ['ignore', 'ignore_ament_install']
[0.667s] Level 1:colcon.colcon_core.package_identification:_identify(src/my_py_pkg) by extension 'ignore'
[0.667s] Level 1:colcon.colcon_core.package_identification:_identify(src/my_py_pkg) by extension 'ignore_ament_install'
[0.667s] Level 1:colcon.colcon_core.package_identification:_identify(src/my_py_pkg) by extensions ['colcon_pkg']
[0.668s] Level 1:colcon.colcon_core.package_identification:_identify(src/my_py_pkg) by extension 'colcon_pkg'
[0.668s] Level 1:colcon.colcon_core.package_identification:_identify(src/my_py_pkg) by extensions ['colcon_meta']
[0.668s] Level 1:colcon.colcon_core.package_identification:_identify(src/my_py_pkg) by extension 'colcon_meta'
[0.668s] Level 1:colcon.colcon_core.package_identification:_identify(src/my_py_pkg) by extensions ['ros']
[0.668s] Level 1:colcon.colcon_core.package_identification:_identify(src/my_py_pkg) by extension 'ros'
[0.670s] DEBUG:colcon.colcon_core.package_identification:Package 'src/my_py_pkg' with type 'ros.ament_python' and name 'my_py_pkg'
[0.671s] Level 1:colcon.colcon_core.package_identification:_identify(src/pkg_entrega1) by extensions ['ignore', 'ignore_ament_install']
[0.671s] Level 1:colcon.colcon_core.package_identification:_identify(src/pkg_entrega1) by extension 'ignore'
[0.671s] Level 1:colcon.colcon_core.package_identification:_identify(src/pkg_entrega1) by extension 'ignore_ament_install'
[0.671s] Level 1:colcon.colcon_core.package_identification:_identify(src/pkg_entrega1) by extensions ['colcon_pkg']
[0.671s] Level 1:colcon.colcon_core.package_identification:_identify(src/pkg_entrega1) by extension 'colcon_pkg'
[0.671s] Level 1:colcon.colcon_core.package_identification:_identify(src/pkg_entrega1) by extensions ['colcon_meta']
[0.671s] Level 1:colcon.colcon_core.package_identification:_identify(src/pkg_entrega1) by extension 'colcon_meta'
[0.671s] Level 1:colcon.colcon_core.package_identification:_identify(src/pkg_entrega1) by extensions ['ros']
[0.671s] Level 1:colcon.colcon_core.package_identification:_identify(src/pkg_entrega1) by extension 'ros'
[0.673s] DEBUG:colcon.colcon_core.package_identification:Package 'src/pkg_entrega1' with type 'ros.ament_python' and name 'pkg_entrega1'
[0.674s] Level 1:colcon.colcon_core.package_identification:_identify(src/turtlesim) by extensions ['ignore', 'ignore_ament_install']
[0.674s] Level 1:colcon.colcon_core.package_identification:_identify(src/turtlesim) by extension 'ignore'
[0.675s] Level 1:colcon.colcon_core.package_identification:_identify(src/turtlesim) by extension 'ignore_ament_install'
[0.675s] Level 1:colcon.colcon_core.package_identification:_identify(src/turtlesim) by extensions ['colcon_pkg']
[0.675s] Level 1:colcon.colcon_core.package_identification:_identify(src/turtlesim) by extension 'colcon_pkg'
[0.675s] Level 1:colcon.colcon_core.package_identification:_identify(src/turtlesim) by extensions ['colcon_meta']
[0.675s] Level 1:colcon.colcon_core.package_identification:_identify(src/turtlesim) by extension 'colcon_meta'
[0.675s] Level 1:colcon.colcon_core.package_identification:_identify(src/turtlesim) by extensions ['ros']
[0.675s] Level 1:colcon.colcon_core.package_identification:_identify(src/turtlesim) by extension 'ros'
[0.676s] DEBUG:colcon.colcon_core.package_identification:Package 'src/turtlesim' with type 'ros.ament_python' and name 'turtlesim'
[0.676s] Level 1:colcon.colcon_core.package_discovery:discover_packages(recursive) using defaults
[0.676s] Level 1:colcon.colcon_core.package_discovery:discover_packages(ignore) discover
[0.677s] Level 1:colcon.colcon_core.package_discovery:discover_packages(ignore) using defaults
[0.677s] Level 1:colcon.colcon_core.package_discovery:discover_packages(path) discover
[0.677s] Level 1:colcon.colcon_core.package_discovery:discover_packages(path) using defaults
[0.726s] Level 1:colcon.colcon_core.package_discovery:discover_packages(prefix_path) check parameters
[0.726s] Level 1:colcon.colcon_core.package_discovery:discover_packages(prefix_path) discover
[0.736s] DEBUG:colcon.colcon_installed_package_information.package_discovery:Found 15 installed packages in /home/jaime/turtlebot3_ws/install
[0.739s] DEBUG:colcon.colcon_installed_package_information.package_discovery:Found 5 installed packages in /home/jaime/ros2_ws/install
[0.744s] DEBUG:colcon.colcon_installed_package_information.package_discovery:Found 323 installed packages in /opt/ros/foxy
[0.748s] Level 1:colcon.colcon_core.package_discovery:discover_packages(prefix_path) using defaults
[0.880s] WARNING:colcon.colcon_core.package_selection:Some selected packages are already built in one or more underlay workspaces:
	'turtlesim' is in: /home/jaime/ros2_ws/install/turtlesim, /opt/ros/foxy
If a package in a merged underlay workspace is overridden and it installs headers, then all packages in the overlay must sort their include directories by workspace order. Failure to do so may result in build failures or undefined behavior at run time.
If the overridden package is used by another package in any underlay, then the overriding package in the overlay must be API and ABI compatible or undefined behavior at run time may occur.

If you understand the risks and want to override a package anyways, add the following to the command line:
	--allow-overriding turtlesim

This may be promoted to an error in a future release of colcon-override-check.
[0.884s] Level 5:colcon.colcon_core.verb:set package 'pkg_entrega1' build argument 'cmake_args' from command line to 'None'
[0.884s] Level 5:colcon.colcon_core.verb:set package 'pkg_entrega1' build argument 'cmake_target' from command line to 'None'
[0.884s] Level 5:colcon.colcon_core.verb:set package 'pkg_entrega1' build argument 'cmake_target_skip_unavailable' from command line to 'False'
[0.884s] Level 5:colcon.colcon_core.verb:set package 'pkg_entrega1' build argument 'cmake_clean_cache' from command line to 'False'
[0.884s] Level 5:colcon.colcon_core.verb:set package 'pkg_entrega1' build argument 'cmake_clean_first' from command line to 'False'
[0.885s] Level 5:colcon.colcon_core.verb:set package 'pkg_entrega1' build argument 'cmake_force_configure' from command line to 'False'
[0.885s] Level 5:colcon.colcon_core.verb:set package 'pkg_entrega1' build argument 'ament_cmake_args' from command line to 'None'
[0.885s] Level 5:colcon.colcon_core.verb:set package 'pkg_entrega1' build argument 'catkin_cmake_args' from command line to 'None'
[0.885s] Level 5:colcon.colcon_core.verb:set package 'pkg_entrega1' build argument 'catkin_skip_building_tests' from command line to 'False'
[0.885s] DEBUG:colcon.colcon_core.verb:Building package 'pkg_entrega1' with the following arguments: {'ament_cmake_args': None, 'build_base': '/home/jaime/ros2_ws/build/pkg_entrega1', 'catkin_cmake_args': None, 'catkin_skip_building_tests': False, 'cmake_args': None, 'cmake_clean_cache': False, 'cmake_clean_first': False, 'cmake_force_configure': False, 'cmake_target': None, 'cmake_target_skip_unavailable': False, 'install_base': '/home/jaime/ros2_ws/install/pkg_entrega1', 'merge_install': False, 'path': '/home/jaime/ros2_ws/src/pkg_entrega1', 'symlink_install': False, 'test_result_base': None}
[0.887s] Level 5:colcon.colcon_core.verb:set package 'turtlesim' build argument 'cmake_args' from command line to 'None'
[0.887s] Level 5:colcon.colcon_core.verb:set package 'turtlesim' build argument 'cmake_target' from command line to 'None'
[0.887s] Level 5:colcon.colcon_core.verb:set package 'turtlesim' build argument 'cmake_target_skip_unavailable' from command line to 'False'
[0.887s] Level 5:colcon.colcon_core.verb:set package 'turtlesim' build argument 'cmake_clean_cache' from command line to 'False'
[0.887s] Level 5:colcon.colcon_core.verb:set package 'turtlesim' build argument 'cmake_clean_first' from command line to 'False'
[0.887s] Level 5:colcon.colcon_core.verb:set package 'turtlesim' build argument 'cmake_force_configure' from command line to 'False'
[0.887s] Level 5:colcon.colcon_core.verb:set package 'turtlesim' build argument 'ament_cmake_args' from command line to 'None'
[0.888s] Level 5:colcon.colcon_core.verb:set package 'turtlesim' build argument 'catkin_cmake_args' from command line to 'None'
[0.888s] Level 5:colcon.colcon_core.verb:set package 'turtlesim' build argument 'catkin_skip_building_tests' from command line to 'False'
[0.888s] DEBUG:colcon.colcon_core.verb:Building package 'turtlesim' with the following arguments: {'ament_cmake_args': None, 'build_base': '/home/jaime/ros2_ws/build/turtlesim', 'catkin_cmake_args': None, 'catkin_skip_building_tests': False, 'cmake_args': None, 'cmake_clean_cache': False, 'cmake_clean_first': False, 'cmake_force_configure': False, 'cmake_target': None, 'cmake_target_skip_unavailable': False, 'install_base': '/home/jaime/ros2_ws/install/turtlesim', 'merge_install': False, 'path': '/home/jaime/ros2_ws/src/turtlesim', 'symlink_install': False, 'test_result_base': None}
[0.889s] Level 5:colcon.colcon_core.verb:set package 'control_turtlebot3' build argument 'cmake_args' from command line to 'None'
[0.889s] Level 5:colcon.colcon_core.verb:set package 'control_turtlebot3' build argument 'cmake_target' from command line to 'None'
[0.889s] Level 5:colcon.colcon_core.verb:set package 'control_turtlebot3' build argument 'cmake_target_skip_unavailable' from command line to 'False'
[0.889s] Level 5:colcon.colcon_core.verb:set package 'control_turtlebot3' build argument 'cmake_clean_cache' from command line to 'False'
[0.889s] Level 5:colcon.colcon_core.verb:set package 'control_turtlebot3' build argument 'cmake_clean_first' from command line to 'False'
[0.889s] Level 5:colcon.colcon_core.verb:set package 'control_turtlebot3' build argument 'cmake_force_configure' from command line to 'False'
[0.889s] Level 5:colcon.colcon_core.verb:set package 'control_turtlebot3' build argument 'ament_cmake_args' from command line to 'None'
[0.889s] Level 5:colcon.colcon_core.verb:set package 'control_turtlebot3' build argument 'catkin_cmake_args' from command line to 'None'
[0.889s] Level 5:colcon.colcon_core.verb:set package 'control_turtlebot3' build argument 'catkin_skip_building_tests' from command line to 'False'
[0.889s] DEBUG:colcon.colcon_core.verb:Building package 'control_turtlebot3' with the following arguments: {'ament_cmake_args': None, 'build_base': '/home/jaime/ros2_ws/build/control_turtlebot3', 'catkin_cmake_args': None, 'catkin_skip_building_tests': False, 'cmake_args': None, 'cmake_clean_cache': False, 'cmake_clean_first': False, 'cmake_force_configure': False, 'cmake_target': None, 'cmake_target_skip_unavailable': False, 'install_base': '/home/jaime/ros2_ws/install/control_turtlebot3', 'merge_install': False, 'path': '/home/jaime/ros2_ws/src/control_turtlebot3', 'symlink_install': False, 'test_result_base': None}
[0.891s] Level 5:colcon.colcon_core.verb:set package 'controlador_turtlesim' build argument 'cmake_args' from command line to 'None'
[0.891s] Level 5:colcon.colcon_core.verb:set package 'controlador_turtlesim' build argument 'cmake_target' from command line to 'None'
[0.891s] Level 5:colcon.colcon_core.verb:set package 'controlador_turtlesim' build argument 'cmake_target_skip_unavailable' from command line to 'False'
[0.891s] Level 5:colcon.colcon_core.verb:set package 'controlador_turtlesim' build argument 'cmake_clean_cache' from command line to 'False'
[0.891s] Level 5:colcon.colcon_core.verb:set package 'controlador_turtlesim' build argument 'cmake_clean_first' from command line to 'False'
[0.891s] Level 5:colcon.colcon_core.verb:set package 'controlador_turtlesim' build argument 'cmake_force_configure' from command line to 'False'
[0.891s] Level 5:colcon.colcon_core.verb:set package 'controlador_turtlesim' build argument 'ament_cmake_args' from command line to 'None'
[0.891s] Level 5:colcon.colcon_core.verb:set package 'controlador_turtlesim' build argument 'catkin_cmake_args' from command line to 'None'
[0.891s] Level 5:colcon.colcon_core.verb:set package 'controlador_turtlesim' build argument 'catkin_skip_building_tests' from command line to 'False'
[0.891s] DEBUG:colcon.colcon_core.verb:Building package 'controlador_turtlesim' with the following arguments: {'ament_cmake_args': None, 'build_base': '/home/jaime/ros2_ws/build/controlador_turtlesim', 'catkin_cmake_args': None, 'catkin_skip_building_tests': False, 'cmake_args': None, 'cmake_clean_cache': False, 'cmake_clean_first': False, 'cmake_force_configure': False, 'cmake_target': None, 'cmake_target_skip_unavailable': False, 'install_base': '/home/jaime/ros2_ws/install/controlador_turtlesim', 'merge_install': False, 'path': '/home/jaime/ros2_ws/src/controlador_turtlesim', 'symlink_install': False, 'test_result_base': None}
[0.893s] Level 5:colcon.colcon_core.verb:set package 'my_c_pkg' build argument 'cmake_args' from command line to 'None'
[0.893s] Level 5:colcon.colcon_core.verb:set package 'my_c_pkg' build argument 'cmake_target' from command line to 'None'
[0.893s] Level 5:colcon.colcon_core.verb:set package 'my_c_pkg' build argument 'cmake_target_skip_unavailable' from command line to 'False'
[0.893s] Level 5:colcon.colcon_core.verb:set package 'my_c_pkg' build argument 'cmake_clean_cache' from command line to 'False'
[0.893s] Level 5:colcon.colcon_core.verb:set package 'my_c_pkg' build argument 'cmake_clean_first' from command line to 'False'
[0.893s] Level 5:colcon.colcon_core.verb:set package 'my_c_pkg' build argument 'cmake_force_configure' from command line to 'False'
[0.893s] Level 5:colcon.colcon_core.verb:set package 'my_c_pkg' build argument 'ament_cmake_args' from command line to 'None'
[0.893s] Level 5:colcon.colcon_core.verb:set package 'my_c_pkg' build argument 'catkin_cmake_args' from command line to 'None'
[0.893s] Level 5:colcon.colcon_core.verb:set package 'my_c_pkg' build argument 'catkin_skip_building_tests' from command line to 'False'
[0.893s] DEBUG:colcon.colcon_core.verb:Building package 'my_c_pkg' with the following arguments: {'ament_cmake_args': None, 'build_base': '/home/jaime/ros2_ws/build/my_c_pkg', 'catkin_cmake_args': None, 'catkin_skip_building_tests': False, 'cmake_args': None, 'cmake_clean_cache': False, 'cmake_clean_first': False, 'cmake_force_configure': False, 'cmake_target': None, 'cmake_target_skip_unavailable': False, 'install_base': '/home/jaime/ros2_ws/install/my_c_pkg', 'merge_install': False, 'path': '/home/jaime/ros2_ws/src/my_c_pkg', 'symlink_install': False, 'test_result_base': None}
[0.896s] Level 5:colcon.colcon_core.verb:set package 'my_py_pkg' build argument 'cmake_args' from command line to 'None'
[0.896s] Level 5:colcon.colcon_core.verb:set package 'my_py_pkg' build argument 'cmake_target' from command line to 'None'
[0.896s] Level 5:colcon.colcon_core.verb:set package 'my_py_pkg' build argument 'cmake_target_skip_unavailable' from command line to 'False'
[0.896s] Level 5:colcon.colcon_core.verb:set package 'my_py_pkg' build argument 'cmake_clean_cache' from command line to 'False'
[0.896s] Level 5:colcon.colcon_core.verb:set package 'my_py_pkg' build argument 'cmake_clean_first' from command line to 'False'
[0.896s] Level 5:colcon.colcon_core.verb:set package 'my_py_pkg' build argument 'cmake_force_configure' from command line to 'False'
[0.896s] Level 5:colcon.colcon_core.verb:set package 'my_py_pkg' build argument 'ament_cmake_args' from command line to 'None'
[0.896s] Level 5:colcon.colcon_core.verb:set package 'my_py_pkg' build argument 'catkin_cmake_args' from command line to 'None'
[0.896s] Level 5:colcon.colcon_core.verb:set package 'my_py_pkg' build argument 'catkin_skip_building_tests' from command line to 'False'
[0.896s] DEBUG:colcon.colcon_core.verb:Building package 'my_py_pkg' with the following arguments: {'ament_cmake_args': None, 'build_base': '/home/jaime/ros2_ws/build/my_py_pkg', 'catkin_cmake_args': None, 'catkin_skip_building_tests': False, 'cmake_args': None, 'cmake_clean_cache': False, 'cmake_clean_first': False, 'cmake_force_configure': False, 'cmake_target': None, 'cmake_target_skip_unavailable': False, 'install_base': '/home/jaime/ros2_ws/install/my_py_pkg', 'merge_install': False, 'path': '/home/jaime/ros2_ws/src/my_py_pkg', 'symlink_install': False, 'test_result_base': None}
[0.898s] INFO:colcon.colcon_core.executor:Executing jobs using 'parallel' executor
[0.917s] DEBUG:colcon.colcon_parallel_executor.executor.parallel:run_until_complete
[0.918s] INFO:colcon.colcon_ros.task.ament_python.build:Building ROS package in '/home/jaime/ros2_ws/src/turtlesim' with build type 'ament_python'
[0.918s] Level 1:colcon.colcon_core.shell:create_environment_hook('turtlesim', 'ament_prefix_path')
[0.929s] INFO:colcon.colcon_core.plugin_system:Skipping extension 'colcon_core.shell.bat': Not used on non-Windows systems
[0.929s] INFO:colcon.colcon_core.shell:Creating environment hook '/home/jaime/ros2_ws/install/turtlesim/share/turtlesim/hook/ament_prefix_path.ps1'
[0.932s] INFO:colcon.colcon_core.shell:Creating environment descriptor '/home/jaime/ros2_ws/install/turtlesim/share/turtlesim/hook/ament_prefix_path.dsv'
[0.952s] INFO:colcon.colcon_core.shell:Creating environment hook '/home/jaime/ros2_ws/install/turtlesim/share/turtlesim/hook/ament_prefix_path.sh'
[0.957s] INFO:colcon.colcon_core.shell:Skip shell extension 'powershell' for command environment: Not usable outside of PowerShell
[0.957s] DEBUG:colcon.colcon_core.shell:Skip shell extension 'dsv' for command environment
[0.978s] INFO:colcon.colcon_ros.task.ament_python.build:Building ROS package in '/home/jaime/ros2_ws/src/pkg_entrega1' with build type 'ament_python'
[0.979s] Level 1:colcon.colcon_core.shell:create_environment_hook('pkg_entrega1', 'ament_prefix_path')
[0.982s] INFO:colcon.colcon_core.shell:Creating environment hook '/home/jaime/ros2_ws/install/pkg_entrega1/share/pkg_entrega1/hook/ament_prefix_path.ps1'
[0.985s] INFO:colcon.colcon_core.shell:Creating environment descriptor '/home/jaime/ros2_ws/install/pkg_entrega1/share/pkg_entrega1/hook/ament_prefix_path.dsv'
[0.985s] INFO:colcon.colcon_core.shell:Creating environment hook '/home/jaime/ros2_ws/install/pkg_entrega1/share/pkg_entrega1/hook/ament_prefix_path.sh'
[0.987s] INFO:colcon.colcon_core.shell:Skip shell extension 'powershell' for command environment: Not usable outside of PowerShell
[0.988s] DEBUG:colcon.colcon_core.shell:Skip shell extension 'dsv' for command environment
[1.454s] INFO:colcon.colcon_core.task.python.build:Building Python package in '/home/jaime/ros2_ws/src/turtlesim'
[1.457s] INFO:colcon.colcon_core.shell:Skip shell extension 'powershell' for command environment: Not usable outside of PowerShell
[1.458s] DEBUG:colcon.colcon_core.shell:Skip shell extension 'dsv' for command environment
[1.936s] INFO:colcon.colcon_core.task.python.build:Building Python package in '/home/jaime/ros2_ws/src/pkg_entrega1'
[1.939s] INFO:colcon.colcon_core.shell:Skip shell extension 'powershell' for command environment: Not usable outside of PowerShell
[1.939s] DEBUG:colcon.colcon_core.shell:Skip shell extension 'dsv' for command environment
[2.783s] DEBUG:colcon.colcon_core.event_handler.log_command:Invoking command in '/home/jaime/ros2_ws/build/turtlesim': PYTHONPATH=/home/jaime/ros2_ws/build/turtlesim/prefix_override:/home/jaime/ros2_ws/install/turtlesim/lib/python3.8/site-packages:${PYTHONPATH} /usr/bin/python3 setup.py develop --uninstall --editable --build-directory /home/jaime/ros2_ws/build/turtlesim/build
[2.854s] DEBUG:colcon.colcon_core.event_handler.log_command:Invoking command in '/home/jaime/ros2_ws/src/pkg_entrega1': PYTHONPATH=/home/jaime/ros2_ws/build/pkg_entrega1/prefix_override:/home/jaime/ros2_ws/install/pkg_entrega1/lib/python3.8/site-packages:${PYTHONPATH} /usr/bin/python3 setup.py egg_info --egg-base ../../build/pkg_entrega1 build --build-base /home/jaime/ros2_ws/build/pkg_entrega1/build install --record /home/jaime/ros2_ws/build/pkg_entrega1/install.log --install-scripts $base/lib/pkg_entrega1 --single-version-externally-managed
[3.468s] DEBUG:colcon.colcon_core.event_handler.log_command:Invoked command in '/home/jaime/ros2_ws/src/pkg_entrega1' returned '0': PYTHONPATH=/home/jaime/ros2_ws/build/pkg_entrega1/prefix_override:/home/jaime/ros2_ws/install/pkg_entrega1/lib/python3.8/site-packages:${PYTHONPATH} /usr/bin/python3 setup.py egg_info --egg-base ../../build/pkg_entrega1 build --build-base /home/jaime/ros2_ws/build/pkg_entrega1/build install --record /home/jaime/ros2_ws/build/pkg_entrega1/install.log --install-scripts $base/lib/pkg_entrega1 --single-version-externally-managed
[3.471s] Level 1:colcon.colcon_core.environment:checking '/home/jaime/ros2_ws/install/pkg_entrega1' for CMake module files
[3.472s] Level 1:colcon.colcon_core.environment:checking '/home/jaime/ros2_ws/install/pkg_entrega1' for CMake config files
[3.473s] Level 1:colcon.colcon_core.environment:checking '/home/jaime/ros2_ws/install/pkg_entrega1/lib'
[3.473s] Level 1:colcon.colcon_core.environment:checking '/home/jaime/ros2_ws/install/pkg_entrega1/bin'
[3.473s] Level 1:colcon.colcon_core.environment:checking '/home/jaime/ros2_ws/install/pkg_entrega1/lib/pkgconfig/pkg_entrega1.pc'
[3.474s] Level 1:colcon.colcon_core.environment:checking '/home/jaime/ros2_ws/install/pkg_entrega1/lib/python3.8/site-packages'
[3.474s] Level 1:colcon.colcon_core.shell:create_environment_hook('pkg_entrega1', 'pythonpath')
[3.477s] INFO:colcon.colcon_core.shell:Creating environment hook '/home/jaime/ros2_ws/install/pkg_entrega1/share/pkg_entrega1/hook/pythonpath.ps1'
[3.478s] INFO:colcon.colcon_core.shell:Creating environment descriptor '/home/jaime/ros2_ws/install/pkg_entrega1/share/pkg_entrega1/hook/pythonpath.dsv'
[3.479s] INFO:colcon.colcon_core.shell:Creating environment hook '/home/jaime/ros2_ws/install/pkg_entrega1/share/pkg_entrega1/hook/pythonpath.sh'
[3.480s] Level 1:colcon.colcon_core.environment:checking '/home/jaime/ros2_ws/install/pkg_entrega1/bin'
[3.480s] Level 1:colcon.colcon_core.environment:create_environment_scripts_only(pkg_entrega1)
[3.483s] INFO:colcon.colcon_core.shell:Creating package script '/home/jaime/ros2_ws/install/pkg_entrega1/share/pkg_entrega1/package.ps1'
[3.485s] INFO:colcon.colcon_core.shell:Creating package descriptor '/home/jaime/ros2_ws/install/pkg_entrega1/share/pkg_entrega1/package.dsv'
[3.487s] INFO:colcon.colcon_core.shell:Creating package script '/home/jaime/ros2_ws/install/pkg_entrega1/share/pkg_entrega1/package.sh'
[3.488s] INFO:colcon.colcon_core.shell:Creating package script '/home/jaime/ros2_ws/install/pkg_entrega1/share/pkg_entrega1/package.bash'
[3.490s] INFO:colcon.colcon_core.shell:Creating package script '/home/jaime/ros2_ws/install/pkg_entrega1/share/pkg_entrega1/package.zsh'
[3.491s] Level 1:colcon.colcon_core.environment:create_file_with_runtime_dependencies(/home/jaime/ros2_ws/install/pkg_entrega1/share/colcon-core/packages/pkg_entrega1)
[3.511s] DEBUG:colcon.colcon_core.event_handler.log_command:Invoked command in '/home/jaime/ros2_ws/build/turtlesim' returned '0': PYTHONPATH=/home/jaime/ros2_ws/build/turtlesim/prefix_override:/home/jaime/ros2_ws/install/turtlesim/lib/python3.8/site-packages:${PYTHONPATH} /usr/bin/python3 setup.py develop --uninstall --editable --build-directory /home/jaime/ros2_ws/build/turtlesim/build
[3.513s] DEBUG:colcon.colcon_core.event_handler.log_command:Invoking command in '/home/jaime/ros2_ws/src/turtlesim': PYTHONPATH=/home/jaime/ros2_ws/build/turtlesim/prefix_override:/home/jaime/ros2_ws/install/turtlesim/lib/python3.8/site-packages:${PYTHONPATH} /usr/bin/python3 setup.py egg_info --egg-base ../../build/turtlesim build --build-base /home/jaime/ros2_ws/build/turtlesim/build install --record /home/jaime/ros2_ws/build/turtlesim/install.log --install-scripts $base/lib/turtlesim --single-version-externally-managed
[4.185s] Level 1:colcon.colcon_core.environment:checking '/home/jaime/ros2_ws/install/turtlesim' for CMake module files
[4.187s] DEBUG:colcon.colcon_core.event_handler.log_command:Invoked command in '/home/jaime/ros2_ws/src/turtlesim' returned '0': PYTHONPATH=/home/jaime/ros2_ws/build/turtlesim/prefix_override:/home/jaime/ros2_ws/install/turtlesim/lib/python3.8/site-packages:${PYTHONPATH} /usr/bin/python3 setup.py egg_info --egg-base ../../build/turtlesim build --build-base /home/jaime/ros2_ws/build/turtlesim/build install --record /home/jaime/ros2_ws/build/turtlesim/install.log --install-scripts $base/lib/turtlesim --single-version-externally-managed
[4.188s] Level 1:colcon.colcon_core.environment:checking '/home/jaime/ros2_ws/install/turtlesim' for CMake config files
[4.189s] Level 1:colcon.colcon_core.environment:checking '/home/jaime/ros2_ws/install/turtlesim/lib'
[4.189s] Level 1:colcon.colcon_core.environment:checking '/home/jaime/ros2_ws/install/turtlesim/bin'
[4.190s] Level 1:colcon.colcon_core.environment:checking '/home/jaime/ros2_ws/install/turtlesim/lib/pkgconfig/turtlesim.pc'
[4.190s] Level 1:colcon.colcon_core.environment:checking '/home/jaime/ros2_ws/install/turtlesim/lib/python3.8/site-packages'
[4.190s] Level 1:colcon.colcon_core.shell:create_environment_hook('turtlesim', 'pythonpath')
[4.193s] INFO:colcon.colcon_core.shell:Creating environment hook '/home/jaime/ros2_ws/install/turtlesim/share/turtlesim/hook/pythonpath.ps1'
[4.195s] INFO:colcon.colcon_core.shell:Creating environment descriptor '/home/jaime/ros2_ws/install/turtlesim/share/turtlesim/hook/pythonpath.dsv'
[4.196s] INFO:colcon.colcon_core.shell:Creating environment hook '/home/jaime/ros2_ws/install/turtlesim/share/turtlesim/hook/pythonpath.sh'
[4.206s] Level 1:colcon.colcon_core.environment:checking '/home/jaime/ros2_ws/install/turtlesim/bin'
[4.206s] Level 1:colcon.colcon_core.environment:create_environment_scripts_only(turtlesim)
[4.209s] INFO:colcon.colcon_core.shell:Creating package script '/home/jaime/ros2_ws/install/turtlesim/share/turtlesim/package.ps1'
[4.210s] INFO:colcon.colcon_core.shell:Creating package descriptor '/home/jaime/ros2_ws/install/turtlesim/share/turtlesim/package.dsv'
[4.212s] INFO:colcon.colcon_core.shell:Creating package script '/home/jaime/ros2_ws/install/turtlesim/share/turtlesim/package.sh'
[4.213s] INFO:colcon.colcon_core.shell:Creating package script '/home/jaime/ros2_ws/install/turtlesim/share/turtlesim/package.bash'
[4.215s] INFO:colcon.colcon_core.shell:Creating package script '/home/jaime/ros2_ws/install/turtlesim/share/turtlesim/package.zsh'
[4.215s] Level 1:colcon.colcon_core.environment:create_file_with_runtime_dependencies(/home/jaime/ros2_ws/install/turtlesim/share/colcon-core/packages/turtlesim)
[4.217s] INFO:colcon.colcon_ros.task.ament_python.build:Building ROS package in '/home/jaime/ros2_ws/src/control_turtlebot3' with build type 'ament_python'
[4.218s] Level 1:colcon.colcon_core.shell:create_environment_hook('control_turtlebot3', 'ament_prefix_path')
[4.220s] INFO:colcon.colcon_core.shell:Creating environment hook '/home/jaime/ros2_ws/install/control_turtlebot3/share/control_turtlebot3/hook/ament_prefix_path.ps1'
[4.221s] INFO:colcon.colcon_core.shell:Creating environment descriptor '/home/jaime/ros2_ws/install/control_turtlebot3/share/control_turtlebot3/hook/ament_prefix_path.dsv'
[4.221s] INFO:colcon.colcon_core.shell:Creating environment hook '/home/jaime/ros2_ws/install/control_turtlebot3/share/control_turtlebot3/hook/ament_prefix_path.sh'
[4.225s] INFO:colcon.colcon_core.shell:Skip shell extension 'powershell' for command environment: Not usable outside of PowerShell
[4.225s] DEBUG:colcon.colcon_core.shell:Skip shell extension 'dsv' for command environment
[4.248s] INFO:colcon.colcon_ros.task.ament_python.build:Building ROS package in '/home/jaime/ros2_ws/src/controlador_turtlesim' with build type 'ament_python'
[4.249s] Level 1:colcon.colcon_core.shell:create_environment_hook('controlador_turtlesim', 'ament_prefix_path')
[4.252s] INFO:colcon.colcon_core.shell:Creating environment hook '/home/jaime/ros2_ws/install/controlador_turtlesim/share/controlador_turtlesim/hook/ament_prefix_path.ps1'
[4.254s] INFO:colcon.colcon_core.shell:Creating environment descriptor '/home/jaime/ros2_ws/install/controlador_turtlesim/share/controlador_turtlesim/hook/ament_prefix_path.dsv'
[4.256s] INFO:colcon.colcon_core.shell:Creating environment hook '/home/jaime/ros2_ws/install/controlador_turtlesim/share/controlador_turtlesim/hook/ament_prefix_path.sh'
[4.260s] INFO:colcon.colcon_core.shell:Skip shell extension 'powershell' for command environment: Not usable outside of PowerShell
[4.261s] DEBUG:colcon.colcon_core.shell:Skip shell extension 'dsv' for command environment
[4.288s] INFO:colcon.colcon_ros.task.ament_cmake.build:Building ROS package in '/home/jaime/ros2_ws/src/my_c_pkg' with build type 'ament_cmake'
[4.289s] INFO:colcon.colcon_cmake.task.cmake.build:Building CMake package in '/home/jaime/ros2_ws/src/my_c_pkg'
[4.294s] INFO:colcon.colcon_core.shell:Skip shell extension 'powershell' for command environment: Not usable outside of PowerShell
[4.294s] DEBUG:colcon.colcon_core.shell:Skip shell extension 'dsv' for command environment
[4.331s] INFO:colcon.colcon_ros.task.ament_python.build:Building ROS package in '/home/jaime/ros2_ws/src/my_py_pkg' with build type 'ament_python'
[4.331s] Level 1:colcon.colcon_core.shell:create_environment_hook('my_py_pkg', 'ament_prefix_path')
[4.334s] INFO:colcon.colcon_core.shell:Creating environment hook '/home/jaime/ros2_ws/install/my_py_pkg/share/my_py_pkg/hook/ament_prefix_path.ps1'
[4.335s] INFO:colcon.colcon_core.shell:Creating environment descriptor '/home/jaime/ros2_ws/install/my_py_pkg/share/my_py_pkg/hook/ament_prefix_path.dsv'
[4.335s] INFO:colcon.colcon_core.shell:Creating environment hook '/home/jaime/ros2_ws/install/my_py_pkg/share/my_py_pkg/hook/ament_prefix_path.sh'
[4.340s] INFO:colcon.colcon_core.shell:Skip shell extension 'powershell' for command environment: Not usable outside of PowerShell
[4.340s] DEBUG:colcon.colcon_core.shell:Skip shell extension 'dsv' for command environment
[4.876s] INFO:colcon.colcon_core.task.python.build:Building Python package in '/home/jaime/ros2_ws/src/control_turtlebot3'
[4.879s] INFO:colcon.colcon_core.shell:Skip shell extension 'powershell' for command environment: Not usable outside of PowerShell
[4.879s] DEBUG:colcon.colcon_core.shell:Skip shell extension 'dsv' for command environment
[5.296s] INFO:colcon.colcon_core.task.python.build:Building Python package in '/home/jaime/ros2_ws/src/controlador_turtlesim'
[5.299s] INFO:colcon.colcon_core.shell:Skip shell extension 'powershell' for command environment: Not usable outside of PowerShell
[5.299s] DEBUG:colcon.colcon_core.shell:Skip shell extension 'dsv' for command environment
[5.346s] DEBUG:colcon.colcon_core.event_handler.log_command:Invoking command in '/home/jaime/ros2_ws/build/my_c_pkg': AMENT_PREFIX_PATH=/home/jaime/ros2_ws/install/turtlesim:/home/jaime/ros2_ws/install/my_py_pkg:/home/jaime/ros2_ws/install/my_c_pkg:/home/jaime/ros2_ws/install/controlador_turtlesim:/home/jaime/ros2_ws/install/control_turtlebot3:/home/jaime/turtlebot3_ws/install/turtlebot3:/home/jaime/turtlebot3_ws/install/turtlebot3_teleop:/home/jaime/turtlebot3_ws/install/turtlebot3_simulations:/home/jaime/turtlebot3_ws/install/turtlebot3_bringup:/home/jaime/turtlebot3_ws/install/turtlebot3_node:/home/jaime/turtlebot3_ws/install/turtlebot3_navigation2:/home/jaime/turtlebot3_ws/install/turtlebot3_fake_node:/home/jaime/turtlebot3_ws/install/turtlebot3_example:/home/jaime/turtlebot3_ws/install/turtlebot3_msgs:/home/jaime/turtlebot3_ws/install/turtlebot3_gazebo:/home/jaime/turtlebot3_ws/install/turtlebot3_description:/home/jaime/turtlebot3_ws/install/turtlebot3_cartographer:/home/jaime/turtlebot3_ws/install/dynamixel_sdk_examples:/home/jaime/turtlebot3_ws/install/dynamixel_sdk_custom_interfaces:/home/jaime/turtlebot3_ws/install/dynamixel_sdk:/opt/ros/foxy CMAKE_PREFIX_PATH=${CMAKE_PREFIX_PATH}:/home/jaime/ros2_ws/install/my_py_pkg:/home/jaime/ros2_ws/install/controlador_turtlesim:/home/jaime/ros2_ws/install/control_turtlebot3:/home/jaime/ros2_ws/install/turtlesim:/home/jaime/turtlebot3_ws/install/turtlebot3_teleop:/home/jaime/turtlebot3_ws/install/turtlebot3_example:/opt/ros/foxy PYTHONPATH=/home/jaime/ros2_ws/install/turtlesim/lib/python3.8/site-packages:/home/jaime/ros2_ws/build/my_py_pkg:/home/jaime/ros2_ws/install/my_py_pkg/lib/python3.8/site-packages:/home/jaime/ros2_ws/build/controlador_turtlesim:/home/jaime/ros2_ws/install/controlador_turtlesim/lib/python3.8/site-packages:/home/jaime/ros2_ws/build/control_turtlebot3:/home/jaime/ros2_ws/install/control_turtlebot3/lib/python3.8/site-packages:/home/jaime/ros2_ws/build/turtlesim:/home/jaime/turtlebot3_ws/build/turtlebot3_teleop:/home/jaime/turtlebot3_ws/install/turtlebot3_teleop/lib/python3.8/site-packages:/home/jaime/turtlebot3_ws/build/turtlebot3_example:/home/jaime/turtlebot3_ws/install/turtlebot3_example/lib/python3.8/site-packages:/home/jaime/turtlebot3_ws/install/turtlebot3_msgs/lib/python3.8/site-packages:/home/jaime/turtlebot3_ws/install/dynamixel_sdk_custom_interfaces/lib/python3.8/site-packages:/opt/ros/foxy/lib/python3.8/site-packages /usr/bin/cmake /home/jaime/ros2_ws/src/my_c_pkg -DCMAKE_INSTALL_PREFIX=/home/jaime/ros2_ws/install/my_c_pkg
[5.850s] INFO:colcon.colcon_core.task.python.build:Building Python package in '/home/jaime/ros2_ws/src/my_py_pkg'
[5.853s] INFO:colcon.colcon_core.shell:Skip shell extension 'powershell' for command environment: Not usable outside of PowerShell
[5.853s] DEBUG:colcon.colcon_core.shell:Skip shell extension 'dsv' for command environment
[5.994s] DEBUG:colcon.colcon_core.event_handler.log_command:Invoked command in '/home/jaime/ros2_ws/build/my_c_pkg' returned '0': AMENT_PREFIX_PATH=/home/jaime/ros2_ws/install/turtlesim:/home/jaime/ros2_ws/install/my_py_pkg:/home/jaime/ros2_ws/install/my_c_pkg:/home/jaime/ros2_ws/install/controlador_turtlesim:/home/jaime/ros2_ws/install/control_turtlebot3:/home/jaime/turtlebot3_ws/install/turtlebot3:/home/jaime/turtlebot3_ws/install/turtlebot3_teleop:/home/jaime/turtlebot3_ws/install/turtlebot3_simulations:/home/jaime/turtlebot3_ws/install/turtlebot3_bringup:/home/jaime/turtlebot3_ws/install/turtlebot3_node:/home/jaime/turtlebot3_ws/install/turtlebot3_navigation2:/home/jaime/turtlebot3_ws/install/turtlebot3_fake_node:/home/jaime/turtlebot3_ws/install/turtlebot3_example:/home/jaime/turtlebot3_ws/install/turtlebot3_msgs:/home/jaime/turtlebot3_ws/install/turtlebot3_gazebo:/home/jaime/turtlebot3_ws/install/turtlebot3_description:/home/jaime/turtlebot3_ws/install/turtlebot3_cartographer:/home/jaime/turtlebot3_ws/install/dynamixel_sdk_examples:/home/jaime/turtlebot3_ws/install/dynamixel_sdk_custom_interfaces:/home/jaime/turtlebot3_ws/install/dynamixel_sdk:/opt/ros/foxy CMAKE_PREFIX_PATH=${CMAKE_PREFIX_PATH}:/home/jaime/ros2_ws/install/my_py_pkg:/home/jaime/ros2_ws/install/controlador_turtlesim:/home/jaime/ros2_ws/install/control_turtlebot3:/home/jaime/ros2_ws/install/turtlesim:/home/jaime/turtlebot3_ws/install/turtlebot3_teleop:/home/jaime/turtlebot3_ws/install/turtlebot3_example:/opt/ros/foxy PYTHONPATH=/home/jaime/ros2_ws/install/turtlesim/lib/python3.8/site-packages:/home/jaime/ros2_ws/build/my_py_pkg:/home/jaime/ros2_ws/install/my_py_pkg/lib/python3.8/site-packages:/home/jaime/ros2_ws/build/controlador_turtlesim:/home/jaime/ros2_ws/install/controlador_turtlesim/lib/python3.8/site-packages:/home/jaime/ros2_ws/build/control_turtlebot3:/home/jaime/ros2_ws/install/control_turtlebot3/lib/python3.8/site-packages:/home/jaime/ros2_ws/build/turtlesim:/home/jaime/turtlebot3_ws/build/turtlebot3_teleop:/home/jaime/turtlebot3_ws/install/turtlebot3_teleop/lib/python3.8/site-packages:/home/jaime/turtlebot3_ws/build/turtlebot3_example:/home/jaime/turtlebot3_ws/install/turtlebot3_example/lib/python3.8/site-packages:/home/jaime/turtlebot3_ws/install/turtlebot3_msgs/lib/python3.8/site-packages:/home/jaime/turtlebot3_ws/install/dynamixel_sdk_custom_interfaces/lib/python3.8/site-packages:/opt/ros/foxy/lib/python3.8/site-packages /usr/bin/cmake /home/jaime/ros2_ws/src/my_c_pkg -DCMAKE_INSTALL_PREFIX=/home/jaime/ros2_ws/install/my_c_pkg
[5.995s] DEBUG:colcon.colcon_core.event_handler.log_command:Invoking command in '/home/jaime/ros2_ws/build/my_c_pkg': AMENT_PREFIX_PATH=/home/jaime/ros2_ws/install/turtlesim:/home/jaime/ros2_ws/install/my_py_pkg:/home/jaime/ros2_ws/install/my_c_pkg:/home/jaime/ros2_ws/install/controlador_turtlesim:/home/jaime/ros2_ws/install/control_turtlebot3:/home/jaime/turtlebot3_ws/install/turtlebot3:/home/jaime/turtlebot3_ws/install/turtlebot3_teleop:/home/jaime/turtlebot3_ws/install/turtlebot3_simulations:/home/jaime/turtlebot3_ws/install/turtlebot3_bringup:/home/jaime/turtlebot3_ws/install/turtlebot3_node:/home/jaime/turtlebot3_ws/install/turtlebot3_navigation2:/home/jaime/turtlebot3_ws/install/turtlebot3_fake_node:/home/jaime/turtlebot3_ws/install/turtlebot3_example:/home/jaime/turtlebot3_ws/install/turtlebot3_msgs:/home/jaime/turtlebot3_ws/install/turtlebot3_gazebo:/home/jaime/turtlebot3_ws/install/turtlebot3_description:/home/jaime/turtlebot3_ws/install/turtlebot3_cartographer:/home/jaime/turtlebot3_ws/install/dynamixel_sdk_examples:/home/jaime/turtlebot3_ws/install/dynamixel_sdk_custom_interfaces:/home/jaime/turtlebot3_ws/install/dynamixel_sdk:/opt/ros/foxy CMAKE_PREFIX_PATH=${CMAKE_PREFIX_PATH}:/home/jaime/ros2_ws/install/my_py_pkg:/home/jaime/ros2_ws/install/controlador_turtlesim:/home/jaime/ros2_ws/install/control_turtlebot3:/home/jaime/ros2_ws/install/turtlesim:/home/jaime/turtlebot3_ws/install/turtlebot3_teleop:/home/jaime/turtlebot3_ws/install/turtlebot3_example:/opt/ros/foxy PYTHONPATH=/home/jaime/ros2_ws/install/turtlesim/lib/python3.8/site-packages:/home/jaime/ros2_ws/build/my_py_pkg:/home/jaime/ros2_ws/install/my_py_pkg/lib/python3.8/site-packages:/home/jaime/ros2_ws/build/controlador_turtlesim:/home/jaime/ros2_ws/install/controlador_turtlesim/lib/python3.8/site-packages:/home/jaime/ros2_ws/build/control_turtlebot3:/home/jaime/ros2_ws/install/control_turtlebot3/lib/python3.8/site-packages:/home/jaime/ros2_ws/build/turtlesim:/home/jaime/turtlebot3_ws/build/turtlebot3_teleop:/home/jaime/turtlebot3_ws/install/turtlebot3_teleop/lib/python3.8/site-packages:/home/jaime/turtlebot3_ws/build/turtlebot3_example:/home/jaime/turtlebot3_ws/install/turtlebot3_example/lib/python3.8/site-packages:/home/jaime/turtlebot3_ws/install/turtlebot3_msgs/lib/python3.8/site-packages:/home/jaime/turtlebot3_ws/install/dynamixel_sdk_custom_interfaces/lib/python3.8/site-packages:/opt/ros/foxy/lib/python3.8/site-packages /usr/bin/cmake --build /home/jaime/ros2_ws/build/my_c_pkg -- -j5 -l5
[6.097s] DEBUG:colcon.colcon_core.event_handler.log_command:Invoked command in '/home/jaime/ros2_ws/build/my_c_pkg' returned '0': AMENT_PREFIX_PATH=/home/jaime/ros2_ws/install/turtlesim:/home/jaime/ros2_ws/install/my_py_pkg:/home/jaime/ros2_ws/install/my_c_pkg:/home/jaime/ros2_ws/install/controlador_turtlesim:/home/jaime/ros2_ws/install/control_turtlebot3:/home/jaime/turtlebot3_ws/install/turtlebot3:/home/jaime/turtlebot3_ws/install/turtlebot3_teleop:/home/jaime/turtlebot3_ws/install/turtlebot3_simulations:/home/jaime/turtlebot3_ws/install/turtlebot3_bringup:/home/jaime/turtlebot3_ws/install/turtlebot3_node:/home/jaime/turtlebot3_ws/install/turtlebot3_navigation2:/home/jaime/turtlebot3_ws/install/turtlebot3_fake_node:/home/jaime/turtlebot3_ws/install/turtlebot3_example:/home/jaime/turtlebot3_ws/install/turtlebot3_msgs:/home/jaime/turtlebot3_ws/install/turtlebot3_gazebo:/home/jaime/turtlebot3_ws/install/turtlebot3_description:/home/jaime/turtlebot3_ws/install/turtlebot3_cartographer:/home/jaime/turtlebot3_ws/install/dynamixel_sdk_examples:/home/jaime/turtlebot3_ws/install/dynamixel_sdk_custom_interfaces:/home/jaime/turtlebot3_ws/install/dynamixel_sdk:/opt/ros/foxy CMAKE_PREFIX_PATH=${CMAKE_PREFIX_PATH}:/home/jaime/ros2_ws/install/my_py_pkg:/home/jaime/ros2_ws/install/controlador_turtlesim:/home/jaime/ros2_ws/install/control_turtlebot3:/home/jaime/ros2_ws/install/turtlesim:/home/jaime/turtlebot3_ws/install/turtlebot3_teleop:/home/jaime/turtlebot3_ws/install/turtlebot3_example:/opt/ros/foxy PYTHONPATH=/home/jaime/ros2_ws/install/turtlesim/lib/python3.8/site-packages:/home/jaime/ros2_ws/build/my_py_pkg:/home/jaime/ros2_ws/install/my_py_pkg/lib/python3.8/site-packages:/home/jaime/ros2_ws/build/controlador_turtlesim:/home/jaime/ros2_ws/install/controlador_turtlesim/lib/python3.8/site-packages:/home/jaime/ros2_ws/build/control_turtlebot3:/home/jaime/ros2_ws/install/control_turtlebot3/lib/python3.8/site-packages:/home/jaime/ros2_ws/build/turtlesim:/home/jaime/turtlebot3_ws/build/turtlebot3_teleop:/home/jaime/turtlebot3_ws/install/turtlebot3_teleop/lib/python3.8/site-packages:/home/jaime/turtlebot3_ws/build/turtlebot3_example:/home/jaime/turtlebot3_ws/install/turtlebot3_example/lib/python3.8/site-packages:/home/jaime/turtlebot3_ws/install/turtlebot3_msgs/lib/python3.8/site-packages:/home/jaime/turtlebot3_ws/install/dynamixel_sdk_custom_interfaces/lib/python3.8/site-packages:/opt/ros/foxy/lib/python3.8/site-packages /usr/bin/cmake --build /home/jaime/ros2_ws/build/my_c_pkg -- -j5 -l5
[6.333s] DEBUG:colcon.colcon_core.event_handler.log_command:Invoking command in '/home/jaime/ros2_ws/build/my_c_pkg': AMENT_PREFIX_PATH=/home/jaime/ros2_ws/install/turtlesim:/home/jaime/ros2_ws/install/my_py_pkg:/home/jaime/ros2_ws/install/my_c_pkg:/home/jaime/ros2_ws/install/controlador_turtlesim:/home/jaime/ros2_ws/install/control_turtlebot3:/home/jaime/turtlebot3_ws/install/turtlebot3:/home/jaime/turtlebot3_ws/install/turtlebot3_teleop:/home/jaime/turtlebot3_ws/install/turtlebot3_simulations:/home/jaime/turtlebot3_ws/install/turtlebot3_bringup:/home/jaime/turtlebot3_ws/install/turtlebot3_node:/home/jaime/turtlebot3_ws/install/turtlebot3_navigation2:/home/jaime/turtlebot3_ws/install/turtlebot3_fake_node:/home/jaime/turtlebot3_ws/install/turtlebot3_example:/home/jaime/turtlebot3_ws/install/turtlebot3_msgs:/home/jaime/turtlebot3_ws/install/turtlebot3_gazebo:/home/jaime/turtlebot3_ws/install/turtlebot3_description:/home/jaime/turtlebot3_ws/install/turtlebot3_cartographer:/home/jaime/turtlebot3_ws/install/dynamixel_sdk_examples:/home/jaime/turtlebot3_ws/install/dynamixel_sdk_custom_interfaces:/home/jaime/turtlebot3_ws/install/dynamixel_sdk:/opt/ros/foxy CMAKE_PREFIX_PATH=${CMAKE_PREFIX_PATH}:/home/jaime/ros2_ws/install/my_py_pkg:/home/jaime/ros2_ws/install/controlador_turtlesim:/home/jaime/ros2_ws/install/control_turtlebot3:/home/jaime/ros2_ws/install/turtlesim:/home/jaime/turtlebot3_ws/install/turtlebot3_teleop:/home/jaime/turtlebot3_ws/install/turtlebot3_example:/opt/ros/foxy PYTHONPATH=/home/jaime/ros2_ws/install/turtlesim/lib/python3.8/site-packages:/home/jaime/ros2_ws/build/my_py_pkg:/home/jaime/ros2_ws/install/my_py_pkg/lib/python3.8/site-packages:/home/jaime/ros2_ws/build/controlador_turtlesim:/home/jaime/ros2_ws/install/controlador_turtlesim/lib/python3.8/site-packages:/home/jaime/ros2_ws/build/control_turtlebot3:/home/jaime/ros2_ws/install/control_turtlebot3/lib/python3.8/site-packages:/home/jaime/ros2_ws/build/turtlesim:/home/jaime/turtlebot3_ws/build/turtlebot3_teleop:/home/jaime/turtlebot3_ws/install/turtlebot3_teleop/lib/python3.8/site-packages:/home/jaime/turtlebot3_ws/build/turtlebot3_example:/home/jaime/turtlebot3_ws/install/turtlebot3_example/lib/python3.8/site-packages:/home/jaime/turtlebot3_ws/install/turtlebot3_msgs/lib/python3.8/site-packages:/home/jaime/turtlebot3_ws/install/dynamixel_sdk_custom_interfaces/lib/python3.8/site-packages:/opt/ros/foxy/lib/python3.8/site-packages /usr/bin/cmake --install /home/jaime/ros2_ws/build/my_c_pkg
[6.395s] Level 1:colcon.colcon_core.environment:create_environment_scripts_only(my_c_pkg)
[6.399s] Level 1:colcon.colcon_core.environment:checking '/home/jaime/ros2_ws/install/my_c_pkg' for CMake module files
[6.400s] Level 1:colcon.colcon_core.environment:checking '/home/jaime/ros2_ws/install/my_c_pkg' for CMake config files
[6.400s] Level 1:colcon.colcon_core.shell:create_environment_hook('my_c_pkg', 'cmake_prefix_path')
[6.403s] INFO:colcon.colcon_core.shell:Creating environment hook '/home/jaime/ros2_ws/install/my_c_pkg/share/my_c_pkg/hook/cmake_prefix_path.ps1'
[6.404s] INFO:colcon.colcon_core.shell:Creating environment descriptor '/home/jaime/ros2_ws/install/my_c_pkg/share/my_c_pkg/hook/cmake_prefix_path.dsv'
[6.416s] DEBUG:colcon.colcon_core.event_handler.log_command:Invoked command in '/home/jaime/ros2_ws/build/my_c_pkg' returned '0': AMENT_PREFIX_PATH=/home/jaime/ros2_ws/install/turtlesim:/home/jaime/ros2_ws/install/my_py_pkg:/home/jaime/ros2_ws/install/my_c_pkg:/home/jaime/ros2_ws/install/controlador_turtlesim:/home/jaime/ros2_ws/install/control_turtlebot3:/home/jaime/turtlebot3_ws/install/turtlebot3:/home/jaime/turtlebot3_ws/install/turtlebot3_teleop:/home/jaime/turtlebot3_ws/install/turtlebot3_simulations:/home/jaime/turtlebot3_ws/install/turtlebot3_bringup:/home/jaime/turtlebot3_ws/install/turtlebot3_node:/home/jaime/turtlebot3_ws/install/turtlebot3_navigation2:/home/jaime/turtlebot3_ws/install/turtlebot3_fake_node:/home/jaime/turtlebot3_ws/install/turtlebot3_example:/home/jaime/turtlebot3_ws/install/turtlebot3_msgs:/home/jaime/turtlebot3_ws/install/turtlebot3_gazebo:/home/jaime/turtlebot3_ws/install/turtlebot3_description:/home/jaime/turtlebot3_ws/install/turtlebot3_cartographer:/home/jaime/turtlebot3_ws/install/dynamixel_sdk_examples:/home/jaime/turtlebot3_ws/install/dynamixel_sdk_custom_interfaces:/home/jaime/turtlebot3_ws/install/dynamixel_sdk:/opt/ros/foxy CMAKE_PREFIX_PATH=${CMAKE_PREFIX_PATH}:/home/jaime/ros2_ws/install/my_py_pkg:/home/jaime/ros2_ws/install/controlador_turtlesim:/home/jaime/ros2_ws/install/control_turtlebot3:/home/jaime/ros2_ws/install/turtlesim:/home/jaime/turtlebot3_ws/install/turtlebot3_teleop:/home/jaime/turtlebot3_ws/install/turtlebot3_example:/opt/ros/foxy PYTHONPATH=/home/jaime/ros2_ws/install/turtlesim/lib/python3.8/site-packages:/home/jaime/ros2_ws/build/my_py_pkg:/home/jaime/ros2_ws/install/my_py_pkg/lib/python3.8/site-packages:/home/jaime/ros2_ws/build/controlador_turtlesim:/home/jaime/ros2_ws/install/controlador_turtlesim/lib/python3.8/site-packages:/home/jaime/ros2_ws/build/control_turtlebot3:/home/jaime/ros2_ws/install/control_turtlebot3/lib/python3.8/site-packages:/home/jaime/ros2_ws/build/turtlesim:/home/jaime/turtlebot3_ws/build/turtlebot3_teleop:/home/jaime/turtlebot3_ws/install/turtlebot3_teleop/lib/python3.8/site-packages:/home/jaime/turtlebot3_ws/build/turtlebot3_example:/home/jaime/turtlebot3_ws/install/turtlebot3_example/lib/python3.8/site-packages:/home/jaime/turtlebot3_ws/install/turtlebot3_msgs/lib/python3.8/site-packages:/home/jaime/turtlebot3_ws/install/dynamixel_sdk_custom_interfaces/lib/python3.8/site-packages:/opt/ros/foxy/lib/python3.8/site-packages /usr/bin/cmake --install /home/jaime/ros2_ws/build/my_c_pkg
[6.431s] INFO:colcon.colcon_core.shell:Creating environment hook '/home/jaime/ros2_ws/install/my_c_pkg/share/my_c_pkg/hook/cmake_prefix_path.sh'
[6.433s] Level 1:colcon.colcon_core.environment:checking '/home/jaime/ros2_ws/install/my_c_pkg/bin'
[6.433s] Level 1:colcon.colcon_core.environment:checking '/home/jaime/ros2_ws/install/my_c_pkg/lib/pkgconfig/my_c_pkg.pc'
[6.434s] Level 1:colcon.colcon_core.environment:checking '/home/jaime/ros2_ws/install/my_c_pkg/lib/python3.8/site-packages'
[6.434s] Level 1:colcon.colcon_core.environment:checking '/home/jaime/ros2_ws/install/my_c_pkg/bin'
[6.436s] INFO:colcon.colcon_core.shell:Creating package script '/home/jaime/ros2_ws/install/my_c_pkg/share/my_c_pkg/package.ps1'
[6.497s] INFO:colcon.colcon_core.shell:Creating package descriptor '/home/jaime/ros2_ws/install/my_c_pkg/share/my_c_pkg/package.dsv'
[6.499s] INFO:colcon.colcon_core.shell:Creating package script '/home/jaime/ros2_ws/install/my_c_pkg/share/my_c_pkg/package.sh'
[6.500s] INFO:colcon.colcon_core.shell:Creating package script '/home/jaime/ros2_ws/install/my_c_pkg/share/my_c_pkg/package.bash'
[6.503s] INFO:colcon.colcon_core.shell:Creating package script '/home/jaime/ros2_ws/install/my_c_pkg/share/my_c_pkg/package.zsh'
[6.505s] Level 1:colcon.colcon_core.environment:create_file_with_runtime_dependencies(/home/jaime/ros2_ws/install/my_c_pkg/share/colcon-core/packages/my_c_pkg)
[6.765s] Level 1:colcon.colcon_core.environment:create_environment_scripts_only(my_c_pkg)
[6.777s] Level 1:colcon.colcon_core.environment:checking '/home/jaime/ros2_ws/install/my_c_pkg' for CMake module files
[6.778s] Level 1:colcon.colcon_core.environment:checking '/home/jaime/ros2_ws/install/my_c_pkg' for CMake config files
[6.778s] Level 1:colcon.colcon_core.shell:create_environment_hook('my_c_pkg', 'cmake_prefix_path')
[6.781s] INFO:colcon.colcon_core.shell:Creating environment hook '/home/jaime/ros2_ws/install/my_c_pkg/share/my_c_pkg/hook/cmake_prefix_path.ps1'
[6.812s] INFO:colcon.colcon_core.shell:Creating environment descriptor '/home/jaime/ros2_ws/install/my_c_pkg/share/my_c_pkg/hook/cmake_prefix_path.dsv'
[6.813s] INFO:colcon.colcon_core.shell:Creating environment hook '/home/jaime/ros2_ws/install/my_c_pkg/share/my_c_pkg/hook/cmake_prefix_path.sh'
[6.815s] Level 1:colcon.colcon_core.environment:checking '/home/jaime/ros2_ws/install/my_c_pkg/bin'
[6.815s] Level 1:colcon.colcon_core.environment:checking '/home/jaime/ros2_ws/install/my_c_pkg/lib/pkgconfig/my_c_pkg.pc'
[6.816s] Level 1:colcon.colcon_core.environment:checking '/home/jaime/ros2_ws/install/my_c_pkg/lib/python3.8/site-packages'
[6.816s] Level 1:colcon.colcon_core.environment:checking '/home/jaime/ros2_ws/install/my_c_pkg/bin'
[6.820s] INFO:colcon.colcon_core.shell:Creating package script '/home/jaime/ros2_ws/install/my_c_pkg/share/my_c_pkg/package.ps1'
[6.822s] INFO:colcon.colcon_core.shell:Creating package descriptor '/home/jaime/ros2_ws/install/my_c_pkg/share/my_c_pkg/package.dsv'
[6.827s] INFO:colcon.colcon_core.shell:Creating package script '/home/jaime/ros2_ws/install/my_c_pkg/share/my_c_pkg/package.sh'
[6.828s] INFO:colcon.colcon_core.shell:Creating package script '/home/jaime/ros2_ws/install/my_c_pkg/share/my_c_pkg/package.bash'
[6.831s] INFO:colcon.colcon_core.shell:Creating package script '/home/jaime/ros2_ws/install/my_c_pkg/share/my_c_pkg/package.zsh'
[6.833s] Level 1:colcon.colcon_core.environment:create_file_with_runtime_dependencies(/home/jaime/ros2_ws/install/my_c_pkg/share/colcon-core/packages/my_c_pkg)
[6.844s] DEBUG:colcon.colcon_core.event_handler.log_command:Invoking command in '/home/jaime/ros2_ws/build/controlador_turtlesim': AMENT_PREFIX_PATH=/home/jaime/ros2_ws/install/turtlesim:/home/jaime/ros2_ws/install/my_py_pkg:/home/jaime/ros2_ws/install/my_c_pkg:/home/jaime/ros2_ws/install/controlador_turtlesim:/home/jaime/ros2_ws/install/control_turtlebot3:/home/jaime/turtlebot3_ws/install/turtlebot3:/home/jaime/turtlebot3_ws/install/turtlebot3_teleop:/home/jaime/turtlebot3_ws/install/turtlebot3_simulations:/home/jaime/turtlebot3_ws/install/turtlebot3_bringup:/home/jaime/turtlebot3_ws/install/turtlebot3_node:/home/jaime/turtlebot3_ws/install/turtlebot3_navigation2:/home/jaime/turtlebot3_ws/install/turtlebot3_fake_node:/home/jaime/turtlebot3_ws/install/turtlebot3_example:/home/jaime/turtlebot3_ws/install/turtlebot3_msgs:/home/jaime/turtlebot3_ws/install/turtlebot3_gazebo:/home/jaime/turtlebot3_ws/install/turtlebot3_description:/home/jaime/turtlebot3_ws/install/turtlebot3_cartographer:/home/jaime/turtlebot3_ws/install/dynamixel_sdk_examples:/home/jaime/turtlebot3_ws/install/dynamixel_sdk_custom_interfaces:/home/jaime/turtlebot3_ws/install/dynamixel_sdk:/opt/ros/foxy PYTHONPATH=/home/jaime/ros2_ws/build/controlador_turtlesim/prefix_override:/home/jaime/ros2_ws/install/controlador_turtlesim/lib/python3.8/site-packages:/home/jaime/ros2_ws/install/turtlesim/lib/python3.8/site-packages:/home/jaime/ros2_ws/build/my_py_pkg:/home/jaime/ros2_ws/install/my_py_pkg/lib/python3.8/site-packages:/home/jaime/ros2_ws/build/controlador_turtlesim:/home/jaime/ros2_ws/install/controlador_turtlesim/lib/python3.8/site-packages:/home/jaime/ros2_ws/build/control_turtlebot3:/home/jaime/ros2_ws/install/control_turtlebot3/lib/python3.8/site-packages:/home/jaime/ros2_ws/build/turtlesim:/home/jaime/turtlebot3_ws/build/turtlebot3_teleop:/home/jaime/turtlebot3_ws/install/turtlebot3_teleop/lib/python3.8/site-packages:/home/jaime/turtlebot3_ws/build/turtlebot3_example:/home/jaime/turtlebot3_ws/install/turtlebot3_example/lib/python3.8/site-packages:/home/jaime/turtlebot3_ws/install/turtlebot3_msgs/lib/python3.8/site-packages:/home/jaime/turtlebot3_ws/install/dynamixel_sdk_custom_interfaces/lib/python3.8/site-packages:/opt/ros/foxy/lib/python3.8/site-packages /usr/bin/python3 setup.py develop --uninstall --editable --build-directory /home/jaime/ros2_ws/build/controlador_turtlesim/build
[6.906s] DEBUG:colcon.colcon_core.event_handler.log_command:Invoking command in '/home/jaime/ros2_ws/build/control_turtlebot3': AMENT_PREFIX_PATH=/home/jaime/ros2_ws/install/turtlesim:/home/jaime/ros2_ws/install/my_py_pkg:/home/jaime/ros2_ws/install/my_c_pkg:/home/jaime/ros2_ws/install/controlador_turtlesim:/home/jaime/ros2_ws/install/control_turtlebot3:/home/jaime/turtlebot3_ws/install/turtlebot3:/home/jaime/turtlebot3_ws/install/turtlebot3_teleop:/home/jaime/turtlebot3_ws/install/turtlebot3_simulations:/home/jaime/turtlebot3_ws/install/turtlebot3_bringup:/home/jaime/turtlebot3_ws/install/turtlebot3_node:/home/jaime/turtlebot3_ws/install/turtlebot3_navigation2:/home/jaime/turtlebot3_ws/install/turtlebot3_fake_node:/home/jaime/turtlebot3_ws/install/turtlebot3_example:/home/jaime/turtlebot3_ws/install/turtlebot3_msgs:/home/jaime/turtlebot3_ws/install/turtlebot3_gazebo:/home/jaime/turtlebot3_ws/install/turtlebot3_description:/home/jaime/turtlebot3_ws/install/turtlebot3_cartographer:/home/jaime/turtlebot3_ws/install/dynamixel_sdk_examples:/home/jaime/turtlebot3_ws/install/dynamixel_sdk_custom_interfaces:/home/jaime/turtlebot3_ws/install/dynamixel_sdk:/opt/ros/foxy PYTHONPATH=/home/jaime/ros2_ws/build/control_turtlebot3/prefix_override:/home/jaime/ros2_ws/install/control_turtlebot3/lib/python3.8/site-packages:/home/jaime/ros2_ws/install/turtlesim/lib/python3.8/site-packages:/home/jaime/ros2_ws/build/my_py_pkg:/home/jaime/ros2_ws/install/my_py_pkg/lib/python3.8/site-packages:/home/jaime/ros2_ws/build/controlador_turtlesim:/home/jaime/ros2_ws/install/controlador_turtlesim/lib/python3.8/site-packages:/home/jaime/ros2_ws/build/control_turtlebot3:/home/jaime/ros2_ws/install/control_turtlebot3/lib/python3.8/site-packages:/home/jaime/ros2_ws/build/turtlesim:/home/jaime/turtlebot3_ws/build/turtlebot3_teleop:/home/jaime/turtlebot3_ws/install/turtlebot3_teleop/lib/python3.8/site-packages:/home/jaime/turtlebot3_ws/build/turtlebot3_example:/home/jaime/turtlebot3_ws/install/turtlebot3_example/lib/python3.8/site-packages:/home/jaime/turtlebot3_ws/install/turtlebot3_msgs/lib/python3.8/site-packages:/home/jaime/turtlebot3_ws/install/dynamixel_sdk_custom_interfaces/lib/python3.8/site-packages:/opt/ros/foxy/lib/python3.8/site-packages /usr/bin/python3 setup.py develop --uninstall --editable --build-directory /home/jaime/ros2_ws/build/control_turtlebot3/build
[6.928s] DEBUG:colcon.colcon_core.event_handler.log_command:Invoking command in '/home/jaime/ros2_ws/build/my_py_pkg': AMENT_PREFIX_PATH=/home/jaime/ros2_ws/install/turtlesim:/home/jaime/ros2_ws/install/my_py_pkg:/home/jaime/ros2_ws/install/my_c_pkg:/home/jaime/ros2_ws/install/controlador_turtlesim:/home/jaime/ros2_ws/install/control_turtlebot3:/home/jaime/turtlebot3_ws/install/turtlebot3:/home/jaime/turtlebot3_ws/install/turtlebot3_teleop:/home/jaime/turtlebot3_ws/install/turtlebot3_simulations:/home/jaime/turtlebot3_ws/install/turtlebot3_bringup:/home/jaime/turtlebot3_ws/install/turtlebot3_node:/home/jaime/turtlebot3_ws/install/turtlebot3_navigation2:/home/jaime/turtlebot3_ws/install/turtlebot3_fake_node:/home/jaime/turtlebot3_ws/install/turtlebot3_example:/home/jaime/turtlebot3_ws/install/turtlebot3_msgs:/home/jaime/turtlebot3_ws/install/turtlebot3_gazebo:/home/jaime/turtlebot3_ws/install/turtlebot3_description:/home/jaime/turtlebot3_ws/install/turtlebot3_cartographer:/home/jaime/turtlebot3_ws/install/dynamixel_sdk_examples:/home/jaime/turtlebot3_ws/install/dynamixel_sdk_custom_interfaces:/home/jaime/turtlebot3_ws/install/dynamixel_sdk:/opt/ros/foxy PYTHONPATH=/home/jaime/ros2_ws/build/my_py_pkg/prefix_override:/home/jaime/ros2_ws/install/my_py_pkg/lib/python3.8/site-packages:/home/jaime/ros2_ws/install/turtlesim/lib/python3.8/site-packages:/home/jaime/ros2_ws/build/my_py_pkg:/home/jaime/ros2_ws/install/my_py_pkg/lib/python3.8/site-packages:/home/jaime/ros2_ws/build/controlador_turtlesim:/home/jaime/ros2_ws/install/controlador_turtlesim/lib/python3.8/site-packages:/home/jaime/ros2_ws/build/control_turtlebot3:/home/jaime/ros2_ws/install/control_turtlebot3/lib/python3.8/site-packages:/home/jaime/ros2_ws/build/turtlesim:/home/jaime/turtlebot3_ws/build/turtlebot3_teleop:/home/jaime/turtlebot3_ws/install/turtlebot3_teleop/lib/python3.8/site-packages:/home/jaime/turtlebot3_ws/build/turtlebot3_example:/home/jaime/turtlebot3_ws/install/turtlebot3_example/lib/python3.8/site-packages:/home/jaime/turtlebot3_ws/install/turtlebot3_msgs/lib/python3.8/site-packages:/home/jaime/turtlebot3_ws/install/dynamixel_sdk_custom_interfaces/lib/python3.8/site-packages:/opt/ros/foxy/lib/python3.8/site-packages /usr/bin/python3 setup.py develop --uninstall --editable --build-directory /home/jaime/ros2_ws/build/my_py_pkg/build
[7.615s] DEBUG:colcon.colcon_core.event_handler.log_command:Invoked command in '/home/jaime/ros2_ws/build/controlador_turtlesim' returned '0': AMENT_PREFIX_PATH=/home/jaime/ros2_ws/install/turtlesim:/home/jaime/ros2_ws/install/my_py_pkg:/home/jaime/ros2_ws/install/my_c_pkg:/home/jaime/ros2_ws/install/controlador_turtlesim:/home/jaime/ros2_ws/install/control_turtlebot3:/home/jaime/turtlebot3_ws/install/turtlebot3:/home/jaime/turtlebot3_ws/install/turtlebot3_teleop:/home/jaime/turtlebot3_ws/install/turtlebot3_simulations:/home/jaime/turtlebot3_ws/install/turtlebot3_bringup:/home/jaime/turtlebot3_ws/install/turtlebot3_node:/home/jaime/turtlebot3_ws/install/turtlebot3_navigation2:/home/jaime/turtlebot3_ws/install/turtlebot3_fake_node:/home/jaime/turtlebot3_ws/install/turtlebot3_example:/home/jaime/turtlebot3_ws/install/turtlebot3_msgs:/home/jaime/turtlebot3_ws/install/turtlebot3_gazebo:/home/jaime/turtlebot3_ws/install/turtlebot3_description:/home/jaime/turtlebot3_ws/install/turtlebot3_cartographer:/home/jaime/turtlebot3_ws/install/dynamixel_sdk_examples:/home/jaime/turtlebot3_ws/install/dynamixel_sdk_custom_interfaces:/home/jaime/turtlebot3_ws/install/dynamixel_sdk:/opt/ros/foxy PYTHONPATH=/home/jaime/ros2_ws/build/controlador_turtlesim/prefix_override:/home/jaime/ros2_ws/install/controlador_turtlesim/lib/python3.8/site-packages:/home/jaime/ros2_ws/install/turtlesim/lib/python3.8/site-packages:/home/jaime/ros2_ws/build/my_py_pkg:/home/jaime/ros2_ws/install/my_py_pkg/lib/python3.8/site-packages:/home/jaime/ros2_ws/build/controlador_turtlesim:/home/jaime/ros2_ws/install/controlador_turtlesim/lib/python3.8/site-packages:/home/jaime/ros2_ws/build/control_turtlebot3:/home/jaime/ros2_ws/install/control_turtlebot3/lib/python3.8/site-packages:/home/jaime/ros2_ws/build/turtlesim:/home/jaime/turtlebot3_ws/build/turtlebot3_teleop:/home/jaime/turtlebot3_ws/install/turtlebot3_teleop/lib/python3.8/site-packages:/home/jaime/turtlebot3_ws/build/turtlebot3_example:/home/jaime/turtlebot3_ws/install/turtlebot3_example/lib/python3.8/site-packages:/home/jaime/turtlebot3_ws/install/turtlebot3_msgs/lib/python3.8/site-packages:/home/jaime/turtlebot3_ws/install/dynamixel_sdk_custom_interfaces/lib/python3.8/site-packages:/opt/ros/foxy/lib/python3.8/site-packages /usr/bin/python3 setup.py develop --uninstall --editable --build-directory /home/jaime/ros2_ws/build/controlador_turtlesim/build
[7.617s] DEBUG:colcon.colcon_core.event_handler.log_command:Invoking command in '/home/jaime/ros2_ws/src/controlador_turtlesim': AMENT_PREFIX_PATH=/home/jaime/ros2_ws/install/turtlesim:/home/jaime/ros2_ws/install/my_py_pkg:/home/jaime/ros2_ws/install/my_c_pkg:/home/jaime/ros2_ws/install/controlador_turtlesim:/home/jaime/ros2_ws/install/control_turtlebot3:/home/jaime/turtlebot3_ws/install/turtlebot3:/home/jaime/turtlebot3_ws/install/turtlebot3_teleop:/home/jaime/turtlebot3_ws/install/turtlebot3_simulations:/home/jaime/turtlebot3_ws/install/turtlebot3_bringup:/home/jaime/turtlebot3_ws/install/turtlebot3_node:/home/jaime/turtlebot3_ws/install/turtlebot3_navigation2:/home/jaime/turtlebot3_ws/install/turtlebot3_fake_node:/home/jaime/turtlebot3_ws/install/turtlebot3_example:/home/jaime/turtlebot3_ws/install/turtlebot3_msgs:/home/jaime/turtlebot3_ws/install/turtlebot3_gazebo:/home/jaime/turtlebot3_ws/install/turtlebot3_description:/home/jaime/turtlebot3_ws/install/turtlebot3_cartographer:/home/jaime/turtlebot3_ws/install/dynamixel_sdk_examples:/home/jaime/turtlebot3_ws/install/dynamixel_sdk_custom_interfaces:/home/jaime/turtlebot3_ws/install/dynamixel_sdk:/opt/ros/foxy PYTHONPATH=/home/jaime/ros2_ws/build/controlador_turtlesim/prefix_override:/home/jaime/ros2_ws/install/controlador_turtlesim/lib/python3.8/site-packages:/home/jaime/ros2_ws/install/turtlesim/lib/python3.8/site-packages:/home/jaime/ros2_ws/build/my_py_pkg:/home/jaime/ros2_ws/install/my_py_pkg/lib/python3.8/site-packages:/home/jaime/ros2_ws/build/controlador_turtlesim:/home/jaime/ros2_ws/install/controlador_turtlesim/lib/python3.8/site-packages:/home/jaime/ros2_ws/build/control_turtlebot3:/home/jaime/ros2_ws/install/control_turtlebot3/lib/python3.8/site-packages:/home/jaime/ros2_ws/build/turtlesim:/home/jaime/turtlebot3_ws/build/turtlebot3_teleop:/home/jaime/turtlebot3_ws/install/turtlebot3_teleop/lib/python3.8/site-packages:/home/jaime/turtlebot3_ws/build/turtlebot3_example:/home/jaime/turtlebot3_ws/install/turtlebot3_example/lib/python3.8/site-packages:/home/jaime/turtlebot3_ws/install/turtlebot3_msgs/lib/python3.8/site-packages:/home/jaime/turtlebot3_ws/install/dynamixel_sdk_custom_interfaces/lib/python3.8/site-packages:/opt/ros/foxy/lib/python3.8/site-packages /usr/bin/python3 setup.py egg_info --egg-base ../../build/controlador_turtlesim build --build-base /home/jaime/ros2_ws/build/controlador_turtlesim/build install --record /home/jaime/ros2_ws/build/controlador_turtlesim/install.log --install-scripts $base/lib/controlador_turtlesim --single-version-externally-managed
[7.627s] DEBUG:colcon.colcon_core.event_handler.log_command:Invoked command in '/home/jaime/ros2_ws/build/control_turtlebot3' returned '0': AMENT_PREFIX_PATH=/home/jaime/ros2_ws/install/turtlesim:/home/jaime/ros2_ws/install/my_py_pkg:/home/jaime/ros2_ws/install/my_c_pkg:/home/jaime/ros2_ws/install/controlador_turtlesim:/home/jaime/ros2_ws/install/control_turtlebot3:/home/jaime/turtlebot3_ws/install/turtlebot3:/home/jaime/turtlebot3_ws/install/turtlebot3_teleop:/home/jaime/turtlebot3_ws/install/turtlebot3_simulations:/home/jaime/turtlebot3_ws/install/turtlebot3_bringup:/home/jaime/turtlebot3_ws/install/turtlebot3_node:/home/jaime/turtlebot3_ws/install/turtlebot3_navigation2:/home/jaime/turtlebot3_ws/install/turtlebot3_fake_node:/home/jaime/turtlebot3_ws/install/turtlebot3_example:/home/jaime/turtlebot3_ws/install/turtlebot3_msgs:/home/jaime/turtlebot3_ws/install/turtlebot3_gazebo:/home/jaime/turtlebot3_ws/install/turtlebot3_description:/home/jaime/turtlebot3_ws/install/turtlebot3_cartographer:/home/jaime/turtlebot3_ws/install/dynamixel_sdk_examples:/home/jaime/turtlebot3_ws/install/dynamixel_sdk_custom_interfaces:/home/jaime/turtlebot3_ws/install/dynamixel_sdk:/opt/ros/foxy PYTHONPATH=/home/jaime/ros2_ws/build/control_turtlebot3/prefix_override:/home/jaime/ros2_ws/install/control_turtlebot3/lib/python3.8/site-packages:/home/jaime/ros2_ws/install/turtlesim/lib/python3.8/site-packages:/home/jaime/ros2_ws/build/my_py_pkg:/home/jaime/ros2_ws/install/my_py_pkg/lib/python3.8/site-packages:/home/jaime/ros2_ws/build/controlador_turtlesim:/home/jaime/ros2_ws/install/controlador_turtlesim/lib/python3.8/site-packages:/home/jaime/ros2_ws/build/control_turtlebot3:/home/jaime/ros2_ws/install/control_turtlebot3/lib/python3.8/site-packages:/home/jaime/ros2_ws/build/turtlesim:/home/jaime/turtlebot3_ws/build/turtlebot3_teleop:/home/jaime/turtlebot3_ws/install/turtlebot3_teleop/lib/python3.8/site-packages:/home/jaime/turtlebot3_ws/build/turtlebot3_example:/home/jaime/turtlebot3_ws/install/turtlebot3_example/lib/python3.8/site-packages:/home/jaime/turtlebot3_ws/install/turtlebot3_msgs/lib/python3.8/site-packages:/home/jaime/turtlebot3_ws/install/dynamixel_sdk_custom_interfaces/lib/python3.8/site-packages:/opt/ros/foxy/lib/python3.8/site-packages /usr/bin/python3 setup.py develop --uninstall --editable --build-directory /home/jaime/ros2_ws/build/control_turtlebot3/build
[7.629s] DEBUG:colcon.colcon_core.event_handler.log_command:Invoking command in '/home/jaime/ros2_ws/src/control_turtlebot3': AMENT_PREFIX_PATH=/home/jaime/ros2_ws/install/turtlesim:/home/jaime/ros2_ws/install/my_py_pkg:/home/jaime/ros2_ws/install/my_c_pkg:/home/jaime/ros2_ws/install/controlador_turtlesim:/home/jaime/ros2_ws/install/control_turtlebot3:/home/jaime/turtlebot3_ws/install/turtlebot3:/home/jaime/turtlebot3_ws/install/turtlebot3_teleop:/home/jaime/turtlebot3_ws/install/turtlebot3_simulations:/home/jaime/turtlebot3_ws/install/turtlebot3_bringup:/home/jaime/turtlebot3_ws/install/turtlebot3_node:/home/jaime/turtlebot3_ws/install/turtlebot3_navigation2:/home/jaime/turtlebot3_ws/install/turtlebot3_fake_node:/home/jaime/turtlebot3_ws/install/turtlebot3_example:/home/jaime/turtlebot3_ws/install/turtlebot3_msgs:/home/jaime/turtlebot3_ws/install/turtlebot3_gazebo:/home/jaime/turtlebot3_ws/install/turtlebot3_description:/home/jaime/turtlebot3_ws/install/turtlebot3_cartographer:/home/jaime/turtlebot3_ws/install/dynamixel_sdk_examples:/home/jaime/turtlebot3_ws/install/dynamixel_sdk_custom_interfaces:/home/jaime/turtlebot3_ws/install/dynamixel_sdk:/opt/ros/foxy PYTHONPATH=/home/jaime/ros2_ws/build/control_turtlebot3/prefix_override:/home/jaime/ros2_ws/install/control_turtlebot3/lib/python3.8/site-packages:/home/jaime/ros2_ws/install/turtlesim/lib/python3.8/site-packages:/home/jaime/ros2_ws/build/my_py_pkg:/home/jaime/ros2_ws/install/my_py_pkg/lib/python3.8/site-packages:/home/jaime/ros2_ws/build/controlador_turtlesim:/home/jaime/ros2_ws/install/controlador_turtlesim/lib/python3.8/site-packages:/home/jaime/ros2_ws/build/control_turtlebot3:/home/jaime/ros2_ws/install/control_turtlebot3/lib/python3.8/site-packages:/home/jaime/ros2_ws/build/turtlesim:/home/jaime/turtlebot3_ws/build/turtlebot3_teleop:/home/jaime/turtlebot3_ws/install/turtlebot3_teleop/lib/python3.8/site-packages:/home/jaime/turtlebot3_ws/build/turtlebot3_example:/home/jaime/turtlebot3_ws/install/turtlebot3_example/lib/python3.8/site-packages:/home/jaime/turtlebot3_ws/install/turtlebot3_msgs/lib/python3.8/site-packages:/home/jaime/turtlebot3_ws/install/dynamixel_sdk_custom_interfaces/lib/python3.8/site-packages:/opt/ros/foxy/lib/python3.8/site-packages /usr/bin/python3 setup.py egg_info --egg-base ../../build/control_turtlebot3 build --build-base /home/jaime/ros2_ws/build/control_turtlebot3/build install --record /home/jaime/ros2_ws/build/control_turtlebot3/install.log --install-scripts $base/lib/control_turtlebot3 --single-version-externally-managed
[7.691s] DEBUG:colcon.colcon_core.event_handler.log_command:Invoked command in '/home/jaime/ros2_ws/build/my_py_pkg' returned '0': AMENT_PREFIX_PATH=/home/jaime/ros2_ws/install/turtlesim:/home/jaime/ros2_ws/install/my_py_pkg:/home/jaime/ros2_ws/install/my_c_pkg:/home/jaime/ros2_ws/install/controlador_turtlesim:/home/jaime/ros2_ws/install/control_turtlebot3:/home/jaime/turtlebot3_ws/install/turtlebot3:/home/jaime/turtlebot3_ws/install/turtlebot3_teleop:/home/jaime/turtlebot3_ws/install/turtlebot3_simulations:/home/jaime/turtlebot3_ws/install/turtlebot3_bringup:/home/jaime/turtlebot3_ws/install/turtlebot3_node:/home/jaime/turtlebot3_ws/install/turtlebot3_navigation2:/home/jaime/turtlebot3_ws/install/turtlebot3_fake_node:/home/jaime/turtlebot3_ws/install/turtlebot3_example:/home/jaime/turtlebot3_ws/install/turtlebot3_msgs:/home/jaime/turtlebot3_ws/install/turtlebot3_gazebo:/home/jaime/turtlebot3_ws/install/turtlebot3_description:/home/jaime/turtlebot3_ws/install/turtlebot3_cartographer:/home/jaime/turtlebot3_ws/install/dynamixel_sdk_examples:/home/jaime/turtlebot3_ws/install/dynamixel_sdk_custom_interfaces:/home/jaime/turtlebot3_ws/install/dynamixel_sdk:/opt/ros/foxy PYTHONPATH=/home/jaime/ros2_ws/build/my_py_pkg/prefix_override:/home/jaime/ros2_ws/install/my_py_pkg/lib/python3.8/site-packages:/home/jaime/ros2_ws/install/turtlesim/lib/python3.8/site-packages:/home/jaime/ros2_ws/build/my_py_pkg:/home/jaime/ros2_ws/install/my_py_pkg/lib/python3.8/site-packages:/home/jaime/ros2_ws/build/controlador_turtlesim:/home/jaime/ros2_ws/install/controlador_turtlesim/lib/python3.8/site-packages:/home/jaime/ros2_ws/build/control_turtlebot3:/home/jaime/ros2_ws/install/control_turtlebot3/lib/python3.8/site-packages:/home/jaime/ros2_ws/build/turtlesim:/home/jaime/turtlebot3_ws/build/turtlebot3_teleop:/home/jaime/turtlebot3_ws/install/turtlebot3_teleop/lib/python3.8/site-packages:/home/jaime/turtlebot3_ws/build/turtlebot3_example:/home/jaime/turtlebot3_ws/install/turtlebot3_example/lib/python3.8/site-packages:/home/jaime/turtlebot3_ws/install/turtlebot3_msgs/lib/python3.8/site-packages:/home/jaime/turtlebot3_ws/install/dynamixel_sdk_custom_interfaces/lib/python3.8/site-packages:/opt/ros/foxy/lib/python3.8/site-packages /usr/bin/python3 setup.py develop --uninstall --editable --build-directory /home/jaime/ros2_ws/build/my_py_pkg/build
[7.694s] DEBUG:colcon.colcon_core.event_handler.log_command:Invoking command in '/home/jaime/ros2_ws/src/my_py_pkg': AMENT_PREFIX_PATH=/home/jaime/ros2_ws/install/turtlesim:/home/jaime/ros2_ws/install/my_py_pkg:/home/jaime/ros2_ws/install/my_c_pkg:/home/jaime/ros2_ws/install/controlador_turtlesim:/home/jaime/ros2_ws/install/control_turtlebot3:/home/jaime/turtlebot3_ws/install/turtlebot3:/home/jaime/turtlebot3_ws/install/turtlebot3_teleop:/home/jaime/turtlebot3_ws/install/turtlebot3_simulations:/home/jaime/turtlebot3_ws/install/turtlebot3_bringup:/home/jaime/turtlebot3_ws/install/turtlebot3_node:/home/jaime/turtlebot3_ws/install/turtlebot3_navigation2:/home/jaime/turtlebot3_ws/install/turtlebot3_fake_node:/home/jaime/turtlebot3_ws/install/turtlebot3_example:/home/jaime/turtlebot3_ws/install/turtlebot3_msgs:/home/jaime/turtlebot3_ws/install/turtlebot3_gazebo:/home/jaime/turtlebot3_ws/install/turtlebot3_description:/home/jaime/turtlebot3_ws/install/turtlebot3_cartographer:/home/jaime/turtlebot3_ws/install/dynamixel_sdk_examples:/home/jaime/turtlebot3_ws/install/dynamixel_sdk_custom_interfaces:/home/jaime/turtlebot3_ws/install/dynamixel_sdk:/opt/ros/foxy PYTHONPATH=/home/jaime/ros2_ws/build/my_py_pkg/prefix_override:/home/jaime/ros2_ws/install/my_py_pkg/lib/python3.8/site-packages:/home/jaime/ros2_ws/install/turtlesim/lib/python3.8/site-packages:/home/jaime/ros2_ws/build/my_py_pkg:/home/jaime/ros2_ws/install/my_py_pkg/lib/python3.8/site-packages:/home/jaime/ros2_ws/build/controlador_turtlesim:/home/jaime/ros2_ws/install/controlador_turtlesim/lib/python3.8/site-packages:/home/jaime/ros2_ws/build/control_turtlebot3:/home/jaime/ros2_ws/install/control_turtlebot3/lib/python3.8/site-packages:/home/jaime/ros2_ws/build/turtlesim:/home/jaime/turtlebot3_ws/build/turtlebot3_teleop:/home/jaime/turtlebot3_ws/install/turtlebot3_teleop/lib/python3.8/site-packages:/home/jaime/turtlebot3_ws/build/turtlebot3_example:/home/jaime/turtlebot3_ws/install/turtlebot3_example/lib/python3.8/site-packages:/home/jaime/turtlebot3_ws/install/turtlebot3_msgs/lib/python3.8/site-packages:/home/jaime/turtlebot3_ws/install/dynamixel_sdk_custom_interfaces/lib/python3.8/site-packages:/opt/ros/foxy/lib/python3.8/site-packages /usr/bin/python3 setup.py egg_info --egg-base ../../build/my_py_pkg build --build-base /home/jaime/ros2_ws/build/my_py_pkg/build install --record /home/jaime/ros2_ws/build/my_py_pkg/install.log --install-scripts $base/lib/my_py_pkg --single-version-externally-managed
[8.312s] Level 1:colcon.colcon_core.environment:checking '/home/jaime/ros2_ws/install/my_py_pkg' for CMake module files
[8.312s] Level 1:colcon.colcon_core.environment:checking '/home/jaime/ros2_ws/install/my_py_pkg' for CMake config files
[8.313s] Level 1:colcon.colcon_core.environment:checking '/home/jaime/ros2_ws/install/my_py_pkg/lib'
[8.313s] Level 1:colcon.colcon_core.environment:checking '/home/jaime/ros2_ws/install/my_py_pkg/bin'
[8.313s] Level 1:colcon.colcon_core.environment:checking '/home/jaime/ros2_ws/install/my_py_pkg/lib/pkgconfig/my_py_pkg.pc'
[8.314s] Level 1:colcon.colcon_core.environment:checking '/home/jaime/ros2_ws/install/my_py_pkg/lib/python3.8/site-packages'
[8.314s] Level 1:colcon.colcon_core.shell:create_environment_hook('my_py_pkg', 'pythonpath')
[8.319s] INFO:colcon.colcon_core.shell:Creating environment hook '/home/jaime/ros2_ws/install/my_py_pkg/share/my_py_pkg/hook/pythonpath.ps1'
[8.320s] DEBUG:colcon.colcon_core.event_handler.log_command:Invoked command in '/home/jaime/ros2_ws/src/my_py_pkg' returned '0': AMENT_PREFIX_PATH=/home/jaime/ros2_ws/install/turtlesim:/home/jaime/ros2_ws/install/my_py_pkg:/home/jaime/ros2_ws/install/my_c_pkg:/home/jaime/ros2_ws/install/controlador_turtlesim:/home/jaime/ros2_ws/install/control_turtlebot3:/home/jaime/turtlebot3_ws/install/turtlebot3:/home/jaime/turtlebot3_ws/install/turtlebot3_teleop:/home/jaime/turtlebot3_ws/install/turtlebot3_simulations:/home/jaime/turtlebot3_ws/install/turtlebot3_bringup:/home/jaime/turtlebot3_ws/install/turtlebot3_node:/home/jaime/turtlebot3_ws/install/turtlebot3_navigation2:/home/jaime/turtlebot3_ws/install/turtlebot3_fake_node:/home/jaime/turtlebot3_ws/install/turtlebot3_example:/home/jaime/turtlebot3_ws/install/turtlebot3_msgs:/home/jaime/turtlebot3_ws/install/turtlebot3_gazebo:/home/jaime/turtlebot3_ws/install/turtlebot3_description:/home/jaime/turtlebot3_ws/install/turtlebot3_cartographer:/home/jaime/turtlebot3_ws/install/dynamixel_sdk_examples:/home/jaime/turtlebot3_ws/install/dynamixel_sdk_custom_interfaces:/home/jaime/turtlebot3_ws/install/dynamixel_sdk:/opt/ros/foxy PYTHONPATH=/home/jaime/ros2_ws/build/my_py_pkg/prefix_override:/home/jaime/ros2_ws/install/my_py_pkg/lib/python3.8/site-packages:/home/jaime/ros2_ws/install/turtlesim/lib/python3.8/site-packages:/home/jaime/ros2_ws/build/my_py_pkg:/home/jaime/ros2_ws/install/my_py_pkg/lib/python3.8/site-packages:/home/jaime/ros2_ws/build/controlador_turtlesim:/home/jaime/ros2_ws/install/controlador_turtlesim/lib/python3.8/site-packages:/home/jaime/ros2_ws/build/control_turtlebot3:/home/jaime/ros2_ws/install/control_turtlebot3/lib/python3.8/site-packages:/home/jaime/ros2_ws/build/turtlesim:/home/jaime/turtlebot3_ws/build/turtlebot3_teleop:/home/jaime/turtlebot3_ws/install/turtlebot3_teleop/lib/python3.8/site-packages:/home/jaime/turtlebot3_ws/build/turtlebot3_example:/home/jaime/turtlebot3_ws/install/turtlebot3_example/lib/python3.8/site-packages:/home/jaime/turtlebot3_ws/install/turtlebot3_msgs/lib/python3.8/site-packages:/home/jaime/turtlebot3_ws/install/dynamixel_sdk_custom_interfaces/lib/python3.8/site-packages:/opt/ros/foxy/lib/python3.8/site-packages /usr/bin/python3 setup.py egg_info --egg-base ../../build/my_py_pkg build --build-base /home/jaime/ros2_ws/build/my_py_pkg/build install --record /home/jaime/ros2_ws/build/my_py_pkg/install.log --install-scripts $base/lib/my_py_pkg --single-version-externally-managed
[8.321s] INFO:colcon.colcon_core.shell:Creating environment descriptor '/home/jaime/ros2_ws/install/my_py_pkg/share/my_py_pkg/hook/pythonpath.dsv'
[8.324s] INFO:colcon.colcon_core.shell:Creating environment hook '/home/jaime/ros2_ws/install/my_py_pkg/share/my_py_pkg/hook/pythonpath.sh'
[8.326s] Level 1:colcon.colcon_core.environment:checking '/home/jaime/ros2_ws/install/my_py_pkg/bin'
[8.326s] Level 1:colcon.colcon_core.environment:create_environment_scripts_only(my_py_pkg)
[8.329s] INFO:colcon.colcon_core.shell:Creating package script '/home/jaime/ros2_ws/install/my_py_pkg/share/my_py_pkg/package.ps1'
[8.331s] INFO:colcon.colcon_core.shell:Creating package descriptor '/home/jaime/ros2_ws/install/my_py_pkg/share/my_py_pkg/package.dsv'
[8.332s] INFO:colcon.colcon_core.shell:Creating package script '/home/jaime/ros2_ws/install/my_py_pkg/share/my_py_pkg/package.sh'
[8.332s] INFO:colcon.colcon_core.shell:Creating package script '/home/jaime/ros2_ws/install/my_py_pkg/share/my_py_pkg/package.bash'
[8.333s] INFO:colcon.colcon_core.shell:Creating package script '/home/jaime/ros2_ws/install/my_py_pkg/share/my_py_pkg/package.zsh'
[8.333s] Level 1:colcon.colcon_core.environment:create_file_with_runtime_dependencies(/home/jaime/ros2_ws/install/my_py_pkg/share/colcon-core/packages/my_py_pkg)
[8.356s] Level 1:colcon.colcon_core.environment:checking '/home/jaime/ros2_ws/install/controlador_turtlesim' for CMake module files
[8.356s] DEBUG:colcon.colcon_core.event_handler.log_command:Invoked command in '/home/jaime/ros2_ws/src/controlador_turtlesim' returned '0': AMENT_PREFIX_PATH=/home/jaime/ros2_ws/install/turtlesim:/home/jaime/ros2_ws/install/my_py_pkg:/home/jaime/ros2_ws/install/my_c_pkg:/home/jaime/ros2_ws/install/controlador_turtlesim:/home/jaime/ros2_ws/install/control_turtlebot3:/home/jaime/turtlebot3_ws/install/turtlebot3:/home/jaime/turtlebot3_ws/install/turtlebot3_teleop:/home/jaime/turtlebot3_ws/install/turtlebot3_simulations:/home/jaime/turtlebot3_ws/install/turtlebot3_bringup:/home/jaime/turtlebot3_ws/install/turtlebot3_node:/home/jaime/turtlebot3_ws/install/turtlebot3_navigation2:/home/jaime/turtlebot3_ws/install/turtlebot3_fake_node:/home/jaime/turtlebot3_ws/install/turtlebot3_example:/home/jaime/turtlebot3_ws/install/turtlebot3_msgs:/home/jaime/turtlebot3_ws/install/turtlebot3_gazebo:/home/jaime/turtlebot3_ws/install/turtlebot3_description:/home/jaime/turtlebot3_ws/install/turtlebot3_cartographer:/home/jaime/turtlebot3_ws/install/dynamixel_sdk_examples:/home/jaime/turtlebot3_ws/install/dynamixel_sdk_custom_interfaces:/home/jaime/turtlebot3_ws/install/dynamixel_sdk:/opt/ros/foxy PYTHONPATH=/home/jaime/ros2_ws/build/controlador_turtlesim/prefix_override:/home/jaime/ros2_ws/install/controlador_turtlesim/lib/python3.8/site-packages:/home/jaime/ros2_ws/install/turtlesim/lib/python3.8/site-packages:/home/jaime/ros2_ws/build/my_py_pkg:/home/jaime/ros2_ws/install/my_py_pkg/lib/python3.8/site-packages:/home/jaime/ros2_ws/build/controlador_turtlesim:/home/jaime/ros2_ws/install/controlador_turtlesim/lib/python3.8/site-packages:/home/jaime/ros2_ws/build/control_turtlebot3:/home/jaime/ros2_ws/install/control_turtlebot3/lib/python3.8/site-packages:/home/jaime/ros2_ws/build/turtlesim:/home/jaime/turtlebot3_ws/build/turtlebot3_teleop:/home/jaime/turtlebot3_ws/install/turtlebot3_teleop/lib/python3.8/site-packages:/home/jaime/turtlebot3_ws/build/turtlebot3_example:/home/jaime/turtlebot3_ws/install/turtlebot3_example/lib/python3.8/site-packages:/home/jaime/turtlebot3_ws/install/turtlebot3_msgs/lib/python3.8/site-packages:/home/jaime/turtlebot3_ws/install/dynamixel_sdk_custom_interfaces/lib/python3.8/site-packages:/opt/ros/foxy/lib/python3.8/site-packages /usr/bin/python3 setup.py egg_info --egg-base ../../build/controlador_turtlesim build --build-base /home/jaime/ros2_ws/build/controlador_turtlesim/build install --record /home/jaime/ros2_ws/build/controlador_turtlesim/install.log --install-scripts $base/lib/controlador_turtlesim --single-version-externally-managed
[8.357s] Level 1:colcon.colcon_core.environment:checking '/home/jaime/ros2_ws/install/controlador_turtlesim' for CMake config files
[8.358s] Level 1:colcon.colcon_core.environment:checking '/home/jaime/ros2_ws/install/controlador_turtlesim/lib'
[8.358s] Level 1:colcon.colcon_core.environment:checking '/home/jaime/ros2_ws/install/controlador_turtlesim/bin'
[8.358s] Level 1:colcon.colcon_core.environment:checking '/home/jaime/ros2_ws/install/controlador_turtlesim/lib/pkgconfig/controlador_turtlesim.pc'
[8.359s] Level 1:colcon.colcon_core.environment:checking '/home/jaime/ros2_ws/install/controlador_turtlesim/lib/python3.8/site-packages'
[8.359s] Level 1:colcon.colcon_core.shell:create_environment_hook('controlador_turtlesim', 'pythonpath')
[8.361s] INFO:colcon.colcon_core.shell:Creating environment hook '/home/jaime/ros2_ws/install/controlador_turtlesim/share/controlador_turtlesim/hook/pythonpath.ps1'
[8.363s] INFO:colcon.colcon_core.shell:Creating environment descriptor '/home/jaime/ros2_ws/install/controlador_turtlesim/share/controlador_turtlesim/hook/pythonpath.dsv'
[8.364s] INFO:colcon.colcon_core.shell:Creating environment hook '/home/jaime/ros2_ws/install/controlador_turtlesim/share/controlador_turtlesim/hook/pythonpath.sh'
[8.365s] Level 1:colcon.colcon_core.environment:checking '/home/jaime/ros2_ws/install/controlador_turtlesim/bin'
[8.365s] Level 1:colcon.colcon_core.environment:create_environment_scripts_only(controlador_turtlesim)
[8.368s] INFO:colcon.colcon_core.shell:Creating package script '/home/jaime/ros2_ws/install/controlador_turtlesim/share/controlador_turtlesim/package.ps1'
[8.370s] INFO:colcon.colcon_core.shell:Creating package descriptor '/home/jaime/ros2_ws/install/controlador_turtlesim/share/controlador_turtlesim/package.dsv'
[8.372s] INFO:colcon.colcon_core.shell:Creating package script '/home/jaime/ros2_ws/install/controlador_turtlesim/share/controlador_turtlesim/package.sh'
[8.374s] INFO:colcon.colcon_core.shell:Creating package script '/home/jaime/ros2_ws/install/controlador_turtlesim/share/controlador_turtlesim/package.bash'
[8.376s] INFO:colcon.colcon_core.shell:Creating package script '/home/jaime/ros2_ws/install/controlador_turtlesim/share/controlador_turtlesim/package.zsh'
[8.377s] Level 1:colcon.colcon_core.environment:create_file_with_runtime_dependencies(/home/jaime/ros2_ws/install/controlador_turtlesim/share/colcon-core/packages/controlador_turtlesim)
[8.460s] Level 1:colcon.colcon_core.environment:checking '/home/jaime/ros2_ws/install/control_turtlebot3' for CMake module files
[8.461s] DEBUG:colcon.colcon_core.event_handler.log_command:Invoked command in '/home/jaime/ros2_ws/src/control_turtlebot3' returned '0': AMENT_PREFIX_PATH=/home/jaime/ros2_ws/install/turtlesim:/home/jaime/ros2_ws/install/my_py_pkg:/home/jaime/ros2_ws/install/my_c_pkg:/home/jaime/ros2_ws/install/controlador_turtlesim:/home/jaime/ros2_ws/install/control_turtlebot3:/home/jaime/turtlebot3_ws/install/turtlebot3:/home/jaime/turtlebot3_ws/install/turtlebot3_teleop:/home/jaime/turtlebot3_ws/install/turtlebot3_simulations:/home/jaime/turtlebot3_ws/install/turtlebot3_bringup:/home/jaime/turtlebot3_ws/install/turtlebot3_node:/home/jaime/turtlebot3_ws/install/turtlebot3_navigation2:/home/jaime/turtlebot3_ws/install/turtlebot3_fake_node:/home/jaime/turtlebot3_ws/install/turtlebot3_example:/home/jaime/turtlebot3_ws/install/turtlebot3_msgs:/home/jaime/turtlebot3_ws/install/turtlebot3_gazebo:/home/jaime/turtlebot3_ws/install/turtlebot3_description:/home/jaime/turtlebot3_ws/install/turtlebot3_cartographer:/home/jaime/turtlebot3_ws/install/dynamixel_sdk_examples:/home/jaime/turtlebot3_ws/install/dynamixel_sdk_custom_interfaces:/home/jaime/turtlebot3_ws/install/dynamixel_sdk:/opt/ros/foxy PYTHONPATH=/home/jaime/ros2_ws/build/control_turtlebot3/prefix_override:/home/jaime/ros2_ws/install/control_turtlebot3/lib/python3.8/site-packages:/home/jaime/ros2_ws/install/turtlesim/lib/python3.8/site-packages:/home/jaime/ros2_ws/build/my_py_pkg:/home/jaime/ros2_ws/install/my_py_pkg/lib/python3.8/site-packages:/home/jaime/ros2_ws/build/controlador_turtlesim:/home/jaime/ros2_ws/install/controlador_turtlesim/lib/python3.8/site-packages:/home/jaime/ros2_ws/build/control_turtlebot3:/home/jaime/ros2_ws/install/control_turtlebot3/lib/python3.8/site-packages:/home/jaime/ros2_ws/build/turtlesim:/home/jaime/turtlebot3_ws/build/turtlebot3_teleop:/home/jaime/turtlebot3_ws/install/turtlebot3_teleop/lib/python3.8/site-packages:/home/jaime/turtlebot3_ws/build/turtlebot3_example:/home/jaime/turtlebot3_ws/install/turtlebot3_example/lib/python3.8/site-packages:/home/jaime/turtlebot3_ws/install/turtlebot3_msgs/lib/python3.8/site-packages:/home/jaime/turtlebot3_ws/install/dynamixel_sdk_custom_interfaces/lib/python3.8/site-packages:/opt/ros/foxy/lib/python3.8/site-packages /usr/bin/python3 setup.py egg_info --egg-base ../../build/control_turtlebot3 build --build-base /home/jaime/ros2_ws/build/control_turtlebot3/build install --record /home/jaime/ros2_ws/build/control_turtlebot3/install.log --install-scripts $base/lib/control_turtlebot3 --single-version-externally-managed
[8.462s] Level 1:colcon.colcon_core.environment:checking '/home/jaime/ros2_ws/install/control_turtlebot3' for CMake config files
[8.462s] Level 1:colcon.colcon_core.environment:checking '/home/jaime/ros2_ws/install/control_turtlebot3/lib'
[8.463s] Level 1:colcon.colcon_core.environment:checking '/home/jaime/ros2_ws/install/control_turtlebot3/bin'
[8.464s] Level 1:colcon.colcon_core.environment:checking '/home/jaime/ros2_ws/install/control_turtlebot3/lib/pkgconfig/control_turtlebot3.pc'
[8.465s] Level 1:colcon.colcon_core.environment:checking '/home/jaime/ros2_ws/install/control_turtlebot3/lib/python3.8/site-packages'
[8.465s] Level 1:colcon.colcon_core.shell:create_environment_hook('control_turtlebot3', 'pythonpath')
[8.468s] INFO:colcon.colcon_core.shell:Creating environment hook '/home/jaime/ros2_ws/install/control_turtlebot3/share/control_turtlebot3/hook/pythonpath.ps1'
[8.469s] INFO:colcon.colcon_core.shell:Creating environment descriptor '/home/jaime/ros2_ws/install/control_turtlebot3/share/control_turtlebot3/hook/pythonpath.dsv'
[8.472s] INFO:colcon.colcon_core.shell:Creating environment hook '/home/jaime/ros2_ws/install/control_turtlebot3/share/control_turtlebot3/hook/pythonpath.sh'
[8.473s] Level 1:colcon.colcon_core.environment:checking '/home/jaime/ros2_ws/install/control_turtlebot3/bin'
[8.473s] Level 1:colcon.colcon_core.environment:create_environment_scripts_only(control_turtlebot3)
[8.476s] INFO:colcon.colcon_core.shell:Creating package script '/home/jaime/ros2_ws/install/control_turtlebot3/share/control_turtlebot3/package.ps1'
[8.477s] INFO:colcon.colcon_core.shell:Creating package descriptor '/home/jaime/ros2_ws/install/control_turtlebot3/share/control_turtlebot3/package.dsv'
[8.478s] INFO:colcon.colcon_core.shell:Creating package script '/home/jaime/ros2_ws/install/control_turtlebot3/share/control_turtlebot3/package.sh'
[8.481s] INFO:colcon.colcon_core.shell:Creating package script '/home/jaime/ros2_ws/install/control_turtlebot3/share/control_turtlebot3/package.bash'
[8.482s] INFO:colcon.colcon_core.shell:Creating package script '/home/jaime/ros2_ws/install/control_turtlebot3/share/control_turtlebot3/package.zsh'
[8.483s] Level 1:colcon.colcon_core.environment:create_file_with_runtime_dependencies(/home/jaime/ros2_ws/install/control_turtlebot3/share/colcon-core/packages/control_turtlebot3)
[8.485s] DEBUG:colcon.colcon_parallel_executor.executor.parallel:closing loop
[8.485s] DEBUG:colcon.colcon_parallel_executor.executor.parallel:loop closed
[8.485s] DEBUG:colcon.colcon_parallel_executor.executor.parallel:run_until_complete finished with '0'
[8.486s] DEBUG:colcon.colcon_core.event_reactor:joining thread
[8.496s] INFO:colcon.colcon_core.plugin_system:Skipping extension 'colcon_notification.desktop_notification.terminal_notifier': Not used on non-Darwin systems
[8.499s] INFO:colcon.colcon_core.plugin_system:Skipping extension 'colcon_notification.desktop_notification.win32': Not used on non-Windows systems
[8.499s] INFO:colcon.colcon_notification.desktop_notification:Sending desktop notification using 'notify2'
[8.565s] DEBUG:colcon.colcon_core.event_reactor:joined thread
[8.568s] INFO:colcon.colcon_core.shell:Creating prefix script '/home/jaime/ros2_ws/install/local_setup.ps1'
[8.570s] INFO:colcon.colcon_core.shell:Creating prefix util module '/home/jaime/ros2_ws/install/_local_setup_util_ps1.py'
[8.573s] INFO:colcon.colcon_core.shell:Creating prefix chain script '/home/jaime/ros2_ws/install/setup.ps1'
[8.578s] INFO:colcon.colcon_core.shell:Creating prefix script '/home/jaime/ros2_ws/install/local_setup.sh'
[8.581s] INFO:colcon.colcon_core.shell:Creating prefix util module '/home/jaime/ros2_ws/install/_local_setup_util_sh.py'
[8.582s] INFO:colcon.colcon_core.shell:Creating prefix chain script '/home/jaime/ros2_ws/install/setup.sh'
[8.586s] INFO:colcon.colcon_core.shell:Creating prefix script '/home/jaime/ros2_ws/install/local_setup.bash'
[8.587s] INFO:colcon.colcon_core.shell:Creating prefix chain script '/home/jaime/ros2_ws/install/setup.bash'
[8.592s] INFO:colcon.colcon_core.shell:Creating prefix script '/home/jaime/ros2_ws/install/local_setup.zsh'
[8.593s] INFO:colcon.colcon_core.shell:Creating prefix chain script '/home/jaime/ros2_ws/install/setup.zsh'
