running egg_info
creating ../../build/controlador_turtlesim/controlador_turtlesim.egg-info
writing ../../build/controlador_turtlesim/controlador_turtlesim.egg-info/PKG-INFO
writing dependency_links to ../../build/controlador_turtlesim/controlador_turtlesim.egg-info/dependency_links.txt
writing entry points to ../../build/controlador_turtlesim/controlador_turtlesim.egg-info/entry_points.txt
writing requirements to ../../build/controlador_turtlesim/controlador_turtlesim.egg-info/requires.txt
writing top-level names to ../../build/controlador_turtlesim/controlador_turtlesim.egg-info/top_level.txt
writing manifest file '../../build/controlador_turtlesim/controlador_turtlesim.egg-info/SOURCES.txt'
reading manifest file '../../build/controlador_turtlesim/controlador_turtlesim.egg-info/SOURCES.txt'
writing manifest file '../../build/controlador_turtlesim/controlador_turtlesim.egg-info/SOURCES.txt'
running build
running build_py
creating /home/jaime/ros2_ws/build/controlador_turtlesim/build
creating /home/jaime/ros2_ws/build/controlador_turtlesim/build/lib
creating /home/jaime/ros2_ws/build/controlador_turtlesim/build/lib/controlador_turtlesim
copying controlador_turtlesim/__init__.py -> /home/jaime/ros2_ws/build/controlador_turtlesim/build/lib/controlador_turtlesim
running install
running install_lib
creating /home/jaime/ros2_ws/install/controlador_turtlesim/lib/python3.8/site-packages/controlador_turtlesim
copying /home/jaime/ros2_ws/build/controlador_turtlesim/build/lib/controlador_turtlesim/__init__.py -> /home/jaime/ros2_ws/install/controlador_turtlesim/lib/python3.8/site-packages/controlador_turtlesim
byte-compiling /home/jaime/ros2_ws/install/controlador_turtlesim/lib/python3.8/site-packages/controlador_turtlesim/__init__.py to __init__.cpython-38.pyc
running install_data
creating /home/jaime/ros2_ws/install/controlador_turtlesim/share/ament_index
creating /home/jaime/ros2_ws/install/controlador_turtlesim/share/ament_index/resource_index
creating /home/jaime/ros2_ws/install/controlador_turtlesim/share/ament_index/resource_index/packages
copying resource/controlador_turtlesim -> /home/jaime/ros2_ws/install/controlador_turtlesim/share/ament_index/resource_index/packages
copying package.xml -> /home/jaime/ros2_ws/install/controlador_turtlesim/share/controlador_turtlesim
running install_egg_info
Copying ../../build/controlador_turtlesim/controlador_turtlesim.egg-info to /home/jaime/ros2_ws/install/controlador_turtlesim/lib/python3.8/site-packages/controlador_turtlesim-0.0.0-py3.8.egg-info
running install_scripts
writing list of installed files to '/home/jaime/ros2_ws/build/controlador_turtlesim/install.log'
