[0.726s] Invoking command in '/home/jaime/ros2_ws/src/controlador_turtlesim': PYTHONPATH=/home/jaime/ros2_ws/build/controlador_turtlesim/prefix_override:/home/jaime/ros2_ws/install/controlador_turtlesim/lib/python3.8/site-packages:${PYTHONPATH} /usr/bin/python3 setup.py egg_info --egg-base ../../build/controlador_turtlesim build --build-base /home/jaime/ros2_ws/build/controlador_turtlesim/build install --record /home/jaime/ros2_ws/build/controlador_turtlesim/install.log --install-scripts $base/lib/controlador_turtlesim --single-version-externally-managed
[0.989s] running egg_info
[0.989s] creating ../../build/controlador_turtlesim/controlador_turtlesim.egg-info
[0.990s] writing ../../build/controlador_turtlesim/controlador_turtlesim.egg-info/PKG-INFO
[0.990s] writing dependency_links to ../../build/controlador_turtlesim/controlador_turtlesim.egg-info/dependency_links.txt
[0.990s] writing entry points to ../../build/controlador_turtlesim/controlador_turtlesim.egg-info/entry_points.txt
[0.990s] writing requirements to ../../build/controlador_turtlesim/controlador_turtlesim.egg-info/requires.txt
[0.990s] writing top-level names to ../../build/controlador_turtlesim/controlador_turtlesim.egg-info/top_level.txt
[0.992s] writing manifest file '../../build/controlador_turtlesim/controlador_turtlesim.egg-info/SOURCES.txt'
[1.042s] reading manifest file '../../build/controlador_turtlesim/controlador_turtlesim.egg-info/SOURCES.txt'
[1.043s] writing manifest file '../../build/controlador_turtlesim/controlador_turtlesim.egg-info/SOURCES.txt'
[1.043s] running build
[1.043s] running build_py
[1.043s] creating /home/jaime/ros2_ws/build/controlador_turtlesim/build
[1.043s] creating /home/jaime/ros2_ws/build/controlador_turtlesim/build/lib
[1.043s] creating /home/jaime/ros2_ws/build/controlador_turtlesim/build/lib/controlador_turtlesim
[1.043s] copying controlador_turtlesim/__init__.py -> /home/jaime/ros2_ws/build/controlador_turtlesim/build/lib/controlador_turtlesim
[1.043s] running install
[1.044s] running install_lib
[1.045s] creating /home/jaime/ros2_ws/install/controlador_turtlesim/lib/python3.8/site-packages/controlador_turtlesim
[1.045s] copying /home/jaime/ros2_ws/build/controlador_turtlesim/build/lib/controlador_turtlesim/__init__.py -> /home/jaime/ros2_ws/install/controlador_turtlesim/lib/python3.8/site-packages/controlador_turtlesim
[1.046s] byte-compiling /home/jaime/ros2_ws/install/controlador_turtlesim/lib/python3.8/site-packages/controlador_turtlesim/__init__.py to __init__.cpython-38.pyc
[1.048s] running install_data
[1.049s] creating /home/jaime/ros2_ws/install/controlador_turtlesim/share/ament_index
[1.049s] creating /home/jaime/ros2_ws/install/controlador_turtlesim/share/ament_index/resource_index
[1.049s] creating /home/jaime/ros2_ws/install/controlador_turtlesim/share/ament_index/resource_index/packages
[1.049s] copying resource/controlador_turtlesim -> /home/jaime/ros2_ws/install/controlador_turtlesim/share/ament_index/resource_index/packages
[1.049s] copying package.xml -> /home/jaime/ros2_ws/install/controlador_turtlesim/share/controlador_turtlesim
[1.049s] running install_egg_info
[1.051s] Copying ../../build/controlador_turtlesim/controlador_turtlesim.egg-info to /home/jaime/ros2_ws/install/controlador_turtlesim/lib/python3.8/site-packages/controlador_turtlesim-0.0.0-py3.8.egg-info
[1.052s] running install_scripts
[1.075s] writing list of installed files to '/home/jaime/ros2_ws/build/controlador_turtlesim/install.log'
[1.122s] Invoked command in '/home/jaime/ros2_ws/src/controlador_turtlesim' returned '0': PYTHONPATH=/home/jaime/ros2_ws/build/controlador_turtlesim/prefix_override:/home/jaime/ros2_ws/install/controlador_turtlesim/lib/python3.8/site-packages:${PYTHONPATH} /usr/bin/python3 setup.py egg_info --egg-base ../../build/controlador_turtlesim build --build-base /home/jaime/ros2_ws/build/controlador_turtlesim/build install --record /home/jaime/ros2_ws/build/controlador_turtlesim/install.log --install-scripts $base/lib/controlador_turtlesim --single-version-externally-managed
