[0.427s] DEBUG:colcon:Command line arguments: ['/usr/bin/colcon', 'build']
[0.427s] DEBUG:colcon:Parsed command line arguments: Namespace(allow_overriding=[], ament_cmake_args=None, base_paths=['.'], build_base='build', catkin_cmake_args=None, catkin_skip_building_tests=False, cmake_args=None, cmake_clean_cache=False, cmake_clean_first=False, cmake_force_configure=False, cmake_target=None, cmake_target_skip_unavailable=False, continue_on_error=False, event_handlers=None, executor='parallel', ignore_user_meta=False, install_base='install', log_base=None, log_level=None, main=<bound method BuildVerb.main of <colcon_core.verb.build.BuildVerb object at 0x7f4f77b3efd0>>, merge_install=False, metas=['./colcon.meta'], packages_above=None, packages_above_and_dependencies=None, packages_above_depth=None, packages_end=None, packages_ignore=None, packages_ignore_regex=None, packages_select=None, packages_select_build_failed=False, packages_select_by_dep=None, packages_select_regex=None, packages_select_test_failures=False, packages_skip=None, packages_skip_build_finished=False, packages_skip_by_dep=None, packages_skip_regex=None, packages_skip_test_passed=False, packages_skip_up_to=None, packages_start=None, packages_up_to=None, packages_up_to_regex=None, parallel_workers=5, paths=None, symlink_install=False, test_result_base=None, verb_extension=<colcon_core.verb.build.BuildVerb object at 0x7f4f77b3efd0>, verb_name='build', verb_parser=<colcon_defaults.argument_parser.defaults.DefaultArgumentsDecorator object at 0x7f4f77acc490>)
[0.479s] Level 1:colcon.colcon_core.package_discovery:discover_packages(colcon_meta) check parameters
[0.479s] Level 1:colcon.colcon_core.package_discovery:discover_packages(recursive) check parameters
[0.479s] Level 1:colcon.colcon_core.package_discovery:discover_packages(ignore) check parameters
[0.479s] Level 1:colcon.colcon_core.package_discovery:discover_packages(path) check parameters
[0.479s] Level 1:colcon.colcon_core.package_discovery:discover_packages(colcon_meta) discover
[0.479s] Level 1:colcon.colcon_core.package_discovery:discover_packages(recursive) discover
[0.479s] INFO:colcon.colcon_core.package_discovery:Crawling recursively for packages in '/home/jaime/ros2_ws'
[0.479s] Level 1:colcon.colcon_core.package_identification:_identify(.) by extensions ['ignore', 'ignore_ament_install']
[0.479s] Level 1:colcon.colcon_core.package_identification:_identify(.) by extension 'ignore'
[0.479s] Level 1:colcon.colcon_core.package_identification:_identify(.) by extension 'ignore_ament_install'
[0.480s] Level 1:colcon.colcon_core.package_identification:_identify(.) by extensions ['colcon_pkg']
[0.480s] Level 1:colcon.colcon_core.package_identification:_identify(.) by extension 'colcon_pkg'
[0.480s] Level 1:colcon.colcon_core.package_identification:_identify(.) by extensions ['colcon_meta']
[0.480s] Level 1:colcon.colcon_core.package_identification:_identify(.) by extension 'colcon_meta'
[0.480s] Level 1:colcon.colcon_core.package_identification:_identify(.) by extensions ['ros']
[0.480s] Level 1:colcon.colcon_core.package_identification:_identify(.) by extension 'ros'
[0.510s] Level 1:colcon.colcon_core.package_identification:_identify(.) by extensions ['cmake', 'python']
[0.510s] Level 1:colcon.colcon_core.package_identification:_identify(.) by extension 'cmake'
[0.511s] Level 1:colcon.colcon_core.package_identification:_identify(.) by extension 'python'
[0.511s] Level 1:colcon.colcon_core.package_identification:_identify(.) by extensions ['python_setup_py']
[0.511s] Level 1:colcon.colcon_core.package_identification:_identify(.) by extension 'python_setup_py'
[0.511s] Level 1:colcon.colcon_core.package_identification:_identify(build) by extensions ['ignore', 'ignore_ament_install']
[0.511s] Level 1:colcon.colcon_core.package_identification:_identify(build) by extension 'ignore'
[0.511s] Level 1:colcon.colcon_core.package_identification:_identify(build) ignored
[0.511s] Level 1:colcon.colcon_core.package_identification:_identify(install) by extensions ['ignore', 'ignore_ament_install']
[0.511s] Level 1:colcon.colcon_core.package_identification:_identify(install) by extension 'ignore'
[0.511s] Level 1:colcon.colcon_core.package_identification:_identify(install) ignored
[0.511s] Level 1:colcon.colcon_core.package_identification:_identify(log) by extensions ['ignore', 'ignore_ament_install']
[0.511s] Level 1:colcon.colcon_core.package_identification:_identify(log) by extension 'ignore'
[0.511s] Level 1:colcon.colcon_core.package_identification:_identify(log) ignored
[0.511s] Level 1:colcon.colcon_core.package_identification:_identify(src) by extensions ['ignore', 'ignore_ament_install']
[0.512s] Level 1:colcon.colcon_core.package_identification:_identify(src) by extension 'ignore'
[0.512s] Level 1:colcon.colcon_core.package_identification:_identify(src) by extension 'ignore_ament_install'
[0.512s] Level 1:colcon.colcon_core.package_identification:_identify(src) by extensions ['colcon_pkg']
[0.512s] Level 1:colcon.colcon_core.package_identification:_identify(src) by extension 'colcon_pkg'
[0.512s] Level 1:colcon.colcon_core.package_identification:_identify(src) by extensions ['colcon_meta']
[0.512s] Level 1:colcon.colcon_core.package_identification:_identify(src) by extension 'colcon_meta'
[0.512s] Level 1:colcon.colcon_core.package_identification:_identify(src) by extensions ['ros']
[0.512s] Level 1:colcon.colcon_core.package_identification:_identify(src) by extension 'ros'
[0.512s] Level 1:colcon.colcon_core.package_identification:_identify(src) by extensions ['cmake', 'python']
[0.512s] Level 1:colcon.colcon_core.package_identification:_identify(src) by extension 'cmake'
[0.512s] Level 1:colcon.colcon_core.package_identification:_identify(src) by extension 'python'
[0.512s] Level 1:colcon.colcon_core.package_identification:_identify(src) by extensions ['python_setup_py']
[0.512s] Level 1:colcon.colcon_core.package_identification:_identify(src) by extension 'python_setup_py'
[0.512s] Level 1:colcon.colcon_core.package_identification:_identify(src/controlador_turtlesim) by extensions ['ignore', 'ignore_ament_install']
[0.512s] Level 1:colcon.colcon_core.package_identification:_identify(src/controlador_turtlesim) by extension 'ignore'
[0.512s] Level 1:colcon.colcon_core.package_identification:_identify(src/controlador_turtlesim) by extension 'ignore_ament_install'
[0.512s] Level 1:colcon.colcon_core.package_identification:_identify(src/controlador_turtlesim) by extensions ['colcon_pkg']
[0.512s] Level 1:colcon.colcon_core.package_identification:_identify(src/controlador_turtlesim) by extension 'colcon_pkg'
[0.512s] Level 1:colcon.colcon_core.package_identification:_identify(src/controlador_turtlesim) by extensions ['colcon_meta']
[0.512s] Level 1:colcon.colcon_core.package_identification:_identify(src/controlador_turtlesim) by extension 'colcon_meta'
[0.513s] Level 1:colcon.colcon_core.package_identification:_identify(src/controlador_turtlesim) by extensions ['ros']
[0.513s] Level 1:colcon.colcon_core.package_identification:_identify(src/controlador_turtlesim) by extension 'ros'
[0.517s] DEBUG:colcon.colcon_core.package_identification:Package 'src/controlador_turtlesim' with type 'ros.ament_python' and name 'controlador_turtlesim'
[0.517s] Level 1:colcon.colcon_core.package_identification:_identify(src/my_c_pkg) by extensions ['ignore', 'ignore_ament_install']
[0.517s] Level 1:colcon.colcon_core.package_identification:_identify(src/my_c_pkg) by extension 'ignore'
[0.517s] Level 1:colcon.colcon_core.package_identification:_identify(src/my_c_pkg) by extension 'ignore_ament_install'
[0.517s] Level 1:colcon.colcon_core.package_identification:_identify(src/my_c_pkg) by extensions ['colcon_pkg']
[0.517s] Level 1:colcon.colcon_core.package_identification:_identify(src/my_c_pkg) by extension 'colcon_pkg'
[0.517s] Level 1:colcon.colcon_core.package_identification:_identify(src/my_c_pkg) by extensions ['colcon_meta']
[0.517s] Level 1:colcon.colcon_core.package_identification:_identify(src/my_c_pkg) by extension 'colcon_meta'
[0.518s] Level 1:colcon.colcon_core.package_identification:_identify(src/my_c_pkg) by extensions ['ros']
[0.518s] Level 1:colcon.colcon_core.package_identification:_identify(src/my_c_pkg) by extension 'ros'
[0.518s] DEBUG:colcon.colcon_core.package_identification:Package 'src/my_c_pkg' with type 'ros.ament_cmake' and name 'my_c_pkg'
[0.518s] Level 1:colcon.colcon_core.package_discovery:discover_packages(recursive) using defaults
[0.518s] Level 1:colcon.colcon_core.package_discovery:discover_packages(ignore) discover
[0.518s] Level 1:colcon.colcon_core.package_discovery:discover_packages(ignore) using defaults
[0.518s] Level 1:colcon.colcon_core.package_discovery:discover_packages(path) discover
[0.518s] Level 1:colcon.colcon_core.package_discovery:discover_packages(path) using defaults
[0.548s] Level 1:colcon.colcon_core.package_discovery:discover_packages(prefix_path) check parameters
[0.549s] Level 1:colcon.colcon_core.package_discovery:discover_packages(prefix_path) discover
[0.554s] DEBUG:colcon.colcon_installed_package_information.package_discovery:Found 1 installed packages in /home/jaime/ros2_ws/install
[0.555s] DEBUG:colcon.colcon_installed_package_information.package_discovery:Found 256 installed packages in /opt/ros/foxy
[0.556s] Level 1:colcon.colcon_core.package_discovery:discover_packages(prefix_path) using defaults
[0.645s] Level 5:colcon.colcon_core.verb:set package 'controlador_turtlesim' build argument 'cmake_args' from command line to 'None'
[0.645s] Level 5:colcon.colcon_core.verb:set package 'controlador_turtlesim' build argument 'cmake_target' from command line to 'None'
[0.645s] Level 5:colcon.colcon_core.verb:set package 'controlador_turtlesim' build argument 'cmake_target_skip_unavailable' from command line to 'False'
[0.645s] Level 5:colcon.colcon_core.verb:set package 'controlador_turtlesim' build argument 'cmake_clean_cache' from command line to 'False'
[0.645s] Level 5:colcon.colcon_core.verb:set package 'controlador_turtlesim' build argument 'cmake_clean_first' from command line to 'False'
[0.645s] Level 5:colcon.colcon_core.verb:set package 'controlador_turtlesim' build argument 'cmake_force_configure' from command line to 'False'
[0.645s] Level 5:colcon.colcon_core.verb:set package 'controlador_turtlesim' build argument 'ament_cmake_args' from command line to 'None'
[0.645s] Level 5:colcon.colcon_core.verb:set package 'controlador_turtlesim' build argument 'catkin_cmake_args' from command line to 'None'
[0.645s] Level 5:colcon.colcon_core.verb:set package 'controlador_turtlesim' build argument 'catkin_skip_building_tests' from command line to 'False'
[0.645s] DEBUG:colcon.colcon_core.verb:Building package 'controlador_turtlesim' with the following arguments: {'ament_cmake_args': None, 'build_base': '/home/jaime/ros2_ws/build/controlador_turtlesim', 'catkin_cmake_args': None, 'catkin_skip_building_tests': False, 'cmake_args': None, 'cmake_clean_cache': False, 'cmake_clean_first': False, 'cmake_force_configure': False, 'cmake_target': None, 'cmake_target_skip_unavailable': False, 'install_base': '/home/jaime/ros2_ws/install/controlador_turtlesim', 'merge_install': False, 'path': '/home/jaime/ros2_ws/src/controlador_turtlesim', 'symlink_install': False, 'test_result_base': None}
[0.646s] Level 5:colcon.colcon_core.verb:set package 'my_c_pkg' build argument 'cmake_args' from command line to 'None'
[0.646s] Level 5:colcon.colcon_core.verb:set package 'my_c_pkg' build argument 'cmake_target' from command line to 'None'
[0.647s] Level 5:colcon.colcon_core.verb:set package 'my_c_pkg' build argument 'cmake_target_skip_unavailable' from command line to 'False'
[0.647s] Level 5:colcon.colcon_core.verb:set package 'my_c_pkg' build argument 'cmake_clean_cache' from command line to 'False'
[0.647s] Level 5:colcon.colcon_core.verb:set package 'my_c_pkg' build argument 'cmake_clean_first' from command line to 'False'
[0.647s] Level 5:colcon.colcon_core.verb:set package 'my_c_pkg' build argument 'cmake_force_configure' from command line to 'False'
[0.647s] Level 5:colcon.colcon_core.verb:set package 'my_c_pkg' build argument 'ament_cmake_args' from command line to 'None'
[0.647s] Level 5:colcon.colcon_core.verb:set package 'my_c_pkg' build argument 'catkin_cmake_args' from command line to 'None'
[0.647s] Level 5:colcon.colcon_core.verb:set package 'my_c_pkg' build argument 'catkin_skip_building_tests' from command line to 'False'
[0.647s] DEBUG:colcon.colcon_core.verb:Building package 'my_c_pkg' with the following arguments: {'ament_cmake_args': None, 'build_base': '/home/jaime/ros2_ws/build/my_c_pkg', 'catkin_cmake_args': None, 'catkin_skip_building_tests': False, 'cmake_args': None, 'cmake_clean_cache': False, 'cmake_clean_first': False, 'cmake_force_configure': False, 'cmake_target': None, 'cmake_target_skip_unavailable': False, 'install_base': '/home/jaime/ros2_ws/install/my_c_pkg', 'merge_install': False, 'path': '/home/jaime/ros2_ws/src/my_c_pkg', 'symlink_install': False, 'test_result_base': None}
[0.648s] INFO:colcon.colcon_core.executor:Executing jobs using 'parallel' executor
[0.652s] DEBUG:colcon.colcon_parallel_executor.executor.parallel:run_until_complete
[0.652s] INFO:colcon.colcon_ros.task.ament_python.build:Building ROS package in '/home/jaime/ros2_ws/src/controlador_turtlesim' with build type 'ament_python'
[0.652s] Level 1:colcon.colcon_core.shell:create_environment_hook('controlador_turtlesim', 'ament_prefix_path')
[0.661s] INFO:colcon.colcon_core.plugin_system:Skipping extension 'colcon_core.shell.bat': Not used on non-Windows systems
[0.662s] INFO:colcon.colcon_core.shell:Creating environment hook '/home/jaime/ros2_ws/install/controlador_turtlesim/share/controlador_turtlesim/hook/ament_prefix_path.ps1'
[0.663s] INFO:colcon.colcon_core.shell:Creating environment descriptor '/home/jaime/ros2_ws/install/controlador_turtlesim/share/controlador_turtlesim/hook/ament_prefix_path.dsv'
[0.664s] INFO:colcon.colcon_core.shell:Creating environment hook '/home/jaime/ros2_ws/install/controlador_turtlesim/share/controlador_turtlesim/hook/ament_prefix_path.sh'
[0.667s] INFO:colcon.colcon_core.shell:Skip shell extension 'powershell' for command environment: Not usable outside of PowerShell
[0.667s] DEBUG:colcon.colcon_core.shell:Skip shell extension 'dsv' for command environment
[0.676s] INFO:colcon.colcon_ros.task.ament_cmake.build:Building ROS package in '/home/jaime/ros2_ws/src/my_c_pkg' with build type 'ament_cmake'
[0.676s] INFO:colcon.colcon_cmake.task.cmake.build:Building CMake package in '/home/jaime/ros2_ws/src/my_c_pkg'
[0.677s] INFO:colcon.colcon_core.shell:Skip shell extension 'powershell' for command environment: Not usable outside of PowerShell
[0.678s] DEBUG:colcon.colcon_core.shell:Skip shell extension 'dsv' for command environment
[0.978s] INFO:colcon.colcon_core.task.python.build:Building Python package in '/home/jaime/ros2_ws/src/controlador_turtlesim'
[0.980s] INFO:colcon.colcon_core.shell:Skip shell extension 'powershell' for command environment: Not usable outside of PowerShell
[0.980s] DEBUG:colcon.colcon_core.shell:Skip shell extension 'dsv' for command environment
[0.992s] DEBUG:colcon.colcon_core.event_handler.log_command:Invoking command in '/home/jaime/ros2_ws/build/my_c_pkg': CMAKE_PREFIX_PATH=/home/jaime/ros2_ws/install/controlador_turtlesim:/opt/ros/foxy /usr/bin/cmake /home/jaime/ros2_ws/src/my_c_pkg -DCMAKE_INSTALL_PREFIX=/home/jaime/ros2_ws/install/my_c_pkg
[1.613s] DEBUG:colcon.colcon_core.event_handler.log_command:Invoking command in '/home/jaime/ros2_ws/build/controlador_turtlesim': PYTHONPATH=/home/jaime/ros2_ws/build/controlador_turtlesim/prefix_override:/home/jaime/ros2_ws/install/controlador_turtlesim/lib/python3.8/site-packages:${PYTHONPATH} /usr/bin/python3 setup.py develop --uninstall --editable --build-directory /home/jaime/ros2_ws/build/controlador_turtlesim/build
[2.089s] DEBUG:colcon.colcon_core.event_handler.log_command:Invoked command in '/home/jaime/ros2_ws/build/controlador_turtlesim' returned '0': PYTHONPATH=/home/jaime/ros2_ws/build/controlador_turtlesim/prefix_override:/home/jaime/ros2_ws/install/controlador_turtlesim/lib/python3.8/site-packages:${PYTHONPATH} /usr/bin/python3 setup.py develop --uninstall --editable --build-directory /home/jaime/ros2_ws/build/controlador_turtlesim/build
[2.090s] DEBUG:colcon.colcon_core.event_handler.log_command:Invoking command in '/home/jaime/ros2_ws/src/controlador_turtlesim': PYTHONPATH=/home/jaime/ros2_ws/build/controlador_turtlesim/prefix_override:/home/jaime/ros2_ws/install/controlador_turtlesim/lib/python3.8/site-packages:${PYTHONPATH} /usr/bin/python3 setup.py egg_info --egg-base ../../build/controlador_turtlesim build --build-base /home/jaime/ros2_ws/build/controlador_turtlesim/build install --record /home/jaime/ros2_ws/build/controlador_turtlesim/install.log --install-scripts $base/lib/controlador_turtlesim --single-version-externally-managed
[2.296s] DEBUG:colcon.colcon_core.event_handler.log_command:Invoked command in '/home/jaime/ros2_ws/build/my_c_pkg' returned '0': CMAKE_PREFIX_PATH=/home/jaime/ros2_ws/install/controlador_turtlesim:/opt/ros/foxy /usr/bin/cmake /home/jaime/ros2_ws/src/my_c_pkg -DCMAKE_INSTALL_PREFIX=/home/jaime/ros2_ws/install/my_c_pkg
[2.301s] DEBUG:colcon.colcon_core.event_handler.log_command:Invoking command in '/home/jaime/ros2_ws/build/my_c_pkg': CMAKE_PREFIX_PATH=/home/jaime/ros2_ws/install/controlador_turtlesim:/opt/ros/foxy /usr/bin/cmake --build /home/jaime/ros2_ws/build/my_c_pkg -- -j5 -l5
[2.343s] DEBUG:colcon.colcon_core.event_handler.log_command:Invoked command in '/home/jaime/ros2_ws/build/my_c_pkg' returned '0': CMAKE_PREFIX_PATH=/home/jaime/ros2_ws/install/controlador_turtlesim:/opt/ros/foxy /usr/bin/cmake --build /home/jaime/ros2_ws/build/my_c_pkg -- -j5 -l5
[2.378s] DEBUG:colcon.colcon_core.event_handler.log_command:Invoking command in '/home/jaime/ros2_ws/build/my_c_pkg': CMAKE_PREFIX_PATH=/home/jaime/ros2_ws/install/controlador_turtlesim:/opt/ros/foxy /usr/bin/cmake --install /home/jaime/ros2_ws/build/my_c_pkg
[2.390s] Level 1:colcon.colcon_core.environment:create_environment_scripts_only(my_c_pkg)
[2.391s] DEBUG:colcon.colcon_core.event_handler.log_command:Invoked command in '/home/jaime/ros2_ws/build/my_c_pkg' returned '0': CMAKE_PREFIX_PATH=/home/jaime/ros2_ws/install/controlador_turtlesim:/opt/ros/foxy /usr/bin/cmake --install /home/jaime/ros2_ws/build/my_c_pkg
[2.403s] Level 1:colcon.colcon_core.environment:checking '/home/jaime/ros2_ws/install/my_c_pkg' for CMake module files
[2.405s] Level 1:colcon.colcon_core.environment:checking '/home/jaime/ros2_ws/install/my_c_pkg' for CMake config files
[2.405s] Level 1:colcon.colcon_core.shell:create_environment_hook('my_c_pkg', 'cmake_prefix_path')
[2.407s] INFO:colcon.colcon_core.shell:Creating environment hook '/home/jaime/ros2_ws/install/my_c_pkg/share/my_c_pkg/hook/cmake_prefix_path.ps1'
[2.408s] INFO:colcon.colcon_core.shell:Creating environment descriptor '/home/jaime/ros2_ws/install/my_c_pkg/share/my_c_pkg/hook/cmake_prefix_path.dsv'
[2.408s] INFO:colcon.colcon_core.shell:Creating environment hook '/home/jaime/ros2_ws/install/my_c_pkg/share/my_c_pkg/hook/cmake_prefix_path.sh'
[2.409s] Level 1:colcon.colcon_core.environment:checking '/home/jaime/ros2_ws/install/my_c_pkg/bin'
[2.409s] Level 1:colcon.colcon_core.environment:checking '/home/jaime/ros2_ws/install/my_c_pkg/lib/pkgconfig/my_c_pkg.pc'
[2.410s] Level 1:colcon.colcon_core.environment:checking '/home/jaime/ros2_ws/install/my_c_pkg/lib/python3.8/site-packages'
[2.410s] Level 1:colcon.colcon_core.environment:checking '/home/jaime/ros2_ws/install/my_c_pkg/bin'
[2.411s] INFO:colcon.colcon_core.shell:Creating package script '/home/jaime/ros2_ws/install/my_c_pkg/share/my_c_pkg/package.ps1'
[2.413s] INFO:colcon.colcon_core.shell:Creating package descriptor '/home/jaime/ros2_ws/install/my_c_pkg/share/my_c_pkg/package.dsv'
[2.414s] INFO:colcon.colcon_core.shell:Creating package script '/home/jaime/ros2_ws/install/my_c_pkg/share/my_c_pkg/package.sh'
[2.416s] INFO:colcon.colcon_core.shell:Creating package script '/home/jaime/ros2_ws/install/my_c_pkg/share/my_c_pkg/package.bash'
[2.417s] INFO:colcon.colcon_core.shell:Creating package script '/home/jaime/ros2_ws/install/my_c_pkg/share/my_c_pkg/package.zsh'
[2.418s] Level 1:colcon.colcon_core.environment:create_file_with_runtime_dependencies(/home/jaime/ros2_ws/install/my_c_pkg/share/colcon-core/packages/my_c_pkg)
[2.443s] Level 1:colcon.colcon_core.environment:create_environment_scripts_only(my_c_pkg)
[2.446s] Level 1:colcon.colcon_core.environment:checking '/home/jaime/ros2_ws/install/my_c_pkg' for CMake module files
[2.446s] Level 1:colcon.colcon_core.environment:checking '/home/jaime/ros2_ws/install/my_c_pkg' for CMake config files
[2.447s] Level 1:colcon.colcon_core.shell:create_environment_hook('my_c_pkg', 'cmake_prefix_path')
[2.449s] INFO:colcon.colcon_core.shell:Creating environment hook '/home/jaime/ros2_ws/install/my_c_pkg/share/my_c_pkg/hook/cmake_prefix_path.ps1'
[2.450s] INFO:colcon.colcon_core.shell:Creating environment descriptor '/home/jaime/ros2_ws/install/my_c_pkg/share/my_c_pkg/hook/cmake_prefix_path.dsv'
[2.450s] INFO:colcon.colcon_core.shell:Creating environment hook '/home/jaime/ros2_ws/install/my_c_pkg/share/my_c_pkg/hook/cmake_prefix_path.sh'
[2.451s] Level 1:colcon.colcon_core.environment:checking '/home/jaime/ros2_ws/install/my_c_pkg/bin'
[2.451s] Level 1:colcon.colcon_core.environment:checking '/home/jaime/ros2_ws/install/my_c_pkg/lib/pkgconfig/my_c_pkg.pc'
[2.451s] Level 1:colcon.colcon_core.environment:checking '/home/jaime/ros2_ws/install/my_c_pkg/lib/python3.8/site-packages'
[2.452s] Level 1:colcon.colcon_core.environment:checking '/home/jaime/ros2_ws/install/my_c_pkg/bin'
[2.454s] INFO:colcon.colcon_core.shell:Creating package script '/home/jaime/ros2_ws/install/my_c_pkg/share/my_c_pkg/package.ps1'
[2.455s] INFO:colcon.colcon_core.shell:Creating package descriptor '/home/jaime/ros2_ws/install/my_c_pkg/share/my_c_pkg/package.dsv'
[2.455s] INFO:colcon.colcon_core.shell:Creating package script '/home/jaime/ros2_ws/install/my_c_pkg/share/my_c_pkg/package.sh'
[2.456s] INFO:colcon.colcon_core.shell:Creating package script '/home/jaime/ros2_ws/install/my_c_pkg/share/my_c_pkg/package.bash'
[2.457s] INFO:colcon.colcon_core.shell:Creating package script '/home/jaime/ros2_ws/install/my_c_pkg/share/my_c_pkg/package.zsh'
[2.457s] Level 1:colcon.colcon_core.environment:create_file_with_runtime_dependencies(/home/jaime/ros2_ws/install/my_c_pkg/share/colcon-core/packages/my_c_pkg)
[2.484s] Level 1:colcon.colcon_core.environment:checking '/home/jaime/ros2_ws/install/controlador_turtlesim' for CMake module files
[2.484s] DEBUG:colcon.colcon_core.event_handler.log_command:Invoked command in '/home/jaime/ros2_ws/src/controlador_turtlesim' returned '0': PYTHONPATH=/home/jaime/ros2_ws/build/controlador_turtlesim/prefix_override:/home/jaime/ros2_ws/install/controlador_turtlesim/lib/python3.8/site-packages:${PYTHONPATH} /usr/bin/python3 setup.py egg_info --egg-base ../../build/controlador_turtlesim build --build-base /home/jaime/ros2_ws/build/controlador_turtlesim/build install --record /home/jaime/ros2_ws/build/controlador_turtlesim/install.log --install-scripts $base/lib/controlador_turtlesim --single-version-externally-managed
[2.485s] Level 1:colcon.colcon_core.environment:checking '/home/jaime/ros2_ws/install/controlador_turtlesim' for CMake config files
[2.485s] Level 1:colcon.colcon_core.environment:checking '/home/jaime/ros2_ws/install/controlador_turtlesim/lib'
[2.486s] Level 1:colcon.colcon_core.environment:checking '/home/jaime/ros2_ws/install/controlador_turtlesim/bin'
[2.486s] Level 1:colcon.colcon_core.environment:checking '/home/jaime/ros2_ws/install/controlador_turtlesim/lib/pkgconfig/controlador_turtlesim.pc'
[2.486s] Level 1:colcon.colcon_core.environment:checking '/home/jaime/ros2_ws/install/controlador_turtlesim/lib/python3.8/site-packages'
[2.486s] Level 1:colcon.colcon_core.shell:create_environment_hook('controlador_turtlesim', 'pythonpath')
[2.488s] INFO:colcon.colcon_core.shell:Creating environment hook '/home/jaime/ros2_ws/install/controlador_turtlesim/share/controlador_turtlesim/hook/pythonpath.ps1'
[2.489s] INFO:colcon.colcon_core.shell:Creating environment descriptor '/home/jaime/ros2_ws/install/controlador_turtlesim/share/controlador_turtlesim/hook/pythonpath.dsv'
[2.490s] INFO:colcon.colcon_core.shell:Creating environment hook '/home/jaime/ros2_ws/install/controlador_turtlesim/share/controlador_turtlesim/hook/pythonpath.sh'
[2.492s] Level 1:colcon.colcon_core.environment:checking '/home/jaime/ros2_ws/install/controlador_turtlesim/bin'
[2.492s] Level 1:colcon.colcon_core.environment:create_environment_scripts_only(controlador_turtlesim)
[2.494s] INFO:colcon.colcon_core.shell:Creating package script '/home/jaime/ros2_ws/install/controlador_turtlesim/share/controlador_turtlesim/package.ps1'
[2.495s] INFO:colcon.colcon_core.shell:Creating package descriptor '/home/jaime/ros2_ws/install/controlador_turtlesim/share/controlador_turtlesim/package.dsv'
[2.496s] INFO:colcon.colcon_core.shell:Creating package script '/home/jaime/ros2_ws/install/controlador_turtlesim/share/controlador_turtlesim/package.sh'
[2.497s] INFO:colcon.colcon_core.shell:Creating package script '/home/jaime/ros2_ws/install/controlador_turtlesim/share/controlador_turtlesim/package.bash'
[2.498s] INFO:colcon.colcon_core.shell:Creating package script '/home/jaime/ros2_ws/install/controlador_turtlesim/share/controlador_turtlesim/package.zsh'
[2.499s] Level 1:colcon.colcon_core.environment:create_file_with_runtime_dependencies(/home/jaime/ros2_ws/install/controlador_turtlesim/share/colcon-core/packages/controlador_turtlesim)
[2.500s] DEBUG:colcon.colcon_parallel_executor.executor.parallel:closing loop
[2.502s] DEBUG:colcon.colcon_parallel_executor.executor.parallel:loop closed
[2.502s] DEBUG:colcon.colcon_parallel_executor.executor.parallel:run_until_complete finished with '0'
[2.503s] DEBUG:colcon.colcon_core.event_reactor:joining thread
[2.516s] INFO:colcon.colcon_core.plugin_system:Skipping extension 'colcon_notification.desktop_notification.terminal_notifier': Not used on non-Darwin systems
[2.516s] INFO:colcon.colcon_core.plugin_system:Skipping extension 'colcon_notification.desktop_notification.win32': Not used on non-Windows systems
[2.516s] INFO:colcon.colcon_notification.desktop_notification:Sending desktop notification using 'notify2'
[2.554s] DEBUG:colcon.colcon_core.event_reactor:joined thread
[2.557s] INFO:colcon.colcon_core.shell:Creating prefix script '/home/jaime/ros2_ws/install/local_setup.ps1'
[2.559s] INFO:colcon.colcon_core.shell:Creating prefix util module '/home/jaime/ros2_ws/install/_local_setup_util_ps1.py'
[2.562s] INFO:colcon.colcon_core.shell:Creating prefix chain script '/home/jaime/ros2_ws/install/setup.ps1'
[2.571s] INFO:colcon.colcon_core.shell:Creating prefix script '/home/jaime/ros2_ws/install/local_setup.sh'
[2.574s] INFO:colcon.colcon_core.shell:Creating prefix util module '/home/jaime/ros2_ws/install/_local_setup_util_sh.py'
[2.576s] INFO:colcon.colcon_core.shell:Creating prefix chain script '/home/jaime/ros2_ws/install/setup.sh'
[2.580s] INFO:colcon.colcon_core.shell:Creating prefix script '/home/jaime/ros2_ws/install/local_setup.bash'
[2.582s] INFO:colcon.colcon_core.shell:Creating prefix chain script '/home/jaime/ros2_ws/install/setup.bash'
[2.585s] INFO:colcon.colcon_core.shell:Creating prefix script '/home/jaime/ros2_ws/install/local_setup.zsh'
[2.587s] INFO:colcon.colcon_core.shell:Creating prefix chain script '/home/jaime/ros2_ws/install/setup.zsh'
