[1.026s] Invoking command in '/home/jaime/ros2_ws/build/turtlesim': PYTHONPATH=/home/jaime/ros2_ws/build/turtlesim/prefix_override:/home/jaime/ros2_ws/install/turtlesim/lib/python3.8/site-packages:${PYTHONPATH} /usr/bin/python3 setup.py develop --editable --build-directory /home/jaime/ros2_ws/build/turtlesim/build --no-deps install_data
[1.318s] running develop
[1.463s] running egg_info
[1.463s] creating turtlesim.egg-info
[1.463s] writing turtlesim.egg-info/PKG-INFO
[1.464s] writing dependency_links to turtlesim.egg-info/dependency_links.txt
[1.464s] writing entry points to turtlesim.egg-info/entry_points.txt
[1.464s] writing requirements to turtlesim.egg-info/requires.txt
[1.464s] writing top-level names to turtlesim.egg-info/top_level.txt
[1.468s] writing manifest file 'turtlesim.egg-info/SOURCES.txt'
[1.514s] reading manifest file 'turtlesim.egg-info/SOURCES.txt'
[1.515s] writing manifest file 'turtlesim.egg-info/SOURCES.txt'
[1.565s] running build_ext
[1.566s] Creating /home/jaime/ros2_ws/install/turtlesim/lib/python3.8/site-packages/site.py
[1.569s] Creating /home/jaime/ros2_ws/install/turtlesim/lib/python3.8/site-packages/turtlesim.egg-link (link to .)
[1.570s] Installing nodo_publicador script to /home/jaime/ros2_ws/install/turtlesim/lib/turtlesim
[1.570s] 
[1.570s] Installed /home/jaime/ros2_ws/build/turtlesim
[1.571s] running install_data
[1.571s] creating /home/jaime/ros2_ws/install/turtlesim/share/ament_index
[1.571s] creating /home/jaime/ros2_ws/install/turtlesim/share/ament_index/resource_index
[1.571s] creating /home/jaime/ros2_ws/install/turtlesim/share/ament_index/resource_index/packages
[1.571s] copying resource/turtlesim -> /home/jaime/ros2_ws/install/turtlesim/share/ament_index/resource_index/packages
[1.571s] copying package.xml -> /home/jaime/ros2_ws/install/turtlesim/share/turtlesim
[1.637s] Invoked command in '/home/jaime/ros2_ws/build/turtlesim' returned '0': PYTHONPATH=/home/jaime/ros2_ws/build/turtlesim/prefix_override:/home/jaime/ros2_ws/install/turtlesim/lib/python3.8/site-packages:${PYTHONPATH} /usr/bin/python3 setup.py develop --editable --build-directory /home/jaime/ros2_ws/build/turtlesim/build --no-deps install_data
