[4.418s] Invoking command in '/home/jaime/ros2_ws/src/build/controlador_turtlesim': AMENT_PREFIX_PATH=/home/jaime/ros2_ws/src/install/turtlesim:${AMENT_PREFIX_PATH} PYTHONPATH=/home/jaime/ros2_ws/src/build/controlador_turtlesim/prefix_override:/home/jaime/ros2_ws/src/install/controlador_turtlesim/lib/python3.8/site-packages:/home/jaime/ros2_ws/src/build/turtlesim:/home/jaime/ros2_ws/src/install/turtlesim/lib/python3.8/site-packages:${PYTHONPATH} /usr/bin/python3 setup.py develop --editable --build-directory /home/jaime/ros2_ws/src/build/controlador_turtlesim/build --no-deps install_data
[5.027s] running develop
[5.563s] running egg_info
[5.563s] creating controlador_turtlesim.egg-info
[5.563s] writing controlador_turtlesim.egg-info/PKG-INFO
[5.644s] writing dependency_links to controlador_turtlesim.egg-info/dependency_links.txt
[5.645s] writing entry points to controlador_turtlesim.egg-info/entry_points.txt
[5.645s] writing requirements to controlador_turtlesim.egg-info/requires.txt
[5.645s] writing top-level names to controlador_turtlesim.egg-info/top_level.txt
[5.646s] writing manifest file 'controlador_turtlesim.egg-info/SOURCES.txt'
[5.737s] reading manifest file 'controlador_turtlesim.egg-info/SOURCES.txt'
[5.737s] writing manifest file 'controlador_turtlesim.egg-info/SOURCES.txt'
[5.893s] running build_ext
[5.894s] Creating /home/jaime/ros2_ws/src/install/controlador_turtlesim/lib/python3.8/site-packages/site.py
[5.900s] Creating /home/jaime/ros2_ws/src/install/controlador_turtlesim/lib/python3.8/site-packages/controlador-turtlesim.egg-link (link to .)
[5.904s] Installing nodo_publicador script to /home/jaime/ros2_ws/src/install/controlador_turtlesim/lib/controlador_turtlesim
[5.904s] Installing nodo_suscriptor script to /home/jaime/ros2_ws/src/install/controlador_turtlesim/lib/controlador_turtlesim
[5.904s] 
[5.904s] Installed /home/jaime/ros2_ws/src/build/controlador_turtlesim
[5.904s] running install_data
[5.904s] creating /home/jaime/ros2_ws/src/install/controlador_turtlesim/share/ament_index
[5.905s] creating /home/jaime/ros2_ws/src/install/controlador_turtlesim/share/ament_index/resource_index
[5.905s] creating /home/jaime/ros2_ws/src/install/controlador_turtlesim/share/ament_index/resource_index/packages
[5.905s] copying resource/controlador_turtlesim -> /home/jaime/ros2_ws/src/install/controlador_turtlesim/share/ament_index/resource_index/packages
[5.905s] copying package.xml -> /home/jaime/ros2_ws/src/install/controlador_turtlesim/share/controlador_turtlesim
[6.086s] Invoked command in '/home/jaime/ros2_ws/src/build/controlador_turtlesim' returned '0': AMENT_PREFIX_PATH=/home/jaime/ros2_ws/src/install/turtlesim:${AMENT_PREFIX_PATH} PYTHONPATH=/home/jaime/ros2_ws/src/build/controlador_turtlesim/prefix_override:/home/jaime/ros2_ws/src/install/controlador_turtlesim/lib/python3.8/site-packages:/home/jaime/ros2_ws/src/build/turtlesim:/home/jaime/ros2_ws/src/install/turtlesim/lib/python3.8/site-packages:${PYTHONPATH} /usr/bin/python3 setup.py develop --editable --build-directory /home/jaime/ros2_ws/src/build/controlador_turtlesim/build --no-deps install_data
