[1.242s] Invoking command in '/home/jaime/ros2_ws/src/build/my_c_pkg': AMENT_PREFIX_PATH=/home/jaime/ros2_ws/src/install/turtlesim:${AMENT_PREFIX_PATH} CMAKE_PREFIX_PATH=${CMAKE_PREFIX_PATH}:/home/jaime/ros2_ws/install/pkg_entrega1:/home/jaime/ros2_ws/install/my_py_pkg:/home/jaime/ros2_ws/install/controlador_turtlesim:/home/jaime/ros2_ws/install/control_turtlebot3:/home/jaime/ros2_ws/install/turtlesim:/home/jaime/turtlebot3_ws/install/turtlebot3_teleop:/home/jaime/turtlebot3_ws/install/turtlebot3_example:/opt/ros/foxy PYTHONPATH=/home/jaime/ros2_ws/src/build/turtlesim:/home/jaime/ros2_ws/src/install/turtlesim/lib/python3.8/site-packages:${PYTHONPATH} /usr/bin/cmake --build /home/jaime/ros2_ws/src/build/my_c_pkg -- -j5 -l5
[2.275s] Invoked command in '/home/jaime/ros2_ws/src/build/my_c_pkg' returned '0': AMENT_PREFIX_PATH=/home/jaime/ros2_ws/src/install/turtlesim:${AMENT_PREFIX_PATH} CMAKE_PREFIX_PATH=${CMAKE_PREFIX_PATH}:/home/jaime/ros2_ws/install/pkg_entrega1:/home/jaime/ros2_ws/install/my_py_pkg:/home/jaime/ros2_ws/install/controlador_turtlesim:/home/jaime/ros2_ws/install/control_turtlebot3:/home/jaime/ros2_ws/install/turtlesim:/home/jaime/turtlebot3_ws/install/turtlebot3_teleop:/home/jaime/turtlebot3_ws/install/turtlebot3_example:/opt/ros/foxy PYTHONPATH=/home/jaime/ros2_ws/src/build/turtlesim:/home/jaime/ros2_ws/src/install/turtlesim/lib/python3.8/site-packages:${PYTHONPATH} /usr/bin/cmake --build /home/jaime/ros2_ws/src/build/my_c_pkg -- -j5 -l5
[2.685s] Invoking command in '/home/jaime/ros2_ws/src/build/my_c_pkg': AMENT_PREFIX_PATH=/home/jaime/ros2_ws/src/install/turtlesim:${AMENT_PREFIX_PATH} CMAKE_PREFIX_PATH=${CMAKE_PREFIX_PATH}:/home/jaime/ros2_ws/install/pkg_entrega1:/home/jaime/ros2_ws/install/my_py_pkg:/home/jaime/ros2_ws/install/controlador_turtlesim:/home/jaime/ros2_ws/install/control_turtlebot3:/home/jaime/ros2_ws/install/turtlesim:/home/jaime/turtlebot3_ws/install/turtlebot3_teleop:/home/jaime/turtlebot3_ws/install/turtlebot3_example:/opt/ros/foxy PYTHONPATH=/home/jaime/ros2_ws/src/build/turtlesim:/home/jaime/ros2_ws/src/install/turtlesim/lib/python3.8/site-packages:${PYTHONPATH} /usr/bin/cmake --install /home/jaime/ros2_ws/src/build/my_c_pkg
[2.750s] -- Install configuration: ""
[2.758s] -- Execute custom install script
[2.760s] -- Up-to-date symlink: /home/jaime/ros2_ws/src/install/my_c_pkg/share/ament_index/resource_index/package_run_dependencies/my_c_pkg
[2.761s] -- Up-to-date symlink: /home/jaime/ros2_ws/src/install/my_c_pkg/share/ament_index/resource_index/parent_prefix_path/my_c_pkg
[2.763s] -- Up-to-date symlink: /home/jaime/ros2_ws/src/install/my_c_pkg/share/my_c_pkg/environment/ament_prefix_path.sh
[2.763s] -- Up-to-date symlink: /home/jaime/ros2_ws/src/install/my_c_pkg/share/my_c_pkg/environment/ament_prefix_path.dsv
[2.764s] -- Up-to-date symlink: /home/jaime/ros2_ws/src/install/my_c_pkg/share/my_c_pkg/environment/path.sh
[2.765s] -- Up-to-date symlink: /home/jaime/ros2_ws/src/install/my_c_pkg/share/my_c_pkg/environment/path.dsv
[2.766s] -- Up-to-date symlink: /home/jaime/ros2_ws/src/install/my_c_pkg/share/my_c_pkg/local_setup.bash
[2.767s] -- Up-to-date symlink: /home/jaime/ros2_ws/src/install/my_c_pkg/share/my_c_pkg/local_setup.sh
[2.769s] -- Up-to-date symlink: /home/jaime/ros2_ws/src/install/my_c_pkg/share/my_c_pkg/local_setup.zsh
[2.770s] -- Up-to-date symlink: /home/jaime/ros2_ws/src/install/my_c_pkg/share/my_c_pkg/local_setup.dsv
[2.773s] -- Symlinking: /home/jaime/ros2_ws/src/install/my_c_pkg/share/my_c_pkg/package.dsv
[2.791s] -- Up-to-date symlink: /home/jaime/ros2_ws/src/install/my_c_pkg/share/ament_index/resource_index/packages/my_c_pkg
[2.792s] -- Up-to-date symlink: /home/jaime/ros2_ws/src/install/my_c_pkg/share/my_c_pkg/cmake/my_c_pkgConfig.cmake
[2.793s] -- Up-to-date symlink: /home/jaime/ros2_ws/src/install/my_c_pkg/share/my_c_pkg/cmake/my_c_pkgConfig-version.cmake
[2.795s] -- Up-to-date symlink: /home/jaime/ros2_ws/src/install/my_c_pkg/share/my_c_pkg/package.xml
[2.801s] Invoked command in '/home/jaime/ros2_ws/src/build/my_c_pkg' returned '0': AMENT_PREFIX_PATH=/home/jaime/ros2_ws/src/install/turtlesim:${AMENT_PREFIX_PATH} CMAKE_PREFIX_PATH=${CMAKE_PREFIX_PATH}:/home/jaime/ros2_ws/install/pkg_entrega1:/home/jaime/ros2_ws/install/my_py_pkg:/home/jaime/ros2_ws/install/controlador_turtlesim:/home/jaime/ros2_ws/install/control_turtlebot3:/home/jaime/ros2_ws/install/turtlesim:/home/jaime/turtlebot3_ws/install/turtlebot3_teleop:/home/jaime/turtlebot3_ws/install/turtlebot3_example:/opt/ros/foxy PYTHONPATH=/home/jaime/ros2_ws/src/build/turtlesim:/home/jaime/ros2_ws/src/install/turtlesim/lib/python3.8/site-packages:${PYTHONPATH} /usr/bin/cmake --install /home/jaime/ros2_ws/src/build/my_c_pkg
