[1.184s] Invoking command in '/home/jaime/ros2_ws/src/build/my_c_pkg': AMENT_PREFIX_PATH=/home/jaime/ros2_ws/src/install/turtlesim:${AMENT_PREFIX_PATH} CMAKE_PREFIX_PATH=${CMAKE_PREFIX_PATH}:/home/jaime/ros2_ws/install/pkg_entrega1:/home/jaime/ros2_ws/install/my_py_pkg:/home/jaime/ros2_ws/install/controlador_turtlesim:/home/jaime/ros2_ws/install/control_turtlebot3:/home/jaime/ros2_ws/install/turtlesim:/home/jaime/turtlebot3_ws/install/turtlebot3_teleop:/home/jaime/turtlebot3_ws/install/turtlebot3_example:/opt/ros/foxy PYTHONPATH=/home/jaime/ros2_ws/src/build/turtlesim:/home/jaime/ros2_ws/src/install/turtlesim/lib/python3.8/site-packages:${PYTHONPATH} /usr/bin/cmake --build /home/jaime/ros2_ws/src/build/my_c_pkg -- -j5 -l5
[2.298s] Invoked command in '/home/jaime/ros2_ws/src/build/my_c_pkg' returned '0': AMENT_PREFIX_PATH=/home/jaime/ros2_ws/src/install/turtlesim:${AMENT_PREFIX_PATH} CMAKE_PREFIX_PATH=${CMAKE_PREFIX_PATH}:/home/jaime/ros2_ws/install/pkg_entrega1:/home/jaime/ros2_ws/install/my_py_pkg:/home/jaime/ros2_ws/install/controlador_turtlesim:/home/jaime/ros2_ws/install/control_turtlebot3:/home/jaime/ros2_ws/install/turtlesim:/home/jaime/turtlebot3_ws/install/turtlebot3_teleop:/home/jaime/turtlebot3_ws/install/turtlebot3_example:/opt/ros/foxy PYTHONPATH=/home/jaime/ros2_ws/src/build/turtlesim:/home/jaime/ros2_ws/src/install/turtlesim/lib/python3.8/site-packages:${PYTHONPATH} /usr/bin/cmake --build /home/jaime/ros2_ws/src/build/my_c_pkg -- -j5 -l5
[2.485s] Invoking command in '/home/jaime/ros2_ws/src/build/my_c_pkg': AMENT_PREFIX_PATH=/home/jaime/ros2_ws/src/install/turtlesim:${AMENT_PREFIX_PATH} CMAKE_PREFIX_PATH=${CMAKE_PREFIX_PATH}:/home/jaime/ros2_ws/install/pkg_entrega1:/home/jaime/ros2_ws/install/my_py_pkg:/home/jaime/ros2_ws/install/controlador_turtlesim:/home/jaime/ros2_ws/install/control_turtlebot3:/home/jaime/ros2_ws/install/turtlesim:/home/jaime/turtlebot3_ws/install/turtlebot3_teleop:/home/jaime/turtlebot3_ws/install/turtlebot3_example:/opt/ros/foxy PYTHONPATH=/home/jaime/ros2_ws/src/build/turtlesim:/home/jaime/ros2_ws/src/install/turtlesim/lib/python3.8/site-packages:${PYTHONPATH} /usr/bin/cmake --install /home/jaime/ros2_ws/src/build/my_c_pkg
[2.507s] -- Install configuration: ""
[2.508s] -- Execute custom install script
[2.508s] -- Up-to-date symlink: /home/jaime/ros2_ws/src/install/my_c_pkg/share/ament_index/resource_index/package_run_dependencies/my_c_pkg
[2.509s] -- Up-to-date symlink: /home/jaime/ros2_ws/src/install/my_c_pkg/share/ament_index/resource_index/parent_prefix_path/my_c_pkg
[2.509s] -- Up-to-date symlink: /home/jaime/ros2_ws/src/install/my_c_pkg/share/my_c_pkg/environment/ament_prefix_path.sh
[2.509s] -- Up-to-date symlink: /home/jaime/ros2_ws/src/install/my_c_pkg/share/my_c_pkg/environment/ament_prefix_path.dsv
[2.510s] -- Up-to-date symlink: /home/jaime/ros2_ws/src/install/my_c_pkg/share/my_c_pkg/environment/path.sh
[2.510s] -- Up-to-date symlink: /home/jaime/ros2_ws/src/install/my_c_pkg/share/my_c_pkg/environment/path.dsv
[2.510s] -- Up-to-date symlink: /home/jaime/ros2_ws/src/install/my_c_pkg/share/my_c_pkg/local_setup.bash
[2.511s] -- Up-to-date symlink: /home/jaime/ros2_ws/src/install/my_c_pkg/share/my_c_pkg/local_setup.sh
[2.511s] -- Up-to-date symlink: /home/jaime/ros2_ws/src/install/my_c_pkg/share/my_c_pkg/local_setup.zsh
[2.511s] -- Up-to-date symlink: /home/jaime/ros2_ws/src/install/my_c_pkg/share/my_c_pkg/local_setup.dsv
[2.512s] -- Symlinking: /home/jaime/ros2_ws/src/install/my_c_pkg/share/my_c_pkg/package.dsv
[2.584s] -- Up-to-date symlink: /home/jaime/ros2_ws/src/install/my_c_pkg/share/ament_index/resource_index/packages/my_c_pkg
[2.585s] -- Up-to-date symlink: /home/jaime/ros2_ws/src/install/my_c_pkg/share/my_c_pkg/cmake/my_c_pkgConfig.cmake
[2.585s] -- Up-to-date symlink: /home/jaime/ros2_ws/src/install/my_c_pkg/share/my_c_pkg/cmake/my_c_pkgConfig-version.cmake
[2.585s] -- Up-to-date symlink: /home/jaime/ros2_ws/src/install/my_c_pkg/share/my_c_pkg/package.xml
[2.592s] Invoked command in '/home/jaime/ros2_ws/src/build/my_c_pkg' returned '0': AMENT_PREFIX_PATH=/home/jaime/ros2_ws/src/install/turtlesim:${AMENT_PREFIX_PATH} CMAKE_PREFIX_PATH=${CMAKE_PREFIX_PATH}:/home/jaime/ros2_ws/install/pkg_entrega1:/home/jaime/ros2_ws/install/my_py_pkg:/home/jaime/ros2_ws/install/controlador_turtlesim:/home/jaime/ros2_ws/install/control_turtlebot3:/home/jaime/ros2_ws/install/turtlesim:/home/jaime/turtlebot3_ws/install/turtlebot3_teleop:/home/jaime/turtlebot3_ws/install/turtlebot3_example:/opt/ros/foxy PYTHONPATH=/home/jaime/ros2_ws/src/build/turtlesim:/home/jaime/ros2_ws/src/install/turtlesim/lib/python3.8/site-packages:${PYTHONPATH} /usr/bin/cmake --install /home/jaime/ros2_ws/src/build/my_c_pkg
