[0.604s] DEBUG:colcon:Command line arguments: ['/usr/bin/colcon', 'build', '--symlink-install']
[0.604s] DEBUG:colcon:Parsed command line arguments: Namespace(allow_overriding=[], ament_cmake_args=None, base_paths=['.'], build_base='build', catkin_cmake_args=None, catkin_skip_building_tests=False, cmake_args=None, cmake_clean_cache=False, cmake_clean_first=False, cmake_force_configure=False, cmake_target=None, cmake_target_skip_unavailable=False, continue_on_error=False, event_handlers=None, executor='parallel', ignore_user_meta=False, install_base='install', log_base=None, log_level=None, main=<bound method BuildVerb.main of <colcon_core.verb.build.BuildVerb object at 0x7f049fbae9d0>>, merge_install=False, metas=['./colcon.meta'], packages_above=None, packages_above_and_dependencies=None, packages_above_depth=None, packages_end=None, packages_ignore=None, packages_ignore_regex=None, packages_select=None, packages_select_build_failed=False, packages_select_by_dep=None, packages_select_regex=None, packages_select_test_failures=False, packages_skip=None, packages_skip_build_finished=False, packages_skip_by_dep=None, packages_skip_regex=None, packages_skip_test_passed=False, packages_skip_up_to=None, packages_start=None, packages_up_to=None, packages_up_to_regex=None, parallel_workers=5, paths=None, symlink_install=True, test_result_base=None, verb_extension=<colcon_core.verb.build.BuildVerb object at 0x7f049fbae9d0>, verb_name='build', verb_parser=<colcon_defaults.argument_parser.defaults.DefaultArgumentsDecorator object at 0x7f049fbaef40>)
[0.653s] Level 1:colcon.colcon_core.package_discovery:discover_packages(colcon_meta) check parameters
[0.654s] Level 1:colcon.colcon_core.package_discovery:discover_packages(recursive) check parameters
[0.654s] Level 1:colcon.colcon_core.package_discovery:discover_packages(ignore) check parameters
[0.654s] Level 1:colcon.colcon_core.package_discovery:discover_packages(path) check parameters
[0.655s] Level 1:colcon.colcon_core.package_discovery:discover_packages(colcon_meta) discover
[0.655s] Level 1:colcon.colcon_core.package_discovery:discover_packages(recursive) discover
[0.655s] INFO:colcon.colcon_core.package_discovery:Crawling recursively for packages in '/home/jaime/ros2_ws/src'
[0.655s] Level 1:colcon.colcon_core.package_identification:_identify(.) by extensions ['ignore', 'ignore_ament_install']
[0.656s] Level 1:colcon.colcon_core.package_identification:_identify(.) by extension 'ignore'
[0.656s] Level 1:colcon.colcon_core.package_identification:_identify(.) by extension 'ignore_ament_install'
[0.656s] Level 1:colcon.colcon_core.package_identification:_identify(.) by extensions ['colcon_pkg']
[0.657s] Level 1:colcon.colcon_core.package_identification:_identify(.) by extension 'colcon_pkg'
[0.657s] Level 1:colcon.colcon_core.package_identification:_identify(.) by extensions ['colcon_meta']
[0.657s] Level 1:colcon.colcon_core.package_identification:_identify(.) by extension 'colcon_meta'
[0.657s] Level 1:colcon.colcon_core.package_identification:_identify(.) by extensions ['ros']
[0.658s] Level 1:colcon.colcon_core.package_identification:_identify(.) by extension 'ros'
[0.701s] Level 1:colcon.colcon_core.package_identification:_identify(.) by extensions ['cmake', 'python']
[0.702s] Level 1:colcon.colcon_core.package_identification:_identify(.) by extension 'cmake'
[0.702s] Level 1:colcon.colcon_core.package_identification:_identify(.) by extension 'python'
[0.702s] Level 1:colcon.colcon_core.package_identification:_identify(.) by extensions ['python_setup_py']
[0.703s] Level 1:colcon.colcon_core.package_identification:_identify(.) by extension 'python_setup_py'
[0.703s] Level 1:colcon.colcon_core.package_identification:_identify(build) by extensions ['ignore', 'ignore_ament_install']
[0.703s] Level 1:colcon.colcon_core.package_identification:_identify(build) by extension 'ignore'
[0.704s] Level 1:colcon.colcon_core.package_identification:_identify(build) ignored
[0.704s] Level 1:colcon.colcon_core.package_identification:_identify(control_turtlebot3) by extensions ['ignore', 'ignore_ament_install']
[0.704s] Level 1:colcon.colcon_core.package_identification:_identify(control_turtlebot3) by extension 'ignore'
[0.705s] Level 1:colcon.colcon_core.package_identification:_identify(control_turtlebot3) by extension 'ignore_ament_install'
[0.705s] Level 1:colcon.colcon_core.package_identification:_identify(control_turtlebot3) by extensions ['colcon_pkg']
[0.705s] Level 1:colcon.colcon_core.package_identification:_identify(control_turtlebot3) by extension 'colcon_pkg'
[0.705s] Level 1:colcon.colcon_core.package_identification:_identify(control_turtlebot3) by extensions ['colcon_meta']
[0.706s] Level 1:colcon.colcon_core.package_identification:_identify(control_turtlebot3) by extension 'colcon_meta'
[0.706s] Level 1:colcon.colcon_core.package_identification:_identify(control_turtlebot3) by extensions ['ros']
[0.706s] Level 1:colcon.colcon_core.package_identification:_identify(control_turtlebot3) by extension 'ros'
[0.712s] DEBUG:colcon.colcon_core.package_identification:Package 'control_turtlebot3' with type 'ros.ament_python' and name 'control_turtlebot3'
[0.712s] Level 1:colcon.colcon_core.package_identification:_identify(controlador_turtlesim) by extensions ['ignore', 'ignore_ament_install']
[0.713s] Level 1:colcon.colcon_core.package_identification:_identify(controlador_turtlesim) by extension 'ignore'
[0.713s] Level 1:colcon.colcon_core.package_identification:_identify(controlador_turtlesim) by extension 'ignore_ament_install'
[0.713s] Level 1:colcon.colcon_core.package_identification:_identify(controlador_turtlesim) by extensions ['colcon_pkg']
[0.714s] Level 1:colcon.colcon_core.package_identification:_identify(controlador_turtlesim) by extension 'colcon_pkg'
[0.714s] Level 1:colcon.colcon_core.package_identification:_identify(controlador_turtlesim) by extensions ['colcon_meta']
[0.714s] Level 1:colcon.colcon_core.package_identification:_identify(controlador_turtlesim) by extension 'colcon_meta'
[0.714s] Level 1:colcon.colcon_core.package_identification:_identify(controlador_turtlesim) by extensions ['ros']
[0.715s] Level 1:colcon.colcon_core.package_identification:_identify(controlador_turtlesim) by extension 'ros'
[0.716s] DEBUG:colcon.colcon_core.package_identification:Package 'controlador_turtlesim' with type 'ros.ament_python' and name 'controlador_turtlesim'
[0.717s] Level 1:colcon.colcon_core.package_identification:_identify(install) by extensions ['ignore', 'ignore_ament_install']
[0.717s] Level 1:colcon.colcon_core.package_identification:_identify(install) by extension 'ignore'
[0.718s] Level 1:colcon.colcon_core.package_identification:_identify(install) ignored
[0.718s] Level 1:colcon.colcon_core.package_identification:_identify(log) by extensions ['ignore', 'ignore_ament_install']
[0.718s] Level 1:colcon.colcon_core.package_identification:_identify(log) by extension 'ignore'
[0.718s] Level 1:colcon.colcon_core.package_identification:_identify(log) ignored
[0.719s] Level 1:colcon.colcon_core.package_identification:_identify(my_c_pkg) by extensions ['ignore', 'ignore_ament_install']
[0.719s] Level 1:colcon.colcon_core.package_identification:_identify(my_c_pkg) by extension 'ignore'
[0.719s] Level 1:colcon.colcon_core.package_identification:_identify(my_c_pkg) by extension 'ignore_ament_install'
[0.720s] Level 1:colcon.colcon_core.package_identification:_identify(my_c_pkg) by extensions ['colcon_pkg']
[0.720s] Level 1:colcon.colcon_core.package_identification:_identify(my_c_pkg) by extension 'colcon_pkg'
[0.720s] Level 1:colcon.colcon_core.package_identification:_identify(my_c_pkg) by extensions ['colcon_meta']
[0.720s] Level 1:colcon.colcon_core.package_identification:_identify(my_c_pkg) by extension 'colcon_meta'
[0.721s] Level 1:colcon.colcon_core.package_identification:_identify(my_c_pkg) by extensions ['ros']
[0.721s] Level 1:colcon.colcon_core.package_identification:_identify(my_c_pkg) by extension 'ros'
[0.722s] DEBUG:colcon.colcon_core.package_identification:Package 'my_c_pkg' with type 'ros.ament_cmake' and name 'my_c_pkg'
[0.723s] Level 1:colcon.colcon_core.package_identification:_identify(my_py_pkg) by extensions ['ignore', 'ignore_ament_install']
[0.723s] Level 1:colcon.colcon_core.package_identification:_identify(my_py_pkg) by extension 'ignore'
[0.724s] Level 1:colcon.colcon_core.package_identification:_identify(my_py_pkg) by extension 'ignore_ament_install'
[0.724s] Level 1:colcon.colcon_core.package_identification:_identify(my_py_pkg) by extensions ['colcon_pkg']
[0.724s] Level 1:colcon.colcon_core.package_identification:_identify(my_py_pkg) by extension 'colcon_pkg'
[0.724s] Level 1:colcon.colcon_core.package_identification:_identify(my_py_pkg) by extensions ['colcon_meta']
[0.725s] Level 1:colcon.colcon_core.package_identification:_identify(my_py_pkg) by extension 'colcon_meta'
[0.725s] Level 1:colcon.colcon_core.package_identification:_identify(my_py_pkg) by extensions ['ros']
[0.725s] Level 1:colcon.colcon_core.package_identification:_identify(my_py_pkg) by extension 'ros'
[0.727s] DEBUG:colcon.colcon_core.package_identification:Package 'my_py_pkg' with type 'ros.ament_python' and name 'my_py_pkg'
[0.728s] Level 1:colcon.colcon_core.package_identification:_identify(pkg_entrega1) by extensions ['ignore', 'ignore_ament_install']
[0.728s] Level 1:colcon.colcon_core.package_identification:_identify(pkg_entrega1) by extension 'ignore'
[0.728s] Level 1:colcon.colcon_core.package_identification:_identify(pkg_entrega1) by extension 'ignore_ament_install'
[0.729s] Level 1:colcon.colcon_core.package_identification:_identify(pkg_entrega1) by extensions ['colcon_pkg']
[0.729s] Level 1:colcon.colcon_core.package_identification:_identify(pkg_entrega1) by extension 'colcon_pkg'
[0.729s] Level 1:colcon.colcon_core.package_identification:_identify(pkg_entrega1) by extensions ['colcon_meta']
[0.729s] Level 1:colcon.colcon_core.package_identification:_identify(pkg_entrega1) by extension 'colcon_meta'
[0.730s] Level 1:colcon.colcon_core.package_identification:_identify(pkg_entrega1) by extensions ['ros']
[0.730s] Level 1:colcon.colcon_core.package_identification:_identify(pkg_entrega1) by extension 'ros'
[0.732s] DEBUG:colcon.colcon_core.package_identification:Package 'pkg_entrega1' with type 'ros.ament_python' and name 'pkg_entrega1'
[0.733s] Level 1:colcon.colcon_core.package_identification:_identify(turtlesim) by extensions ['ignore', 'ignore_ament_install']
[0.733s] Level 1:colcon.colcon_core.package_identification:_identify(turtlesim) by extension 'ignore'
[0.733s] Level 1:colcon.colcon_core.package_identification:_identify(turtlesim) by extension 'ignore_ament_install'
[0.734s] Level 1:colcon.colcon_core.package_identification:_identify(turtlesim) by extensions ['colcon_pkg']
[0.734s] Level 1:colcon.colcon_core.package_identification:_identify(turtlesim) by extension 'colcon_pkg'
[0.734s] Level 1:colcon.colcon_core.package_identification:_identify(turtlesim) by extensions ['colcon_meta']
[0.734s] Level 1:colcon.colcon_core.package_identification:_identify(turtlesim) by extension 'colcon_meta'
[0.735s] Level 1:colcon.colcon_core.package_identification:_identify(turtlesim) by extensions ['ros']
[0.735s] Level 1:colcon.colcon_core.package_identification:_identify(turtlesim) by extension 'ros'
[0.736s] DEBUG:colcon.colcon_core.package_identification:Package 'turtlesim' with type 'ros.ament_python' and name 'turtlesim'
[0.736s] Level 1:colcon.colcon_core.package_discovery:discover_packages(recursive) using defaults
[0.737s] Level 1:colcon.colcon_core.package_discovery:discover_packages(ignore) discover
[0.737s] Level 1:colcon.colcon_core.package_discovery:discover_packages(ignore) using defaults
[0.737s] Level 1:colcon.colcon_core.package_discovery:discover_packages(path) discover
[0.737s] Level 1:colcon.colcon_core.package_discovery:discover_packages(path) using defaults
[0.791s] Level 1:colcon.colcon_core.package_discovery:discover_packages(prefix_path) check parameters
[0.791s] Level 1:colcon.colcon_core.package_discovery:discover_packages(prefix_path) discover
[0.797s] DEBUG:colcon.colcon_installed_package_information.package_discovery:Found 15 installed packages in /home/jaime/turtlebot3_ws/install
[0.800s] DEBUG:colcon.colcon_installed_package_information.package_discovery:Found 6 installed packages in /home/jaime/ros2_ws/install
[0.803s] DEBUG:colcon.colcon_installed_package_information.package_discovery:Found 323 installed packages in /opt/ros/foxy
[0.808s] Level 1:colcon.colcon_core.package_discovery:discover_packages(prefix_path) using defaults
[0.944s] WARNING:colcon.colcon_core.package_selection:Some selected packages are already built in one or more underlay workspaces:
	'turtlesim' is in: /home/jaime/ros2_ws/install/turtlesim, /opt/ros/foxy
If a package in a merged underlay workspace is overridden and it installs headers, then all packages in the overlay must sort their include directories by workspace order. Failure to do so may result in build failures or undefined behavior at run time.
If the overridden package is used by another package in any underlay, then the overriding package in the overlay must be API and ABI compatible or undefined behavior at run time may occur.

If you understand the risks and want to override a package anyways, add the following to the command line:
	--allow-overriding turtlesim

This may be promoted to an error in a future release of colcon-override-check.
[0.948s] Level 5:colcon.colcon_core.verb:set package 'turtlesim' build argument 'cmake_args' from command line to 'None'
[0.949s] Level 5:colcon.colcon_core.verb:set package 'turtlesim' build argument 'cmake_target' from command line to 'None'
[0.949s] Level 5:colcon.colcon_core.verb:set package 'turtlesim' build argument 'cmake_target_skip_unavailable' from command line to 'False'
[0.949s] Level 5:colcon.colcon_core.verb:set package 'turtlesim' build argument 'cmake_clean_cache' from command line to 'False'
[0.950s] Level 5:colcon.colcon_core.verb:set package 'turtlesim' build argument 'cmake_clean_first' from command line to 'False'
[0.950s] Level 5:colcon.colcon_core.verb:set package 'turtlesim' build argument 'cmake_force_configure' from command line to 'False'
[0.950s] Level 5:colcon.colcon_core.verb:set package 'turtlesim' build argument 'ament_cmake_args' from command line to 'None'
[0.950s] Level 5:colcon.colcon_core.verb:set package 'turtlesim' build argument 'catkin_cmake_args' from command line to 'None'
[0.951s] Level 5:colcon.colcon_core.verb:set package 'turtlesim' build argument 'catkin_skip_building_tests' from command line to 'False'
[0.951s] DEBUG:colcon.colcon_core.verb:Building package 'turtlesim' with the following arguments: {'ament_cmake_args': None, 'build_base': '/home/jaime/ros2_ws/src/build/turtlesim', 'catkin_cmake_args': None, 'catkin_skip_building_tests': False, 'cmake_args': None, 'cmake_clean_cache': False, 'cmake_clean_first': False, 'cmake_force_configure': False, 'cmake_target': None, 'cmake_target_skip_unavailable': False, 'install_base': '/home/jaime/ros2_ws/src/install/turtlesim', 'merge_install': False, 'path': '/home/jaime/ros2_ws/src/turtlesim', 'symlink_install': True, 'test_result_base': None}
[0.954s] Level 5:colcon.colcon_core.verb:set package 'control_turtlebot3' build argument 'cmake_args' from command line to 'None'
[0.955s] Level 5:colcon.colcon_core.verb:set package 'control_turtlebot3' build argument 'cmake_target' from command line to 'None'
[0.955s] Level 5:colcon.colcon_core.verb:set package 'control_turtlebot3' build argument 'cmake_target_skip_unavailable' from command line to 'False'
[0.955s] Level 5:colcon.colcon_core.verb:set package 'control_turtlebot3' build argument 'cmake_clean_cache' from command line to 'False'
[0.955s] Level 5:colcon.colcon_core.verb:set package 'control_turtlebot3' build argument 'cmake_clean_first' from command line to 'False'
[0.956s] Level 5:colcon.colcon_core.verb:set package 'control_turtlebot3' build argument 'cmake_force_configure' from command line to 'False'
[0.956s] Level 5:colcon.colcon_core.verb:set package 'control_turtlebot3' build argument 'ament_cmake_args' from command line to 'None'
[0.956s] Level 5:colcon.colcon_core.verb:set package 'control_turtlebot3' build argument 'catkin_cmake_args' from command line to 'None'
[0.956s] Level 5:colcon.colcon_core.verb:set package 'control_turtlebot3' build argument 'catkin_skip_building_tests' from command line to 'False'
[0.956s] DEBUG:colcon.colcon_core.verb:Building package 'control_turtlebot3' with the following arguments: {'ament_cmake_args': None, 'build_base': '/home/jaime/ros2_ws/src/build/control_turtlebot3', 'catkin_cmake_args': None, 'catkin_skip_building_tests': False, 'cmake_args': None, 'cmake_clean_cache': False, 'cmake_clean_first': False, 'cmake_force_configure': False, 'cmake_target': None, 'cmake_target_skip_unavailable': False, 'install_base': '/home/jaime/ros2_ws/src/install/control_turtlebot3', 'merge_install': False, 'path': '/home/jaime/ros2_ws/src/control_turtlebot3', 'symlink_install': True, 'test_result_base': None}
[0.959s] Level 5:colcon.colcon_core.verb:set package 'controlador_turtlesim' build argument 'cmake_args' from command line to 'None'
[0.959s] Level 5:colcon.colcon_core.verb:set package 'controlador_turtlesim' build argument 'cmake_target' from command line to 'None'
[0.959s] Level 5:colcon.colcon_core.verb:set package 'controlador_turtlesim' build argument 'cmake_target_skip_unavailable' from command line to 'False'
[0.959s] Level 5:colcon.colcon_core.verb:set package 'controlador_turtlesim' build argument 'cmake_clean_cache' from command line to 'False'
[0.960s] Level 5:colcon.colcon_core.verb:set package 'controlador_turtlesim' build argument 'cmake_clean_first' from command line to 'False'
[0.960s] Level 5:colcon.colcon_core.verb:set package 'controlador_turtlesim' build argument 'cmake_force_configure' from command line to 'False'
[0.960s] Level 5:colcon.colcon_core.verb:set package 'controlador_turtlesim' build argument 'ament_cmake_args' from command line to 'None'
[0.960s] Level 5:colcon.colcon_core.verb:set package 'controlador_turtlesim' build argument 'catkin_cmake_args' from command line to 'None'
[0.961s] Level 5:colcon.colcon_core.verb:set package 'controlador_turtlesim' build argument 'catkin_skip_building_tests' from command line to 'False'
[0.961s] DEBUG:colcon.colcon_core.verb:Building package 'controlador_turtlesim' with the following arguments: {'ament_cmake_args': None, 'build_base': '/home/jaime/ros2_ws/src/build/controlador_turtlesim', 'catkin_cmake_args': None, 'catkin_skip_building_tests': False, 'cmake_args': None, 'cmake_clean_cache': False, 'cmake_clean_first': False, 'cmake_force_configure': False, 'cmake_target': None, 'cmake_target_skip_unavailable': False, 'install_base': '/home/jaime/ros2_ws/src/install/controlador_turtlesim', 'merge_install': False, 'path': '/home/jaime/ros2_ws/src/controlador_turtlesim', 'symlink_install': True, 'test_result_base': None}
[0.963s] Level 5:colcon.colcon_core.verb:set package 'my_c_pkg' build argument 'cmake_args' from command line to 'None'
[0.964s] Level 5:colcon.colcon_core.verb:set package 'my_c_pkg' build argument 'cmake_target' from command line to 'None'
[0.964s] Level 5:colcon.colcon_core.verb:set package 'my_c_pkg' build argument 'cmake_target_skip_unavailable' from command line to 'False'
[0.964s] Level 5:colcon.colcon_core.verb:set package 'my_c_pkg' build argument 'cmake_clean_cache' from command line to 'False'
[0.964s] Level 5:colcon.colcon_core.verb:set package 'my_c_pkg' build argument 'cmake_clean_first' from command line to 'False'
[0.965s] Level 5:colcon.colcon_core.verb:set package 'my_c_pkg' build argument 'cmake_force_configure' from command line to 'False'
[0.965s] Level 5:colcon.colcon_core.verb:set package 'my_c_pkg' build argument 'ament_cmake_args' from command line to 'None'
[0.965s] Level 5:colcon.colcon_core.verb:set package 'my_c_pkg' build argument 'catkin_cmake_args' from command line to 'None'
[0.965s] Level 5:colcon.colcon_core.verb:set package 'my_c_pkg' build argument 'catkin_skip_building_tests' from command line to 'False'
[0.966s] DEBUG:colcon.colcon_core.verb:Building package 'my_c_pkg' with the following arguments: {'ament_cmake_args': None, 'build_base': '/home/jaime/ros2_ws/src/build/my_c_pkg', 'catkin_cmake_args': None, 'catkin_skip_building_tests': False, 'cmake_args': None, 'cmake_clean_cache': False, 'cmake_clean_first': False, 'cmake_force_configure': False, 'cmake_target': None, 'cmake_target_skip_unavailable': False, 'install_base': '/home/jaime/ros2_ws/src/install/my_c_pkg', 'merge_install': False, 'path': '/home/jaime/ros2_ws/src/my_c_pkg', 'symlink_install': True, 'test_result_base': None}
[0.968s] Level 5:colcon.colcon_core.verb:set package 'my_py_pkg' build argument 'cmake_args' from command line to 'None'
[0.968s] Level 5:colcon.colcon_core.verb:set package 'my_py_pkg' build argument 'cmake_target' from command line to 'None'
[0.969s] Level 5:colcon.colcon_core.verb:set package 'my_py_pkg' build argument 'cmake_target_skip_unavailable' from command line to 'False'
[0.969s] Level 5:colcon.colcon_core.verb:set package 'my_py_pkg' build argument 'cmake_clean_cache' from command line to 'False'
[0.969s] Level 5:colcon.colcon_core.verb:set package 'my_py_pkg' build argument 'cmake_clean_first' from command line to 'False'
[0.969s] Level 5:colcon.colcon_core.verb:set package 'my_py_pkg' build argument 'cmake_force_configure' from command line to 'False'
[0.970s] Level 5:colcon.colcon_core.verb:set package 'my_py_pkg' build argument 'ament_cmake_args' from command line to 'None'
[0.970s] Level 5:colcon.colcon_core.verb:set package 'my_py_pkg' build argument 'catkin_cmake_args' from command line to 'None'
[0.970s] Level 5:colcon.colcon_core.verb:set package 'my_py_pkg' build argument 'catkin_skip_building_tests' from command line to 'False'
[0.970s] DEBUG:colcon.colcon_core.verb:Building package 'my_py_pkg' with the following arguments: {'ament_cmake_args': None, 'build_base': '/home/jaime/ros2_ws/src/build/my_py_pkg', 'catkin_cmake_args': None, 'catkin_skip_building_tests': False, 'cmake_args': None, 'cmake_clean_cache': False, 'cmake_clean_first': False, 'cmake_force_configure': False, 'cmake_target': None, 'cmake_target_skip_unavailable': False, 'install_base': '/home/jaime/ros2_ws/src/install/my_py_pkg', 'merge_install': False, 'path': '/home/jaime/ros2_ws/src/my_py_pkg', 'symlink_install': True, 'test_result_base': None}
[0.973s] Level 5:colcon.colcon_core.verb:set package 'pkg_entrega1' build argument 'cmake_args' from command line to 'None'
[0.973s] Level 5:colcon.colcon_core.verb:set package 'pkg_entrega1' build argument 'cmake_target' from command line to 'None'
[0.974s] Level 5:colcon.colcon_core.verb:set package 'pkg_entrega1' build argument 'cmake_target_skip_unavailable' from command line to 'False'
[0.974s] Level 5:colcon.colcon_core.verb:set package 'pkg_entrega1' build argument 'cmake_clean_cache' from command line to 'False'
[0.974s] Level 5:colcon.colcon_core.verb:set package 'pkg_entrega1' build argument 'cmake_clean_first' from command line to 'False'
[0.974s] Level 5:colcon.colcon_core.verb:set package 'pkg_entrega1' build argument 'cmake_force_configure' from command line to 'False'
[0.974s] Level 5:colcon.colcon_core.verb:set package 'pkg_entrega1' build argument 'ament_cmake_args' from command line to 'None'
[0.975s] Level 5:colcon.colcon_core.verb:set package 'pkg_entrega1' build argument 'catkin_cmake_args' from command line to 'None'
[0.975s] Level 5:colcon.colcon_core.verb:set package 'pkg_entrega1' build argument 'catkin_skip_building_tests' from command line to 'False'
[0.975s] DEBUG:colcon.colcon_core.verb:Building package 'pkg_entrega1' with the following arguments: {'ament_cmake_args': None, 'build_base': '/home/jaime/ros2_ws/src/build/pkg_entrega1', 'catkin_cmake_args': None, 'catkin_skip_building_tests': False, 'cmake_args': None, 'cmake_clean_cache': False, 'cmake_clean_first': False, 'cmake_force_configure': False, 'cmake_target': None, 'cmake_target_skip_unavailable': False, 'install_base': '/home/jaime/ros2_ws/src/install/pkg_entrega1', 'merge_install': False, 'path': '/home/jaime/ros2_ws/src/pkg_entrega1', 'symlink_install': True, 'test_result_base': None}
[0.977s] INFO:colcon.colcon_core.executor:Executing jobs using 'parallel' executor
[0.984s] DEBUG:colcon.colcon_parallel_executor.executor.parallel:run_until_complete
[0.985s] INFO:colcon.colcon_ros.task.ament_python.build:Building ROS package in '/home/jaime/ros2_ws/src/turtlesim' with build type 'ament_python'
[0.986s] Level 1:colcon.colcon_core.shell:create_environment_hook('turtlesim', 'ament_prefix_path')
[0.994s] INFO:colcon.colcon_core.plugin_system:Skipping extension 'colcon_core.shell.bat': Not used on non-Windows systems
[0.997s] INFO:colcon.colcon_core.shell:Creating environment hook '/home/jaime/ros2_ws/src/install/turtlesim/share/turtlesim/hook/ament_prefix_path.ps1'
[1.000s] INFO:colcon.colcon_core.shell:Creating environment descriptor '/home/jaime/ros2_ws/src/install/turtlesim/share/turtlesim/hook/ament_prefix_path.dsv'
[1.002s] INFO:colcon.colcon_core.shell:Creating environment hook '/home/jaime/ros2_ws/src/install/turtlesim/share/turtlesim/hook/ament_prefix_path.sh'
[1.007s] INFO:colcon.colcon_core.shell:Skip shell extension 'powershell' for command environment: Not usable outside of PowerShell
[1.008s] DEBUG:colcon.colcon_core.shell:Skip shell extension 'dsv' for command environment
[1.579s] INFO:colcon.colcon_core.task.python.build:Building Python package in '/home/jaime/ros2_ws/src/turtlesim'
[1.582s] INFO:colcon.colcon_core.shell:Skip shell extension 'powershell' for command environment: Not usable outside of PowerShell
[1.582s] DEBUG:colcon.colcon_core.shell:Skip shell extension 'dsv' for command environment
[2.490s] DEBUG:colcon.colcon_core.event_handler.log_command:Invoking command in '/home/jaime/ros2_ws/src/build/turtlesim': PYTHONPATH=/home/jaime/ros2_ws/src/build/turtlesim/prefix_override:/home/jaime/ros2_ws/src/install/turtlesim/lib/python3.8/site-packages:${PYTHONPATH} /usr/bin/python3 setup.py develop --editable --build-directory /home/jaime/ros2_ws/src/build/turtlesim/build --no-deps install_data
[3.443s] Level 1:colcon.colcon_core.shell:create_environment_hook('turtlesim', 'pythonpath_develop')
[3.447s] INFO:colcon.colcon_core.shell:Creating environment hook '/home/jaime/ros2_ws/src/build/turtlesim/share/turtlesim/hook/pythonpath_develop.ps1'
[3.449s] INFO:colcon.colcon_core.shell:Creating environment descriptor '/home/jaime/ros2_ws/src/build/turtlesim/share/turtlesim/hook/pythonpath_develop.dsv'
[3.454s] DEBUG:colcon.colcon_core.event_handler.log_command:Invoked command in '/home/jaime/ros2_ws/src/build/turtlesim' returned '0': PYTHONPATH=/home/jaime/ros2_ws/src/build/turtlesim/prefix_override:/home/jaime/ros2_ws/src/install/turtlesim/lib/python3.8/site-packages:${PYTHONPATH} /usr/bin/python3 setup.py develop --editable --build-directory /home/jaime/ros2_ws/src/build/turtlesim/build --no-deps install_data
[3.455s] INFO:colcon.colcon_core.shell:Creating environment hook '/home/jaime/ros2_ws/src/build/turtlesim/share/turtlesim/hook/pythonpath_develop.sh'
[3.470s] Level 1:colcon.colcon_core.environment:checking '/home/jaime/ros2_ws/src/install/turtlesim' for CMake module files
[3.472s] Level 1:colcon.colcon_core.environment:checking '/home/jaime/ros2_ws/src/install/turtlesim' for CMake config files
[3.474s] Level 1:colcon.colcon_core.environment:checking '/home/jaime/ros2_ws/src/install/turtlesim/lib'
[3.474s] Level 1:colcon.colcon_core.environment:checking '/home/jaime/ros2_ws/src/install/turtlesim/bin'
[3.474s] Level 1:colcon.colcon_core.environment:checking '/home/jaime/ros2_ws/src/install/turtlesim/lib/pkgconfig/turtlesim.pc'
[3.475s] Level 1:colcon.colcon_core.environment:checking '/home/jaime/ros2_ws/src/install/turtlesim/lib/python3.8/site-packages'
[3.475s] Level 1:colcon.colcon_core.shell:create_environment_hook('turtlesim', 'pythonpath')
[3.479s] INFO:colcon.colcon_core.shell:Creating environment hook '/home/jaime/ros2_ws/src/install/turtlesim/share/turtlesim/hook/pythonpath.ps1'
[3.481s] INFO:colcon.colcon_core.shell:Creating environment descriptor '/home/jaime/ros2_ws/src/install/turtlesim/share/turtlesim/hook/pythonpath.dsv'
[3.481s] INFO:colcon.colcon_core.shell:Creating environment hook '/home/jaime/ros2_ws/src/install/turtlesim/share/turtlesim/hook/pythonpath.sh'
[3.482s] Level 1:colcon.colcon_core.environment:checking '/home/jaime/ros2_ws/src/install/turtlesim/bin'
[3.482s] Level 1:colcon.colcon_core.environment:create_environment_scripts_only(turtlesim)
[3.485s] INFO:colcon.colcon_core.shell:Creating package script '/home/jaime/ros2_ws/src/install/turtlesim/share/turtlesim/package.ps1'
[3.487s] INFO:colcon.colcon_core.shell:Creating package descriptor '/home/jaime/ros2_ws/src/install/turtlesim/share/turtlesim/package.dsv'
[3.488s] INFO:colcon.colcon_core.shell:Creating package script '/home/jaime/ros2_ws/src/install/turtlesim/share/turtlesim/package.sh'
[3.489s] INFO:colcon.colcon_core.shell:Creating package script '/home/jaime/ros2_ws/src/install/turtlesim/share/turtlesim/package.bash'
[3.491s] INFO:colcon.colcon_core.shell:Creating package script '/home/jaime/ros2_ws/src/install/turtlesim/share/turtlesim/package.zsh'
[3.492s] Level 1:colcon.colcon_core.environment:create_file_with_runtime_dependencies(/home/jaime/ros2_ws/src/install/turtlesim/share/colcon-core/packages/turtlesim)
[3.493s] INFO:colcon.colcon_ros.task.ament_python.build:Building ROS package in '/home/jaime/ros2_ws/src/control_turtlebot3' with build type 'ament_python'
[3.525s] Level 1:colcon.colcon_core.shell:create_environment_hook('control_turtlebot3', 'ament_prefix_path')
[3.528s] INFO:colcon.colcon_core.shell:Creating environment hook '/home/jaime/ros2_ws/src/install/control_turtlebot3/share/control_turtlebot3/hook/ament_prefix_path.ps1'
[3.529s] INFO:colcon.colcon_core.shell:Creating environment descriptor '/home/jaime/ros2_ws/src/install/control_turtlebot3/share/control_turtlebot3/hook/ament_prefix_path.dsv'
[3.530s] INFO:colcon.colcon_core.shell:Creating environment hook '/home/jaime/ros2_ws/src/install/control_turtlebot3/share/control_turtlebot3/hook/ament_prefix_path.sh'
[3.534s] INFO:colcon.colcon_core.shell:Skip shell extension 'powershell' for command environment: Not usable outside of PowerShell
[3.534s] DEBUG:colcon.colcon_core.shell:Skip shell extension 'dsv' for command environment
[3.581s] INFO:colcon.colcon_ros.task.ament_python.build:Building ROS package in '/home/jaime/ros2_ws/src/controlador_turtlesim' with build type 'ament_python'
[3.588s] Level 1:colcon.colcon_core.shell:create_environment_hook('controlador_turtlesim', 'ament_prefix_path')
[3.592s] INFO:colcon.colcon_core.shell:Creating environment hook '/home/jaime/ros2_ws/src/install/controlador_turtlesim/share/controlador_turtlesim/hook/ament_prefix_path.ps1'
[3.594s] INFO:colcon.colcon_core.shell:Creating environment descriptor '/home/jaime/ros2_ws/src/install/controlador_turtlesim/share/controlador_turtlesim/hook/ament_prefix_path.dsv'
[3.596s] INFO:colcon.colcon_core.shell:Creating environment hook '/home/jaime/ros2_ws/src/install/controlador_turtlesim/share/controlador_turtlesim/hook/ament_prefix_path.sh'
[3.602s] INFO:colcon.colcon_core.shell:Skip shell extension 'powershell' for command environment: Not usable outside of PowerShell
[3.603s] DEBUG:colcon.colcon_core.shell:Skip shell extension 'dsv' for command environment
[3.631s] INFO:colcon.colcon_ros.task.ament_cmake.build:Building ROS package in '/home/jaime/ros2_ws/src/my_c_pkg' with build type 'ament_cmake'
[3.633s] INFO:colcon.colcon_cmake.task.cmake.build:Building CMake package in '/home/jaime/ros2_ws/src/my_c_pkg'
[3.638s] INFO:colcon.colcon_core.shell:Skip shell extension 'powershell' for command environment: Not usable outside of PowerShell
[3.639s] DEBUG:colcon.colcon_core.shell:Skip shell extension 'dsv' for command environment
[3.665s] INFO:colcon.colcon_ros.task.ament_python.build:Building ROS package in '/home/jaime/ros2_ws/src/my_py_pkg' with build type 'ament_python'
[3.671s] Level 1:colcon.colcon_core.shell:create_environment_hook('my_py_pkg', 'ament_prefix_path')
[3.681s] INFO:colcon.colcon_core.shell:Creating environment hook '/home/jaime/ros2_ws/src/install/my_py_pkg/share/my_py_pkg/hook/ament_prefix_path.ps1'
[3.688s] INFO:colcon.colcon_core.shell:Creating environment descriptor '/home/jaime/ros2_ws/src/install/my_py_pkg/share/my_py_pkg/hook/ament_prefix_path.dsv'
[3.690s] INFO:colcon.colcon_core.shell:Creating environment hook '/home/jaime/ros2_ws/src/install/my_py_pkg/share/my_py_pkg/hook/ament_prefix_path.sh'
[3.704s] INFO:colcon.colcon_core.shell:Skip shell extension 'powershell' for command environment: Not usable outside of PowerShell
[3.705s] DEBUG:colcon.colcon_core.shell:Skip shell extension 'dsv' for command environment
[3.728s] INFO:colcon.colcon_ros.task.ament_python.build:Building ROS package in '/home/jaime/ros2_ws/src/pkg_entrega1' with build type 'ament_python'
[3.731s] Level 1:colcon.colcon_core.shell:create_environment_hook('pkg_entrega1', 'ament_prefix_path')
[3.735s] INFO:colcon.colcon_core.shell:Creating environment hook '/home/jaime/ros2_ws/src/install/pkg_entrega1/share/pkg_entrega1/hook/ament_prefix_path.ps1'
[3.738s] INFO:colcon.colcon_core.shell:Creating environment descriptor '/home/jaime/ros2_ws/src/install/pkg_entrega1/share/pkg_entrega1/hook/ament_prefix_path.dsv'
[3.740s] INFO:colcon.colcon_core.shell:Creating environment hook '/home/jaime/ros2_ws/src/install/pkg_entrega1/share/pkg_entrega1/hook/ament_prefix_path.sh'
[3.745s] INFO:colcon.colcon_core.shell:Skip shell extension 'powershell' for command environment: Not usable outside of PowerShell
[3.746s] DEBUG:colcon.colcon_core.shell:Skip shell extension 'dsv' for command environment
[4.331s] INFO:colcon.colcon_core.task.python.build:Building Python package in '/home/jaime/ros2_ws/src/control_turtlebot3'
[4.334s] INFO:colcon.colcon_core.shell:Skip shell extension 'powershell' for command environment: Not usable outside of PowerShell
[4.334s] DEBUG:colcon.colcon_core.shell:Skip shell extension 'dsv' for command environment
[4.831s] INFO:colcon.colcon_core.task.python.build:Building Python package in '/home/jaime/ros2_ws/src/controlador_turtlesim'
[4.835s] INFO:colcon.colcon_core.shell:Skip shell extension 'powershell' for command environment: Not usable outside of PowerShell
[4.835s] DEBUG:colcon.colcon_core.shell:Skip shell extension 'dsv' for command environment
[4.873s] DEBUG:colcon.colcon_core.event_handler.log_command:Invoking command in '/home/jaime/ros2_ws/src/build/my_c_pkg': AMENT_PREFIX_PATH=/home/jaime/ros2_ws/src/install/turtlesim:${AMENT_PREFIX_PATH} CMAKE_PREFIX_PATH=${CMAKE_PREFIX_PATH}:/home/jaime/ros2_ws/install/pkg_entrega1:/home/jaime/ros2_ws/install/my_py_pkg:/home/jaime/ros2_ws/install/controlador_turtlesim:/home/jaime/ros2_ws/install/control_turtlebot3:/home/jaime/ros2_ws/install/turtlesim:/home/jaime/turtlebot3_ws/install/turtlebot3_teleop:/home/jaime/turtlebot3_ws/install/turtlebot3_example:/opt/ros/foxy PYTHONPATH=/home/jaime/ros2_ws/src/build/turtlesim:/home/jaime/ros2_ws/src/install/turtlesim/lib/python3.8/site-packages:${PYTHONPATH} /usr/bin/cmake --build /home/jaime/ros2_ws/src/build/my_c_pkg -- -j5 -l5
[5.365s] INFO:colcon.colcon_core.task.python.build:Building Python package in '/home/jaime/ros2_ws/src/my_py_pkg'
[5.369s] INFO:colcon.colcon_core.shell:Skip shell extension 'powershell' for command environment: Not usable outside of PowerShell
[5.370s] DEBUG:colcon.colcon_core.shell:Skip shell extension 'dsv' for command environment
[5.875s] INFO:colcon.colcon_core.task.python.build:Building Python package in '/home/jaime/ros2_ws/src/pkg_entrega1'
[5.879s] INFO:colcon.colcon_core.shell:Skip shell extension 'powershell' for command environment: Not usable outside of PowerShell
[5.880s] DEBUG:colcon.colcon_core.shell:Skip shell extension 'dsv' for command environment
[5.907s] DEBUG:colcon.colcon_core.event_handler.log_command:Invoked command in '/home/jaime/ros2_ws/src/build/my_c_pkg' returned '0': AMENT_PREFIX_PATH=/home/jaime/ros2_ws/src/install/turtlesim:${AMENT_PREFIX_PATH} CMAKE_PREFIX_PATH=${CMAKE_PREFIX_PATH}:/home/jaime/ros2_ws/install/pkg_entrega1:/home/jaime/ros2_ws/install/my_py_pkg:/home/jaime/ros2_ws/install/controlador_turtlesim:/home/jaime/ros2_ws/install/control_turtlebot3:/home/jaime/ros2_ws/install/turtlesim:/home/jaime/turtlebot3_ws/install/turtlebot3_teleop:/home/jaime/turtlebot3_ws/install/turtlebot3_example:/opt/ros/foxy PYTHONPATH=/home/jaime/ros2_ws/src/build/turtlesim:/home/jaime/ros2_ws/src/install/turtlesim/lib/python3.8/site-packages:${PYTHONPATH} /usr/bin/cmake --build /home/jaime/ros2_ws/src/build/my_c_pkg -- -j5 -l5
[6.317s] DEBUG:colcon.colcon_core.event_handler.log_command:Invoking command in '/home/jaime/ros2_ws/src/build/my_c_pkg': AMENT_PREFIX_PATH=/home/jaime/ros2_ws/src/install/turtlesim:${AMENT_PREFIX_PATH} CMAKE_PREFIX_PATH=${CMAKE_PREFIX_PATH}:/home/jaime/ros2_ws/install/pkg_entrega1:/home/jaime/ros2_ws/install/my_py_pkg:/home/jaime/ros2_ws/install/controlador_turtlesim:/home/jaime/ros2_ws/install/control_turtlebot3:/home/jaime/ros2_ws/install/turtlesim:/home/jaime/turtlebot3_ws/install/turtlebot3_teleop:/home/jaime/turtlebot3_ws/install/turtlebot3_example:/opt/ros/foxy PYTHONPATH=/home/jaime/ros2_ws/src/build/turtlesim:/home/jaime/ros2_ws/src/install/turtlesim/lib/python3.8/site-packages:${PYTHONPATH} /usr/bin/cmake --install /home/jaime/ros2_ws/src/build/my_c_pkg
[6.431s] Level 1:colcon.colcon_core.environment:create_environment_scripts_only(my_c_pkg)
[6.437s] Level 1:colcon.colcon_core.environment:checking '/home/jaime/ros2_ws/src/install/my_c_pkg' for CMake module files
[6.433s] DEBUG:colcon.colcon_core.event_handler.log_command:Invoked command in '/home/jaime/ros2_ws/src/build/my_c_pkg' returned '0': AMENT_PREFIX_PATH=/home/jaime/ros2_ws/src/install/turtlesim:${AMENT_PREFIX_PATH} CMAKE_PREFIX_PATH=${CMAKE_PREFIX_PATH}:/home/jaime/ros2_ws/install/pkg_entrega1:/home/jaime/ros2_ws/install/my_py_pkg:/home/jaime/ros2_ws/install/controlador_turtlesim:/home/jaime/ros2_ws/install/control_turtlebot3:/home/jaime/ros2_ws/install/turtlesim:/home/jaime/turtlebot3_ws/install/turtlebot3_teleop:/home/jaime/turtlebot3_ws/install/turtlebot3_example:/opt/ros/foxy PYTHONPATH=/home/jaime/ros2_ws/src/build/turtlesim:/home/jaime/ros2_ws/src/install/turtlesim/lib/python3.8/site-packages:${PYTHONPATH} /usr/bin/cmake --install /home/jaime/ros2_ws/src/build/my_c_pkg
[6.438s] Level 1:colcon.colcon_core.environment:checking '/home/jaime/ros2_ws/src/install/my_c_pkg' for CMake config files
[6.439s] Level 1:colcon.colcon_core.shell:create_environment_hook('my_c_pkg', 'cmake_prefix_path')
[6.444s] INFO:colcon.colcon_core.shell:Creating environment hook '/home/jaime/ros2_ws/src/install/my_c_pkg/share/my_c_pkg/hook/cmake_prefix_path.ps1'
[6.468s] INFO:colcon.colcon_core.shell:Creating environment descriptor '/home/jaime/ros2_ws/src/install/my_c_pkg/share/my_c_pkg/hook/cmake_prefix_path.dsv'
[6.469s] INFO:colcon.colcon_core.shell:Creating environment hook '/home/jaime/ros2_ws/src/install/my_c_pkg/share/my_c_pkg/hook/cmake_prefix_path.sh'
[6.480s] Level 1:colcon.colcon_core.environment:checking '/home/jaime/ros2_ws/src/install/my_c_pkg/bin'
[6.482s] Level 1:colcon.colcon_core.environment:checking '/home/jaime/ros2_ws/src/install/my_c_pkg/lib/pkgconfig/my_c_pkg.pc'
[6.486s] Level 1:colcon.colcon_core.environment:checking '/home/jaime/ros2_ws/src/install/my_c_pkg/lib/python3.8/site-packages'
[6.487s] Level 1:colcon.colcon_core.environment:checking '/home/jaime/ros2_ws/src/install/my_c_pkg/bin'
[6.490s] INFO:colcon.colcon_core.shell:Creating package script '/home/jaime/ros2_ws/src/install/my_c_pkg/share/my_c_pkg/package.ps1'
[6.493s] INFO:colcon.colcon_core.shell:Creating package descriptor '/home/jaime/ros2_ws/src/install/my_c_pkg/share/my_c_pkg/package.dsv'
[6.494s] INFO:colcon.colcon_core.shell:Creating package script '/home/jaime/ros2_ws/src/install/my_c_pkg/share/my_c_pkg/package.sh'
[6.495s] INFO:colcon.colcon_core.shell:Creating package script '/home/jaime/ros2_ws/src/install/my_c_pkg/share/my_c_pkg/package.bash'
[6.496s] INFO:colcon.colcon_core.shell:Creating package script '/home/jaime/ros2_ws/src/install/my_c_pkg/share/my_c_pkg/package.zsh'
[6.505s] Level 1:colcon.colcon_core.environment:create_file_with_runtime_dependencies(/home/jaime/ros2_ws/src/install/my_c_pkg/share/colcon-core/packages/my_c_pkg)
[6.812s] Level 1:colcon.colcon_core.environment:create_environment_scripts_only(my_c_pkg)
[6.818s] Level 1:colcon.colcon_core.environment:checking '/home/jaime/ros2_ws/src/install/my_c_pkg' for CMake module files
[6.820s] Level 1:colcon.colcon_core.environment:checking '/home/jaime/ros2_ws/src/install/my_c_pkg' for CMake config files
[6.820s] Level 1:colcon.colcon_core.shell:create_environment_hook('my_c_pkg', 'cmake_prefix_path')
[6.823s] INFO:colcon.colcon_core.shell:Creating environment hook '/home/jaime/ros2_ws/src/install/my_c_pkg/share/my_c_pkg/hook/cmake_prefix_path.ps1'
[6.829s] INFO:colcon.colcon_core.shell:Creating environment descriptor '/home/jaime/ros2_ws/src/install/my_c_pkg/share/my_c_pkg/hook/cmake_prefix_path.dsv'
[6.836s] INFO:colcon.colcon_core.shell:Creating environment hook '/home/jaime/ros2_ws/src/install/my_c_pkg/share/my_c_pkg/hook/cmake_prefix_path.sh'
[6.839s] Level 1:colcon.colcon_core.environment:checking '/home/jaime/ros2_ws/src/install/my_c_pkg/bin'
[6.841s] Level 1:colcon.colcon_core.environment:checking '/home/jaime/ros2_ws/src/install/my_c_pkg/lib/pkgconfig/my_c_pkg.pc'
[6.842s] Level 1:colcon.colcon_core.environment:checking '/home/jaime/ros2_ws/src/install/my_c_pkg/lib/python3.8/site-packages'
[6.842s] Level 1:colcon.colcon_core.environment:checking '/home/jaime/ros2_ws/src/install/my_c_pkg/bin'
[6.849s] INFO:colcon.colcon_core.shell:Creating package script '/home/jaime/ros2_ws/src/install/my_c_pkg/share/my_c_pkg/package.ps1'
[6.851s] INFO:colcon.colcon_core.shell:Creating package descriptor '/home/jaime/ros2_ws/src/install/my_c_pkg/share/my_c_pkg/package.dsv'
[6.862s] INFO:colcon.colcon_core.shell:Creating package script '/home/jaime/ros2_ws/src/install/my_c_pkg/share/my_c_pkg/package.sh'
[6.865s] INFO:colcon.colcon_core.shell:Creating package script '/home/jaime/ros2_ws/src/install/my_c_pkg/share/my_c_pkg/package.bash'
[6.867s] INFO:colcon.colcon_core.shell:Creating package script '/home/jaime/ros2_ws/src/install/my_c_pkg/share/my_c_pkg/package.zsh'
[6.874s] Level 1:colcon.colcon_core.environment:create_file_with_runtime_dependencies(/home/jaime/ros2_ws/src/install/my_c_pkg/share/colcon-core/packages/my_c_pkg)
[7.091s] DEBUG:colcon.colcon_core.event_handler.log_command:Invoking command in '/home/jaime/ros2_ws/src/build/controlador_turtlesim': AMENT_PREFIX_PATH=/home/jaime/ros2_ws/src/install/turtlesim:${AMENT_PREFIX_PATH} PYTHONPATH=/home/jaime/ros2_ws/src/build/controlador_turtlesim/prefix_override:/home/jaime/ros2_ws/src/install/controlador_turtlesim/lib/python3.8/site-packages:/home/jaime/ros2_ws/src/build/turtlesim:/home/jaime/ros2_ws/src/install/turtlesim/lib/python3.8/site-packages:${PYTHONPATH} /usr/bin/python3 setup.py develop --editable --build-directory /home/jaime/ros2_ws/src/build/controlador_turtlesim/build --no-deps install_data
[7.154s] DEBUG:colcon.colcon_core.event_handler.log_command:Invoking command in '/home/jaime/ros2_ws/src/build/my_py_pkg': AMENT_PREFIX_PATH=/home/jaime/ros2_ws/src/install/turtlesim:${AMENT_PREFIX_PATH} PYTHONPATH=/home/jaime/ros2_ws/src/build/my_py_pkg/prefix_override:/home/jaime/ros2_ws/src/install/my_py_pkg/lib/python3.8/site-packages:/home/jaime/ros2_ws/src/build/turtlesim:/home/jaime/ros2_ws/src/install/turtlesim/lib/python3.8/site-packages:${PYTHONPATH} /usr/bin/python3 setup.py develop --editable --build-directory /home/jaime/ros2_ws/src/build/my_py_pkg/build --no-deps install_data
[7.191s] DEBUG:colcon.colcon_core.event_handler.log_command:Invoking command in '/home/jaime/ros2_ws/src/build/control_turtlebot3': AMENT_PREFIX_PATH=/home/jaime/ros2_ws/src/install/turtlesim:${AMENT_PREFIX_PATH} PYTHONPATH=/home/jaime/ros2_ws/src/build/control_turtlebot3/prefix_override:/home/jaime/ros2_ws/src/install/control_turtlebot3/lib/python3.8/site-packages:/home/jaime/ros2_ws/src/build/turtlesim:/home/jaime/ros2_ws/src/install/turtlesim/lib/python3.8/site-packages:${PYTHONPATH} /usr/bin/python3 setup.py develop --editable --build-directory /home/jaime/ros2_ws/src/build/control_turtlebot3/build --no-deps install_data
[7.454s] DEBUG:colcon.colcon_core.event_handler.log_command:Invoking command in '/home/jaime/ros2_ws/src/build/pkg_entrega1': AMENT_PREFIX_PATH=/home/jaime/ros2_ws/src/install/turtlesim:${AMENT_PREFIX_PATH} PYTHONPATH=/home/jaime/ros2_ws/src/build/pkg_entrega1/prefix_override:/home/jaime/ros2_ws/src/install/pkg_entrega1/lib/python3.8/site-packages:/home/jaime/ros2_ws/src/build/turtlesim:/home/jaime/ros2_ws/src/install/turtlesim/lib/python3.8/site-packages:${PYTHONPATH} /usr/bin/python3 setup.py develop --editable --build-directory /home/jaime/ros2_ws/src/build/pkg_entrega1/build --no-deps install_data
[8.359s] Level 1:colcon.colcon_core.shell:create_environment_hook('control_turtlebot3', 'pythonpath_develop')
[8.363s] INFO:colcon.colcon_core.shell:Creating environment hook '/home/jaime/ros2_ws/src/build/control_turtlebot3/share/control_turtlebot3/hook/pythonpath_develop.ps1'
[8.364s] DEBUG:colcon.colcon_core.event_handler.log_command:Invoked command in '/home/jaime/ros2_ws/src/build/control_turtlebot3' returned '0': AMENT_PREFIX_PATH=/home/jaime/ros2_ws/src/install/turtlesim:${AMENT_PREFIX_PATH} PYTHONPATH=/home/jaime/ros2_ws/src/build/control_turtlebot3/prefix_override:/home/jaime/ros2_ws/src/install/control_turtlebot3/lib/python3.8/site-packages:/home/jaime/ros2_ws/src/build/turtlesim:/home/jaime/ros2_ws/src/install/turtlesim/lib/python3.8/site-packages:${PYTHONPATH} /usr/bin/python3 setup.py develop --editable --build-directory /home/jaime/ros2_ws/src/build/control_turtlebot3/build --no-deps install_data
[8.368s] INFO:colcon.colcon_core.shell:Creating environment descriptor '/home/jaime/ros2_ws/src/build/control_turtlebot3/share/control_turtlebot3/hook/pythonpath_develop.dsv'
[8.371s] INFO:colcon.colcon_core.shell:Creating environment hook '/home/jaime/ros2_ws/src/build/control_turtlebot3/share/control_turtlebot3/hook/pythonpath_develop.sh'
[8.377s] Level 1:colcon.colcon_core.environment:checking '/home/jaime/ros2_ws/src/install/control_turtlebot3' for CMake module files
[8.394s] Level 1:colcon.colcon_core.environment:checking '/home/jaime/ros2_ws/src/install/control_turtlebot3' for CMake config files
[8.395s] Level 1:colcon.colcon_core.environment:checking '/home/jaime/ros2_ws/src/install/control_turtlebot3/lib'
[8.395s] Level 1:colcon.colcon_core.environment:checking '/home/jaime/ros2_ws/src/install/control_turtlebot3/bin'
[8.395s] Level 1:colcon.colcon_core.environment:checking '/home/jaime/ros2_ws/src/install/control_turtlebot3/lib/pkgconfig/control_turtlebot3.pc'
[8.396s] Level 1:colcon.colcon_core.environment:checking '/home/jaime/ros2_ws/src/install/control_turtlebot3/lib/python3.8/site-packages'
[8.396s] Level 1:colcon.colcon_core.shell:create_environment_hook('control_turtlebot3', 'pythonpath')
[8.399s] INFO:colcon.colcon_core.shell:Creating environment hook '/home/jaime/ros2_ws/src/install/control_turtlebot3/share/control_turtlebot3/hook/pythonpath.ps1'
[8.409s] INFO:colcon.colcon_core.shell:Creating environment descriptor '/home/jaime/ros2_ws/src/install/control_turtlebot3/share/control_turtlebot3/hook/pythonpath.dsv'
[8.410s] INFO:colcon.colcon_core.shell:Creating environment hook '/home/jaime/ros2_ws/src/install/control_turtlebot3/share/control_turtlebot3/hook/pythonpath.sh'
[8.411s] Level 1:colcon.colcon_core.environment:checking '/home/jaime/ros2_ws/src/install/control_turtlebot3/bin'
[8.412s] Level 1:colcon.colcon_core.environment:create_environment_scripts_only(control_turtlebot3)
[8.417s] INFO:colcon.colcon_core.shell:Creating package script '/home/jaime/ros2_ws/src/install/control_turtlebot3/share/control_turtlebot3/package.ps1'
[8.449s] INFO:colcon.colcon_core.shell:Creating package descriptor '/home/jaime/ros2_ws/src/install/control_turtlebot3/share/control_turtlebot3/package.dsv'
[8.452s] INFO:colcon.colcon_core.shell:Creating package script '/home/jaime/ros2_ws/src/install/control_turtlebot3/share/control_turtlebot3/package.sh'
[8.453s] INFO:colcon.colcon_core.shell:Creating package script '/home/jaime/ros2_ws/src/install/control_turtlebot3/share/control_turtlebot3/package.bash'
[8.454s] INFO:colcon.colcon_core.shell:Creating package script '/home/jaime/ros2_ws/src/install/control_turtlebot3/share/control_turtlebot3/package.zsh'
[8.455s] Level 1:colcon.colcon_core.environment:create_file_with_runtime_dependencies(/home/jaime/ros2_ws/src/install/control_turtlebot3/share/colcon-core/packages/control_turtlebot3)
[8.468s] Level 1:colcon.colcon_core.shell:create_environment_hook('controlador_turtlesim', 'pythonpath_develop')
[8.469s] DEBUG:colcon.colcon_core.event_handler.log_command:Invoked command in '/home/jaime/ros2_ws/src/build/controlador_turtlesim' returned '0': AMENT_PREFIX_PATH=/home/jaime/ros2_ws/src/install/turtlesim:${AMENT_PREFIX_PATH} PYTHONPATH=/home/jaime/ros2_ws/src/build/controlador_turtlesim/prefix_override:/home/jaime/ros2_ws/src/install/controlador_turtlesim/lib/python3.8/site-packages:/home/jaime/ros2_ws/src/build/turtlesim:/home/jaime/ros2_ws/src/install/turtlesim/lib/python3.8/site-packages:${PYTHONPATH} /usr/bin/python3 setup.py develop --editable --build-directory /home/jaime/ros2_ws/src/build/controlador_turtlesim/build --no-deps install_data
[8.473s] INFO:colcon.colcon_core.shell:Creating environment hook '/home/jaime/ros2_ws/src/build/controlador_turtlesim/share/controlador_turtlesim/hook/pythonpath_develop.ps1'
[8.475s] INFO:colcon.colcon_core.shell:Creating environment descriptor '/home/jaime/ros2_ws/src/build/controlador_turtlesim/share/controlador_turtlesim/hook/pythonpath_develop.dsv'
[8.486s] INFO:colcon.colcon_core.shell:Creating environment hook '/home/jaime/ros2_ws/src/build/controlador_turtlesim/share/controlador_turtlesim/hook/pythonpath_develop.sh'
[8.491s] Level 1:colcon.colcon_core.environment:checking '/home/jaime/ros2_ws/src/install/controlador_turtlesim' for CMake module files
[8.493s] Level 1:colcon.colcon_core.environment:checking '/home/jaime/ros2_ws/src/install/controlador_turtlesim' for CMake config files
[8.494s] Level 1:colcon.colcon_core.environment:checking '/home/jaime/ros2_ws/src/install/controlador_turtlesim/lib'
[8.494s] Level 1:colcon.colcon_core.environment:checking '/home/jaime/ros2_ws/src/install/controlador_turtlesim/bin'
[8.495s] Level 1:colcon.colcon_core.environment:checking '/home/jaime/ros2_ws/src/install/controlador_turtlesim/lib/pkgconfig/controlador_turtlesim.pc'
[8.496s] Level 1:colcon.colcon_core.environment:checking '/home/jaime/ros2_ws/src/install/controlador_turtlesim/lib/python3.8/site-packages'
[8.496s] Level 1:colcon.colcon_core.shell:create_environment_hook('controlador_turtlesim', 'pythonpath')
[8.499s] INFO:colcon.colcon_core.shell:Creating environment hook '/home/jaime/ros2_ws/src/install/controlador_turtlesim/share/controlador_turtlesim/hook/pythonpath.ps1'
[8.500s] INFO:colcon.colcon_core.shell:Creating environment descriptor '/home/jaime/ros2_ws/src/install/controlador_turtlesim/share/controlador_turtlesim/hook/pythonpath.dsv'
[8.501s] INFO:colcon.colcon_core.shell:Creating environment hook '/home/jaime/ros2_ws/src/install/controlador_turtlesim/share/controlador_turtlesim/hook/pythonpath.sh'
[8.506s] Level 1:colcon.colcon_core.environment:checking '/home/jaime/ros2_ws/src/install/controlador_turtlesim/bin'
[8.507s] Level 1:colcon.colcon_core.environment:create_environment_scripts_only(controlador_turtlesim)
[8.510s] INFO:colcon.colcon_core.shell:Creating package script '/home/jaime/ros2_ws/src/install/controlador_turtlesim/share/controlador_turtlesim/package.ps1'
[8.512s] INFO:colcon.colcon_core.shell:Creating package descriptor '/home/jaime/ros2_ws/src/install/controlador_turtlesim/share/controlador_turtlesim/package.dsv'
[8.513s] INFO:colcon.colcon_core.shell:Creating package script '/home/jaime/ros2_ws/src/install/controlador_turtlesim/share/controlador_turtlesim/package.sh'
[8.513s] INFO:colcon.colcon_core.shell:Creating package script '/home/jaime/ros2_ws/src/install/controlador_turtlesim/share/controlador_turtlesim/package.bash'
[8.514s] INFO:colcon.colcon_core.shell:Creating package script '/home/jaime/ros2_ws/src/install/controlador_turtlesim/share/controlador_turtlesim/package.zsh'
[8.515s] Level 1:colcon.colcon_core.environment:create_file_with_runtime_dependencies(/home/jaime/ros2_ws/src/install/controlador_turtlesim/share/colcon-core/packages/controlador_turtlesim)
[8.521s] Level 1:colcon.colcon_core.shell:create_environment_hook('my_py_pkg', 'pythonpath_develop')
[8.524s] INFO:colcon.colcon_core.shell:Creating environment hook '/home/jaime/ros2_ws/src/build/my_py_pkg/share/my_py_pkg/hook/pythonpath_develop.ps1'
[8.531s] DEBUG:colcon.colcon_core.event_handler.log_command:Invoked command in '/home/jaime/ros2_ws/src/build/my_py_pkg' returned '0': AMENT_PREFIX_PATH=/home/jaime/ros2_ws/src/install/turtlesim:${AMENT_PREFIX_PATH} PYTHONPATH=/home/jaime/ros2_ws/src/build/my_py_pkg/prefix_override:/home/jaime/ros2_ws/src/install/my_py_pkg/lib/python3.8/site-packages:/home/jaime/ros2_ws/src/build/turtlesim:/home/jaime/ros2_ws/src/install/turtlesim/lib/python3.8/site-packages:${PYTHONPATH} /usr/bin/python3 setup.py develop --editable --build-directory /home/jaime/ros2_ws/src/build/my_py_pkg/build --no-deps install_data
[8.569s] INFO:colcon.colcon_core.shell:Creating environment descriptor '/home/jaime/ros2_ws/src/build/my_py_pkg/share/my_py_pkg/hook/pythonpath_develop.dsv'
[8.570s] INFO:colcon.colcon_core.shell:Creating environment hook '/home/jaime/ros2_ws/src/build/my_py_pkg/share/my_py_pkg/hook/pythonpath_develop.sh'
[8.576s] Level 1:colcon.colcon_core.environment:checking '/home/jaime/ros2_ws/src/install/my_py_pkg' for CMake module files
[8.577s] Level 1:colcon.colcon_core.environment:checking '/home/jaime/ros2_ws/src/install/my_py_pkg' for CMake config files
[8.578s] Level 1:colcon.colcon_core.environment:checking '/home/jaime/ros2_ws/src/install/my_py_pkg/lib'
[8.579s] Level 1:colcon.colcon_core.environment:checking '/home/jaime/ros2_ws/src/install/my_py_pkg/bin'
[8.579s] Level 1:colcon.colcon_core.environment:checking '/home/jaime/ros2_ws/src/install/my_py_pkg/lib/pkgconfig/my_py_pkg.pc'
[8.580s] Level 1:colcon.colcon_core.environment:checking '/home/jaime/ros2_ws/src/install/my_py_pkg/lib/python3.8/site-packages'
[8.580s] Level 1:colcon.colcon_core.shell:create_environment_hook('my_py_pkg', 'pythonpath')
[8.583s] INFO:colcon.colcon_core.shell:Creating environment hook '/home/jaime/ros2_ws/src/install/my_py_pkg/share/my_py_pkg/hook/pythonpath.ps1'
[8.585s] INFO:colcon.colcon_core.shell:Creating environment descriptor '/home/jaime/ros2_ws/src/install/my_py_pkg/share/my_py_pkg/hook/pythonpath.dsv'
[8.585s] INFO:colcon.colcon_core.shell:Creating environment hook '/home/jaime/ros2_ws/src/install/my_py_pkg/share/my_py_pkg/hook/pythonpath.sh'
[8.587s] Level 1:colcon.colcon_core.environment:checking '/home/jaime/ros2_ws/src/install/my_py_pkg/bin'
[8.587s] Level 1:colcon.colcon_core.environment:create_environment_scripts_only(my_py_pkg)
[8.590s] INFO:colcon.colcon_core.shell:Creating package script '/home/jaime/ros2_ws/src/install/my_py_pkg/share/my_py_pkg/package.ps1'
[8.592s] INFO:colcon.colcon_core.shell:Creating package descriptor '/home/jaime/ros2_ws/src/install/my_py_pkg/share/my_py_pkg/package.dsv'
[8.593s] INFO:colcon.colcon_core.shell:Creating package script '/home/jaime/ros2_ws/src/install/my_py_pkg/share/my_py_pkg/package.sh'
[8.594s] INFO:colcon.colcon_core.shell:Creating package script '/home/jaime/ros2_ws/src/install/my_py_pkg/share/my_py_pkg/package.bash'
[8.595s] INFO:colcon.colcon_core.shell:Creating package script '/home/jaime/ros2_ws/src/install/my_py_pkg/share/my_py_pkg/package.zsh'
[8.596s] Level 1:colcon.colcon_core.environment:create_file_with_runtime_dependencies(/home/jaime/ros2_ws/src/install/my_py_pkg/share/colcon-core/packages/my_py_pkg)
[8.600s] Level 1:colcon.colcon_core.shell:create_environment_hook('pkg_entrega1', 'pythonpath_develop')
[8.601s] DEBUG:colcon.colcon_core.event_handler.log_command:Invoked command in '/home/jaime/ros2_ws/src/build/pkg_entrega1' returned '0': AMENT_PREFIX_PATH=/home/jaime/ros2_ws/src/install/turtlesim:${AMENT_PREFIX_PATH} PYTHONPATH=/home/jaime/ros2_ws/src/build/pkg_entrega1/prefix_override:/home/jaime/ros2_ws/src/install/pkg_entrega1/lib/python3.8/site-packages:/home/jaime/ros2_ws/src/build/turtlesim:/home/jaime/ros2_ws/src/install/turtlesim/lib/python3.8/site-packages:${PYTHONPATH} /usr/bin/python3 setup.py develop --editable --build-directory /home/jaime/ros2_ws/src/build/pkg_entrega1/build --no-deps install_data
[8.606s] INFO:colcon.colcon_core.shell:Creating environment hook '/home/jaime/ros2_ws/src/build/pkg_entrega1/share/pkg_entrega1/hook/pythonpath_develop.ps1'
[8.609s] INFO:colcon.colcon_core.shell:Creating environment descriptor '/home/jaime/ros2_ws/src/build/pkg_entrega1/share/pkg_entrega1/hook/pythonpath_develop.dsv'
[8.610s] INFO:colcon.colcon_core.shell:Creating environment hook '/home/jaime/ros2_ws/src/build/pkg_entrega1/share/pkg_entrega1/hook/pythonpath_develop.sh'
[8.615s] Level 1:colcon.colcon_core.environment:checking '/home/jaime/ros2_ws/src/install/pkg_entrega1' for CMake module files
[8.616s] Level 1:colcon.colcon_core.environment:checking '/home/jaime/ros2_ws/src/install/pkg_entrega1' for CMake config files
[8.617s] Level 1:colcon.colcon_core.environment:checking '/home/jaime/ros2_ws/src/install/pkg_entrega1/lib'
[8.617s] Level 1:colcon.colcon_core.environment:checking '/home/jaime/ros2_ws/src/install/pkg_entrega1/bin'
[8.617s] Level 1:colcon.colcon_core.environment:checking '/home/jaime/ros2_ws/src/install/pkg_entrega1/lib/pkgconfig/pkg_entrega1.pc'
[8.617s] Level 1:colcon.colcon_core.environment:checking '/home/jaime/ros2_ws/src/install/pkg_entrega1/lib/python3.8/site-packages'
[8.618s] Level 1:colcon.colcon_core.shell:create_environment_hook('pkg_entrega1', 'pythonpath')
[8.621s] INFO:colcon.colcon_core.shell:Creating environment hook '/home/jaime/ros2_ws/src/install/pkg_entrega1/share/pkg_entrega1/hook/pythonpath.ps1'
[8.623s] INFO:colcon.colcon_core.shell:Creating environment descriptor '/home/jaime/ros2_ws/src/install/pkg_entrega1/share/pkg_entrega1/hook/pythonpath.dsv'
[8.624s] INFO:colcon.colcon_core.shell:Creating environment hook '/home/jaime/ros2_ws/src/install/pkg_entrega1/share/pkg_entrega1/hook/pythonpath.sh'
[8.626s] Level 1:colcon.colcon_core.environment:checking '/home/jaime/ros2_ws/src/install/pkg_entrega1/bin'
[8.626s] Level 1:colcon.colcon_core.environment:create_environment_scripts_only(pkg_entrega1)
[8.630s] INFO:colcon.colcon_core.shell:Creating package script '/home/jaime/ros2_ws/src/install/pkg_entrega1/share/pkg_entrega1/package.ps1'
[8.633s] INFO:colcon.colcon_core.shell:Creating package descriptor '/home/jaime/ros2_ws/src/install/pkg_entrega1/share/pkg_entrega1/package.dsv'
[8.635s] INFO:colcon.colcon_core.shell:Creating package script '/home/jaime/ros2_ws/src/install/pkg_entrega1/share/pkg_entrega1/package.sh'
[8.636s] INFO:colcon.colcon_core.shell:Creating package script '/home/jaime/ros2_ws/src/install/pkg_entrega1/share/pkg_entrega1/package.bash'
[8.637s] INFO:colcon.colcon_core.shell:Creating package script '/home/jaime/ros2_ws/src/install/pkg_entrega1/share/pkg_entrega1/package.zsh'
[8.638s] Level 1:colcon.colcon_core.environment:create_file_with_runtime_dependencies(/home/jaime/ros2_ws/src/install/pkg_entrega1/share/colcon-core/packages/pkg_entrega1)
[8.638s] DEBUG:colcon.colcon_parallel_executor.executor.parallel:closing loop
[8.639s] DEBUG:colcon.colcon_parallel_executor.executor.parallel:loop closed
[8.639s] DEBUG:colcon.colcon_parallel_executor.executor.parallel:run_until_complete finished with '0'
[8.639s] DEBUG:colcon.colcon_core.event_reactor:joining thread
[8.662s] INFO:colcon.colcon_core.plugin_system:Skipping extension 'colcon_notification.desktop_notification.terminal_notifier': Not used on non-Darwin systems
[8.663s] INFO:colcon.colcon_core.plugin_system:Skipping extension 'colcon_notification.desktop_notification.win32': Not used on non-Windows systems
[8.663s] INFO:colcon.colcon_notification.desktop_notification:Sending desktop notification using 'notify2'
[8.709s] DEBUG:colcon.colcon_core.event_reactor:joined thread
[8.713s] INFO:colcon.colcon_core.shell:Creating prefix script '/home/jaime/ros2_ws/src/install/local_setup.ps1'
[8.718s] INFO:colcon.colcon_core.shell:Creating prefix util module '/home/jaime/ros2_ws/src/install/_local_setup_util_ps1.py'
[8.723s] INFO:colcon.colcon_core.shell:Creating prefix chain script '/home/jaime/ros2_ws/src/install/setup.ps1'
[8.729s] INFO:colcon.colcon_core.shell:Creating prefix script '/home/jaime/ros2_ws/src/install/local_setup.sh'
[8.731s] INFO:colcon.colcon_core.shell:Creating prefix util module '/home/jaime/ros2_ws/src/install/_local_setup_util_sh.py'
[8.733s] INFO:colcon.colcon_core.shell:Creating prefix chain script '/home/jaime/ros2_ws/src/install/setup.sh'
[8.738s] INFO:colcon.colcon_core.shell:Creating prefix script '/home/jaime/ros2_ws/src/install/local_setup.bash'
[8.740s] INFO:colcon.colcon_core.shell:Creating prefix chain script '/home/jaime/ros2_ws/src/install/setup.bash'
[8.745s] INFO:colcon.colcon_core.shell:Creating prefix script '/home/jaime/ros2_ws/src/install/local_setup.zsh'
[8.746s] INFO:colcon.colcon_core.shell:Creating prefix chain script '/home/jaime/ros2_ws/src/install/setup.zsh'
